Program hms2mpi compiled for Linux/Ifort
version v12 Feb 13 2008
started by unknown user on xc2n639 on 03.03.2009 at 09:13:59

   8 MPI processes initialized

Signal handler set successfully

Random number generator initialized

Parameter file name: MC_393.par

Opening file <MC_393.par> for reading

Reading parameters of simulation
Name tag for output files: MC_393
System of units: SI
Unit of length:  3.500 A
Unit of energy:  100.000 K
Unit of mass:   40.000 a.u.
Simulation type: Monte-Carlo
Acceptance rate:  50.00%
Ensemble type: NPT
Number of NVT equilibration steps:    5000
Number of NPT equilibration steps:   20000
Number of production steps:  100000
Result files will be updated each   2000 time steps
Final result files will be updated each   8000 time steps
Visualization files will not be created
Cutoff mode: Center of Mass
Number of ensembles:  1

Reading parameters of ensemble  1
Temperature:   393.150 K
Pressure:     0.540 MPa
Density:    17.540 mol/l
Reduced temperature:  3.931500
Reduced pressure:  0.016769
Reduced density:  0.452881
Number of components:  2
Molar fraction of component MeOH.pm:  0.492000
Chemical potential of MeOH.pm will be calculated by: gradual insertion
Estimation of weighting factors: using first guess
Opening file <MeOH.pm> for reading
File </lustre/data/home/ssck/wetk00/wetk04/deublein/Leitanwendung_ms2/LA2_both/MeOH.pm> closed
Opening file <MeOH.pm.nrm> for writing
File </lustre/data/home/ssck/wetk00/wetk04/deublein/Leitanwendung_ms2/LA2_both/MeOH.pm.nrm> closed
Normalized potential model for MeOH.pm saved to file <MeOH.pm.nrm>
Molar fraction of component ethanol.pm:  0.508000
Chemical potential of ethanol.pm will be calculated by: gradual insertion
Estimation of weighting factors: using first guess
Opening file <ethanol.pm> for reading
File </lustre/data/home/ssck/wetk00/wetk04/deublein/Leitanwendung_ms2/LA2_both/ethanol.pm> closed
Opening file <ethanol.pm.nrm> for writing
File </lustre/data/home/ssck/wetk00/wetk04/deublein/Leitanwendung_ms2/LA2_both/ethanol.pm.nrm> closed
Normalized potential model for ethanol.pm saved to file <ethanol.pm.nrm>
Opening file <MeOH.pm> for reading
File </lustre/data/home/ssck/wetk00/wetk04/deublein/Leitanwendung_ms2/LA2_both/MeOH.pm> closed
Opening file <MeOH.pm.nrm.1> for writing
File </lustre/data/home/ssck/wetk00/wetk04/deublein/Leitanwendung_ms2/LA2_both/MeOH.pm.nrm.1> closed
Normalized potential model for MeOH.pm saved to file <MeOH.pm.nrm.1>
Opening file <MeOH.pm> for reading
File </lustre/data/home/ssck/wetk00/wetk04/deublein/Leitanwendung_ms2/LA2_both/MeOH.pm> closed
Opening file <MeOH.pm.nrm.2> for writing
File </lustre/data/home/ssck/wetk00/wetk04/deublein/Leitanwendung_ms2/LA2_both/MeOH.pm.nrm.2> closed
Normalized potential model for MeOH.pm saved to file <MeOH.pm.nrm.2>
Opening file <MeOH.pm> for reading
File </lustre/data/home/ssck/wetk00/wetk04/deublein/Leitanwendung_ms2/LA2_both/MeOH.pm> closed
Opening file <MeOH.pm.nrm.3> for writing
File </lustre/data/home/ssck/wetk00/wetk04/deublein/Leitanwendung_ms2/LA2_both/MeOH.pm.nrm.3> closed
Normalized potential model for MeOH.pm saved to file <MeOH.pm.nrm.3>
Opening file <MeOH.pm> for reading
File </lustre/data/home/ssck/wetk00/wetk04/deublein/Leitanwendung_ms2/LA2_both/MeOH.pm> closed
Opening file <MeOH.pm.nrm.4> for writing
File </lustre/data/home/ssck/wetk00/wetk04/deublein/Leitanwendung_ms2/LA2_both/MeOH.pm.nrm.4> closed
Normalized potential model for MeOH.pm saved to file <MeOH.pm.nrm.4>
Opening file <MeOH.pm> for reading
File </lustre/data/home/ssck/wetk00/wetk04/deublein/Leitanwendung_ms2/LA2_both/MeOH.pm> closed
Opening file <MeOH.pm.nrm.5> for writing
File </lustre/data/home/ssck/wetk00/wetk04/deublein/Leitanwendung_ms2/LA2_both/MeOH.pm.nrm.5> closed
Normalized potential model for MeOH.pm saved to file <MeOH.pm.nrm.5>
Opening file <MeOH.pm> for reading
File </lustre/data/home/ssck/wetk00/wetk04/deublein/Leitanwendung_ms2/LA2_both/MeOH.pm> closed
Opening file <MeOH.pm.nrm.6> for writing
File </lustre/data/home/ssck/wetk00/wetk04/deublein/Leitanwendung_ms2/LA2_both/MeOH.pm.nrm.6> closed
Normalized potential model for MeOH.pm saved to file <MeOH.pm.nrm.6>
Opening file <MeOH.pm> for reading
File </lustre/data/home/ssck/wetk00/wetk04/deublein/Leitanwendung_ms2/LA2_both/MeOH.pm> closed
Opening file <MeOH.pm.nrm.7> for writing
File </lustre/data/home/ssck/wetk00/wetk04/deublein/Leitanwendung_ms2/LA2_both/MeOH.pm.nrm.7> closed
Normalized potential model for MeOH.pm saved to file <MeOH.pm.nrm.7>
Opening file <MeOH.pm> for reading
File </lustre/data/home/ssck/wetk00/wetk04/deublein/Leitanwendung_ms2/LA2_both/MeOH.pm> closed
Opening file <MeOH.pm.nrm.8> for writing
File </lustre/data/home/ssck/wetk00/wetk04/deublein/Leitanwendung_ms2/LA2_both/MeOH.pm.nrm.8> closed
Normalized potential model for MeOH.pm saved to file <MeOH.pm.nrm.8>
Opening file <ethanol.pm> for reading
File </lustre/data/home/ssck/wetk00/wetk04/deublein/Leitanwendung_ms2/LA2_both/ethanol.pm> closed
Opening file <ethanol.pm.nrm.1> for writing
File </lustre/data/home/ssck/wetk00/wetk04/deublein/Leitanwendung_ms2/LA2_both/ethanol.pm.nrm.1> closed
Normalized potential model for ethanol.pm saved to file <ethanol.pm.nrm.1>
Opening file <ethanol.pm> for reading
File </lustre/data/home/ssck/wetk00/wetk04/deublein/Leitanwendung_ms2/LA2_both/ethanol.pm> closed
Opening file <ethanol.pm.nrm.2> for writing
File </lustre/data/home/ssck/wetk00/wetk04/deublein/Leitanwendung_ms2/LA2_both/ethanol.pm.nrm.2> closed
Normalized potential model for ethanol.pm saved to file <ethanol.pm.nrm.2>
Opening file <ethanol.pm> for reading
File </lustre/data/home/ssck/wetk00/wetk04/deublein/Leitanwendung_ms2/LA2_both/ethanol.pm> closed
Opening file <ethanol.pm.nrm.3> for writing
File </lustre/data/home/ssck/wetk00/wetk04/deublein/Leitanwendung_ms2/LA2_both/ethanol.pm.nrm.3> closed
Normalized potential model for ethanol.pm saved to file <ethanol.pm.nrm.3>
Opening file <ethanol.pm> for reading
File </lustre/data/home/ssck/wetk00/wetk04/deublein/Leitanwendung_ms2/LA2_both/ethanol.pm> closed
Opening file <ethanol.pm.nrm.4> for writing
File </lustre/data/home/ssck/wetk00/wetk04/deublein/Leitanwendung_ms2/LA2_both/ethanol.pm.nrm.4> closed
Normalized potential model for ethanol.pm saved to file <ethanol.pm.nrm.4>
Opening file <ethanol.pm> for reading
File </lustre/data/home/ssck/wetk00/wetk04/deublein/Leitanwendung_ms2/LA2_both/ethanol.pm> closed
Opening file <ethanol.pm.nrm.5> for writing
File </lustre/data/home/ssck/wetk00/wetk04/deublein/Leitanwendung_ms2/LA2_both/ethanol.pm.nrm.5> closed
Normalized potential model for ethanol.pm saved to file <ethanol.pm.nrm.5>
Opening file <ethanol.pm> for reading
File </lustre/data/home/ssck/wetk00/wetk04/deublein/Leitanwendung_ms2/LA2_both/ethanol.pm> closed
Opening file <ethanol.pm.nrm.6> for writing
File </lustre/data/home/ssck/wetk00/wetk04/deublein/Leitanwendung_ms2/LA2_both/ethanol.pm.nrm.6> closed
Normalized potential model for ethanol.pm saved to file <ethanol.pm.nrm.6>
Opening file <ethanol.pm> for reading
File </lustre/data/home/ssck/wetk00/wetk04/deublein/Leitanwendung_ms2/LA2_both/ethanol.pm> closed
Opening file <ethanol.pm.nrm.7> for writing
File </lustre/data/home/ssck/wetk00/wetk04/deublein/Leitanwendung_ms2/LA2_both/ethanol.pm.nrm.7> closed
Normalized potential model for ethanol.pm saved to file <ethanol.pm.nrm.7>
Opening file <ethanol.pm> for reading
File </lustre/data/home/ssck/wetk00/wetk04/deublein/Leitanwendung_ms2/LA2_both/ethanol.pm> closed
Opening file <ethanol.pm.nrm.8> for writing
File </lustre/data/home/ssck/wetk00/wetk04/deublein/Leitanwendung_ms2/LA2_both/ethanol.pm.nrm.8> closed
Normalized potential model for ethanol.pm saved to file <ethanol.pm.nrm.8>
Number of particles:       1372
Molar fraction of MeOH.pm: 0.492;  number of particles:        675
Molar fraction of ethanol.pm: 0.508;  number of particles:        697
Memory for MeOH.pm allocated successfully
Memory for ethanol.pm allocated successfully
Memory for MeOH.pm allocated successfully
Memory for MeOH.pm allocated successfully
Memory for MeOH.pm allocated successfully
Memory for MeOH.pm allocated successfully
Memory for MeOH.pm allocated successfully
Memory for MeOH.pm allocated successfully
Memory for MeOH.pm allocated successfully
Memory for MeOH.pm allocated successfully
Memory for ethanol.pm allocated successfully
Memory for ethanol.pm allocated successfully
Memory for ethanol.pm allocated successfully
Memory for ethanol.pm allocated successfully
Memory for ethanol.pm allocated successfully
Memory for ethanol.pm allocated successfully
Memory for ethanol.pm allocated successfully
Memory for ethanol.pm allocated successfully
MeOH.pm-ethanol.pm Lennard-Jones interaction:  eta = 1.000, xi = 1.000
Reduced center of mass cutoff radius:  7.000
Characteristic dielectric constant:  0.100000000E+11
Cutoff correction to potential energy from LJ: -0.14045771
Cutoff correction to pressure from LJ        : -0.28203457
Cutoff correction to chem. pot. of MeOH.pm from LJ: -0.23238256
Cutoff correction to chem. pot. of ethanol.pm from LJ: -0.32791640
Cutoff correction to potential energy from reaction field: -0.01320516
Cutoff correction to chem. pot. of MeOH.pm from reaction field: -0.02262162
Cutoff correction to chem. pot. of ethanol.pm from reaction field: -0.03007944

File </lustre/data/home/ssck/wetk00/wetk04/deublein/Leitanwendung_ms2/LA2_both/MC_393.par> closed

Opening file <MC_393_1.run> for writing
Opening file <MC_393_1.rav> for writing

Starting NVT equilibration on 03.03.2009 at 09:14:00
   1000 steps completed on 03.03.2009 at 09:27:22
   2000 steps completed on 03.03.2009 at 09:40:40
   3000 steps completed on 03.03.2009 at 09:54:37
   4000 steps completed on 03.03.2009 at 10:08:44
   5000 steps completed on 03.03.2009 at 10:22:51
NVT equilibration completed on 03.03.2009 at 10:22:51

Starting NPT equilibration on 03.03.2009 at 10:22:51
   1000 steps completed on 03.03.2009 at 10:43:53
   2000 steps completed on 03.03.2009 at 11:33:54
   3000 steps completed on 03.03.2009 at 11:53:59
   4000 steps completed on 03.03.2009 at 12:43:48
   5000 steps completed on 03.03.2009 at 13:03:54
   6000 steps completed on 03.03.2009 at 13:52:56
   7000 steps completed on 03.03.2009 at 14:13:04
New weighting factors for MeOH.pm calculated:
   State      NState      new WF     up        down (%)
   --------------------------------  --------  --------
       0     1360636           1.00    9.2374    0.0000
       1      280492          11.30   64.2767   88.1828
       2      306751          32.82   62.2542   56.0628
       3      441593          85.53   54.4780   44.2640
       4      416943         130.53   57.7410   61.3532
       5      478996         170.44   66.2854   53.0687
       6      638873         170.38   74.2750   50.3649
       7     1029113         132.21   87.2105   47.2908
       8     1637291          99.72    0.0000   29.1722

New weighting factors for ethanol.pm calculated:
   State      NState      new WF     up        down (%)
   --------------------------------  --------  --------
       0     1668543           1.00    8.9300    0.0000
       1      334511          11.62   62.2020   90.1974
       2      358134          34.48   44.6411   59.5727
       3      463619          99.91   42.7753   34.8013
       4      432796         154.21   44.2977   43.7852
       5      474146         211.14   51.0656   40.9283
       6      596602         223.74   59.8018   42.6474
       7      888186         187.86   77.1084   41.3873
       8     1369864         146.16    0.0000   24.8877

   8000 steps completed on 03.03.2009 at 15:02:12
   9000 steps completed on 03.03.2009 at 15:22:20
  10000 steps completed on 03.03.2009 at 16:09:35
  11000 steps completed on 03.03.2009 at 16:29:41
  12000 steps completed on 03.03.2009 at 17:16:50
  13000 steps completed on 03.03.2009 at 17:36:57
  14000 steps completed on 03.03.2009 at 18:23:51
  15000 steps completed on 03.03.2009 at 18:43:56
New weighting factors for MeOH.pm calculated:
   State      NState      new WF     up        down (%)
   --------------------------------  --------  --------
       0      750914           1.00   25.9953    0.0000
       1      794396          10.68   62.4152   49.3937
       2      820203          30.05   47.9569   60.4542
       3      770678          83.34   56.2168   53.2164
       4      724638         135.27   51.8838   61.5391
       5      697410         183.51   53.3765   56.0545
       6      684406         186.94   51.8718   56.1717
       7      676433         146.77   61.0087   54.8871
       8      666015         112.44    0.0000   32.1664

New weighting factors for ethanol.pm calculated:
   State      NState      new WF     up        down (%)
   --------------------------------  --------  --------
       0      743317           1.00   27.0262    0.0000
       1      804630          10.74   62.3190   49.5167
       2      823645          31.11   38.1275   61.3379
       3      810457          91.63   43.1139   38.3025
       4      764173         150.00   40.0429   45.4014
       5      701265         223.80   42.9657   43.2558
       6      663977         250.47   45.0903   43.3553
       7      652774         213.92   54.1251   42.1034
       8      624991         173.84    0.0000   27.2574

  16000 steps completed on 03.03.2009 at 19:31:07
  17000 steps completed on 03.03.2009 at 19:51:12
  18000 steps completed on 03.03.2009 at 20:37:57
  19000 steps completed on 03.03.2009 at 20:58:02
New weighting factors for MeOH.pm calculated:
   State      NState      new WF     up        down (%)
   --------------------------------  --------  --------
       0      355443           1.00   23.4941    0.0000
       1      340800          11.14   60.8051   52.1637
       2      339627          31.45   51.3201   61.3155
       3      354924          83.46   59.4822   49.8867
       4      380529         126.35   55.2248   56.1007
       5      390514         167.03   54.9815   52.2253
       6      382752         173.60   52.4210   54.4237
       7      377482         138.20   62.0017   51.9341
       8      369973         108.02    0.0000   30.7146

New weighting factors for ethanol.pm calculated:
   State      NState      new WF     up        down (%)
   --------------------------------  --------  --------
       0      345655           1.00   26.0863    0.0000
       1      348420          10.65   61.4615   52.0536
       2      345907          31.09   38.8775   61.6526
       3      359267          88.16   44.9075   36.1228
       4      358358         144.68   42.0259   43.5160
       5      371003         208.51   45.3046   39.8034
       6      383973         225.48   44.4415   43.0456
       7      385503         191.80   56.2911   44.0188
       8      394000         152.51    0.0000   27.0853

  20000 steps completed on 03.03.2009 at 21:45:17
NPT equilibration completed on 03.03.2009 at 21:45:17

Starting simulation on 03.03.2009 at 21:45:17
   1000 steps completed on 03.03.2009 at 22:05:28
   2000 steps completed on 03.03.2009 at 22:52:34
   3000 steps completed on 03.03.2009 at 23:12:41
   4000 steps completed on 04.03.2009 at 00:00:08
   5000 steps completed on 04.03.2009 at 00:20:21
   6000 steps completed on 04.03.2009 at 01:07:43
   7000 steps completed on 04.03.2009 at 01:27:54
New weighting factors for MeOH.pm calculated:
   State      NState      new WF     up        down (%)
   --------------------------------  --------  --------
       0      765621           1.00   25.0205    0.0000
       1      745670          11.44   60.7171   51.2129
       2      746875          32.24   50.2840   60.4233
       3      746981          85.55   55.9848   50.3615
       4      708102         136.61   52.5350   59.0857
       5      696729         183.55   55.3253   53.3828
       6      713911         186.17   52.9633   54.0531
       7      725828         145.78   63.0461   52.1085
       8      735630         112.42    0.0000   31.1091

New weighting factors for ethanol.pm calculated:
   State      NState      new WF     up        down (%)
   --------------------------------  --------  --------
       0      685370           1.00   25.3991    0.0000
       1      667033          10.94   61.7017   52.1607
       2      666637          31.97   37.8690   61.8029
       3      683689          88.38   45.6719   36.9752
       4      737196         134.51   41.4890   42.3951
       5      766367         186.48   43.9935   39.9407
       6      786522         196.48   44.2132   42.8550
       7      791124         166.17   54.8979   43.9057
       8      799910         130.67    0.0000   27.1113

   8000 steps completed on 04.03.2009 at 02:15:10
Saving simulation results
Opening file <MC_393_1.res> for writing
File </lustre/data/home/ssck/wetk00/wetk04/deublein/Leitanwendung_ms2/LA2_both/MC_393_1.res> closed
   9000 steps completed on 04.03.2009 at 02:35:22
  10000 steps completed on 04.03.2009 at 03:22:41
  11000 steps completed on 04.03.2009 at 03:42:49
  12000 steps completed on 04.03.2009 at 04:29:58
  13000 steps completed on 04.03.2009 at 04:50:02
  14000 steps completed on 04.03.2009 at 05:36:54
  15000 steps completed on 04.03.2009 at 05:57:01
New weighting factors for MeOH.pm calculated:
   State      NState      new WF     up        down (%)
   --------------------------------  --------  --------
       0      710901           1.00   25.7960    0.0000
       1      765200          10.63   61.4086   50.3762
       2      783682          29.25   50.6177   60.5614
       3      766620          79.33   57.4165   51.2185
       4      750334         129.43   53.0717   59.5999
       5      725274         179.91   54.9040   54.4247
       6      704419         187.89   52.7145   55.1221
       7      690453         150.10   62.7457   52.8461
       8      686627         116.40    0.0000   31.2442

New weighting factors for ethanol.pm calculated:
   State      NState      new WF     up        down (%)
   --------------------------------  --------  --------
       0      795602           1.00   25.2956    0.0000
       1      769892          11.31   61.3209   52.1644
       2      768442          33.09   37.8743   61.4357
       3      753952          93.26   44.6200   37.8229
       4      733185         145.96   41.0704   43.6981
       5      711070         208.64   43.4885   40.8994
       6      684999         228.21   44.1958   43.6554
       7      678821         194.75   54.8866   44.2125
       8      692967         150.02    0.0000   26.9874

  16000 steps completed on 04.03.2009 at 06:44:08
Saving simulation results
Opening file <MC_393_1.res> for writing
File </lustre/data/home/ssck/wetk00/wetk04/deublein/Leitanwendung_ms2/LA2_both/MC_393_1.res> closed
  17000 steps completed on 04.03.2009 at 07:04:11
  18000 steps completed on 04.03.2009 at 07:51:29
  19000 steps completed on 04.03.2009 at 08:11:33
  20000 steps completed on 04.03.2009 at 08:59:05
  21000 steps completed on 04.03.2009 at 09:19:18
  22000 steps completed on 04.03.2009 at 10:06:36
  23000 steps completed on 04.03.2009 at 10:26:42
New weighting factors for MeOH.pm calculated:
   State      NState      new WF     up        down (%)
   --------------------------------  --------  --------
       0      794792           1.00   25.7608    0.0000
       1      766616          11.02   60.6635   51.3295
       2      723500          32.13   50.4531   61.2615
       3      709998          88.80   57.9690   51.1611
       4      714812         143.92   53.6236   59.2731
       5      724725         197.30   55.1430   54.2756
       6      731304         204.20   52.8097   55.0654
       7      719147         165.89   62.5708   53.1492
       8      704135         131.38    0.0000   31.4227

New weighting factors for ethanol.pm calculated:
   State      NState      new WF     up        down (%)
   --------------------------------  --------  --------
       0      832760           1.00   25.4196    0.0000
       1      816594          11.53   60.8573   52.2342
       2      800877          34.41   37.7892   61.3812
       3      752540         103.20   44.2323   38.6172
       4      715305         169.93   41.3542   44.4358
       5      705468         246.29   43.8425   41.4577
       6      689457         275.64   44.2727   44.2835
       7      658971         246.11   54.5247   44.8935
       8      615036         203.13    0.0000   27.4980

  24000 steps completed on 04.03.2009 at 11:14:01
Saving simulation results
Opening file <MC_393_1.res> for writing
File </lustre/data/home/ssck/wetk00/wetk04/deublein/Leitanwendung_ms2/LA2_both/MC_393_1.res> closed
  25000 steps completed on 04.03.2009 at 11:34:08
