Program ms2mpi_GradIns compiled for Linux/Ifort
version v12 Feb 12 2009
started by unknown user on xc2n36 on 02.03.2009 at 09:49:04

   8 MPI processes initialized

Signal handler set successfully

Random number generator initialized

Parameter file name: MD_298.par

Opening file <MD_298.par> for reading

Reading parameters of simulation
Name tag for output files: MD_298
System of units: SI
Unit of length:  3.500 A
Unit of energy:  100.000 K
Unit of mass:   40.000 a.u.
Simulation type: Molecular Dynamics
Integrator type: Gear predictor-corrector
Time step:  1.213807 fs
Reduced time step: 0.000500
Ensemble type: NPT
No MC overlap reduction
Number of NVT equilibration steps:   20000
Number of NPT equilibration steps:   50000
Number of production steps:  400000
Result files will be updated each   2000 time steps
Final result files will be updated each   8000 time steps
Visualization files will not be created
Cutoff mode: Center of Mass
Long Range Correction: Reaction Field
Number of ensembles:  1

Reading parameters of ensemble  1
Temperature:   298.150 K
Pressure:     0.100 MPa
Density:    20.120 mol/l
Reduced temperature:  2.981500
Reduced pressure:  0.003105
Reduced density:  0.519497
Mass of piston:  0.000500000
Number of components:  2
Molar fraction of component MeOH.pm:  0.500000
Chemical potential of MeOH.pm will be calculated by: none method
Opening file <MeOH.pm> for reading
File </lustre/data/home/ssck/wetk00/wetk04/deublein/Leitanwendung_ms2/LA1/MeOH.pm> closed
Opening file <MeOH.pm.nrm> for writing
File </lustre/data/home/ssck/wetk00/wetk04/deublein/Leitanwendung_ms2/LA1/MeOH.pm.nrm> closed
Normalized potential model for MeOH.pm saved to file <MeOH.pm.nrm>
Molar fraction of component ethanol.pm:  0.500000
Chemical potential of ethanol.pm will be calculated by: none method
Opening file <ethanol.pm> for reading
File </lustre/data/home/ssck/wetk00/wetk04/deublein/Leitanwendung_ms2/LA1/ethanol.pm> closed
Opening file <ethanol.pm.nrm> for writing
File </lustre/data/home/ssck/wetk00/wetk04/deublein/Leitanwendung_ms2/LA1/ethanol.pm.nrm> closed
Normalized potential model for ethanol.pm saved to file <ethanol.pm.nrm>
Number of particles:       1372
Molar fraction of MeOH.pm: 0.500;  number of particles:        686
Molar fraction of ethanol.pm: 0.500;  number of particles:        686
Memory for MeOH.pm allocated successfully
Memory for ethanol.pm allocated successfully
MeOH.pm-ethanol.pm Lennard-Jones interaction:  eta = 1.000, xi = 1.000
Reduced center of mass cutoff radius:  6.700
Characteristic dielectric constant:  0.100000000E+11
Cutoff correction to potential energy from LJ: -0.15948352
Cutoff correction to pressure from LJ        : -0.32034549
Cutoff correction to chem. pot. of MeOH.pm from LJ: -0.26450231
Cutoff correction to chem. pot. of ethanol.pm from LJ: -0.37343176
Cutoff correction to potential energy from reaction field: -0.01502550
Cutoff correction to chem. pot. of MeOH.pm from reaction field: -0.02579844
Cutoff correction to chem. pot. of ethanol.pm from reaction field: -0.03430358

File </lustre/data/home/ssck/wetk00/wetk04/deublein/Leitanwendung_ms2/LA1/MD_298.par> closed

Opening file <MD_298_1.run> for writing
Opening file <MD_298_1.rav> for writing

Starting NVT equilibration on 02.03.2009 at 09:49:05
   1000 steps completed on 02.03.2009 at 09:50:43
   2000 steps completed on 02.03.2009 at 09:52:22
   3000 steps completed on 02.03.2009 at 09:53:59
   4000 steps completed on 02.03.2009 at 09:55:37
   5000 steps completed on 02.03.2009 at 09:57:15
   6000 steps completed on 02.03.2009 at 09:58:53
   7000 steps completed on 02.03.2009 at 10:00:31
   8000 steps completed on 02.03.2009 at 10:02:10
   9000 steps completed on 02.03.2009 at 10:03:48
  10000 steps completed on 02.03.2009 at 10:05:26
  11000 steps completed on 02.03.2009 at 10:07:05
  12000 steps completed on 02.03.2009 at 10:08:44
  13000 steps completed on 02.03.2009 at 10:10:22
  14000 steps completed on 02.03.2009 at 10:12:00
  15000 steps completed on 02.03.2009 at 10:13:37
  16000 steps completed on 02.03.2009 at 10:15:15
  17000 steps completed on 02.03.2009 at 10:16:53
  18000 steps completed on 02.03.2009 at 10:18:31
  19000 steps completed on 02.03.2009 at 10:20:12
  20000 steps completed on 02.03.2009 at 10:21:50
NVT equilibration completed on 02.03.2009 at 10:21:50

Starting NPT equilibration on 02.03.2009 at 10:21:50
   1000 steps completed on 02.03.2009 at 10:23:28
   2000 steps completed on 02.03.2009 at 10:25:06
   3000 steps completed on 02.03.2009 at 10:26:44
   4000 steps completed on 02.03.2009 at 10:28:22
   5000 steps completed on 02.03.2009 at 10:30:01
   6000 steps completed on 02.03.2009 at 10:31:39
   7000 steps completed on 02.03.2009 at 10:33:18
   8000 steps completed on 02.03.2009 at 10:34:56
   9000 steps completed on 02.03.2009 at 10:36:34
  10000 steps completed on 02.03.2009 at 10:38:12
  11000 steps completed on 02.03.2009 at 10:39:50
  12000 steps completed on 02.03.2009 at 10:41:29
  13000 steps completed on 02.03.2009 at 10:43:07
  14000 steps completed on 02.03.2009 at 10:44:45
  15000 steps completed on 02.03.2009 at 10:46:23
  16000 steps completed on 02.03.2009 at 10:48:02
  17000 steps completed on 02.03.2009 at 10:49:40
  18000 steps completed on 02.03.2009 at 10:51:18
  19000 steps completed on 02.03.2009 at 10:52:57
  20000 steps completed on 02.03.2009 at 10:54:36
  21000 steps completed on 02.03.2009 at 10:56:14
  22000 steps completed on 02.03.2009 at 10:57:52
  23000 steps completed on 02.03.2009 at 10:59:32
  24000 steps completed on 02.03.2009 at 11:01:12
  25000 steps completed on 02.03.2009 at 11:02:49
  26000 steps completed on 02.03.2009 at 11:04:28
  27000 steps completed on 02.03.2009 at 11:06:06
  28000 steps completed on 02.03.2009 at 11:07:44
  29000 steps completed on 02.03.2009 at 11:09:22
  30000 steps completed on 02.03.2009 at 11:11:01
  31000 steps completed on 02.03.2009 at 11:12:38
  32000 steps completed on 02.03.2009 at 11:14:16
  33000 steps completed on 02.03.2009 at 11:15:54
  34000 steps completed on 02.03.2009 at 11:17:33
  35000 steps completed on 02.03.2009 at 11:19:12
  36000 steps completed on 02.03.2009 at 11:20:52
  37000 steps completed on 02.03.2009 at 11:22:30
  38000 steps completed on 02.03.2009 at 11:24:09
  39000 steps completed on 02.03.2009 at 11:25:47
  40000 steps completed on 02.03.2009 at 11:27:24
  41000 steps completed on 02.03.2009 at 11:29:03
  42000 steps completed on 02.03.2009 at 11:30:43
  43000 steps completed on 02.03.2009 at 11:32:23
  44000 steps completed on 02.03.2009 at 11:34:01
  45000 steps completed on 02.03.2009 at 11:35:39
  46000 steps completed on 02.03.2009 at 11:37:17
  47000 steps completed on 02.03.2009 at 11:38:55
  48000 steps completed on 02.03.2009 at 11:40:34
  49000 steps completed on 02.03.2009 at 11:42:13
  50000 steps completed on 02.03.2009 at 11:43:51
NPT equilibration completed on 02.03.2009 at 11:43:51

Starting simulation on 02.03.2009 at 11:43:51
   1000 steps completed on 02.03.2009 at 11:45:29
   2000 steps completed on 02.03.2009 at 11:47:08
   3000 steps completed on 02.03.2009 at 11:48:45
   4000 steps completed on 02.03.2009 at 11:50:24
   5000 steps completed on 02.03.2009 at 11:52:04
   6000 steps completed on 02.03.2009 at 11:53:43
   7000 steps completed on 02.03.2009 at 11:55:21
   8000 steps completed on 02.03.2009 at 11:56:58
Saving simulation results
Opening file <MD_298_1.res> for writing
File </lustre/data/home/ssck/wetk00/wetk04/deublein/Leitanwendung_ms2/LA1/MD_298_1.res> closed
   9000 steps completed on 02.03.2009 at 11:58:37
  10000 steps completed on 02.03.2009 at 12:00:15
  11000 steps completed on 02.03.2009 at 12:01:54
  12000 steps completed on 02.03.2009 at 12:03:33
  13000 steps completed on 02.03.2009 at 12:05:12
  14000 steps completed on 02.03.2009 at 12:06:50
  15000 steps completed on 02.03.2009 at 12:08:28
  16000 steps completed on 02.03.2009 at 12:10:07
Saving simulation results
Opening file <MD_298_1.res> for writing
File </lustre/data/home/ssck/wetk00/wetk04/deublein/Leitanwendung_ms2/LA1/MD_298_1.res> closed
  17000 steps completed on 02.03.2009 at 12:11:46
  18000 steps completed on 02.03.2009 at 12:13:24
  19000 steps completed on 02.03.2009 at 12:15:03
  20000 steps completed on 02.03.2009 at 12:16:41
  21000 steps completed on 02.03.2009 at 12:18:20
  22000 steps completed on 02.03.2009 at 12:19:58
  23000 steps completed on 02.03.2009 at 12:21:38
  24000 steps completed on 02.03.2009 at 12:23:16
Saving simulation results
Opening file <MD_298_1.res> for writing
File </lustre/data/home/ssck/wetk00/wetk04/deublein/Leitanwendung_ms2/LA1/MD_298_1.res> closed
  25000 steps completed on 02.03.2009 at 12:24:54
  26000 steps completed on 02.03.2009 at 12:26:32
  27000 steps completed on 02.03.2009 at 12:28:10
  28000 steps completed on 02.03.2009 at 12:29:49
  29000 steps completed on 02.03.2009 at 12:31:27
  30000 steps completed on 02.03.2009 at 12:33:06
  31000 steps completed on 02.03.2009 at 12:34:45
  32000 steps completed on 02.03.2009 at 12:36:23
Saving simulation results
Opening file <MD_298_1.res> for writing
File </lustre/data/home/ssck/wetk00/wetk04/deublein/Leitanwendung_ms2/LA1/MD_298_1.res> closed
  33000 steps completed on 02.03.2009 at 12:38:02
  34000 steps completed on 02.03.2009 at 12:39:40
  35000 steps completed on 02.03.2009 at 12:41:19
  36000 steps completed on 02.03.2009 at 12:42:58
  37000 steps completed on 02.03.2009 at 12:44:37
  38000 steps completed on 02.03.2009 at 12:46:15
  39000 steps completed on 02.03.2009 at 12:47:54
  40000 steps completed on 02.03.2009 at 12:49:32
Saving simulation results
Opening file <MD_298_1.res> for writing
File </lustre/data/home/ssck/wetk00/wetk04/deublein/Leitanwendung_ms2/LA1/MD_298_1.res> closed
  41000 steps completed on 02.03.2009 at 12:51:11
  42000 steps completed on 02.03.2009 at 12:52:50
  43000 steps completed on 02.03.2009 at 12:54:28
  44000 steps completed on 02.03.2009 at 12:56:07
  45000 steps completed on 02.03.2009 at 12:57:45
  46000 steps completed on 02.03.2009 at 12:59:23
  47000 steps completed on 02.03.2009 at 13:01:02
  48000 steps completed on 02.03.2009 at 13:02:41
Saving simulation results
Opening file <MD_298_1.res> for writing
File </lustre/data/home/ssck/wetk00/wetk04/deublein/Leitanwendung_ms2/LA1/MD_298_1.res> closed
  49000 steps completed on 02.03.2009 at 13:04:19
  50000 steps completed on 02.03.2009 at 13:05:58
  51000 steps completed on 02.03.2009 at 13:07:37
  52000 steps completed on 02.03.2009 at 13:09:16
  53000 steps completed on 02.03.2009 at 13:10:57
  54000 steps completed on 02.03.2009 at 13:12:35
  55000 steps completed on 02.03.2009 at 13:14:14
  56000 steps completed on 02.03.2009 at 13:15:52
Saving simulation results
Opening file <MD_298_1.res> for writing
File </lustre/data/home/ssck/wetk00/wetk04/deublein/Leitanwendung_ms2/LA1/MD_298_1.res> closed
  57000 steps completed on 02.03.2009 at 13:17:30
  58000 steps completed on 02.03.2009 at 13:19:09
  59000 steps completed on 02.03.2009 at 13:20:47
  60000 steps completed on 02.03.2009 at 13:22:25
  61000 steps completed on 02.03.2009 at 13:24:05
  62000 steps completed on 02.03.2009 at 13:25:43
  63000 steps completed on 02.03.2009 at 13:27:22
  64000 steps completed on 02.03.2009 at 13:29:00
Saving simulation results
Opening file <MD_298_1.res> for writing
File </lustre/data/home/ssck/wetk00/wetk04/deublein/Leitanwendung_ms2/LA1/MD_298_1.res> closed
  65000 steps completed on 02.03.2009 at 13:30:39
  66000 steps completed on 02.03.2009 at 13:32:17
  67000 steps completed on 02.03.2009 at 13:33:55
  68000 steps completed on 02.03.2009 at 13:35:34
  69000 steps completed on 02.03.2009 at 13:37:11
  70000 steps completed on 02.03.2009 at 13:38:49
  71000 steps completed on 02.03.2009 at 13:40:26
  72000 steps completed on 02.03.2009 at 13:42:04
Saving simulation results
Opening file <MD_298_1.res> for writing
File </lustre/data/home/ssck/wetk00/wetk04/deublein/Leitanwendung_ms2/LA1/MD_298_1.res> closed
  73000 steps completed on 02.03.2009 at 13:43:42
  74000 steps completed on 02.03.2009 at 13:45:21
  75000 steps completed on 02.03.2009 at 13:46:59
  76000 steps completed on 02.03.2009 at 13:48:38
  77000 steps completed on 02.03.2009 at 13:50:16
  78000 steps completed on 02.03.2009 at 13:51:55
  79000 steps completed on 02.03.2009 at 13:53:33
  80000 steps completed on 02.03.2009 at 13:55:11
Saving simulation results
Opening file <MD_298_1.res> for writing
File </lustre/data/home/ssck/wetk00/wetk04/deublein/Leitanwendung_ms2/LA1/MD_298_1.res> closed
  81000 steps completed on 02.03.2009 at 13:56:49
  82000 steps completed on 02.03.2009 at 13:58:27
  83000 steps completed on 02.03.2009 at 14:00:05
  84000 steps completed on 02.03.2009 at 14:01:44
  85000 steps completed on 02.03.2009 at 14:03:23
  86000 steps completed on 02.03.2009 at 14:05:02
  87000 steps completed on 02.03.2009 at 14:06:40
  88000 steps completed on 02.03.2009 at 14:08:18
Saving simulation results
Opening file <MD_298_1.res> for writing
File </lustre/data/home/ssck/wetk00/wetk04/deublein/Leitanwendung_ms2/LA1/MD_298_1.res> closed
  89000 steps completed on 02.03.2009 at 14:09:57
  90000 steps completed on 02.03.2009 at 14:11:36
  91000 steps completed on 02.03.2009 at 14:13:15
  92000 steps completed on 02.03.2009 at 14:14:54
  93000 steps completed on 02.03.2009 at 14:16:33
  94000 steps completed on 02.03.2009 at 14:18:11
  95000 steps completed on 02.03.2009 at 14:19:48
  96000 steps completed on 02.03.2009 at 14:21:26
Saving simulation results
Opening file <MD_298_1.res> for writing
File </lustre/data/home/ssck/wetk00/wetk04/deublein/Leitanwendung_ms2/LA1/MD_298_1.res> closed
  97000 steps completed on 02.03.2009 at 14:23:05
  98000 steps completed on 02.03.2009 at 14:24:43
  99000 steps completed on 02.03.2009 at 14:26:21
 100000 steps completed on 02.03.2009 at 14:27:58
 101000 steps completed on 02.03.2009 at 14:29:38
 102000 steps completed on 02.03.2009 at 14:31:16
 103000 steps completed on 02.03.2009 at 14:32:54
 104000 steps completed on 02.03.2009 at 14:34:33
Saving simulation results
Opening file <MD_298_1.res> for writing
File </lustre/data/home/ssck/wetk00/wetk04/deublein/Leitanwendung_ms2/LA1/MD_298_1.res> closed
 105000 steps completed on 02.03.2009 at 14:36:11
 106000 steps completed on 02.03.2009 at 14:37:49
 107000 steps completed on 02.03.2009 at 14:39:27
 108000 steps completed on 02.03.2009 at 14:41:05
 109000 steps completed on 02.03.2009 at 14:42:43
 110000 steps completed on 02.03.2009 at 14:44:21
 111000 steps completed on 02.03.2009 at 14:45:58
 112000 steps completed on 02.03.2009 at 14:47:37
Saving simulation results
Opening file <MD_298_1.res> for writing
File </lustre/data/home/ssck/wetk00/wetk04/deublein/Leitanwendung_ms2/LA1/MD_298_1.res> closed
 113000 steps completed on 02.03.2009 at 14:49:15
 114000 steps completed on 02.03.2009 at 14:50:55
 115000 steps completed on 02.03.2009 at 14:52:33
 116000 steps completed on 02.03.2009 at 14:54:10
 117000 steps completed on 02.03.2009 at 14:55:48
 118000 steps completed on 02.03.2009 at 14:57:27
 119000 steps completed on 02.03.2009 at 14:59:05
 120000 steps completed on 02.03.2009 at 15:00:43
Saving simulation results
Opening file <MD_298_1.res> for writing
File </lustre/data/home/ssck/wetk00/wetk04/deublein/Leitanwendung_ms2/LA1/MD_298_1.res> closed
 121000 steps completed on 02.03.2009 at 15:02:21
 122000 steps completed on 02.03.2009 at 15:04:00
 123000 steps completed on 02.03.2009 at 15:05:39
 124000 steps completed on 02.03.2009 at 15:07:18
 125000 steps completed on 02.03.2009 at 15:08:57
 126000 steps completed on 02.03.2009 at 15:10:35
 127000 steps completed on 02.03.2009 at 15:12:14
 128000 steps completed on 02.03.2009 at 15:13:51
Saving simulation results
Opening file <MD_298_1.res> for writing
File </lustre/data/home/ssck/wetk00/wetk04/deublein/Leitanwendung_ms2/LA1/MD_298_1.res> closed
 129000 steps completed on 02.03.2009 at 15:15:29
 130000 steps completed on 02.03.2009 at 15:17:07
 131000 steps completed on 02.03.2009 at 15:18:45
 132000 steps completed on 02.03.2009 at 15:20:24
 133000 steps completed on 02.03.2009 at 15:22:04
 134000 steps completed on 02.03.2009 at 15:23:43
 135000 steps completed on 02.03.2009 at 15:25:21
 136000 steps completed on 02.03.2009 at 15:27:00
Saving simulation results
Opening file <MD_298_1.res> for writing
File </lustre/data/home/ssck/wetk00/wetk04/deublein/Leitanwendung_ms2/LA1/MD_298_1.res> closed
 137000 steps completed on 02.03.2009 at 15:28:41
 138000 steps completed on 02.03.2009 at 15:30:21
 139000 steps completed on 02.03.2009 at 15:31:59
 140000 steps completed on 02.03.2009 at 15:33:37
 141000 steps completed on 02.03.2009 at 15:35:15
 142000 steps completed on 02.03.2009 at 15:36:54
 143000 steps completed on 02.03.2009 at 15:38:33
 144000 steps completed on 02.03.2009 at 15:40:13
Saving simulation results
Opening file <MD_298_1.res> for writing
File </lustre/data/home/ssck/wetk00/wetk04/deublein/Leitanwendung_ms2/LA1/MD_298_1.res> closed
 145000 steps completed on 02.03.2009 at 15:41:50
 146000 steps completed on 02.03.2009 at 15:43:29
 147000 steps completed on 02.03.2009 at 15:45:08
 148000 steps completed on 02.03.2009 at 15:46:47
 149000 steps completed on 02.03.2009 at 15:48:25
 150000 steps completed on 02.03.2009 at 15:50:03
 151000 steps completed on 02.03.2009 at 15:51:41
 152000 steps completed on 02.03.2009 at 15:53:20
Saving simulation results
Opening file <MD_298_1.res> for writing
File </lustre/data/home/ssck/wetk00/wetk04/deublein/Leitanwendung_ms2/LA1/MD_298_1.res> closed
 153000 steps completed on 02.03.2009 at 15:54:59
 154000 steps completed on 02.03.2009 at 15:56:36
 155000 steps completed on 02.03.2009 at 15:58:14
 156000 steps completed on 02.03.2009 at 15:59:52
 157000 steps completed on 02.03.2009 at 16:01:31
 158000 steps completed on 02.03.2009 at 16:03:10
 159000 steps completed on 02.03.2009 at 16:04:47
 160000 steps completed on 02.03.2009 at 16:06:25
Saving simulation results
Opening file <MD_298_1.res> for writing
File </lustre/data/home/ssck/wetk00/wetk04/deublein/Leitanwendung_ms2/LA1/MD_298_1.res> closed
 161000 steps completed on 02.03.2009 at 16:08:04
 162000 steps completed on 02.03.2009 at 16:09:43
 163000 steps completed on 02.03.2009 at 16:11:21
 164000 steps completed on 02.03.2009 at 16:12:59
 165000 steps completed on 02.03.2009 at 16:14:36
 166000 steps completed on 02.03.2009 at 16:16:14
 167000 steps completed on 02.03.2009 at 16:17:52
 168000 steps completed on 02.03.2009 at 16:19:31
Saving simulation results
Opening file <MD_298_1.res> for writing
File </lustre/data/home/ssck/wetk00/wetk04/deublein/Leitanwendung_ms2/LA1/MD_298_1.res> closed
 169000 steps completed on 02.03.2009 at 16:21:10
 170000 steps completed on 02.03.2009 at 16:22:49
 171000 steps completed on 02.03.2009 at 16:24:27
 172000 steps completed on 02.03.2009 at 16:26:07
 173000 steps completed on 02.03.2009 at 16:27:46
 174000 steps completed on 02.03.2009 at 16:29:24
 175000 steps completed on 02.03.2009 at 16:31:04
 176000 steps completed on 02.03.2009 at 16:32:42
Saving simulation results
Opening file <MD_298_1.res> for writing
File </lustre/data/home/ssck/wetk00/wetk04/deublein/Leitanwendung_ms2/LA1/MD_298_1.res> closed
 177000 steps completed on 02.03.2009 at 16:34:20
 178000 steps completed on 02.03.2009 at 16:35:59
 179000 steps completed on 02.03.2009 at 16:37:38
 180000 steps completed on 02.03.2009 at 16:39:18
 181000 steps completed on 02.03.2009 at 16:40:57
 182000 steps completed on 02.03.2009 at 16:42:36
 183000 steps completed on 02.03.2009 at 16:44:16
 184000 steps completed on 02.03.2009 at 16:45:55
Saving simulation results
Opening file <MD_298_1.res> for writing
File </lustre/data/home/ssck/wetk00/wetk04/deublein/Leitanwendung_ms2/LA1/MD_298_1.res> closed
 185000 steps completed on 02.03.2009 at 16:47:35
 186000 steps completed on 02.03.2009 at 16:49:14
 187000 steps completed on 02.03.2009 at 16:50:52
 188000 steps completed on 02.03.2009 at 16:52:31
 189000 steps completed on 02.03.2009 at 16:54:09
 190000 steps completed on 02.03.2009 at 16:55:48
 191000 steps completed on 02.03.2009 at 16:57:27
 192000 steps completed on 02.03.2009 at 16:59:06
Saving simulation results
Opening file <MD_298_1.res> for writing
File </lustre/data/home/ssck/wetk00/wetk04/deublein/Leitanwendung_ms2/LA1/MD_298_1.res> closed
 193000 steps completed on 02.03.2009 at 17:00:43
 194000 steps completed on 02.03.2009 at 17:02:20
 195000 steps completed on 02.03.2009 at 17:03:58
 196000 steps completed on 02.03.2009 at 17:05:36
 197000 steps completed on 02.03.2009 at 17:07:15
 198000 steps completed on 02.03.2009 at 17:08:53
 199000 steps completed on 02.03.2009 at 17:10:32
 200000 steps completed on 02.03.2009 at 17:12:11
Saving simulation results
Opening file <MD_298_1.res> for writing
File </lustre/data/home/ssck/wetk00/wetk04/deublein/Leitanwendung_ms2/LA1/MD_298_1.res> closed
 201000 steps completed on 02.03.2009 at 17:13:50
 202000 steps completed on 02.03.2009 at 17:15:28
 203000 steps completed on 02.03.2009 at 17:17:06
 204000 steps completed on 02.03.2009 at 17:18:43
 205000 steps completed on 02.03.2009 at 17:20:22
 206000 steps completed on 02.03.2009 at 17:21:59
 207000 steps completed on 02.03.2009 at 17:23:38
 208000 steps completed on 02.03.2009 at 17:25:17
Saving simulation results
Opening file <MD_298_1.res> for writing
File </lustre/data/home/ssck/wetk00/wetk04/deublein/Leitanwendung_ms2/LA1/MD_298_1.res> closed
 209000 steps completed on 02.03.2009 at 17:26:57
 210000 steps completed on 02.03.2009 at 17:28:38
 211000 steps completed on 02.03.2009 at 17:30:27
 212000 steps completed on 02.03.2009 at 17:32:05
 213000 steps completed on 02.03.2009 at 17:33:43
 214000 steps completed on 02.03.2009 at 17:35:21
 215000 steps completed on 02.03.2009 at 17:36:58
 216000 steps completed on 02.03.2009 at 17:38:36
Saving simulation results
Opening file <MD_298_1.res> for writing
File </lustre/data/home/ssck/wetk00/wetk04/deublein/Leitanwendung_ms2/LA1/MD_298_1.res> closed
 217000 steps completed on 02.03.2009 at 17:40:13
 218000 steps completed on 02.03.2009 at 17:41:52
 219000 steps completed on 02.03.2009 at 17:43:32
 220000 steps completed on 02.03.2009 at 17:45:10
 221000 steps completed on 02.03.2009 at 17:46:48
 222000 steps completed on 02.03.2009 at 17:48:26
 223000 steps completed on 02.03.2009 at 17:50:03
 224000 steps completed on 02.03.2009 at 17:51:40
Saving simulation results
Opening file <MD_298_1.res> for writing
File </lustre/data/home/ssck/wetk00/wetk04/deublein/Leitanwendung_ms2/LA1/MD_298_1.res> closed
 225000 steps completed on 02.03.2009 at 17:53:18
 226000 steps completed on 02.03.2009 at 17:54:55
 227000 steps completed on 02.03.2009 at 17:56:33
 228000 steps completed on 02.03.2009 at 17:58:11
 229000 steps completed on 02.03.2009 at 17:59:49
 230000 steps completed on 02.03.2009 at 18:01:27
 231000 steps completed on 02.03.2009 at 18:03:05
 232000 steps completed on 02.03.2009 at 18:04:43
Saving simulation results
Opening file <MD_298_1.res> for writing
File </lustre/data/home/ssck/wetk00/wetk04/deublein/Leitanwendung_ms2/LA1/MD_298_1.res> closed
 233000 steps completed on 02.03.2009 at 18:06:21
 234000 steps completed on 02.03.2009 at 18:08:00
 235000 steps completed on 02.03.2009 at 18:09:37
 236000 steps completed on 02.03.2009 at 18:11:15
 237000 steps completed on 02.03.2009 at 18:12:53
 238000 steps completed on 02.03.2009 at 18:14:31
 239000 steps completed on 02.03.2009 at 18:16:08
 240000 steps completed on 02.03.2009 at 18:17:45
Saving simulation results
Opening file <MD_298_1.res> for writing
File </lustre/data/home/ssck/wetk00/wetk04/deublein/Leitanwendung_ms2/LA1/MD_298_1.res> closed
 241000 steps completed on 02.03.2009 at 18:19:23
 242000 steps completed on 02.03.2009 at 18:21:02
 243000 steps completed on 02.03.2009 at 18:22:41
 244000 steps completed on 02.03.2009 at 18:24:21
 245000 steps completed on 02.03.2009 at 18:25:59
 246000 steps completed on 02.03.2009 at 18:27:37
 247000 steps completed on 02.03.2009 at 18:29:16
 248000 steps completed on 02.03.2009 at 18:30:55
Saving simulation results
Opening file <MD_298_1.res> for writing
File </lustre/data/home/ssck/wetk00/wetk04/deublein/Leitanwendung_ms2/LA1/MD_298_1.res> closed
 249000 steps completed on 02.03.2009 at 18:32:33
 250000 steps completed on 02.03.2009 at 18:34:12
 251000 steps completed on 02.03.2009 at 18:35:50
 252000 steps completed on 02.03.2009 at 18:37:28
 253000 steps completed on 02.03.2009 at 18:39:07
 254000 steps completed on 02.03.2009 at 18:40:44
 255000 steps completed on 02.03.2009 at 18:42:23
 256000 steps completed on 02.03.2009 at 18:44:00
Saving simulation results
Opening file <MD_298_1.res> for writing
File </lustre/data/home/ssck/wetk00/wetk04/deublein/Leitanwendung_ms2/LA1/MD_298_1.res> closed
 257000 steps completed on 02.03.2009 at 18:45:39
 258000 steps completed on 02.03.2009 at 18:47:18
 259000 steps completed on 02.03.2009 at 18:48:56
 260000 steps completed on 02.03.2009 at 18:50:34
 261000 steps completed on 02.03.2009 at 18:52:13
 262000 steps completed on 02.03.2009 at 18:53:52
 263000 steps completed on 02.03.2009 at 18:55:31
 264000 steps completed on 02.03.2009 at 18:57:09
Saving simulation results
Opening file <MD_298_1.res> for writing
File </lustre/data/home/ssck/wetk00/wetk04/deublein/Leitanwendung_ms2/LA1/MD_298_1.res> closed
 265000 steps completed on 02.03.2009 at 18:58:47
 266000 steps completed on 02.03.2009 at 19:00:25
 267000 steps completed on 02.03.2009 at 19:02:03
 268000 steps completed on 02.03.2009 at 19:03:41
 269000 steps completed on 02.03.2009 at 19:05:20
 270000 steps completed on 02.03.2009 at 19:06:58
 271000 steps completed on 02.03.2009 at 19:08:36
 272000 steps completed on 02.03.2009 at 19:10:14
Saving simulation results
Opening file <MD_298_1.res> for writing
File </lustre/data/home/ssck/wetk00/wetk04/deublein/Leitanwendung_ms2/LA1/MD_298_1.res> closed
 273000 steps completed on 02.03.2009 at 19:11:52
 274000 steps completed on 02.03.2009 at 19:13:31
 275000 steps completed on 02.03.2009 at 19:15:10
 276000 steps completed on 02.03.2009 at 19:16:48
 277000 steps completed on 02.03.2009 at 19:18:27
 278000 steps completed on 02.03.2009 at 19:20:05
 279000 steps completed on 02.03.2009 at 19:21:42
 280000 steps completed on 02.03.2009 at 19:23:21
Saving simulation results
Opening file <MD_298_1.res> for writing
File </lustre/data/home/ssck/wetk00/wetk04/deublein/Leitanwendung_ms2/LA1/MD_298_1.res> closed
 281000 steps completed on 02.03.2009 at 19:24:59
 282000 steps completed on 02.03.2009 at 19:26:38
 283000 steps completed on 02.03.2009 at 19:28:16
 284000 steps completed on 02.03.2009 at 19:29:54
 285000 steps completed on 02.03.2009 at 19:31:33
 286000 steps completed on 02.03.2009 at 19:33:11
 287000 steps completed on 02.03.2009 at 19:34:49
 288000 steps completed on 02.03.2009 at 19:36:27
Saving simulation results
Opening file <MD_298_1.res> for writing
File </lustre/data/home/ssck/wetk00/wetk04/deublein/Leitanwendung_ms2/LA1/MD_298_1.res> closed
 289000 steps completed on 02.03.2009 at 19:38:05
 290000 steps completed on 02.03.2009 at 19:39:43
 291000 steps completed on 02.03.2009 at 19:41:21
 292000 steps completed on 02.03.2009 at 19:42:59
 293000 steps completed on 02.03.2009 at 19:44:36
 294000 steps completed on 02.03.2009 at 19:46:15
 295000 steps completed on 02.03.2009 at 19:47:53
 296000 steps completed on 02.03.2009 at 19:49:32
Saving simulation results
Opening file <MD_298_1.res> for writing
File </lustre/data/home/ssck/wetk00/wetk04/deublein/Leitanwendung_ms2/LA1/MD_298_1.res> closed
 297000 steps completed on 02.03.2009 at 19:51:12
 298000 steps completed on 02.03.2009 at 19:52:50
 299000 steps completed on 02.03.2009 at 19:54:28
 300000 steps completed on 02.03.2009 at 19:56:07
 301000 steps completed on 02.03.2009 at 19:57:47
 302000 steps completed on 02.03.2009 at 19:59:26
 303000 steps completed on 02.03.2009 at 20:01:05
 304000 steps completed on 02.03.2009 at 20:02:43
Saving simulation results
Opening file <MD_298_1.res> for writing
File </lustre/data/home/ssck/wetk00/wetk04/deublein/Leitanwendung_ms2/LA1/MD_298_1.res> closed
 305000 steps completed on 02.03.2009 at 20:04:21
 306000 steps completed on 02.03.2009 at 20:06:00
 307000 steps completed on 02.03.2009 at 20:07:40
 308000 steps completed on 02.03.2009 at 20:09:17
 309000 steps completed on 02.03.2009 at 20:10:55
 310000 steps completed on 02.03.2009 at 20:12:32
 311000 steps completed on 02.03.2009 at 20:14:10
 312000 steps completed on 02.03.2009 at 20:15:47
Saving simulation results
Opening file <MD_298_1.res> for writing
File </lustre/data/home/ssck/wetk00/wetk04/deublein/Leitanwendung_ms2/LA1/MD_298_1.res> closed
 313000 steps completed on 02.03.2009 at 20:17:25
 314000 steps completed on 02.03.2009 at 20:19:03
 315000 steps completed on 02.03.2009 at 20:20:42
 316000 steps completed on 02.03.2009 at 20:22:21
 317000 steps completed on 02.03.2009 at 20:23:59
 318000 steps completed on 02.03.2009 at 20:25:37
 319000 steps completed on 02.03.2009 at 20:27:14
 320000 steps completed on 02.03.2009 at 20:28:53
Saving simulation results
Opening file <MD_298_1.res> for writing
File </lustre/data/home/ssck/wetk00/wetk04/deublein/Leitanwendung_ms2/LA1/MD_298_1.res> closed
 321000 steps completed on 02.03.2009 at 20:30:31
 322000 steps completed on 02.03.2009 at 20:32:10
 323000 steps completed on 02.03.2009 at 20:33:51
 324000 steps completed on 02.03.2009 at 20:35:30
 325000 steps completed on 02.03.2009 at 20:37:08
 326000 steps completed on 02.03.2009 at 20:38:46
 327000 steps completed on 02.03.2009 at 20:40:24
 328000 steps completed on 02.03.2009 at 20:42:03
Saving simulation results
Opening file <MD_298_1.res> for writing
File </lustre/data/home/ssck/wetk00/wetk04/deublein/Leitanwendung_ms2/LA1/MD_298_1.res> closed
 329000 steps completed on 02.03.2009 at 20:43:41
 330000 steps completed on 02.03.2009 at 20:45:19
 331000 steps completed on 02.03.2009 at 20:46:58
 332000 steps completed on 02.03.2009 at 20:48:36
 333000 steps completed on 02.03.2009 at 20:50:13
 334000 steps completed on 02.03.2009 at 20:51:52
 335000 steps completed on 02.03.2009 at 20:53:30
 336000 steps completed on 02.03.2009 at 20:55:09
Saving simulation results
Opening file <MD_298_1.res> for writing
File </lustre/data/home/ssck/wetk00/wetk04/deublein/Leitanwendung_ms2/LA1/MD_298_1.res> closed
 337000 steps completed on 02.03.2009 at 20:56:48
 338000 steps completed on 02.03.2009 at 20:58:26
 339000 steps completed on 02.03.2009 at 21:00:03
 340000 steps completed on 02.03.2009 at 21:01:41
 341000 steps completed on 02.03.2009 at 21:03:19
 342000 steps completed on 02.03.2009 at 21:04:58
 343000 steps completed on 02.03.2009 at 21:06:37
 344000 steps completed on 02.03.2009 at 21:08:16
Saving simulation results
Opening file <MD_298_1.res> for writing
File </lustre/data/home/ssck/wetk00/wetk04/deublein/Leitanwendung_ms2/LA1/MD_298_1.res> closed
 345000 steps completed on 02.03.2009 at 21:09:56
 346000 steps completed on 02.03.2009 at 21:11:34
 347000 steps completed on 02.03.2009 at 21:13:12
 348000 steps completed on 02.03.2009 at 21:14:50
 349000 steps completed on 02.03.2009 at 21:16:28
 350000 steps completed on 02.03.2009 at 21:18:07
 351000 steps completed on 02.03.2009 at 21:19:45
 352000 steps completed on 02.03.2009 at 21:21:23
Saving simulation results
Opening file <MD_298_1.res> for writing
File </lustre/data/home/ssck/wetk00/wetk04/deublein/Leitanwendung_ms2/LA1/MD_298_1.res> closed
 353000 steps completed on 02.03.2009 at 21:23:02
 354000 steps completed on 02.03.2009 at 21:24:40
 355000 steps completed on 02.03.2009 at 21:26:17
 356000 steps completed on 02.03.2009 at 21:27:56
 357000 steps completed on 02.03.2009 at 21:29:34
 358000 steps completed on 02.03.2009 at 21:31:16
 359000 steps completed on 02.03.2009 at 21:32:55
 360000 steps completed on 02.03.2009 at 21:34:32
Saving simulation results
Opening file <MD_298_1.res> for writing
File </lustre/data/home/ssck/wetk00/wetk04/deublein/Leitanwendung_ms2/LA1/MD_298_1.res> closed
 361000 steps completed on 02.03.2009 at 21:36:10
 362000 steps completed on 02.03.2009 at 21:37:48
 363000 steps completed on 02.03.2009 at 21:39:26
 364000 steps completed on 02.03.2009 at 21:41:04
 365000 steps completed on 02.03.2009 at 21:42:42
 366000 steps completed on 02.03.2009 at 21:44:21
 367000 steps completed on 02.03.2009 at 21:45:58
 368000 steps completed on 02.03.2009 at 21:47:36
Saving simulation results
Opening file <MD_298_1.res> for writing
File </lustre/data/home/ssck/wetk00/wetk04/deublein/Leitanwendung_ms2/LA1/MD_298_1.res> closed
 369000 steps completed on 02.03.2009 at 21:49:15
 370000 steps completed on 02.03.2009 at 21:50:53
 371000 steps completed on 02.03.2009 at 21:52:31
 372000 steps completed on 02.03.2009 at 21:54:09
 373000 steps completed on 02.03.2009 at 21:55:49
 374000 steps completed on 02.03.2009 at 21:57:28
 375000 steps completed on 02.03.2009 at 21:59:06
 376000 steps completed on 02.03.2009 at 22:00:43
Saving simulation results
Opening file <MD_298_1.res> for writing
File </lustre/data/home/ssck/wetk00/wetk04/deublein/Leitanwendung_ms2/LA1/MD_298_1.res> closed
 377000 steps completed on 02.03.2009 at 22:02:21
 378000 steps completed on 02.03.2009 at 22:03:59
 379000 steps completed on 02.03.2009 at 22:05:37
 380000 steps completed on 02.03.2009 at 22:07:15
 381000 steps completed on 02.03.2009 at 22:08:54
 382000 steps completed on 02.03.2009 at 22:10:33
 383000 steps completed on 02.03.2009 at 22:12:11
 384000 steps completed on 02.03.2009 at 22:13:49
Saving simulation results
Opening file <MD_298_1.res> for writing
File </lustre/data/home/ssck/wetk00/wetk04/deublein/Leitanwendung_ms2/LA1/MD_298_1.res> closed
 385000 steps completed on 02.03.2009 at 22:15:27
 386000 steps completed on 02.03.2009 at 22:17:06
 387000 steps completed on 02.03.2009 at 22:18:44
 388000 steps completed on 02.03.2009 at 22:20:23
 389000 steps completed on 02.03.2009 at 22:22:04
 390000 steps completed on 02.03.2009 at 22:23:41
 391000 steps completed on 02.03.2009 at 22:25:19
 392000 steps completed on 02.03.2009 at 22:26:56
Saving simulation results
Opening file <MD_298_1.res> for writing
File </lustre/data/home/ssck/wetk00/wetk04/deublein/Leitanwendung_ms2/LA1/MD_298_1.res> closed
 393000 steps completed on 02.03.2009 at 22:28:34
 394000 steps completed on 02.03.2009 at 22:30:12
 395000 steps completed on 02.03.2009 at 22:31:52
 396000 steps completed on 02.03.2009 at 22:33:31
 397000 steps completed on 02.03.2009 at 22:35:08
 398000 steps completed on 02.03.2009 at 22:36:46
 399000 steps completed on 02.03.2009 at 22:38:24
 400000 steps completed on 02.03.2009 at 22:40:02
Saving simulation results
Opening file <MD_298_1.res> for writing
File </lustre/data/home/ssck/wetk00/wetk04/deublein/Leitanwendung_ms2/LA1/MD_298_1.res> closed
Simulation completed on 02.03.2009 at 22:40:02

Saving simulation restart file
Opening file <MD_298.rst> for writing
File </lustre/data/home/ssck/wetk00/wetk04/deublein/Leitanwendung_ms2/LA1/MD_298.rst> closed

File </lustre/data/home/ssck/wetk00/wetk04/deublein/Leitanwendung_ms2/LA1/MD_298_1.rav> closed
File </lustre/data/home/ssck/wetk00/wetk04/deublein/Leitanwendung_ms2/LA1/MD_298_1.run> closed

Program terminated on 02.03.2009 at 22:40:03
