ms2 logfile NPT_MD_osmop1.log created by PE0 on 10.06.2026 at 16:38:03

**************************************************************************
*                         Molecular Simulation 2                         *
**************************************************************************

============================================================================
*                         Publishing with ms2                              *
* Every user agrees to cite ms2 upon usage as follows                      *
* ------------------------------------------------------------------------ *
* I. Nitzke, G. Guevara-Carrion, D. Saric, S. Homes, S. Stephan,           *
* R. Fingerhut, M. Bernreuther, H. Hasse, J. Vrabec                        *
* Computer Physics Communications (2025)                                   *
============================================================================

**************************************************************************
* (c) by TU Kaiserslautern / TU Berlin                                   *
*     P.O. Box 67653                                                     *
*     67653 Kaiserslautern                                               *
**************************************************************************

**************************************************************************
* Updates and auxiliary routines are available from                      *
* http://www.ms-2.de                                                     *
**************************************************************************

Program ms2_GNU_mpi_osmop1 version 5.019
Hardware architecture: pc/gfortran
Compiler version     : GNU gfortran150200
Compiler flags       : MPI=1 OSMOP=1 MPI_USE_MODULE=1
Compile time         : Jun 10 2026,16:24:57
Real Kind            : 8

Hostname             : Stephen.local
started by user Isabel on 10.06.2026 at 16:38:03

------------------------------------------------------------------------
Parallelization:
MPI version        : 3.1
Number of processes:   4
Root process rank  :   0
rank:  I/O: processor name:
    0   +   Stephen.local
    1   +   Stephen.local
    2   +   Stephen.local
    3   +   Stephen.local


------------------------------------------------------------------------
Signal handler set successfully
Random number generator initialized
------------------------------------------------------------------------

************************************************************************
                       Reading Simulation Input
************************************************************************
Opening file <NPT_MD_osmop1.par> for reading (unit 1002)

------------------------------------------------------------------------
                   Reading parameters of simulation
Name tag for output (default):             NPT_MD_osmop1

setting WallTime to default value   20160
Specified walltime:   20160 m
setting TimeLimit to default value      60
Specified time limit:    60 m

System of units:         SI
Unit of length:          3.500 A
Unit of energy:        100.000 K
Unit of mass:           40.000 a.u.

Simulation type:         Molecular Dynamics
Integrator type:         Gear predictor-corrector
Time step:                1.699330 fs
Reduced time step:        0.000700

Ensemble type:           NPT

Number of MC overlap reduction steps:       10
Number of NVT equilibration steps:       10000
Number of NPT equilibration steps:       20000
Number of production steps:             100000

Result files will be updated each         1000 time steps
Final result files will be updated each   5000 time steps
Visualization files will not be created

setting RDFFreq to default value       0
RDF files will not be created

setting ODFRecordingFreq to default value       0
ODF files will not be created

setting KBIFreq to default value       0
KBI files will not be created

setting ALPHA2Freq to default value       0

Osmotic Pressure calculation with     160 Bins
setting Wallforce to default value   41868.0000
Forceconstant of the wall 616.85283 ?

Cutoff mode:             Center of Mass

setting LongRange to default value rf
Long Range Correction: Reaction Field
Number of ensembles:     1
setting mpiEnsembleGroups to default value       0
setting ClusterIsCriteria to default value no
Cluster Criteria evaluation:    .false.
setting TransMethod to default value None

------------------------------------------------------------------------
             Reading parameters of ensemble  1
Temperature:               250.000 K
Pressure:                    4.500 MPa
Density:                    23.000 mol/l
Reduced temperature:         2.500000
Reduced pressure:            0.139743
Reduced density:             0.593858
Mass of piston (reduced):    0.000500000
Mass of piston:              2.21313E+09 kg/m^4
setting ResidTime to default value no
Calculation of residence time: no
setting CommonEqui to default value no
MD simulation: Logical CommonEqui no is invalid, set to yes
Number of components:        2
------------------------------------------------------------------------
            Reading component  1 for ensemble
Mole fraction of component CO2_3lj.pm:  0.900000
Chemical potential of CO2_3lj.pm will be calculated by:
         -> Widom's test particle method
component CO2_3lj.pm is permeable.
Opening file <CO2_3lj.pm> for reading (unit 1003)
File <CO2_3lj.pm> closed (unit 1003)
Opening file <NPT_MD_osmop1.CO2_3lj.nrm> for writing (unit 1004)
File <NPT_MD_osmop1.CO2_3lj.nrm> closed (unit 1004)
Normalized potential model for CO2_3lj.pm saved to file <NPT_MD_osmop1.CO2_3lj.nrm>
       Reading component  1 for ensemble successful
------------------------------------------------------------------------
------------------------------------------------------------------------
            Reading component  2 for ensemble
Mole fraction of component CH4.pm:  0.100000
Chemical potential of CH4.pm will be calculated by:
         -> Widom's test particle method
component CH4.pm is not permeable.
Opening file <CH4.pm> for reading (unit 1003)
File <CH4.pm> closed (unit 1003)
Opening file <NPT_MD_osmop1.CH4.nrm> for writing (unit 1004)
File <NPT_MD_osmop1.CH4.nrm> closed (unit 1004)
Normalized potential model for CH4.pm saved to file <NPT_MD_osmop1.CH4.nrm>
       Reading component  2 for ensemble successful
------------------------------------------------------------------------
The mole fraction(s) may be slightly changed due to the number of particle(s).
Number of particles:                       864
Mole fraction of CO2_3lj.pm:                 0.900
         ->  number of particles:          778
Number of test particles:                  864
Mole fraction of CH4.pm:                     0.100
         ->  number of particles:           86
Number of test particles:                  864

Memory for test particles allocated successfully
Memory for CO2_3lj.pm allocated successfully
Memory for CH4.pm allocated successfully
CO2_3lj.pm-CH4.pm LJ interaction:  eta = 1.000, xi = 1.000

Reduced center of mass cutoff radius:        3.000

Cutoff correction to
- potential energy from LJ                  -0.67861192
- pressure from LJ                          -1.39082299
- chem. pot. of CO2_3lj.pm from LJ          -1.35286555
- chem. pot. of CH4.pm from LJ              -1.39665110
- potential energy from reaction field (RF)  0.00000000
- pressure from reaction field:              0.00000000
- chem. pot. of CO2_3lj.pm from RF           0.00000000
- chem. pot. of CH4.pm from RF               0.00000000

Initialize positions:
         FCC lattice:   4 *   6x   6x   6 cells
         with  4 molecules/cell
           1     0.958     0.958     0.875
           1     0.958     0.958     0.542
           1     0.958     0.958     0.375
           1     0.958     0.958     0.208
           1     0.958     0.958     0.042
           1     0.958     0.792     0.875
           1     0.958     0.792     0.708
           1     0.958     0.792     0.542
           1     0.958     0.792     0.375
           1     0.958     0.792     0.208
           1     0.958     0.792     0.042
           1     0.958     0.625     0.875
           1     0.958     0.625     0.708
           1     0.958     0.625     0.542
           1     0.958     0.625     0.375
           1     0.958     0.625     0.208
           1     0.958     0.625     0.042
           1     0.958     0.458     0.875
           1     0.958     0.458     0.708
           1     0.958     0.458     0.542
           1     0.958     0.458     0.208
           1     0.958     0.458     0.042
           1     0.958     0.292     0.875
           1     0.958     0.292     0.708
           1     0.958     0.292     0.375
           1     0.958     0.292     0.208
           1     0.958     0.292     0.042
           1     0.958     0.125     0.875
           1     0.958     0.125     0.542
           1     0.958     0.125     0.375
           1     0.958     0.125     0.208
           1     0.958     0.125     0.042
           1     0.792     0.958     0.875
           1     0.792     0.958     0.708
           1     0.792     0.958     0.375
           1     0.792     0.958     0.208
           1     0.792     0.958     0.042
           1     0.792     0.792     0.875
           1     0.792     0.792     0.708
           1     0.792     0.792     0.542
           1     0.792     0.792     0.375
           1     0.792     0.792     0.208
           1     0.792     0.792     0.042
           1     0.792     0.625     0.875
           1     0.792     0.625     0.708
           1     0.792     0.625     0.542
           1     0.792     0.625     0.375
           1     0.792     0.625     0.208
           1     0.792     0.458     0.875
           1     0.792     0.458     0.708
           1     0.792     0.458     0.542
           1     0.792     0.458     0.375
           1     0.792     0.458     0.208
           1     0.792     0.458     0.042
           1     0.792     0.292     0.875
           1     0.792     0.292     0.708
           1     0.792     0.292     0.542
           1     0.792     0.292     0.375
           1     0.792     0.292     0.208
           1     0.792     0.292     0.042
           1     0.792     0.125     0.875
           1     0.792     0.125     0.708
           1     0.792     0.125     0.375
           1     0.792     0.125     0.208
           1     0.792     0.125     0.042
           1     0.625     0.958     0.708
           1     0.625     0.958     0.542
           1     0.625     0.958     0.375
           1     0.625     0.958     0.208
           1     0.625     0.958     0.042
           1     0.625     0.792     0.875
           1     0.625     0.792     0.708
           1     0.625     0.792     0.542
           1     0.625     0.792     0.375
           1     0.625     0.792     0.208
           1     0.625     0.792     0.042
           1     0.625     0.625     0.875
           1     0.625     0.625     0.542
           1     0.625     0.625     0.375
           1     0.625     0.625     0.042
           1     0.625     0.458     0.875
           1     0.625     0.458     0.542
           1     0.625     0.458     0.375
           1     0.625     0.458     0.208
           1     0.042     0.458     0.625
           1     0.625     0.292     0.875
           1     0.125     0.542     0.958
           1     0.625     0.292     0.542
           1     0.625     0.292     0.375
           1     0.625     0.292     0.208
           1     0.625     0.292     0.042
           1     0.625     0.125     0.875
           1     0.958     0.875     0.625
           1     0.625     0.125     0.375
           1     0.625     0.125     0.208
           1     0.625     0.125     0.042
           1     0.458     0.958     0.875
           1     0.458     0.958     0.708
           1     0.458     0.958     0.542
           1     0.458     0.958     0.375
           1     0.458     0.958     0.208
           1     0.458     0.958     0.042
           1     0.458     0.792     0.875
           1     0.458     0.792     0.708
           1     0.458     0.792     0.542
           1     0.458     0.792     0.375
           1     0.458     0.792     0.208
           1     0.458     0.792     0.042
           1     0.458     0.625     0.875
           1     0.458     0.625     0.708
           1     0.458     0.625     0.542
           1     0.458     0.625     0.375
           1     0.458     0.625     0.208
           1     0.458     0.458     0.875
           1     0.458     0.458     0.708
           1     0.458     0.458     0.542
           1     0.458     0.458     0.375
           1     0.458     0.458     0.208
           1     0.208     0.375     0.542
           1     0.458     0.292     0.875
           1     0.458     0.292     0.708
           1     0.458     0.292     0.542
           1     0.458     0.292     0.375
           1     0.958     0.458     0.375
           1     0.208     0.875     0.542
           1     0.958     0.958     0.708
           1     0.458     0.125     0.708
           1     0.458     0.125     0.542
           1     0.458     0.125     0.375
           1     0.458     0.125     0.208
           1     0.458     0.125     0.042
           1     0.292     0.958     0.875
           1     0.292     0.958     0.542
           1     0.292     0.958     0.375
           1     0.292     0.958     0.208
           1     0.292     0.958     0.042
           1     0.125     0.292     0.375
           1     0.292     0.792     0.708
           1     0.292     0.792     0.542
           1     0.292     0.792     0.375
           1     0.292     0.792     0.208
           1     0.292     0.792     0.042
           1     0.292     0.625     0.875
           1     0.292     0.625     0.708
           1     0.292     0.625     0.542
           1     0.292     0.625     0.375
           1     0.292     0.625     0.208
           1     0.292     0.625     0.042
           1     0.875     0.708     0.875
           1     0.292     0.458     0.708
           1     0.292     0.458     0.542
           1     0.792     0.125     0.542
           1     0.292     0.458     0.208
           1     0.292     0.458     0.042
           1     0.292     0.292     0.875
           1     0.292     0.292     0.708
           1     0.292     0.292     0.542
           1     0.292     0.292     0.375
           1     0.292     0.292     0.208
           1     0.292     0.292     0.042
           1     0.292     0.125     0.708
           1     0.292     0.125     0.542
           1     0.292     0.125     0.375
           1     0.042     0.708     0.042
           1     0.292     0.125     0.042
           1     0.125     0.958     0.875
           1     0.125     0.958     0.708
           1     0.125     0.958     0.542
           1     0.125     0.958     0.375
           1     0.125     0.958     0.208
           1     0.125     0.958     0.042
           1     0.125     0.792     0.875
           1     0.125     0.792     0.708
           1     0.125     0.792     0.542
           1     0.125     0.792     0.375
           1     0.125     0.792     0.208
           1     0.125     0.792     0.042
           1     0.125     0.625     0.875
           1     0.125     0.625     0.708
           1     0.125     0.625     0.542
           1     0.125     0.625     0.375
           1     0.125     0.625     0.208
           1     0.125     0.625     0.042
           1     0.125     0.458     0.875
           1     0.125     0.458     0.708
           1     0.125     0.458     0.542
           1     0.125     0.458     0.375
           1     0.125     0.458     0.208
           1     0.125     0.458     0.042
           1     0.125     0.292     0.875
           1     0.125     0.292     0.708
           1     0.125     0.292     0.542
           1     0.125     0.292     0.208
           1     0.125     0.292     0.042
           1     0.125     0.125     0.875
           1     0.125     0.125     0.708
           1     0.125     0.125     0.542
           1     0.125     0.125     0.375
           1     0.125     0.125     0.208
           1     0.958     0.875     0.958
           1     0.958     0.875     0.792
           1     0.958     0.875     0.458
           1     0.958     0.875     0.125
           1     0.958     0.708     0.958
           1     0.958     0.708     0.625
           1     0.958     0.708     0.458
           1     0.958     0.708     0.292
           1     0.958     0.708     0.125
           1     0.958     0.542     0.958
           1     0.958     0.542     0.792
           1     0.958     0.542     0.625
           1     0.958     0.542     0.458
           1     0.958     0.542     0.292
           1     0.958     0.375     0.958
           1     0.958     0.375     0.792
           1     0.958     0.375     0.625
           1     0.958     0.375     0.292
           1     0.958     0.375     0.125
           1     0.958     0.208     0.958
           1     0.958     0.208     0.792
           1     0.958     0.208     0.625
           1     0.958     0.208     0.458
           1     0.958     0.208     0.292
           1     0.958     0.208     0.125
           1     0.958     0.042     0.958
           1     0.958     0.042     0.792
           1     0.958     0.042     0.625
           1     0.958     0.042     0.458
           1     0.958     0.042     0.292
           1     0.958     0.042     0.125
           1     0.792     0.875     0.958
           1     0.792     0.875     0.792
           1     0.792     0.875     0.625
           1     0.792     0.875     0.458
           1     0.792     0.875     0.292
           1     0.792     0.875     0.125
           1     0.792     0.708     0.958
           1     0.792     0.708     0.792
           1     0.792     0.708     0.625
           1     0.792     0.708     0.458
           1     0.792     0.708     0.292
           1     0.792     0.708     0.125
           1     0.792     0.542     0.958
           1     0.792     0.542     0.792
           1     0.792     0.542     0.625
           1     0.792     0.542     0.458
           1     0.792     0.542     0.292
           1     0.792     0.542     0.125
           1     0.792     0.375     0.958
           1     0.792     0.375     0.792
           1     0.792     0.375     0.625
           1     0.792     0.375     0.458
           1     0.792     0.375     0.292
           1     0.792     0.375     0.125
           1     0.792     0.208     0.792
           1     0.792     0.208     0.625
           1     0.792     0.208     0.458
           1     0.792     0.208     0.292
           1     0.792     0.208     0.125
           1     0.792     0.042     0.958
           1     0.792     0.042     0.792
           1     0.792     0.042     0.625
           1     0.792     0.042     0.292
           1     0.792     0.042     0.125
           1     0.625     0.875     0.958
           1     0.625     0.875     0.792
           1     0.625     0.875     0.625
           1     0.625     0.875     0.292
           1     0.625     0.875     0.125
           1     0.625     0.708     0.958
           1     0.625     0.708     0.792
           1     0.625     0.708     0.625
           1     0.625     0.708     0.458
           1     0.625     0.708     0.292
           1     0.625     0.708     0.125
           1     0.625     0.542     0.958
           1     0.625     0.542     0.792
           1     0.625     0.542     0.625
           1     0.625     0.542     0.458
           1     0.625     0.542     0.292
           1     0.625     0.542     0.125
           1     0.625     0.375     0.958
           1     0.625     0.375     0.792
           1     0.625     0.375     0.458
           1     0.625     0.375     0.292
           1     0.625     0.375     0.125
           1     0.625     0.208     0.958
           1     0.625     0.208     0.792
           1     0.625     0.208     0.625
           1     0.625     0.208     0.458
           1     0.625     0.208     0.292
           1     0.625     0.208     0.125
           1     0.625     0.042     0.792
           1     0.625     0.042     0.625
           1     0.625     0.042     0.458
           1     0.208     0.042     0.208
           1     0.458     0.875     0.958
           1     0.458     0.875     0.792
           1     0.458     0.875     0.625
           1     0.458     0.875     0.458
           1     0.458     0.875     0.292
           1     0.458     0.875     0.125
           1     0.458     0.708     0.792
           1     0.458     0.708     0.625
           1     0.458     0.708     0.458
           1     0.458     0.708     0.292
           1     0.458     0.708     0.125
           1     0.458     0.542     0.792
           1     0.875     0.625     0.792
           1     0.458     0.542     0.458
           1     0.458     0.542     0.292
           1     0.458     0.542     0.125
           1     0.042     0.375     0.375
           1     0.125     0.125     0.042
           1     0.458     0.375     0.625
           1     0.458     0.375     0.458
           1     0.458     0.375     0.292
           1     0.458     0.375     0.125
           1     0.458     0.208     0.958
           1     0.208     0.292     0.625
           1     0.458     0.208     0.625
           1     0.458     0.208     0.458
           1     0.458     0.208     0.292
           1     0.458     0.208     0.125
           1     0.208     0.958     0.292
           1     0.458     0.042     0.792
           1     0.458     0.042     0.625
           1     0.458     0.042     0.292
           1     0.458     0.042     0.125
           1     0.292     0.875     0.958
           1     0.292     0.875     0.792
           1     0.792     0.208     0.958
           1     0.292     0.875     0.458
           1     0.292     0.875     0.292
           1     0.292     0.875     0.125
           1     0.292     0.708     0.958
           1     0.292     0.708     0.792
           1     0.292     0.708     0.625
           1     0.292     0.708     0.458
           1     0.292     0.708     0.292
           1     0.208     0.375     0.708
           1     0.125     0.542     0.292
           1     0.292     0.542     0.792
           1     0.292     0.542     0.625
           1     0.292     0.542     0.458
           1     0.292     0.542     0.292
           1     0.292     0.542     0.125
           1     0.292     0.375     0.958
           1     0.292     0.375     0.792
           1     0.292     0.375     0.625
           1     0.292     0.375     0.458
           1     0.292     0.375     0.292
           1     0.292     0.375     0.125
           1     0.292     0.208     0.958
           1     0.292     0.208     0.792
           1     0.292     0.208     0.458
           1     0.208     0.875     0.042
           1     0.292     0.208     0.125
           1     0.292     0.042     0.792
           1     0.792     0.958     0.542
           1     0.292     0.042     0.458
           1     0.292     0.042     0.292
           1     0.292     0.042     0.125
           1     0.125     0.875     0.958
           1     0.125     0.875     0.792
           1     0.125     0.875     0.625
           1     0.125     0.875     0.458
           1     0.125     0.875     0.292
           1     0.125     0.875     0.125
           1     0.125     0.708     0.958
           1     0.125     0.708     0.792
           1     0.125     0.708     0.625
           1     0.125     0.708     0.458
           1     0.125     0.708     0.292
           1     0.125     0.708     0.125
           1     0.125     0.542     0.792
           1     0.125     0.542     0.458
           1     0.125     0.542     0.125
           1     0.125     0.375     0.958
           1     0.125     0.375     0.792
           1     0.125     0.375     0.625
           1     0.125     0.375     0.458
           1     0.125     0.375     0.292
           1     0.125     0.375     0.125
           1     0.125     0.208     0.958
           1     0.125     0.208     0.792
           1     0.125     0.208     0.625
           1     0.125     0.208     0.458
           1     0.125     0.208     0.292
           1     0.125     0.208     0.125
           1     0.125     0.042     0.625
           1     0.125     0.042     0.458
           1     0.125     0.042     0.292
           1     0.125     0.042     0.125
           1     0.875     0.958     0.958
           1     0.875     0.958     0.792
           1     0.875     0.958     0.625
           1     0.875     0.958     0.458
           1     0.875     0.958     0.292
           1     0.875     0.958     0.125
           1     0.875     0.792     0.958
           1     0.875     0.792     0.792
           1     0.875     0.792     0.625
           1     0.875     0.792     0.458
           1     0.875     0.792     0.292
           1     0.875     0.792     0.125
           1     0.875     0.625     0.958
           1     0.875     0.625     0.625
           1     0.875     0.625     0.458
           1     0.875     0.625     0.292
           1     0.875     0.625     0.125
           1     0.875     0.458     0.958
           1     0.875     0.458     0.792
           1     0.875     0.458     0.625
           1     0.875     0.458     0.458
           1     0.875     0.458     0.292
           1     0.875     0.458     0.125
           1     0.875     0.292     0.958
           1     0.875     0.292     0.792
           1     0.875     0.292     0.625
           1     0.875     0.292     0.458
           1     0.875     0.292     0.292
           1     0.875     0.125     0.792
           1     0.875     0.125     0.625
           1     0.875     0.125     0.458
           1     0.875     0.125     0.292
           1     0.708     0.958     0.958
           1     0.125     0.542     0.625
           1     0.708     0.958     0.458
           1     0.708     0.958     0.292
           1     0.708     0.792     0.958
           1     0.708     0.792     0.792
           1     0.708     0.792     0.625
           1     0.708     0.792     0.458
           1     0.708     0.792     0.292
           1     0.708     0.792     0.125
           1     0.708     0.625     0.958
           1     0.708     0.625     0.792
           1     0.708     0.625     0.458
           1     0.708     0.625     0.292
           1     0.875     0.292     0.125
           1     0.708     0.458     0.958
           1     0.708     0.458     0.625
           1     0.708     0.458     0.458
           1     0.708     0.458     0.125
           1     0.708     0.292     0.958
           1     0.708     0.292     0.792
           1     0.708     0.292     0.458
           1     0.042     0.375     0.542
           1     0.708     0.125     0.958
           1     0.708     0.125     0.792
           1     0.708     0.125     0.625
           1     0.708     0.125     0.292
           1     0.708     0.125     0.125
           1     0.542     0.958     0.958
           1     0.875     0.208     0.042
           1     0.542     0.958     0.458
           1     0.542     0.792     0.958
           1     0.542     0.792     0.792
           1     0.542     0.792     0.625
           1     0.542     0.792     0.292
           1     0.542     0.625     0.958
           1     0.875     0.125     0.125
           1     0.042     0.125     0.625
           1     0.542     0.625     0.458
           1     0.542     0.625     0.292
           1     0.542     0.625     0.125
           1     0.542     0.458     0.958
           1     0.542     0.458     0.792
           1     0.542     0.458     0.625
           1     0.792     0.625     0.042
           1     0.542     0.458     0.292
           1     0.542     0.458     0.125
           1     0.542     0.292     0.792
           1     0.792     0.042     0.458
           1     0.958     0.875     0.292
           1     0.542     0.292     0.292
           1     0.542     0.292     0.125
           1     0.542     0.125     0.958
           1     0.042     0.708     0.875
           1     0.542     0.125     0.625
           1     0.542     0.125     0.458
           1     0.542     0.125     0.292
           1     0.542     0.125     0.125
           1     0.375     0.958     0.958
           1     0.375     0.958     0.792
           1     0.375     0.958     0.625
           1     0.375     0.958     0.458
           1     0.375     0.958     0.292
           1     0.375     0.958     0.125
           1     0.375     0.792     0.958
           1     0.375     0.792     0.792
           1     0.375     0.792     0.625
           1     0.375     0.792     0.458
           1     0.375     0.792     0.292
           1     0.375     0.792     0.125
           1     0.375     0.625     0.958
           1     0.375     0.625     0.792
           1     0.375     0.625     0.625
           1     0.375     0.625     0.458
           1     0.375     0.625     0.125
           1     0.375     0.458     0.958
           1     0.375     0.458     0.792
           1     0.208     0.042     0.375
           1     0.375     0.458     0.458
           1     0.375     0.458     0.292
           1     0.375     0.458     0.125
           1     0.375     0.292     0.958
           1     0.375     0.292     0.792
           1     0.375     0.292     0.625
           1     0.375     0.292     0.458
           1     0.375     0.292     0.125
           1     0.375     0.125     0.958
           1     0.375     0.125     0.792
           1     0.375     0.125     0.625
           1     0.375     0.125     0.458
           1     0.375     0.125     0.292
           1     0.375     0.125     0.125
           1     0.208     0.958     0.958
           1     0.208     0.958     0.792
           1     0.208     0.958     0.625
           1     0.208     0.958     0.458
           1     0.208     0.958     0.125
           1     0.208     0.792     0.958
           1     0.208     0.792     0.792
           1     0.208     0.792     0.625
           1     0.208     0.792     0.458
           1     0.208     0.792     0.292
           1     0.208     0.792     0.125
           1     0.208     0.625     0.958
           1     0.208     0.625     0.792
           1     0.208     0.625     0.625
           1     0.208     0.625     0.458
           1     0.208     0.625     0.292
           1     0.208     0.625     0.125
           1     0.208     0.458     0.958
           1     0.208     0.458     0.792
           1     0.208     0.458     0.625
           1     0.208     0.458     0.458
           1     0.208     0.458     0.292
           1     0.208     0.458     0.125
           1     0.208     0.292     0.958
           1     0.208     0.292     0.792
           1     0.208     0.292     0.458
           1     0.208     0.292     0.292
           1     0.208     0.292     0.125
           1     0.208     0.125     0.958
           1     0.208     0.125     0.792
           1     0.208     0.125     0.625
           1     0.208     0.125     0.458
           1     0.208     0.125     0.292
           1     0.208     0.125     0.125
           1     0.042     0.958     0.958
           1     0.042     0.958     0.792
           1     0.042     0.958     0.625
           1     0.042     0.958     0.458
           1     0.042     0.958     0.292
           1     0.042     0.958     0.125
           1     0.042     0.792     0.792
           1     0.042     0.792     0.625
           1     0.042     0.792     0.458
           1     0.042     0.792     0.292
           1     0.042     0.792     0.125
           1     0.042     0.625     0.958
           1     0.042     0.625     0.792
           1     0.042     0.625     0.625
           1     0.042     0.625     0.458
           1     0.042     0.625     0.292
           1     0.042     0.625     0.125
           1     0.042     0.458     0.958
           1     0.042     0.458     0.792
           1     0.042     0.458     0.458
           1     0.042     0.458     0.292
           1     0.042     0.458     0.125
           1     0.042     0.292     0.958
           1     0.042     0.292     0.792
           1     0.042     0.292     0.625
           1     0.042     0.292     0.458
           1     0.042     0.292     0.292
           1     0.042     0.292     0.125
           1     0.042     0.125     0.958
           1     0.042     0.125     0.792
           1     0.042     0.125     0.458
           1     0.042     0.125     0.292
           1     0.042     0.125     0.125
           1     0.875     0.875     0.875
           1     0.875     0.875     0.708
           1     0.875     0.875     0.542
           1     0.875     0.875     0.375
           1     0.875     0.875     0.208
           1     0.875     0.875     0.042
           1     0.875     0.708     0.708
           1     0.875     0.708     0.542
           1     0.875     0.708     0.375
           1     0.875     0.708     0.208
           1     0.875     0.708     0.042
           1     0.875     0.542     0.875
           1     0.875     0.542     0.708
           1     0.875     0.542     0.542
           1     0.875     0.542     0.375
           1     0.875     0.542     0.208
           1     0.875     0.542     0.042
           1     0.875     0.375     0.875
           1     0.875     0.375     0.708
           1     0.875     0.375     0.542
           1     0.875     0.375     0.375
           1     0.875     0.375     0.208
           1     0.875     0.375     0.042
           1     0.875     0.208     0.875
           1     0.875     0.208     0.708
           1     0.875     0.208     0.542
           1     0.875     0.208     0.375
           1     0.875     0.208     0.208
           1     0.875     0.042     0.875
           1     0.875     0.042     0.708
           1     0.875     0.042     0.542
           1     0.875     0.042     0.375
           1     0.875     0.042     0.208
           1     0.875     0.042     0.042
           1     0.708     0.875     0.875
           1     0.708     0.875     0.542
           1     0.708     0.875     0.375
           1     0.125     0.042     0.958
           1     0.708     0.875     0.042
           1     0.042     0.708     0.208
           1     0.708     0.708     0.708
           1     0.708     0.708     0.542
           1     0.708     0.708     0.375
           1     0.708     0.708     0.042
           1     0.708     0.542     0.875
           1     0.708     0.542     0.708
           1     0.708     0.542     0.375
           1     0.708     0.542     0.208
           1     0.708     0.542     0.042
           1     0.708     0.375     0.708
           1     0.708     0.375     0.542
           1     0.708     0.375     0.375
           1     0.208     0.042     0.042
           1     0.708     0.375     0.042
           1     0.708     0.208     0.875
           1     0.708     0.208     0.708
           1     0.708     0.208     0.542
           1     0.708     0.208     0.375
           1     0.708     0.208     0.208
           1     0.708     0.208     0.042
           1     0.708     0.042     0.875
           1     0.708     0.042     0.708
           1     0.708     0.042     0.542
           1     0.708     0.042     0.375
           1     0.708     0.042     0.208
           1     0.708     0.042     0.042
           1     0.542     0.875     0.875
           1     0.542     0.875     0.708
           1     0.542     0.875     0.542
           1     0.542     0.875     0.208
           1     0.542     0.875     0.042
           1     0.542     0.708     0.875
           1     0.542     0.708     0.708
           1     0.542     0.708     0.542
           1     0.542     0.708     0.375
           1     0.958     0.125     0.708
           1     0.542     0.708     0.042
           1     0.542     0.542     0.875
           1     0.542     0.542     0.708
           1     0.542     0.542     0.375
           1     0.542     0.542     0.208
           1     0.542     0.542     0.042
           1     0.542     0.375     0.875
           1     0.875     0.125     0.958
           1     0.542     0.375     0.542
           1     0.542     0.375     0.375
           1     0.542     0.375     0.208
           1     0.542     0.375     0.042
           1     0.542     0.208     0.875
           1     0.542     0.208     0.708
           1     0.125     0.042     0.792
           1     0.542     0.208     0.375
           1     0.542     0.208     0.208
           1     0.542     0.208     0.042
           1     0.542     0.042     0.875
           1     0.542     0.042     0.708
           1     0.958     0.375     0.458
           1     0.542     0.042     0.375
           1     0.542     0.042     0.208
           1     0.958     0.542     0.125
           1     0.375     0.875     0.875
           1     0.375     0.875     0.708
           1     0.375     0.875     0.542
           1     0.375     0.875     0.375
           1     0.375     0.875     0.208
           1     0.375     0.708     0.875
           1     0.375     0.708     0.708
           1     0.375     0.708     0.542
           1     0.375     0.708     0.375
           1     0.375     0.708     0.208
           1     0.375     0.708     0.042
           1     0.375     0.542     0.875
           1     0.375     0.542     0.708
           1     0.375     0.542     0.542
           1     0.375     0.542     0.375
           1     0.375     0.542     0.208
           1     0.375     0.542     0.042
           1     0.375     0.375     0.875
           1     0.375     0.375     0.708
           1     0.375     0.375     0.542
           1     0.375     0.375     0.375
           1     0.375     0.375     0.208
           1     0.958     0.292     0.542
           1     0.375     0.208     0.875
           1     0.375     0.208     0.708
           1     0.958     0.708     0.792
           1     0.375     0.208     0.208
           1     0.375     0.042     0.875
           1     0.375     0.042     0.708
           1     0.375     0.042     0.542
           1     0.375     0.042     0.375
           1     0.042     0.792     0.958
           1     0.375     0.042     0.042
           1     0.208     0.875     0.875
           1     0.208     0.875     0.708
           1     0.208     0.875     0.375
           1     0.208     0.875     0.208
           1     0.208     0.708     0.875
           1     0.208     0.708     0.708
           1     0.208     0.708     0.542
           1     0.208     0.708     0.375
           1     0.208     0.708     0.208
           1     0.208     0.708     0.042
           1     0.208     0.542     0.875
           1     0.208     0.542     0.708
           1     0.208     0.542     0.542
           1     0.208     0.542     0.375
           1     0.208     0.542     0.208
           1     0.208     0.542     0.042
           1     0.208     0.375     0.875
           1     0.208     0.375     0.375
           1     0.208     0.375     0.208
           1     0.208     0.375     0.042
           1     0.208     0.208     0.875
           1     0.208     0.208     0.708
           1     0.208     0.208     0.542
           1     0.208     0.208     0.375
           1     0.208     0.208     0.208
           1     0.208     0.208     0.042
           1     0.208     0.042     0.875
           1     0.208     0.042     0.708
           1     0.208     0.042     0.542
           1     0.042     0.875     0.875
           1     0.042     0.875     0.708
           1     0.042     0.875     0.542
           1     0.042     0.875     0.375
           1     0.042     0.875     0.208
           1     0.042     0.875     0.042
           1     0.042     0.708     0.708
           1     0.042     0.708     0.542
           1     0.042     0.708     0.375
           1     0.042     0.542     0.875
           1     0.042     0.542     0.708
           1     0.042     0.542     0.542
           1     0.042     0.542     0.375
           1     0.042     0.542     0.208
           1     0.042     0.542     0.042
           1     0.042     0.375     0.875
           1     0.042     0.375     0.708
           1     0.042     0.375     0.208
           1     0.042     0.375     0.042
           1     0.042     0.208     0.875
           1     0.042     0.208     0.708
           1     0.042     0.208     0.542
           1     0.042     0.208     0.375
           1     0.042     0.208     0.208
           1     0.042     0.208     0.042
           1     0.042     0.042     0.875
           1     0.042     0.042     0.708
           1     0.042     0.042     0.542
           1     0.042     0.042     0.375
           1     0.042     0.042     0.208
           1     0.042     0.042     0.042
           2     0.458     0.125     0.875
           2     0.458     0.292     0.208
           2     0.375     0.375     0.042
           2     0.542     0.708     0.208
           2     0.292     0.042     0.625
           2     0.542     0.458     0.458
           2     0.292     0.458     0.375
           2     0.625     0.958     0.875
           2     0.625     0.625     0.708
           2     0.625     0.625     0.208
           2     0.625     0.458     0.708
           2     0.625     0.125     0.542
           2     0.458     0.625     0.042
           2     0.292     0.958     0.708
           2     0.292     0.125     0.875
           2     0.292     0.792     0.875
           2     0.458     0.375     0.792
           2     0.625     0.125     0.708
           2     0.542     0.292     0.458
           2     0.375     0.208     0.542
           2     0.542     0.042     0.042
           2     0.542     0.042     0.542
           2     0.292     0.875     0.625
           2     0.542     0.292     0.625
           2     0.625     0.875     0.458
           2     0.625     0.375     0.625
           2     0.625     0.042     0.958
           2     0.625     0.042     0.125
           2     0.458     0.708     0.958
           2     0.458     0.542     0.958
           2     0.458     0.042     0.458
           2     0.292     0.208     0.625
           2     0.292     0.042     0.958
           2     0.625     0.292     0.708
           2     0.708     0.958     0.792
           2     0.292     0.542     0.958
           2     0.708     0.875     0.208
           2     0.542     0.208     0.542
           2     0.458     0.542     0.625
           2     0.708     0.625     0.125
           2     0.542     0.375     0.708
           2     0.542     0.625     0.792
           2     0.708     0.958     0.625
           2     0.708     0.958     0.125
           2     0.708     0.625     0.625
           2     0.708     0.458     0.792
           2     0.708     0.458     0.292
           2     0.708     0.292     0.625
           2     0.708     0.292     0.292
           2     0.708     0.125     0.458
           2     0.542     0.958     0.792
           2     0.542     0.958     0.292
           2     0.542     0.958     0.125
           2     0.542     0.792     0.458
           2     0.542     0.792     0.125
           2     0.542     0.292     0.958
           2     0.375     0.625     0.292
           2     0.375     0.292     0.292
           2     0.458     0.042     0.958
           2     0.458     0.208     0.792
           2     0.375     0.042     0.208
           2     0.625     0.458     0.042
           2     0.542     0.625     0.625
           2     0.292     0.458     0.875
           2     0.542     0.958     0.625
           2     0.708     0.875     0.708
           2     0.708     0.708     0.208
           2     0.708     0.542     0.542
           2     0.708     0.375     0.875
           2     0.542     0.875     0.375
           2     0.542     0.542     0.542
           2     0.375     0.875     0.042
           2     0.375     0.208     0.375
           2     0.375     0.208     0.042
           2     0.458     0.292     0.042
           2     0.292     0.208     0.292
           2     0.292     0.708     0.125
           2     0.458     0.458     0.042
           2     0.375     0.458     0.625
           2     0.625     0.042     0.292
           2     0.708     0.375     0.208
           2     0.542     0.125     0.792
           2     0.708     0.708     0.875
           2     0.292     0.125     0.208
           2     0.708     0.292     0.125
           2     0.458     0.375     0.958
              Reading ensemble   1 successful
------------------------------------------------------------------------
File <NPT_MD_osmop1.par> closed (unit 1002)
                 Reading Simulation Input successful
************************************************************************



************************************************************************
                           Start Simulation
************************************************************************
Opening file <NPT_MD_osmop1_1.run> for writing (unit 1015)
Opening file <NPT_MD_osmop1_1.rav> for writing (unit 1016)
Opening file <NPT_MD_osmop1_1.dcp> for writing (unit 1023)
File <NPT_MD_osmop1_1.dcp> closed (unit 1023)

========================================================================
TSimulation_Run timer start: 10.06.2026, 16:38:03.844 (UTC+120)
------------------------------------------------------------------------


========================================================================
MC overlap reduction timer start: 10.06.2026, 16:38:03.844 (UTC+120)
------------------------------------------------------------------------
       10 steps completed on 10.06.2026 at 16:38:03
------------------------------------------------------------------------
Duration:
 MC overlap reduction wtime        diff: 0.974060000E-01- 0.974110000E-01
                             <=    0h  0min  0.09741sec (+- 0.10E-05sec)
MC overlap reduction timer stop: 10.06.2026, 16:38:03.942 (UTC+120)
========================================================================

MC overlap reduction completed on 10.06.2026 at 16:38:03


========================================================================
NVT equilibration timer start: 10.06.2026, 16:38:03.942 (UTC+120)
------------------------------------------------------------------------
     1000 steps completed on 10.06.2026 at 16:38:05
     2000 steps completed on 10.06.2026 at 16:38:06
     3000 steps completed on 10.06.2026 at 16:38:07
     4000 steps completed on 10.06.2026 at 16:38:08
     5000 steps completed on 10.06.2026 at 16:38:09
     6000 steps completed on 10.06.2026 at 16:38:10
     7000 steps completed on 10.06.2026 at 16:38:12
     8000 steps completed on 10.06.2026 at 16:38:13
     9000 steps completed on 10.06.2026 at 16:38:14
    10000 steps completed on 10.06.2026 at 16:38:15
------------------------------------------------------------------------
Duration:
 NVT equilibration wtime        diff:  11.4511950    -  11.4511980
                             <=    0h  0min 11.45120sec (+- 0.10E-05sec)
NVT equilibration timer stop: 10.06.2026, 16:38:15.393 (UTC+120)
========================================================================

NVT equilibration completed on 10.06.2026 at 16:38:15


========================================================================
NPT equilibration timer start: 10.06.2026, 16:38:15.393 (UTC+120)
------------------------------------------------------------------------
     1000 steps completed on 10.06.2026 at 16:38:16
     2000 steps completed on 10.06.2026 at 16:38:17
     3000 steps completed on 10.06.2026 at 16:38:18
     4000 steps completed on 10.06.2026 at 16:38:19
     5000 steps completed on 10.06.2026 at 16:38:20
     6000 steps completed on 10.06.2026 at 16:38:22
     7000 steps completed on 10.06.2026 at 16:38:23
     8000 steps completed on 10.06.2026 at 16:38:24
     9000 steps completed on 10.06.2026 at 16:38:25
    10000 steps completed on 10.06.2026 at 16:38:26
    11000 steps completed on 10.06.2026 at 16:38:27
    12000 steps completed on 10.06.2026 at 16:38:28
    13000 steps completed on 10.06.2026 at 16:38:29
    14000 steps completed on 10.06.2026 at 16:38:31
    15000 steps completed on 10.06.2026 at 16:38:32
    16000 steps completed on 10.06.2026 at 16:38:33
    17000 steps completed on 10.06.2026 at 16:38:34
    18000 steps completed on 10.06.2026 at 16:38:35
    19000 steps completed on 10.06.2026 at 16:38:36
    20000 steps completed on 10.06.2026 at 16:38:37
------------------------------------------------------------------------
Duration:
 NPT equilibration wtime        diff:  22.4113280    -  22.4113420
                             <=    0h  0min 22.41134sec (+- 0.10E-05sec)
NPT equilibration timer stop: 10.06.2026, 16:38:37.804 (UTC+120)
========================================================================

NPT equilibration completed on 10.06.2026 at 16:38:37


========================================================================
simulation timer start: 10.06.2026, 16:38:37.804 (UTC+120)
------------------------------------------------------------------------
     1000 steps completed on 10.06.2026 at 16:38:41
     2000 steps completed on 10.06.2026 at 16:38:45
     3000 steps completed on 10.06.2026 at 16:38:49
     4000 steps completed on 10.06.2026 at 16:38:52
     5000 steps completed on 10.06.2026 at 16:38:56
Saving simulation results
Opening file <NPT_MD_osmop1_1.res> for writing (unit 1017)
File <NPT_MD_osmop1_1.res> closed (unit 1017)
Opening file <NPT_MD_osmop1_1.dcp> for writing (unit 1023)
File <NPT_MD_osmop1_1.dcp> closed (unit 1023)
     6000 steps completed on 10.06.2026 at 16:39:00
     7000 steps completed on 10.06.2026 at 16:39:04
     8000 steps completed on 10.06.2026 at 16:39:08
     9000 steps completed on 10.06.2026 at 16:39:12
    10000 steps completed on 10.06.2026 at 16:39:15
Saving simulation results
Opening file <NPT_MD_osmop1_1.res> for writing (unit 1017)
File <NPT_MD_osmop1_1.res> closed (unit 1017)
Opening file <NPT_MD_osmop1_1.dcp> for writing (unit 1023)
File <NPT_MD_osmop1_1.dcp> closed (unit 1023)
    11000 steps completed on 10.06.2026 at 16:39:19
    12000 steps completed on 10.06.2026 at 16:39:23
    13000 steps completed on 10.06.2026 at 16:39:27
    14000 steps completed on 10.06.2026 at 16:39:31
    15000 steps completed on 10.06.2026 at 16:39:35
Saving simulation results
Opening file <NPT_MD_osmop1_1.res> for writing (unit 1017)
File <NPT_MD_osmop1_1.res> closed (unit 1017)
Opening file <NPT_MD_osmop1_1.dcp> for writing (unit 1023)
File <NPT_MD_osmop1_1.dcp> closed (unit 1023)
    16000 steps completed on 10.06.2026 at 16:39:39
    17000 steps completed on 10.06.2026 at 16:39:42
    18000 steps completed on 10.06.2026 at 16:39:46
    19000 steps completed on 10.06.2026 at 16:39:50
    20000 steps completed on 10.06.2026 at 16:39:54
Saving simulation results
Opening file <NPT_MD_osmop1_1.res> for writing (unit 1017)
File <NPT_MD_osmop1_1.res> closed (unit 1017)
Opening file <NPT_MD_osmop1_1.dcp> for writing (unit 1023)
File <NPT_MD_osmop1_1.dcp> closed (unit 1023)
    21000 steps completed on 10.06.2026 at 16:39:57
    22000 steps completed on 10.06.2026 at 16:40:01
    23000 steps completed on 10.06.2026 at 16:40:05
    24000 steps completed on 10.06.2026 at 16:40:09
    25000 steps completed on 10.06.2026 at 16:40:12
Saving simulation results
Opening file <NPT_MD_osmop1_1.res> for writing (unit 1017)
File <NPT_MD_osmop1_1.res> closed (unit 1017)
Opening file <NPT_MD_osmop1_1.dcp> for writing (unit 1023)
File <NPT_MD_osmop1_1.dcp> closed (unit 1023)
    26000 steps completed on 10.06.2026 at 16:40:16
    27000 steps completed on 10.06.2026 at 16:40:20
    28000 steps completed on 10.06.2026 at 16:40:24
    29000 steps completed on 10.06.2026 at 16:40:27
    30000 steps completed on 10.06.2026 at 16:40:31
Saving simulation results
Opening file <NPT_MD_osmop1_1.res> for writing (unit 1017)
File <NPT_MD_osmop1_1.res> closed (unit 1017)
Opening file <NPT_MD_osmop1_1.dcp> for writing (unit 1023)
File <NPT_MD_osmop1_1.dcp> closed (unit 1023)
    31000 steps completed on 10.06.2026 at 16:40:35
    32000 steps completed on 10.06.2026 at 16:40:39
    33000 steps completed on 10.06.2026 at 16:40:42
    34000 steps completed on 10.06.2026 at 16:40:46
    35000 steps completed on 10.06.2026 at 16:40:50
Saving simulation results
Opening file <NPT_MD_osmop1_1.res> for writing (unit 1017)
File <NPT_MD_osmop1_1.res> closed (unit 1017)
Opening file <NPT_MD_osmop1_1.dcp> for writing (unit 1023)
File <NPT_MD_osmop1_1.dcp> closed (unit 1023)
    36000 steps completed on 10.06.2026 at 16:40:54
    37000 steps completed on 10.06.2026 at 16:40:57
    38000 steps completed on 10.06.2026 at 16:41:01
    39000 steps completed on 10.06.2026 at 16:41:05
    40000 steps completed on 10.06.2026 at 16:41:09
Saving simulation results
Opening file <NPT_MD_osmop1_1.res> for writing (unit 1017)
File <NPT_MD_osmop1_1.res> closed (unit 1017)
Opening file <NPT_MD_osmop1_1.dcp> for writing (unit 1023)
File <NPT_MD_osmop1_1.dcp> closed (unit 1023)
    41000 steps completed on 10.06.2026 at 16:41:12
    42000 steps completed on 10.06.2026 at 16:41:16
    43000 steps completed on 10.06.2026 at 16:41:20
    44000 steps completed on 10.06.2026 at 16:41:24
    45000 steps completed on 10.06.2026 at 16:41:28
Saving simulation results
Opening file <NPT_MD_osmop1_1.res> for writing (unit 1017)
File <NPT_MD_osmop1_1.res> closed (unit 1017)
Opening file <NPT_MD_osmop1_1.dcp> for writing (unit 1023)
File <NPT_MD_osmop1_1.dcp> closed (unit 1023)
    46000 steps completed on 10.06.2026 at 16:41:31
    47000 steps completed on 10.06.2026 at 16:41:35
    48000 steps completed on 10.06.2026 at 16:41:39
    49000 steps completed on 10.06.2026 at 16:41:43
    50000 steps completed on 10.06.2026 at 16:41:47
Saving simulation results
Opening file <NPT_MD_osmop1_1.res> for writing (unit 1017)
File <NPT_MD_osmop1_1.res> closed (unit 1017)
Opening file <NPT_MD_osmop1_1.dcp> for writing (unit 1023)
File <NPT_MD_osmop1_1.dcp> closed (unit 1023)
    51000 steps completed on 10.06.2026 at 16:41:50
    52000 steps completed on 10.06.2026 at 16:41:54
    53000 steps completed on 10.06.2026 at 16:41:58
    54000 steps completed on 10.06.2026 at 16:42:02
    55000 steps completed on 10.06.2026 at 16:42:05
Saving simulation results
Opening file <NPT_MD_osmop1_1.res> for writing (unit 1017)
File <NPT_MD_osmop1_1.res> closed (unit 1017)
Opening file <NPT_MD_osmop1_1.dcp> for writing (unit 1023)
File <NPT_MD_osmop1_1.dcp> closed (unit 1023)
    56000 steps completed on 10.06.2026 at 16:42:09
    57000 steps completed on 10.06.2026 at 16:42:13
    58000 steps completed on 10.06.2026 at 16:42:17
    59000 steps completed on 10.06.2026 at 16:42:21
    60000 steps completed on 10.06.2026 at 16:42:24
Saving simulation results
Opening file <NPT_MD_osmop1_1.res> for writing (unit 1017)
File <NPT_MD_osmop1_1.res> closed (unit 1017)
Opening file <NPT_MD_osmop1_1.dcp> for writing (unit 1023)
File <NPT_MD_osmop1_1.dcp> closed (unit 1023)
    61000 steps completed on 10.06.2026 at 16:42:28
    62000 steps completed on 10.06.2026 at 16:42:32
    63000 steps completed on 10.06.2026 at 16:42:36
    64000 steps completed on 10.06.2026 at 16:42:39
    65000 steps completed on 10.06.2026 at 16:42:43
Saving simulation results
Opening file <NPT_MD_osmop1_1.res> for writing (unit 1017)
File <NPT_MD_osmop1_1.res> closed (unit 1017)
Opening file <NPT_MD_osmop1_1.dcp> for writing (unit 1023)
File <NPT_MD_osmop1_1.dcp> closed (unit 1023)
    66000 steps completed on 10.06.2026 at 16:42:47
    67000 steps completed on 10.06.2026 at 16:42:51
    68000 steps completed on 10.06.2026 at 16:42:54
    69000 steps completed on 10.06.2026 at 16:42:58
    70000 steps completed on 10.06.2026 at 16:43:02
Saving simulation results
Opening file <NPT_MD_osmop1_1.res> for writing (unit 1017)
File <NPT_MD_osmop1_1.res> closed (unit 1017)
Opening file <NPT_MD_osmop1_1.dcp> for writing (unit 1023)
File <NPT_MD_osmop1_1.dcp> closed (unit 1023)
    71000 steps completed on 10.06.2026 at 16:43:06
    72000 steps completed on 10.06.2026 at 16:43:09
    73000 steps completed on 10.06.2026 at 16:43:13
    74000 steps completed on 10.06.2026 at 16:43:17
    75000 steps completed on 10.06.2026 at 16:43:21
Saving simulation results
Opening file <NPT_MD_osmop1_1.res> for writing (unit 1017)
File <NPT_MD_osmop1_1.res> closed (unit 1017)
Opening file <NPT_MD_osmop1_1.dcp> for writing (unit 1023)
File <NPT_MD_osmop1_1.dcp> closed (unit 1023)
    76000 steps completed on 10.06.2026 at 16:43:24
    77000 steps completed on 10.06.2026 at 16:43:28
    78000 steps completed on 10.06.2026 at 16:43:32
    79000 steps completed on 10.06.2026 at 16:43:36
    80000 steps completed on 10.06.2026 at 16:43:40
Saving simulation results
Opening file <NPT_MD_osmop1_1.res> for writing (unit 1017)
File <NPT_MD_osmop1_1.res> closed (unit 1017)
Opening file <NPT_MD_osmop1_1.dcp> for writing (unit 1023)
File <NPT_MD_osmop1_1.dcp> closed (unit 1023)
    81000 steps completed on 10.06.2026 at 16:43:43
    82000 steps completed on 10.06.2026 at 16:43:47
    83000 steps completed on 10.06.2026 at 16:43:51
    84000 steps completed on 10.06.2026 at 16:43:55
    85000 steps completed on 10.06.2026 at 16:43:58
Saving simulation results
Opening file <NPT_MD_osmop1_1.res> for writing (unit 1017)
File <NPT_MD_osmop1_1.res> closed (unit 1017)
Opening file <NPT_MD_osmop1_1.dcp> for writing (unit 1023)
File <NPT_MD_osmop1_1.dcp> closed (unit 1023)
    86000 steps completed on 10.06.2026 at 16:44:02
    87000 steps completed on 10.06.2026 at 16:44:06
    88000 steps completed on 10.06.2026 at 16:44:10
    89000 steps completed on 10.06.2026 at 16:44:13
    90000 steps completed on 10.06.2026 at 16:44:17
Saving simulation results
Opening file <NPT_MD_osmop1_1.res> for writing (unit 1017)
File <NPT_MD_osmop1_1.res> closed (unit 1017)
Opening file <NPT_MD_osmop1_1.dcp> for writing (unit 1023)
File <NPT_MD_osmop1_1.dcp> closed (unit 1023)
    91000 steps completed on 10.06.2026 at 16:44:21
    92000 steps completed on 10.06.2026 at 16:44:25
    93000 steps completed on 10.06.2026 at 16:44:29
    94000 steps completed on 10.06.2026 at 16:44:32
    95000 steps completed on 10.06.2026 at 16:44:36
Saving simulation results
Opening file <NPT_MD_osmop1_1.res> for writing (unit 1017)
File <NPT_MD_osmop1_1.res> closed (unit 1017)
Opening file <NPT_MD_osmop1_1.dcp> for writing (unit 1023)
File <NPT_MD_osmop1_1.dcp> closed (unit 1023)
    96000 steps completed on 10.06.2026 at 16:44:40
    97000 steps completed on 10.06.2026 at 16:44:44
    98000 steps completed on 10.06.2026 at 16:44:47
    99000 steps completed on 10.06.2026 at 16:44:51
   100000 steps completed on 10.06.2026 at 16:44:55
Saving simulation results
Opening file <NPT_MD_osmop1_1.res> for writing (unit 1017)
File <NPT_MD_osmop1_1.res> closed (unit 1017)
Opening file <NPT_MD_osmop1_1.dcp> for writing (unit 1023)
File <NPT_MD_osmop1_1.dcp> closed (unit 1023)
------------------------------------------------------------------------
Duration:
 simulation wtime        diff:  377.694460    -  377.694489
                             <=    0h  6min 17.69449sec (+- 0.10E-05sec)
simulation timer stop: 10.06.2026, 16:44:55.499 (UTC+120)
========================================================================


Saving simulation restart file
Saving restart file NPT_MD_osmop1.rst on 10.06.2026 at 16:44:55
Opening file <NPT_MD_osmop1.rst> for writing (unit 1005)
saving restart data at step    100000 /    130010
still to be done: (NVT)Equilibration  F F
writing ensemble      1 on 10.06.2026 at 16:44:55
File <NPT_MD_osmop1.rst> closed (unit 1005)
Finished saving restart file NPT_MD_osmop1.rst on 10.06.2026 at 16:44:55
------------------------------------------------------------------------
Duration:
 TSimulation_Run system_clock diff:  411.666992    sec
                 =    0h  6min 51.66699sec (+i*  596h 31min 23.75000sec)
 TSimulation_Run wtime   root diff:  411.666315
                              =    0h  6min 51.66632sec (+- 0.10E-05sec)
TSimulation_Run timer stop: 10.06.2026, 16:44:55.511 (UTC+120)
========================================================================


File <NPT_MD_osmop1_1.rav> closed (unit 1016)
File <NPT_MD_osmop1_1.run> closed (unit 1015)
File <fort.1023> closed (unit 1023)

************************************************************************
Program terminated on 10.06.2026 at 16:44:55
************************************************************************
