ms2 logfile GE_MC_gas.log created by PE0 on 10.06.2026 at 11:13:38

**************************************************************************
*                         Molecular Simulation 2                         *
**************************************************************************

============================================================================
*                         Publishing with ms2                              *
* Every user agrees to cite ms2 upon usage as follows                      *
* ------------------------------------------------------------------------ *
* I. Nitzke, G. Guevara-Carrion, D. Saric, S. Homes, S. Stephan,           *
* R. Fingerhut, M. Bernreuther, H. Hasse, J. Vrabec                        *
* Computer Physics Communications (2025)                                   *
============================================================================

**************************************************************************
* (c) by TU Kaiserslautern / TU Berlin                                   *
*     P.O. Box 67653                                                     *
*     67653 Kaiserslautern                                               *
**************************************************************************

**************************************************************************
* Updates and auxiliary routines are available from                      *
* http://www.ms-2.de                                                     *
**************************************************************************

Program ms2_GNU_mpi version 5.019
Hardware architecture: pc/gfortran
Compiler version     : GNU gfortran140200
Compiler flags       : MPI=1 MPI_USE_MODULE=1
Compile time         : Jun  9 2026,15:19:02
Real Kind            : 8

Hostname             : Francis-1897.local
started by user Isabel on 10.06.2026 at 11:13:38

------------------------------------------------------------------------
Parallelization:
MPI version        : 3.1
Number of processes:   4
Root process rank  :   0
rank:  I/O: processor name:
    0   +   Francis-1897.local
    1   +   Francis-1897.local
    2   +   Francis-1897.local
    3   +   Francis-1897.local


------------------------------------------------------------------------
Signal handler set successfully
Random number generator initialized
------------------------------------------------------------------------

************************************************************************
                       Reading Simulation Input
************************************************************************
Opening file <GE_MC_gas.par> for reading (unit 1002)

------------------------------------------------------------------------
                   Reading parameters of simulation
Name tag for output (default):             GE_MC_gas

setting WallTime to default value   20160
Specified walltime:   20160 m
setting TimeLimit to default value      60
Specified time limit:    60 m

System of units:         SI
Unit of length:          3.500 A
Unit of energy:        100.000 K
Unit of mass:           40.000 a.u.

Simulation type:         Monte-Carlo
Acceptance rate:        50.00%

Ensemble type:           GrandEquilibrium

setting mpiMCCommonGroups to default value       0

Number of NVT equilibration steps:        5000
Number of GE equilibration steps:         5000
Number of production steps:             100000

Result files will be updated each         1000 time steps
Final result files will be updated each   5000 time steps
Visualization files will not be created

setting RDFFreq to default value       0
RDF files will not be created

setting ODFRecordingFreq to default value       0
ODF files will not be created

setting KBIFreq to default value       0
KBI files will not be created

setting ALPHA2Freq to default value       0

Cutoff mode:             Center of Mass

setting LongRange to default value rf
Long Range Correction: Reaction Field
Number of ensembles:     1
setting mpiEnsembleGroups to default value       0
setting ClusterIsCriteria to default value no
Cluster Criteria evaluation:    .false.
setting TransMethod to default value None

------------------------------------------------------------------------
             Reading parameters of ensemble  1
Temperature:               400.000 K
Pressure0:                   0.700000 MPa
Liquid density:             11.210109 (     0.009902) mol/l
Liquid enthalpy:        -26172.797268 (    17.592795) J/mol
Liquid betaT:                0.003689 (     0.000295) 1/MPa
Liquid dHdP:                 0.018458 (     0.005443) l/mol
Density:                     0.255 mol/l
Reduced temperature:         4.000000
Reduced pressure0:           0.021738
Reduced liquid density:      0.289444 (     0.000256)
Reduced liquid enthalpy:   -31.478454 (     0.021159)
Reduced liquid betaT:        0.118783 (     0.009511)
Reduced liquid dHdP:         0.714868 (       0.2108)
Reduced density:             0.006584
setting CommonEqui to default value no
Common equilibration:        no
Number of components:        1
------------------------------------------------------------------------
            Reading component  1 for ensemble
Mole fraction of component acetone.pm:  1.000000
Reduced ChemPot0 of component acetone.pm: -5.323321 ( 0.025483)
Reduced PartMolVol of component acetone.pm:  0.072123 ( 0.015862)
Opening file <acetone.pm> for reading (unit 1003)
File <acetone.pm> closed (unit 1003)
Opening file <GE_MC_gas.acetone.nrm> for writing (unit 1004)
File <GE_MC_gas.acetone.nrm> closed (unit 1004)
Normalized potential model for acetone.pm saved to file <GE_MC_gas.acetone.nrm>
       Reading component  1 for ensemble successful
------------------------------------------------------------------------
The mole fraction(s) may be slightly changed due to the number of particle(s).
Number of particles:                       500
Mole fraction of acetone.pm:                 1.000
         ->  number of particles:          500
Memory for acetone.pm allocated successfully

Reduced center of mass cutoff radius:        4.000

Characteristic dielectric constant:          0.10000E+11

Cutoff correction to
- potential energy from LJ                  -1.66569359
- pressure from LJ                          -3.39952390
- chem. pot. of acetone.pm from LJ          -3.33138718
- potential energy from reaction field (RF) -0.15661662
- pressure from reaction field:             -0.46984987
- chem. pot. of acetone.pm from RF          -0.31323324

Initialize positions:
         FCC lattice:   4 *   5x   5x   5 cells
         with  4 molecules/cell
              Reading ensemble   1 successful
------------------------------------------------------------------------
File <GE_MC_gas.par> closed (unit 1002)
                 Reading Simulation Input successful
************************************************************************



************************************************************************
                           Start Simulation
************************************************************************
opening file <GE_MC_gas_1.run> for writing
opening file <GE_MC_gas_1.rav> for writing

========================================================================
TSimulation_Run timer start: 10.06.2026, 11:13:38.450 (UTC+120)
------------------------------------------------------------------------
Random number generator initialized
------------------------------------------------------------------------



========================================================================
NVT equilibration timer start: 10.06.2026, 11:13:38.450 (UTC+120)
------------------------------------------------------------------------
     1000 steps completed on 10.06.2026 at 11:13:43
     2000 steps completed on 10.06.2026 at 11:13:48
     3000 steps completed on 10.06.2026 at 11:13:53
     4000 steps completed on 10.06.2026 at 11:13:57
     5000 steps completed on 10.06.2026 at 11:14:02
------------------------------------------------------------------------
Duration:
 NVT equilibration wtime        diff:  24.2598090    -  24.2598370
                             <=    0h  0min 24.25984sec (+- 0.10E-05sec)
NVT equilibration timer stop: 10.06.2026, 11:14:02.710 (UTC+120)
========================================================================

NVT equilibration completed on 10.06.2026 at 11:14:02


========================================================================
GE equilibration timer start: 10.06.2026, 11:14:02.710 (UTC+120)
------------------------------------------------------------------------
     1000 steps completed on 10.06.2026 at 11:14:08
     2000 steps completed on 10.06.2026 at 11:14:14
     3000 steps completed on 10.06.2026 at 11:14:21
     4000 steps completed on 10.06.2026 at 11:14:27
     5000 steps completed on 10.06.2026 at 11:14:34
------------------------------------------------------------------------
Duration:
 GE equilibration wtime        diff:  31.4904380    -  31.4904690
                             <=    0h  0min 31.49047sec (+- 0.10E-05sec)
GE equilibration timer stop: 10.06.2026, 11:14:34.201 (UTC+120)
========================================================================

GE equilibration completed on 10.06.2026 at 11:14:34


========================================================================
simulation timer start: 10.06.2026, 11:14:34.201 (UTC+120)
------------------------------------------------------------------------
     1000 steps completed on 10.06.2026 at 11:14:40
     2000 steps completed on 10.06.2026 at 11:14:46
     3000 steps completed on 10.06.2026 at 11:14:53
     4000 steps completed on 10.06.2026 at 11:15:00
     5000 steps completed on 10.06.2026 at 11:15:07
Saving simulation results
Opening file <GE_MC_gas_1.res> for writing (unit 1017)
File <GE_MC_gas_1.res> closed (unit 1017)
     6000 steps completed on 10.06.2026 at 11:15:14
     7000 steps completed on 10.06.2026 at 11:15:21
     8000 steps completed on 10.06.2026 at 11:15:27
     9000 steps completed on 10.06.2026 at 11:15:33
    10000 steps completed on 10.06.2026 at 11:15:39
Saving simulation results
Opening file <GE_MC_gas_1.res> for writing (unit 1017)
File <GE_MC_gas_1.res> closed (unit 1017)
    11000 steps completed on 10.06.2026 at 11:15:46
    12000 steps completed on 10.06.2026 at 11:15:52
    13000 steps completed on 10.06.2026 at 11:15:58
    14000 steps completed on 10.06.2026 at 11:16:05
    15000 steps completed on 10.06.2026 at 11:16:11
Saving simulation results
Opening file <GE_MC_gas_1.res> for writing (unit 1017)
File <GE_MC_gas_1.res> closed (unit 1017)
    16000 steps completed on 10.06.2026 at 11:16:17
    17000 steps completed on 10.06.2026 at 11:16:24
    18000 steps completed on 10.06.2026 at 11:16:31
    19000 steps completed on 10.06.2026 at 11:16:38
    20000 steps completed on 10.06.2026 at 11:16:44
Saving simulation results
Opening file <GE_MC_gas_1.res> for writing (unit 1017)
File <GE_MC_gas_1.res> closed (unit 1017)
    21000 steps completed on 10.06.2026 at 11:16:51
    22000 steps completed on 10.06.2026 at 11:16:57
    23000 steps completed on 10.06.2026 at 11:17:04
    24000 steps completed on 10.06.2026 at 11:17:10
    25000 steps completed on 10.06.2026 at 11:17:17
Saving simulation results
Opening file <GE_MC_gas_1.res> for writing (unit 1017)
File <GE_MC_gas_1.res> closed (unit 1017)
------------------------------------------------------------------------
Duration:
 simulation wtime        diff:  163.037729    -  163.037734
                             <=    0h  2min 43.03773sec (+- 0.10E-05sec)
simulation timer stop: 10.06.2026, 11:17:17.238 (UTC+120)
========================================================================


Saving simulation restart file
Saving restart file GE_MC_gas.rst on 10.06.2026 at 11:17:17
Opening file <GE_MC_gas.rst> for writing (unit 1005)
saving restart data at step     25000 /     35000
still to be done: (NVT)Equilibration  F F
writing ensemble      1 on 10.06.2026 at 11:17:17
File <GE_MC_gas.rst> closed (unit 1005)
Finished saving restart file GE_MC_gas.rst on 10.06.2026 at 11:17:17
------------------------------------------------------------------------
Duration:
 TSimulation_Run system_clock diff:  218.791000    sec
                 =    0h  3min 38.79100sec (+i*  596h 31min 23.75000sec)
 TSimulation_Run wtime   root diff:  218.790579
                              =    0h  3min 38.79058sec (+- 0.10E-05sec)
TSimulation_Run timer stop: 10.06.2026, 11:17:17.241 (UTC+120)
========================================================================


File <*.run or *.rav> closed
File <*.run or *.rav> closed

************************************************************************
Program terminated on 10.06.2026 at 11:17:17
************************************************************************
