ms2 logfile NPT_MD_1CLJTS.log created by PE0 on 11.06.2026 at 15:44:47

**************************************************************************
*                         Molecular Simulation 2                         *
**************************************************************************

============================================================================
*                         Publishing with ms2                              *
* Every user agrees to cite ms2 upon usage as follows                      *
* ------------------------------------------------------------------------ *
* I. Nitzke, G. Guevara-Carrion, D. Saric, S. Homes, S. Stephan,           *
* R. Fingerhut, M. Bernreuther, H. Hasse, J. Vrabec                        *
* Computer Physics Communications (2025)                                   *
============================================================================

**************************************************************************
* (c) by TU Kaiserslautern / TU Berlin                                   *
*     P.O. Box 67653                                                     *
*     67653 Kaiserslautern                                               *
**************************************************************************

**************************************************************************
* Updates and auxiliary routines are available from                      *
* http://www.ms-2.de                                                     *
**************************************************************************

Program ms2_GNU_mpi_shifted version 5.019
Hardware architecture: pc/gfortran
Compiler version     : GNU gfortran140200
Compiler flags       : MPI=1 SHIFTED=1 MPI_USE_MODULE=1
Compile time         : Jun 11 2026,15:37:33
Real Kind            : 8

Hostname             : Francis-1897.local
started by user Isabel on 11.06.2026 at 15:44:47

------------------------------------------------------------------------
Parallelization:
MPI version        : 3.1
Number of processes:   4
Root process rank  :   0
rank:  I/O: processor name:
    0   +   Francis-1897.local
    1   +   Francis-1897.local
    2   +   Francis-1897.local
    3   +   Francis-1897.local


------------------------------------------------------------------------
Signal handler set successfully
Random number generator initialized
------------------------------------------------------------------------

************************************************************************
                       Reading Simulation Input
************************************************************************
Opening file <NPT_MD_1CLJTS.par> for reading (unit 1002)

------------------------------------------------------------------------
                   Reading parameters of simulation
Name tag for output (default):             NPT_MD_1CLJTS

setting WallTime to default value   20160
Specified walltime:   20160 m
setting TimeLimit to default value      60
Specified time limit:    60 m

System of units:         reduced
Unit of length:          1.000 A
Unit of energy:          1.000 K
Unit of mass:            1.000 a.u.

Simulation type:         Molecular Dynamics
Integrator type:         Gear predictor-corrector
Time step:                0.548342 fs
Reduced time step:        0.000500

Ensemble type:           NPT

setting MCORSteps to default value       0
No MC overlap reduction
Number of NVT equilibration steps:       10000
Number of NPT equilibration steps:       20000
Number of production steps:             100000

Result files will be updated each         1000 time steps
Final result files will be updated each   5000 time steps
Visualization files will not be created

setting RDFFreq to default value       0
RDF files will not be created

setting ODFRecordingFreq to default value       0
ODF files will not be created

setting KBIFreq to default value       0
KBI files will not be created

setting ALPHA2Freq to default value       0

Cutoff mode:             Center of Mass

setting LongRange to default value rf
Long Range Correction: Reaction Field
Number of ensembles:     1
setting mpiEnsembleGroups to default value       0
setting ClusterIsCriteria to default value no
Cluster Criteria evaluation:    .false.
setting TransMethod to default value None

------------------------------------------------------------------------
             Reading parameters of ensemble  1
Temperature:                 4.000 K
Pressure:                   48.627 MPa
Density:                   830.270 mol/l
Reduced temperature:         4.000000
Reduced pressure:            3.522000
Reduced density:             0.500000
Mass of piston (reduced):    0.000500000
Mass of piston:              8.30270E+09 kg/m^4
setting ResidTime to default value no
Calculation of residence time: no
setting CommonEqui to default value no
MD simulation: Logical CommonEqui no is invalid, set to yes
Number of components:        1
------------------------------------------------------------------------
            Reading component  1 for ensemble
Mole fraction of component 1CLJ.pm:  1.000000
Chemical potential of 1CLJ.pm will be calculated by:
         -> Widom's test particle method
Opening file <1CLJ.pm> for reading (unit 1003)
File <1CLJ.pm> closed (unit 1003)
Opening file <NPT_MD_1CLJTS.1CLJ.nrm> for writing (unit 1004)
File <NPT_MD_1CLJTS.1CLJ.nrm> closed (unit 1004)
Normalized potential model for 1CLJ.pm saved to file <NPT_MD_1CLJTS.1CLJ.nrm>
       Reading component  1 for ensemble successful
------------------------------------------------------------------------
The mole fraction(s) may be slightly changed due to the number of particle(s).
Number of particles:                      1372
Mole fraction of 1CLJ.pm:                    1.000
         ->  number of particles:         1372
Number of test particles:                 2000

Memory for test particles allocated successfully
Memory for 1CLJ.pm allocated successfully

Reduced center of mass cutoff radius:        2.500

Cutoff correction to
- potential energy from LJTS                 0.00000000
- pressure from LJTS                         0.00000000
- chem. pot. of 1CLJ.pm from LJTS            0.00000000
- potential energy from reaction field (RF)  0.00000000
- pressure from reaction field:              0.00000000
- chem. pot. of 1CLJ.pm from RF              0.00000000

Initialize positions:
         FCC lattice:   4 *   7x   7x   7 cells
         with  4 molecules/cell
              Reading ensemble   1 successful
------------------------------------------------------------------------
File <NPT_MD_1CLJTS.par> closed (unit 1002)
                 Reading Simulation Input successful
************************************************************************



************************************************************************
                           Start Simulation
************************************************************************
Opening file <NPT_MD_1CLJTS_1.run> for writing (unit 1015)
Opening file <NPT_MD_1CLJTS_1.rav> for writing (unit 1016)

========================================================================
TSimulation_Run timer start: 11.06.2026, 15:44:47.812 (UTC+120)
------------------------------------------------------------------------


========================================================================
NVT equilibration timer start: 11.06.2026, 15:44:47.812 (UTC+120)
------------------------------------------------------------------------
     1000 steps completed on 11.06.2026 at 15:44:48
     2000 steps completed on 11.06.2026 at 15:44:49
     3000 steps completed on 11.06.2026 at 15:44:49
     4000 steps completed on 11.06.2026 at 15:44:50
     5000 steps completed on 11.06.2026 at 15:44:50
     6000 steps completed on 11.06.2026 at 15:44:51
     7000 steps completed on 11.06.2026 at 15:44:52
     8000 steps completed on 11.06.2026 at 15:44:52
     9000 steps completed on 11.06.2026 at 15:44:53
    10000 steps completed on 11.06.2026 at 15:44:53
------------------------------------------------------------------------
Duration:
 NVT equilibration wtime        diff:  6.16879400    -  6.16880000
                             <=    0h  0min  6.16880sec (+- 0.10E-05sec)
NVT equilibration timer stop: 11.06.2026, 15:44:53.981 (UTC+120)
========================================================================

NVT equilibration completed on 11.06.2026 at 15:44:53


========================================================================
NPT equilibration timer start: 11.06.2026, 15:44:53.981 (UTC+120)
------------------------------------------------------------------------
     1000 steps completed on 11.06.2026 at 15:44:54
     2000 steps completed on 11.06.2026 at 15:44:55
     3000 steps completed on 11.06.2026 at 15:44:55
     4000 steps completed on 11.06.2026 at 15:44:56
     5000 steps completed on 11.06.2026 at 15:44:57
     6000 steps completed on 11.06.2026 at 15:44:57
     7000 steps completed on 11.06.2026 at 15:44:58
     8000 steps completed on 11.06.2026 at 15:44:58
     9000 steps completed on 11.06.2026 at 15:44:59
    10000 steps completed on 11.06.2026 at 15:45:00
    11000 steps completed on 11.06.2026 at 15:45:00
    12000 steps completed on 11.06.2026 at 15:45:01
    13000 steps completed on 11.06.2026 at 15:45:01
    14000 steps completed on 11.06.2026 at 15:45:02
    15000 steps completed on 11.06.2026 at 15:45:03
    16000 steps completed on 11.06.2026 at 15:45:03
    17000 steps completed on 11.06.2026 at 15:45:04
    18000 steps completed on 11.06.2026 at 15:45:04
    19000 steps completed on 11.06.2026 at 15:45:05
    20000 steps completed on 11.06.2026 at 15:45:06
------------------------------------------------------------------------
Duration:
 NPT equilibration wtime        diff:  12.1530160    -  12.1530730
                             <=    0h  0min 12.15307sec (+- 0.10E-05sec)
NPT equilibration timer stop: 11.06.2026, 15:45:06.134 (UTC+120)
========================================================================

NPT equilibration completed on 11.06.2026 at 15:45:06


========================================================================
simulation timer start: 11.06.2026, 15:45:06.134 (UTC+120)
------------------------------------------------------------------------
     1000 steps completed on 11.06.2026 at 15:45:08
     2000 steps completed on 11.06.2026 at 15:45:10
     3000 steps completed on 11.06.2026 at 15:45:12
     4000 steps completed on 11.06.2026 at 15:45:14
     5000 steps completed on 11.06.2026 at 15:45:16
Saving simulation results
Opening file <NPT_MD_1CLJTS_1.res> for writing (unit 1017)
File <NPT_MD_1CLJTS_1.res> closed (unit 1017)
     6000 steps completed on 11.06.2026 at 15:45:18
     7000 steps completed on 11.06.2026 at 15:45:20
     8000 steps completed on 11.06.2026 at 15:45:22
     9000 steps completed on 11.06.2026 at 15:45:24
    10000 steps completed on 11.06.2026 at 15:45:26
Saving simulation results
Opening file <NPT_MD_1CLJTS_1.res> for writing (unit 1017)
File <NPT_MD_1CLJTS_1.res> closed (unit 1017)
    11000 steps completed on 11.06.2026 at 15:45:28
    12000 steps completed on 11.06.2026 at 15:45:30
    13000 steps completed on 11.06.2026 at 15:45:32
    14000 steps completed on 11.06.2026 at 15:45:34
    15000 steps completed on 11.06.2026 at 15:45:36
Saving simulation results
Opening file <NPT_MD_1CLJTS_1.res> for writing (unit 1017)
File <NPT_MD_1CLJTS_1.res> closed (unit 1017)
    16000 steps completed on 11.06.2026 at 15:45:39
    17000 steps completed on 11.06.2026 at 15:45:41
    18000 steps completed on 11.06.2026 at 15:45:43
    19000 steps completed on 11.06.2026 at 15:45:45
    20000 steps completed on 11.06.2026 at 15:45:47
Saving simulation results
Opening file <NPT_MD_1CLJTS_1.res> for writing (unit 1017)
File <NPT_MD_1CLJTS_1.res> closed (unit 1017)
    21000 steps completed on 11.06.2026 at 15:45:49
    22000 steps completed on 11.06.2026 at 15:45:51
    23000 steps completed on 11.06.2026 at 15:45:53
    24000 steps completed on 11.06.2026 at 15:45:55
    25000 steps completed on 11.06.2026 at 15:45:57
Saving simulation results
Opening file <NPT_MD_1CLJTS_1.res> for writing (unit 1017)
File <NPT_MD_1CLJTS_1.res> closed (unit 1017)
    26000 steps completed on 11.06.2026 at 15:45:59
    27000 steps completed on 11.06.2026 at 15:46:01
    28000 steps completed on 11.06.2026 at 15:46:03
    29000 steps completed on 11.06.2026 at 15:46:05
    30000 steps completed on 11.06.2026 at 15:46:07
Saving simulation results
Opening file <NPT_MD_1CLJTS_1.res> for writing (unit 1017)
File <NPT_MD_1CLJTS_1.res> closed (unit 1017)
    31000 steps completed on 11.06.2026 at 15:46:09
    32000 steps completed on 11.06.2026 at 15:46:12
    33000 steps completed on 11.06.2026 at 15:46:14
    34000 steps completed on 11.06.2026 at 15:46:16
    35000 steps completed on 11.06.2026 at 15:46:18
Saving simulation results
Opening file <NPT_MD_1CLJTS_1.res> for writing (unit 1017)
File <NPT_MD_1CLJTS_1.res> closed (unit 1017)
    36000 steps completed on 11.06.2026 at 15:46:20
    37000 steps completed on 11.06.2026 at 15:46:22
    38000 steps completed on 11.06.2026 at 15:46:24
    39000 steps completed on 11.06.2026 at 15:46:26
    40000 steps completed on 11.06.2026 at 15:46:28
Saving simulation results
Opening file <NPT_MD_1CLJTS_1.res> for writing (unit 1017)
File <NPT_MD_1CLJTS_1.res> closed (unit 1017)
    41000 steps completed on 11.06.2026 at 15:46:30
    42000 steps completed on 11.06.2026 at 15:46:32
    43000 steps completed on 11.06.2026 at 15:46:34
    44000 steps completed on 11.06.2026 at 15:46:36
    45000 steps completed on 11.06.2026 at 15:46:38
Saving simulation results
Opening file <NPT_MD_1CLJTS_1.res> for writing (unit 1017)
File <NPT_MD_1CLJTS_1.res> closed (unit 1017)
    46000 steps completed on 11.06.2026 at 15:46:40
    47000 steps completed on 11.06.2026 at 15:46:43
    48000 steps completed on 11.06.2026 at 15:46:45
    49000 steps completed on 11.06.2026 at 15:46:47
    50000 steps completed on 11.06.2026 at 15:46:49
Saving simulation results
Opening file <NPT_MD_1CLJTS_1.res> for writing (unit 1017)
File <NPT_MD_1CLJTS_1.res> closed (unit 1017)
    51000 steps completed on 11.06.2026 at 15:46:51
    52000 steps completed on 11.06.2026 at 15:46:53
    53000 steps completed on 11.06.2026 at 15:46:55
    54000 steps completed on 11.06.2026 at 15:46:57
    55000 steps completed on 11.06.2026 at 15:46:59
Saving simulation results
Opening file <NPT_MD_1CLJTS_1.res> for writing (unit 1017)
File <NPT_MD_1CLJTS_1.res> closed (unit 1017)
    56000 steps completed on 11.06.2026 at 15:47:01
    57000 steps completed on 11.06.2026 at 15:47:03
    58000 steps completed on 11.06.2026 at 15:47:05
    59000 steps completed on 11.06.2026 at 15:47:07
    60000 steps completed on 11.06.2026 at 15:47:09
Saving simulation results
Opening file <NPT_MD_1CLJTS_1.res> for writing (unit 1017)
File <NPT_MD_1CLJTS_1.res> closed (unit 1017)
    61000 steps completed on 11.06.2026 at 15:47:11
    62000 steps completed on 11.06.2026 at 15:47:13
    63000 steps completed on 11.06.2026 at 15:47:16
    64000 steps completed on 11.06.2026 at 15:47:18
    65000 steps completed on 11.06.2026 at 15:47:20
Saving simulation results
Opening file <NPT_MD_1CLJTS_1.res> for writing (unit 1017)
File <NPT_MD_1CLJTS_1.res> closed (unit 1017)
    66000 steps completed on 11.06.2026 at 15:47:22
    67000 steps completed on 11.06.2026 at 15:47:24
    68000 steps completed on 11.06.2026 at 15:47:26
    69000 steps completed on 11.06.2026 at 15:47:28
    70000 steps completed on 11.06.2026 at 15:47:30
Saving simulation results
Opening file <NPT_MD_1CLJTS_1.res> for writing (unit 1017)
File <NPT_MD_1CLJTS_1.res> closed (unit 1017)
    71000 steps completed on 11.06.2026 at 15:47:32
    72000 steps completed on 11.06.2026 at 15:47:34
    73000 steps completed on 11.06.2026 at 15:47:36
    74000 steps completed on 11.06.2026 at 15:47:38
    75000 steps completed on 11.06.2026 at 15:47:40
Saving simulation results
Opening file <NPT_MD_1CLJTS_1.res> for writing (unit 1017)
File <NPT_MD_1CLJTS_1.res> closed (unit 1017)
    76000 steps completed on 11.06.2026 at 15:47:42
    77000 steps completed on 11.06.2026 at 15:47:44
    78000 steps completed on 11.06.2026 at 15:47:46
    79000 steps completed on 11.06.2026 at 15:47:49
    80000 steps completed on 11.06.2026 at 15:47:51
Saving simulation results
Opening file <NPT_MD_1CLJTS_1.res> for writing (unit 1017)
File <NPT_MD_1CLJTS_1.res> closed (unit 1017)
    81000 steps completed on 11.06.2026 at 15:47:53
    82000 steps completed on 11.06.2026 at 15:47:55
    83000 steps completed on 11.06.2026 at 15:47:57
    84000 steps completed on 11.06.2026 at 15:47:59
    85000 steps completed on 11.06.2026 at 15:48:01
Saving simulation results
Opening file <NPT_MD_1CLJTS_1.res> for writing (unit 1017)
File <NPT_MD_1CLJTS_1.res> closed (unit 1017)
    86000 steps completed on 11.06.2026 at 15:48:03
    87000 steps completed on 11.06.2026 at 15:48:05
    88000 steps completed on 11.06.2026 at 15:48:07
    89000 steps completed on 11.06.2026 at 15:48:09
    90000 steps completed on 11.06.2026 at 15:48:11
Saving simulation results
Opening file <NPT_MD_1CLJTS_1.res> for writing (unit 1017)
File <NPT_MD_1CLJTS_1.res> closed (unit 1017)
    91000 steps completed on 11.06.2026 at 15:48:13
    92000 steps completed on 11.06.2026 at 15:48:15
    93000 steps completed on 11.06.2026 at 15:48:17
    94000 steps completed on 11.06.2026 at 15:48:19
    95000 steps completed on 11.06.2026 at 15:48:21
Saving simulation results
Opening file <NPT_MD_1CLJTS_1.res> for writing (unit 1017)
File <NPT_MD_1CLJTS_1.res> closed (unit 1017)
    96000 steps completed on 11.06.2026 at 15:48:24
    97000 steps completed on 11.06.2026 at 15:48:26
    98000 steps completed on 11.06.2026 at 15:48:28
    99000 steps completed on 11.06.2026 at 15:48:30
   100000 steps completed on 11.06.2026 at 15:48:32
Saving simulation results
Opening file <NPT_MD_1CLJTS_1.res> for writing (unit 1017)
File <NPT_MD_1CLJTS_1.res> closed (unit 1017)
------------------------------------------------------------------------
Duration:
 simulation wtime        diff:  206.159847    -  206.159860
                             <=    0h  3min 26.15986sec (+- 0.10E-05sec)
simulation timer stop: 11.06.2026, 15:48:32.294 (UTC+120)
========================================================================


Saving simulation restart file
Saving restart file NPT_MD_1CLJTS.rst on 11.06.2026 at 15:48:32
Opening file <NPT_MD_1CLJTS.rst> for writing (unit 1005)
saving restart data at step    100000 /    130000
still to be done: (NVT)Equilibration  F F
writing ensemble      1 on 11.06.2026 at 15:48:32
File <NPT_MD_1CLJTS.rst> closed (unit 1005)
Finished saving restart file NPT_MD_1CLJTS.rst on 11.06.2026 at 15:48:32
------------------------------------------------------------------------
Duration:
 TSimulation_Run system_clock diff:  224.496002    sec
                 =    0h  3min 44.49600sec (+i*  596h 31min 23.75000sec)
 TSimulation_Run wtime   root diff:  224.495505
                              =    0h  3min 44.49551sec (+- 0.10E-05sec)
TSimulation_Run timer stop: 11.06.2026, 15:48:32.308 (UTC+120)
========================================================================


File <NPT_MD_1CLJTS_1.rav> closed (unit 1016)
File <NPT_MD_1CLJTS_1.run> closed (unit 1015)

************************************************************************
Program terminated on 11.06.2026 at 15:48:32
************************************************************************
