ms2 logfile NPT_MD_hbond.log created by PE0 on 11.06.2026 at 14:19:44

**************************************************************************
*                         Molecular Simulation 2                         *
**************************************************************************

============================================================================
*                         Publishing with ms2                              *
* Every user agrees to cite ms2 upon usage as follows                      *
* ------------------------------------------------------------------------ *
* I. Nitzke, G. Guevara-Carrion, D. Saric, S. Homes, S. Stephan,           *
* R. Fingerhut, M. Bernreuther, H. Hasse, J. Vrabec                        *
* Computer Physics Communications (2025)                                   *
============================================================================

**************************************************************************
* (c) by TU Kaiserslautern / TU Berlin                                   *
*     P.O. Box 67653                                                     *
*     67653 Kaiserslautern                                               *
**************************************************************************

**************************************************************************
* Updates and auxiliary routines are available from                      *
* http://www.ms-2.de                                                     *
**************************************************************************

Program ms2_GNU_mpi_hbond version 5.019
Hardware architecture: pc/gfortran
Compiler version     : GNU gfortran150200
Compiler flags       : MPI=1 HBOND=1 MPI_USE_MODULE=1
Compile time         : Jun 11 2026,14:16:27
Real Kind            : 8

Hostname             : Stephen.local
started by user Isabel on 11.06.2026 at 14:19:44

------------------------------------------------------------------------
Parallelization:
MPI version        : 3.1
Number of processes:   4
Root process rank  :   0
rank:  I/O: processor name:
    0   +   Stephen.local
    1   +   Stephen.local
    2   +   Stephen.local
    3   +   Stephen.local


------------------------------------------------------------------------
Signal handler set successfully
Random number generator initialized
------------------------------------------------------------------------

************************************************************************
                       Reading Simulation Input
************************************************************************
Opening file <NPT_MD_hbond.par> for reading (unit 1002)

------------------------------------------------------------------------
                   Reading parameters of simulation
Name tag for output (default):             NPT_MD_hbond

setting WallTime to default value   20160
Specified walltime:   20160 m
setting TimeLimit to default value      60
Specified time limit:    60 m

System of units:         SI
Unit of length:          3.000 A
Unit of energy:        100.000 K
Unit of mass:           40.000 a.u.

Simulation type:         Molecular Dynamics
Integrator type:         LeapFrog
Time step:                2.080812 fs
Reduced time step:        0.001000

Ensemble type:           NPT

Number of MC overlap reduction steps:       10
Number of NVT equilibration steps:       10000
Number of NPT equilibration steps:       20000
Number of production steps:             100000

Result files will be updated each         1000 time steps
Final result files will be updated each   5000 time steps
Visualization files will not be created

setting RDFFreq to default value       0
RDF files will not be created

setting ODFRecordingFreq to default value       0
ODF files will not be created

setting KBIFreq to default value       0
KBI files will not be created

setting ALPHA2Freq to default value       0

Cutoff mode:             Center of Mass

setting LongRange to default value rf
Long Range Correction: Reaction Field
Number of ensembles:     1
setting mpiEnsembleGroups to default value       0
setting ClusterIsCriteria to default value no
Cluster Criteria evaluation:    .false.
setting TransMethod to default value None

------------------------------------------------------------------------
             Reading parameters of ensemble  1
Temperature:               391.350 K
Pressure:                    0.101 MPa
Density:                     9.000 mol/l
Reduced temperature:         3.913500
Reduced pressure:            0.001981
Reduced density:             0.146338
Mass of piston (reduced):    0.000500000
Mass of piston:              4.10010E+09 kg/m^4
setting ResidTime to default value no
Calculation of residence time: no
setting CommonEqui to default value no
MD simulation: Logical CommonEqui no is invalid, set to yes
Number of components:        2
------------------------------------------------------------------------
            Reading component  1 for ensemble
Mole fraction of component TIP4P_w6.pm:  0.255800
Chemical potential of TIP4P_w6.pm will be calculated by:
         -> Widom's test particle method
Opening file <TIP4P_w6.pm> for reading (unit 1003)
File <TIP4P_w6.pm> closed (unit 1003)
Opening file <NPT_MD_hbond.TIP4P_w6.nrm> for writing (unit 1004)
File <NPT_MD_hbond.TIP4P_w6.nrm> closed (unit 1004)
Normalized potential model for TIP4P_w6.pm saved to file <NPT_MD_hbond.TIP4P_w6.nrm>
       Reading component  1 for ensemble successful
------------------------------------------------------------------------
------------------------------------------------------------------------
            Reading component  2 for ensemble
Mole fraction of component N2H4_7.pm:  0.744200
Chemical potential of N2H4_7.pm will be calculated by:
         -> Widom's test particle method
Opening file <N2H4_7.pm> for reading (unit 1003)
File <N2H4_7.pm> closed (unit 1003)
Opening file <NPT_MD_hbond.N2H4_7.nrm> for writing (unit 1004)
File <NPT_MD_hbond.N2H4_7.nrm> closed (unit 1004)
Normalized potential model for N2H4_7.pm saved to file <NPT_MD_hbond.N2H4_7.nrm>
       Reading component  2 for ensemble successful
------------------------------------------------------------------------
The mole fraction(s) may be slightly changed due to the number of particle(s).
Number of particles:                       500
Mole fraction of TIP4P_w6.pm:                0.256
         ->  number of particles:          128
Number of test particles:                  720
Mole fraction of N2H4_7.pm:                  0.744
         ->  number of particles:          372
Number of test particles:                  720

Memory for test particles allocated successfully
Memory for TIP4P_w6.pm allocated successfully
Memory for N2H4_7.pm allocated successfully
TIP4P_w6.pm-N2H4_7.pm LJ interaction:  eta = 1.000, xi = 1.300

Reading  2 H-Bonding criteria:
CritNo.  AccComp  AccAccSite AccDonSite  DonComp  DonAccSite  DonDonSite  DistCrit1  DistCrit2  AngleCrit
    1       1          2          0        1          2          3        3.5000      2.6000      0.8660
    2       1          2          3        1          2          0        3.5000      2.6000      0.8660

Reduced center of mass cutoff radius:        4.000

Characteristic dielectric constant:          0.10000E+11

Cutoff correction to
- potential energy from LJ                  -1.22592179
- pressure from LJ                          -2.46597407
- chem. pot. of TIP4P_w6.pm from LJ         -1.58115766
- chem. pot. of N2H4_7.pm from LJ           -2.75143443
- potential energy from reaction field (RF) -0.00631541
- pressure from reaction field:             -0.30313967
- chem. pot. of TIP4P_w6.pm from RF         -0.17163363
- chem. pot. of N2H4_7.pm from RF           -0.21257379

Initialize positions:
         FCC lattice:   4 *   5x   5x   5 cells
         with  4 molecules/cell
              Reading ensemble   1 successful
------------------------------------------------------------------------
File <NPT_MD_hbond.par> closed (unit 1002)
                 Reading Simulation Input successful
************************************************************************



************************************************************************
                           Start Simulation
************************************************************************
Opening file <NPT_MD_hbond_1.run> for writing (unit 1015)
Opening file <NPT_MD_hbond_1.rav> for writing (unit 1016)

========================================================================
TSimulation_Run timer start: 11.06.2026, 14:19:44.975 (UTC+120)
------------------------------------------------------------------------


========================================================================
MC overlap reduction timer start: 11.06.2026, 14:19:44.975 (UTC+120)
------------------------------------------------------------------------
       10 steps completed on 11.06.2026 at 14:19:45
------------------------------------------------------------------------
Duration:
 MC overlap reduction wtime        diff: 0.469990000E-01- 0.470040000E-01
                             <=    0h  0min  0.04700sec (+- 0.10E-05sec)
MC overlap reduction timer stop: 11.06.2026, 14:19:45.022 (UTC+120)
========================================================================

MC overlap reduction completed on 11.06.2026 at 14:19:45


========================================================================
NVT equilibration timer start: 11.06.2026, 14:19:45.022 (UTC+120)
------------------------------------------------------------------------
     1000 steps completed on 11.06.2026 at 14:19:45
     2000 steps completed on 11.06.2026 at 14:19:46
     3000 steps completed on 11.06.2026 at 14:19:46
     4000 steps completed on 11.06.2026 at 14:19:47
     5000 steps completed on 11.06.2026 at 14:19:48
     6000 steps completed on 11.06.2026 at 14:19:49
     7000 steps completed on 11.06.2026 at 14:19:50
     8000 steps completed on 11.06.2026 at 14:19:50
     9000 steps completed on 11.06.2026 at 14:19:51
    10000 steps completed on 11.06.2026 at 14:19:52
------------------------------------------------------------------------
Duration:
 NVT equilibration wtime        diff:  7.68758600    -  7.68759000
                             <=    0h  0min  7.68759sec (+- 0.10E-05sec)
NVT equilibration timer stop: 11.06.2026, 14:19:52.710 (UTC+120)
========================================================================

NVT equilibration completed on 11.06.2026 at 14:19:52


========================================================================
NPT equilibration timer start: 11.06.2026, 14:19:52.710 (UTC+120)
------------------------------------------------------------------------
     1000 steps completed on 11.06.2026 at 14:19:53
     2000 steps completed on 11.06.2026 at 14:19:54
     3000 steps completed on 11.06.2026 at 14:19:55
     4000 steps completed on 11.06.2026 at 14:19:56
     5000 steps completed on 11.06.2026 at 14:19:57
     6000 steps completed on 11.06.2026 at 14:19:59
     7000 steps completed on 11.06.2026 at 14:20:00
     8000 steps completed on 11.06.2026 at 14:20:01
     9000 steps completed on 11.06.2026 at 14:20:02
    10000 steps completed on 11.06.2026 at 14:20:03
    11000 steps completed on 11.06.2026 at 14:20:04
    12000 steps completed on 11.06.2026 at 14:20:05
    13000 steps completed on 11.06.2026 at 14:20:07
    14000 steps completed on 11.06.2026 at 14:20:08
    15000 steps completed on 11.06.2026 at 14:20:09
    16000 steps completed on 11.06.2026 at 14:20:10
    17000 steps completed on 11.06.2026 at 14:20:11
    18000 steps completed on 11.06.2026 at 14:20:12
    19000 steps completed on 11.06.2026 at 14:20:13
    20000 steps completed on 11.06.2026 at 14:20:15
------------------------------------------------------------------------
Duration:
 NPT equilibration wtime        diff:  22.3330240    -  22.3330340
                             <=    0h  0min 22.33303sec (+- 0.10E-05sec)
NPT equilibration timer stop: 11.06.2026, 14:20:15.043 (UTC+120)
========================================================================

NPT equilibration completed on 11.06.2026 at 14:20:15


========================================================================
simulation timer start: 11.06.2026, 14:20:15.043 (UTC+120)
------------------------------------------------------------------------
     1000 steps completed on 11.06.2026 at 14:20:17
     2000 steps completed on 11.06.2026 at 14:20:20
     3000 steps completed on 11.06.2026 at 14:20:23
     4000 steps completed on 11.06.2026 at 14:20:26
     5000 steps completed on 11.06.2026 at 14:20:29
Saving simulation results
Opening file <NPT_MD_hbond_1.res> for writing (unit 1017)
File <NPT_MD_hbond_1.res> closed (unit 1017)
     6000 steps completed on 11.06.2026 at 14:20:32
     7000 steps completed on 11.06.2026 at 14:20:35
     8000 steps completed on 11.06.2026 at 14:20:38
     9000 steps completed on 11.06.2026 at 14:20:41
    10000 steps completed on 11.06.2026 at 14:20:44
Saving simulation results
Opening file <NPT_MD_hbond_1.res> for writing (unit 1017)
File <NPT_MD_hbond_1.res> closed (unit 1017)
    11000 steps completed on 11.06.2026 at 14:20:47
    12000 steps completed on 11.06.2026 at 14:20:50
    13000 steps completed on 11.06.2026 at 14:20:52
    14000 steps completed on 11.06.2026 at 14:20:55
    15000 steps completed on 11.06.2026 at 14:20:58
Saving simulation results
Opening file <NPT_MD_hbond_1.res> for writing (unit 1017)
File <NPT_MD_hbond_1.res> closed (unit 1017)
    16000 steps completed on 11.06.2026 at 14:21:01
    17000 steps completed on 11.06.2026 at 14:21:04
    18000 steps completed on 11.06.2026 at 14:21:07
    19000 steps completed on 11.06.2026 at 14:21:10
    20000 steps completed on 11.06.2026 at 14:21:13
Saving simulation results
Opening file <NPT_MD_hbond_1.res> for writing (unit 1017)
File <NPT_MD_hbond_1.res> closed (unit 1017)
    21000 steps completed on 11.06.2026 at 14:21:16
    22000 steps completed on 11.06.2026 at 14:21:19
    23000 steps completed on 11.06.2026 at 14:21:22
    24000 steps completed on 11.06.2026 at 14:21:25
    25000 steps completed on 11.06.2026 at 14:21:28
Saving simulation results
Opening file <NPT_MD_hbond_1.res> for writing (unit 1017)
File <NPT_MD_hbond_1.res> closed (unit 1017)
    26000 steps completed on 11.06.2026 at 14:21:31
    27000 steps completed on 11.06.2026 at 14:21:34
    28000 steps completed on 11.06.2026 at 14:21:37
    29000 steps completed on 11.06.2026 at 14:21:40
    30000 steps completed on 11.06.2026 at 14:21:43
Saving simulation results
Opening file <NPT_MD_hbond_1.res> for writing (unit 1017)
File <NPT_MD_hbond_1.res> closed (unit 1017)
    31000 steps completed on 11.06.2026 at 14:21:45
    32000 steps completed on 11.06.2026 at 14:21:48
    33000 steps completed on 11.06.2026 at 14:21:51
    34000 steps completed on 11.06.2026 at 14:21:54
    35000 steps completed on 11.06.2026 at 14:21:57
Saving simulation results
Opening file <NPT_MD_hbond_1.res> for writing (unit 1017)
File <NPT_MD_hbond_1.res> closed (unit 1017)
    36000 steps completed on 11.06.2026 at 14:22:00
    37000 steps completed on 11.06.2026 at 14:22:03
    38000 steps completed on 11.06.2026 at 14:22:06
    39000 steps completed on 11.06.2026 at 14:22:09
    40000 steps completed on 11.06.2026 at 14:22:12
Saving simulation results
Opening file <NPT_MD_hbond_1.res> for writing (unit 1017)
File <NPT_MD_hbond_1.res> closed (unit 1017)
    41000 steps completed on 11.06.2026 at 14:22:14
    42000 steps completed on 11.06.2026 at 14:22:17
    43000 steps completed on 11.06.2026 at 14:22:20
    44000 steps completed on 11.06.2026 at 14:22:23
    45000 steps completed on 11.06.2026 at 14:22:26
Saving simulation results
Opening file <NPT_MD_hbond_1.res> for writing (unit 1017)
File <NPT_MD_hbond_1.res> closed (unit 1017)
    46000 steps completed on 11.06.2026 at 14:22:29
    47000 steps completed on 11.06.2026 at 14:22:32
    48000 steps completed on 11.06.2026 at 14:22:35
    49000 steps completed on 11.06.2026 at 14:22:38
    50000 steps completed on 11.06.2026 at 14:22:40
Saving simulation results
Opening file <NPT_MD_hbond_1.res> for writing (unit 1017)
File <NPT_MD_hbond_1.res> closed (unit 1017)
    51000 steps completed on 11.06.2026 at 14:22:43
    52000 steps completed on 11.06.2026 at 14:22:46
    53000 steps completed on 11.06.2026 at 14:22:49
    54000 steps completed on 11.06.2026 at 14:22:52
    55000 steps completed on 11.06.2026 at 14:22:55
Saving simulation results
Opening file <NPT_MD_hbond_1.res> for writing (unit 1017)
File <NPT_MD_hbond_1.res> closed (unit 1017)
    56000 steps completed on 11.06.2026 at 14:22:58
    57000 steps completed on 11.06.2026 at 14:23:01
    58000 steps completed on 11.06.2026 at 14:23:04
    59000 steps completed on 11.06.2026 at 14:23:07
    60000 steps completed on 11.06.2026 at 14:23:10
Saving simulation results
Opening file <NPT_MD_hbond_1.res> for writing (unit 1017)
File <NPT_MD_hbond_1.res> closed (unit 1017)
    61000 steps completed on 11.06.2026 at 14:23:12
    62000 steps completed on 11.06.2026 at 14:23:15
    63000 steps completed on 11.06.2026 at 14:23:18
    64000 steps completed on 11.06.2026 at 14:23:21
    65000 steps completed on 11.06.2026 at 14:23:24
Saving simulation results
Opening file <NPT_MD_hbond_1.res> for writing (unit 1017)
File <NPT_MD_hbond_1.res> closed (unit 1017)
    66000 steps completed on 11.06.2026 at 14:23:27
    67000 steps completed on 11.06.2026 at 14:23:30
    68000 steps completed on 11.06.2026 at 14:23:33
    69000 steps completed on 11.06.2026 at 14:23:36
    70000 steps completed on 11.06.2026 at 14:23:39
Saving simulation results
Opening file <NPT_MD_hbond_1.res> for writing (unit 1017)
File <NPT_MD_hbond_1.res> closed (unit 1017)
    71000 steps completed on 11.06.2026 at 14:23:41
    72000 steps completed on 11.06.2026 at 14:23:44
    73000 steps completed on 11.06.2026 at 14:23:47
    74000 steps completed on 11.06.2026 at 14:23:50
    75000 steps completed on 11.06.2026 at 14:23:53
Saving simulation results
Opening file <NPT_MD_hbond_1.res> for writing (unit 1017)
File <NPT_MD_hbond_1.res> closed (unit 1017)
    76000 steps completed on 11.06.2026 at 14:23:56
    77000 steps completed on 11.06.2026 at 14:23:59
    78000 steps completed on 11.06.2026 at 14:24:02
    79000 steps completed on 11.06.2026 at 14:24:05
    80000 steps completed on 11.06.2026 at 14:24:08
Saving simulation results
Opening file <NPT_MD_hbond_1.res> for writing (unit 1017)
File <NPT_MD_hbond_1.res> closed (unit 1017)
    81000 steps completed on 11.06.2026 at 14:24:10
    82000 steps completed on 11.06.2026 at 14:24:13
    83000 steps completed on 11.06.2026 at 14:24:16
    84000 steps completed on 11.06.2026 at 14:24:19
    85000 steps completed on 11.06.2026 at 14:24:22
Saving simulation results
Opening file <NPT_MD_hbond_1.res> for writing (unit 1017)
File <NPT_MD_hbond_1.res> closed (unit 1017)
    86000 steps completed on 11.06.2026 at 14:24:25
    87000 steps completed on 11.06.2026 at 14:24:28
    88000 steps completed on 11.06.2026 at 14:24:31
    89000 steps completed on 11.06.2026 at 14:24:34
    90000 steps completed on 11.06.2026 at 14:24:37
Saving simulation results
Opening file <NPT_MD_hbond_1.res> for writing (unit 1017)
File <NPT_MD_hbond_1.res> closed (unit 1017)
    91000 steps completed on 11.06.2026 at 14:24:40
    92000 steps completed on 11.06.2026 at 14:24:43
    93000 steps completed on 11.06.2026 at 14:24:46
    94000 steps completed on 11.06.2026 at 14:24:49
    95000 steps completed on 11.06.2026 at 14:24:52
Saving simulation results
Opening file <NPT_MD_hbond_1.res> for writing (unit 1017)
File <NPT_MD_hbond_1.res> closed (unit 1017)
    96000 steps completed on 11.06.2026 at 14:24:55
    97000 steps completed on 11.06.2026 at 14:24:58
    98000 steps completed on 11.06.2026 at 14:25:00
    99000 steps completed on 11.06.2026 at 14:25:03
   100000 steps completed on 11.06.2026 at 14:25:06
Saving simulation results
Opening file <NPT_MD_hbond_1.res> for writing (unit 1017)
File <NPT_MD_hbond_1.res> closed (unit 1017)
------------------------------------------------------------------------
Duration:
 simulation wtime        diff:  291.776823    -  291.776851
                             <=    0h  4min 51.77685sec (+- 0.10E-05sec)
simulation timer stop: 11.06.2026, 14:25:06.820 (UTC+120)
========================================================================


Saving simulation restart file
Saving restart file NPT_MD_hbond.rst on 11.06.2026 at 14:25:06
Opening file <NPT_MD_hbond.rst> for writing (unit 1005)
saving restart data at step    100000 /    130010
still to be done: (NVT)Equilibration  F F
writing ensemble      1 on 11.06.2026 at 14:25:06
File <NPT_MD_hbond.rst> closed (unit 1005)
Finished saving restart file NPT_MD_hbond.rst on 11.06.2026 at 14:25:06
------------------------------------------------------------------------
Duration:
 TSimulation_Run system_clock diff:  321.850006    sec
                 =    0h  5min 21.85001sec (+i*  596h 31min 23.75000sec)
 TSimulation_Run wtime   root diff:  321.849767
                              =    0h  5min 21.84977sec (+- 0.10E-05sec)
TSimulation_Run timer stop: 11.06.2026, 14:25:06.825 (UTC+120)
========================================================================


File <NPT_MD_hbond_1.rav> closed (unit 1016)
File <NPT_MD_hbond_1.run> closed (unit 1015)

************************************************************************
Program terminated on 11.06.2026 at 14:25:06
************************************************************************
