Program hms2mpi compiled for Linux/Ifort
version v12 Feb 13 2008
started by unknown user on xc2n291 on 23.03.2009 at 09:14:24

   8 MPI processes initialized

Signal handler set successfully

Random number generator initialized

Parameter file name: Tol_MC_250.par

Opening file <Tol_MC_250.par> for reading

Reading parameters of simulation
Name tag for output files: Tol_MC_250
System of units: SI
Unit of length:  3.500 A
Unit of energy:  100.000 K
Unit of mass:   40.000 a.u.
Simulation type: Monte-Carlo
Acceptance rate:  50.00%
Ensemble type: NPT
Number of NVT equilibration steps:    5000
Number of NPT equilibration steps:   20000
Number of production steps:  300000
Result files will be updated each    500 time steps
Final result files will be updated each   5000 time steps
Visualization files will not be created
Cutoff mode: Center of Mass
Number of ensembles:  1

Reading parameters of ensemble  1
Temperature:   250.000 K
Pressure:     1.000 MPa
Density:     9.900 mol/l
Reduced temperature:  2.500000
Reduced pressure:  0.031054
Reduced density:  0.255617
Number of components:  1
Molar fraction of component Tol5Q1D.pm:  1.000000
Chemical potential of Tol5Q1D.pm will be calculated by: none method
Opening file <Tol5Q1D.pm> for reading
File </lustre/data/home/ssck/wetk00/wetk04/deublein/Leitanwendung_ms2/LA4/Tol5Q1D.pm> closed
Opening file <Tol5Q1D.pm.nrm> for writing
File </lustre/data/home/ssck/wetk00/wetk04/deublein/Leitanwendung_ms2/LA4/Tol5Q1D.pm.nrm> closed
Normalized potential model for Tol5Q1D.pm saved to file <Tol5Q1D.pm.nrm>
Number of particles:       1372
Molar fraction of Tol5Q1D.pm: 1.000;  number of particles:       1372
Memory for Tol5Q1D.pm allocated successfully
Reduced center of mass cutoff radius:  8.000
Characteristic dielectric constant:  0.100000000E+11
Cutoff correction to potential energy from LJ: -0.50981601
Cutoff correction to pressure from LJ        : -1.03187879
Cutoff correction to chem. pot. of Tol5Q1D.pm from LJ: -1.01963201
Cutoff correction to potential energy from reaction field: -0.00031960
Cutoff correction to chem. pot. of Tol5Q1D.pm from reaction field: -0.00063920

File </lustre/data/home/ssck/wetk00/wetk04/deublein/Leitanwendung_ms2/LA4/Tol_MC_250.par> closed

Opening file <Tol_MC_250_1.run> for writing
Opening file <Tol_MC_250_1.rav> for writing

Starting NVT equilibration on 23.03.2009 at 09:14:26
   1000 steps completed on 23.03.2009 at 09:52:10
   2000 steps completed on 23.03.2009 at 10:30:18
   3000 steps completed on 23.03.2009 at 11:09:14
   4000 steps completed on 23.03.2009 at 11:49:05
   5000 steps completed on 23.03.2009 at 12:29:04
NVT equilibration completed on 23.03.2009 at 12:29:04

Starting NPT equilibration on 23.03.2009 at 12:29:04
   1000 steps completed on 23.03.2009 at 13:24:47
   2000 steps completed on 23.03.2009 at 14:20:41
   3000 steps completed on 23.03.2009 at 15:16:41
   4000 steps completed on 23.03.2009 at 16:12:38
   5000 steps completed on 23.03.2009 at 17:08:38
   6000 steps completed on 23.03.2009 at 18:04:38
   7000 steps completed on 23.03.2009 at 19:00:34
   8000 steps completed on 23.03.2009 at 19:56:37
   9000 steps completed on 23.03.2009 at 20:52:39
  10000 steps completed on 23.03.2009 at 21:48:37
  11000 steps completed on 23.03.2009 at 22:44:37
  12000 steps completed on 23.03.2009 at 23:40:38
  13000 steps completed on 24.03.2009 at 00:36:37
  14000 steps completed on 24.03.2009 at 01:32:31
  15000 steps completed on 24.03.2009 at 02:28:19
  16000 steps completed on 24.03.2009 at 03:24:12
  17000 steps completed on 24.03.2009 at 04:20:16
  18000 steps completed on 24.03.2009 at 05:16:09
  19000 steps completed on 24.03.2009 at 06:12:13
  20000 steps completed on 24.03.2009 at 07:08:12
NPT equilibration completed on 24.03.2009 at 07:08:12

Starting simulation on 24.03.2009 at 07:08:12
   1000 steps completed on 24.03.2009 at 08:04:14
   2000 steps completed on 24.03.2009 at 09:00:15
   3000 steps completed on 24.03.2009 at 09:56:17
   4000 steps completed on 24.03.2009 at 10:52:19
   5000 steps completed on 24.03.2009 at 11:48:16
Saving simulation results
Opening file <Tol_MC_250_1.res> for writing
File </lustre/data/home/ssck/wetk00/wetk04/deublein/Leitanwendung_ms2/LA4/Tol_MC_250_1.res> closed
   6000 steps completed on 24.03.2009 at 12:44:09
   7000 steps completed on 24.03.2009 at 13:40:01
   8000 steps completed on 24.03.2009 at 14:35:52
   9000 steps completed on 24.03.2009 at 15:31:54
  10000 steps completed on 24.03.2009 at 16:27:56
Saving simulation results
Opening file <Tol_MC_250_1.res> for writing
File </lustre/data/home/ssck/wetk00/wetk04/deublein/Leitanwendung_ms2/LA4/Tol_MC_250_1.res> closed
  11000 steps completed on 24.03.2009 at 17:23:54
  12000 steps completed on 24.03.2009 at 18:19:54
  13000 steps completed on 24.03.2009 at 19:15:56
  14000 steps completed on 24.03.2009 at 20:11:59
  15000 steps completed on 24.03.2009 at 21:08:06
Saving simulation results
Opening file <Tol_MC_250_1.res> for writing
File </lustre/data/home/ssck/wetk00/wetk04/deublein/Leitanwendung_ms2/LA4/Tol_MC_250_1.res> closed
  16000 steps completed on 24.03.2009 at 22:04:00
  17000 steps completed on 24.03.2009 at 22:59:53
  18000 steps completed on 24.03.2009 at 23:55:52
  19000 steps completed on 25.03.2009 at 00:51:51
  20000 steps completed on 25.03.2009 at 01:47:49
Saving simulation results
Opening file <Tol_MC_250_1.res> for writing
File </lustre/data/home/ssck/wetk00/wetk04/deublein/Leitanwendung_ms2/LA4/Tol_MC_250_1.res> closed
  21000 steps completed on 25.03.2009 at 02:43:41
  22000 steps completed on 25.03.2009 at 03:39:39
  23000 steps completed on 25.03.2009 at 04:35:43
  24000 steps completed on 25.03.2009 at 05:31:38
  25000 steps completed on 25.03.2009 at 06:27:38
Saving simulation results
Opening file <Tol_MC_250_1.res> for writing
File </lustre/data/home/ssck/wetk00/wetk04/deublein/Leitanwendung_ms2/LA4/Tol_MC_250_1.res> closed
  26000 steps completed on 25.03.2009 at 07:23:35
  27000 steps completed on 25.03.2009 at 08:19:27
  28000 steps completed on 25.03.2009 at 09:15:27
  29000 steps completed on 25.03.2009 at 10:11:21
  30000 steps completed on 25.03.2009 at 11:07:14
Saving simulation results
Opening file <Tol_MC_250_1.res> for writing
File </lustre/data/home/ssck/wetk00/wetk04/deublein/Leitanwendung_ms2/LA4/Tol_MC_250_1.res> closed
  31000 steps completed on 25.03.2009 at 12:03:10
  32000 steps completed on 25.03.2009 at 12:59:10
  33000 steps completed on 25.03.2009 at 13:55:12
  34000 steps completed on 25.03.2009 at 14:51:15
  35000 steps completed on 25.03.2009 at 15:47:17
Saving simulation results
Opening file <Tol_MC_250_1.res> for writing
File </lustre/data/home/ssck/wetk00/wetk04/deublein/Leitanwendung_ms2/LA4/Tol_MC_250_1.res> closed
  36000 steps completed on 25.03.2009 at 16:43:14
  37000 steps completed on 25.03.2009 at 17:39:13
  38000 steps completed on 25.03.2009 at 18:35:15
  39000 steps completed on 25.03.2009 at 19:31:04
  40000 steps completed on 25.03.2009 at 20:27:01
Saving simulation results
Opening file <Tol_MC_250_1.res> for writing
File </lustre/data/home/ssck/wetk00/wetk04/deublein/Leitanwendung_ms2/LA4/Tol_MC_250_1.res> closed
  41000 steps completed on 25.03.2009 at 21:22:51
  42000 steps completed on 25.03.2009 at 22:18:45
  43000 steps completed on 25.03.2009 at 23:14:40
  44000 steps completed on 26.03.2009 at 00:10:29
  45000 steps completed on 26.03.2009 at 01:06:15
Saving simulation results
Opening file <Tol_MC_250_1.res> for writing
File </lustre/data/home/ssck/wetk00/wetk04/deublein/Leitanwendung_ms2/LA4/Tol_MC_250_1.res> closed
  46000 steps completed on 26.03.2009 at 02:02:11
  47000 steps completed on 26.03.2009 at 02:58:10
  48000 steps completed on 26.03.2009 at 03:54:04
  49000 steps completed on 26.03.2009 at 04:49:57
  50000 steps completed on 26.03.2009 at 05:45:51
Saving simulation results
Opening file <Tol_MC_250_1.res> for writing
File </lustre/data/home/ssck/wetk00/wetk04/deublein/Leitanwendung_ms2/LA4/Tol_MC_250_1.res> closed
  51000 steps completed on 26.03.2009 at 06:41:51
  52000 steps completed on 26.03.2009 at 07:37:46
  53000 steps completed on 26.03.2009 at 08:33:33
