ms2 logfile NPTSVC_Ar.log created by PE0 on 05.06.2026 at 15:23:06

**************************************************************************
*                         Molecular Simulation 2                         *
**************************************************************************

============================================================================
*                         Publishing with ms2                              *
* Every user agrees to cite ms2 upon usage as follows                      *
* ------------------------------------------------------------------------ *
* I. Nitzke, G. Guevara-Carrion, D. Saric, S. Homes, S. Stephan,           *
* R. Fingerhut, M. Bernreuther, H. Hasse, J. Vrabec                        *
* Computer Physics Communications (2025)                                   *
============================================================================

**************************************************************************
* (c) by TU Kaiserslautern / TU Berlin                                   *
*     P.O. Box 67653                                                     *
*     67653 Kaiserslautern                                               *
**************************************************************************

**************************************************************************
* Updates and auxiliary routines are available from                      *
* http://www.ms-2.de                                                     *
**************************************************************************

Program ms2_GNU_mpi version 5.018
Hardware architecture: pc/gfortran
Compiler version     : GNU gfortran150200
Compiler flags       : MPI=1 MPI_USE_MODULE=1
Compile time         : Jun  5 2026,15:22:15
Real Kind            : 8

Hostname             : Stephen.local
started by user Isabel on 05.06.2026 at 15:23:06

------------------------------------------------------------------------
Parallelization:
MPI version        : 3.1
Number of processes:   4
Root process rank  :   0
rank:  I/O: processor name:
    0   +   Stephen.local
    1   +   Stephen.local
    2   +   Stephen.local
    3   +   Stephen.local


------------------------------------------------------------------------
Signal handler set successfully
Random number generator initialized
------------------------------------------------------------------------

************************************************************************
                       Reading Simulation Input
************************************************************************
Opening file <NPTSVC_Ar.par> for reading (unit 1002)

------------------------------------------------------------------------
                   Reading parameters of simulation
Name tag for output (default):             NPTSVC_Ar

setting WallTime to default value   20160
Specified walltime:   20160 m
setting TimeLimit to default value      60
Specified time limit:    60 m

System of units:         SI
Unit of length:          3.500 A
Unit of energy:        100.000 K
Unit of mass:           40.000 a.u.

Simulation type:         Monte-Carlo
Acceptance rate:        50.00%

Ensemble type:           NpT + SVC

setting mpiMCCommonGroups to default value       0

Number of NVT equilibration steps:       10000
Number of NPT equilibration steps:       10000
Number of production steps:              50000

Result files will be updated each         1000 time steps
Production steps are extended to         52000 cycles
Final result files will be updated each   5000 time steps
Visualization files will not be created

setting RDFFreq to default value       0
RDF files will not be created

setting ODFRecordingFreq to default value       0
ODF files will not be created

setting KBIFreq to default value       0
KBI files will not be created

setting ALPHA2Freq to default value       0

Cutoff mode:             Center of Mass

setting LongRange to default value rf
Long Range Correction: Reaction Field
setting NEnsembles to default value       1
Number of ensembles:     1
setting mpiEnsembleGroups to default value       0
setting ClusterIsCriteria to default value no
Cluster Criteria evaluation:    .false.
setting TransMethod to default value None

------------------------------------------------------------------------
             Reading parameters of ensemble  1
Temperature:               500.000 K
Pressure:                    1.000 MPa
Density:                     0.250 mol/l
Reduced temperature:         5.000000
Reduced pressure:            0.031054
Reduced density:             0.006455
setting CommonEqui to default value no
Common equilibration:        no
Number of components:        1
------------------------------------------------------------------------
            Reading component  1 for ensemble
Mole fraction of component Ar.pm:  1.000000
Chemical potential of Ar.pm will be calculated by:
         -> no calculation
Opening file <Ar.pm> for reading (unit 1003)
File <Ar.pm> closed (unit 1003)
Opening file <NPTSVC_Ar.Ar.nrm> for writing (unit 1004)
File <NPTSVC_Ar.Ar.nrm> closed (unit 1004)
Normalized potential model for Ar.pm saved to file <NPTSVC_Ar.Ar.nrm>
       Reading component  1 for ensemble successful
------------------------------------------------------------------------
The mole fraction(s) may be slightly changed due to the number of particle(s).
Number of particles:                       500
Mole fraction of Ar.pm:                      1.000
         ->  number of particles:          500
Number of test particles:                 1000

Memory for test particles allocated successfully
Memory for Ar.pm allocated successfully

Reduced center of mass cutoff radius:        4.000

Cutoff correction to
- potential energy from LJ                  -0.12737927
- pressure from LJ                          -0.25474126
- chem. pot. of Ar.pm from LJ               -0.25475854
- potential energy from reaction field (RF)  0.00000000
- pressure from reaction field:              0.00000000
- chem. pot. of Ar.pm from RF                0.00000000

Initialize positions:
         FCC lattice:   4 *   5x   5x   5 cells
         with  4 molecules/cell
              Reading ensemble   1 successful
------------------------------------------------------------------------
File <NPTSVC_Ar.par> closed (unit 1002)
                 Reading Simulation Input successful
************************************************************************

************************************************************************
                 Reading Second Virial Coefficient Parameters
************************************************************************

Opening file <NPTSVC_Ar.par> for reading (unit 1002)
Number of orientations:   1000
Number of radial steps     200
Minimum radius:              2.000 A
Maximum radius:             20.000 A
File <NPTSVC_Ar.par> closed (unit 1002)
Opening file <NPTSVC_Ar.par> for reading (unit 1002)

------------------------------------------------------------------------
             Reading parameters of ensemble  1
Temperature:               500.000 K
Reduced temperature:         5.000000
Number of components:        1
Opening file <Ar.pm> for reading (unit 1003)
File <Ar.pm> closed (unit 1003)
Opening file <NPTSVC_Ar.Ar.nrm> for writing (unit 1004)
File <NPTSVC_Ar.Ar.nrm> closed (unit 1004)
Normalized potential model for Ar.pm saved to file <NPTSVC_Ar.Ar.nrm>
Opening file <Ar.pm> for reading (unit 1003)
File <Ar.pm> closed (unit 1003)
Opening file <NPTSVC_Ar.Ar.nrm> for writing (unit 1004)
File <NPTSVC_Ar.Ar.nrm> closed (unit 1004)
Normalized potential model for Ar.pm saved to file <NPTSVC_Ar.Ar.nrm>
Memory for Ar.pm allocated successfully
Memory for Ar.pm allocated successfully
Cutoff correction to SVC of Ar.pm-Ar.pm from LJ: -0.00436937
Opening file <NPTSVC_Ar.par> for reading (unit 1002)
File <NPTSVC_Ar.par> closed (unit 1002)


************************************************************************
                           Start Calculation of Second Virial Coefficient
************************************************************************
Opening file <NPTSVC_Ar_1.run> for writing (unit 1015)

========================================================================
TSimulation_Run timer start: 05.06.2026, 15:23:06.888 (UTC+120)
------------------------------------------------------------------------


========================================================================
simulation timer start: 05.06.2026, 15:23:06.888 (UTC+120)
------------------------------------------------------------------------
      200 steps completed on 05.06.2026 at 15:23:10
------------------------------------------------------------------------
Duration:
 simulation wtime        diff:  3.59180000    -  3.59180500
                             <=    0h  0min  3.59181sec (+- 0.10E-05sec)
simulation timer stop: 05.06.2026, 15:23:10.480 (UTC+120)
========================================================================

Saving second virial coefficient  results
Opening file <NPTSVC_Ar_1.res> for writing (unit 1017)
File <NPTSVC_Ar_1.res> closed (unit 1017)

Saving simulation restart file
------------------------------------------------------------------------
Duration:
 TSimulation_Run system_clock diff:  3.59200001    sec
                 =    0h  0min  3.59200sec (+i*  596h 31min 23.75000sec)
 TSimulation_Run wtime   root diff:  3.59218100
                              =    0h  0min  3.59218sec (+- 0.10E-05sec)
TSimulation_Run timer stop: 05.06.2026, 15:23:10.480 (UTC+120)
========================================================================


File <NPTSVC_Ar_1.run> closed (unit 1015)
************************************************************************
                       Reading Simulation Input
************************************************************************
Opening file <NPTSVC_Ar.par> for reading (unit 1002)

------------------------------------------------------------------------
                   Reading parameters of simulation
Name tag for output (default):             NPTSVC_Ar

setting WallTime to default value   20160
Specified walltime:   20160 m
setting TimeLimit to default value      60
Specified time limit:    60 m

System of units:         SI
Unit of length:          3.500 A
Unit of energy:        100.000 K
Unit of mass:           40.000 a.u.

Simulation type:         Monte-Carlo
Acceptance rate:        50.00%

Ensemble type:           NpT + SVC

setting mpiMCCommonGroups to default value       0

Number of NVT equilibration steps:       10000
Number of NPT equilibration steps:       10000
Number of production steps:              50000

Result files will be updated each         1000 time steps
Production steps are extended to         52000 cycles
Final result files will be updated each   5000 time steps
Visualization files will not be created

setting RDFFreq to default value       0
RDF files will not be created

setting ODFRecordingFreq to default value       0
ODF files will not be created

setting KBIFreq to default value       0
KBI files will not be created

setting ALPHA2Freq to default value       0

Cutoff mode:             Center of Mass

setting LongRange to default value rf
Long Range Correction: Reaction Field
setting NEnsembles to default value       1
Number of ensembles:     1
setting mpiEnsembleGroups to default value       0
setting ClusterIsCriteria to default value no
Cluster Criteria evaluation:    .false.
setting TransMethod to default value None

------------------------------------------------------------------------
             Reading parameters of ensemble  1
Temperature:               500.000 K
Pressure:                    1.000 MPa
Density:                     0.250 mol/l
Reduced temperature:         5.000000
Reduced pressure:            0.031054
Reduced density:             0.006455
setting CommonEqui to default value no
Common equilibration:        no
Number of components:        1
------------------------------------------------------------------------
            Reading component  1 for ensemble
Mole fraction of component Ar.pm:  1.000000
Chemical potential of Ar.pm will be calculated by:
         -> no calculation
Opening file <Ar.pm> for reading (unit 1003)
File <Ar.pm> closed (unit 1003)
Opening file <NPTSVC_Ar.Ar.nrm> for writing (unit 1004)
File <NPTSVC_Ar.Ar.nrm> closed (unit 1004)
Normalized potential model for Ar.pm saved to file <NPTSVC_Ar.Ar.nrm>
       Reading component  1 for ensemble successful
------------------------------------------------------------------------
The mole fraction(s) may be slightly changed due to the number of particle(s).
Number of particles:                       500
Mole fraction of Ar.pm:                      1.000
         ->  number of particles:          500
Number of test particles:                 1000

Memory for test particles allocated successfully
Memory for Ar.pm allocated successfully

Reduced center of mass cutoff radius:        4.000

Cutoff correction to
- potential energy from LJ                  -0.12737927
- pressure from LJ                          -0.25474126
- chem. pot. of Ar.pm from LJ               -0.25475854
- potential energy from reaction field (RF)  0.00000000
- pressure from reaction field:              0.00000000
- chem. pot. of Ar.pm from RF                0.00000000

Initialize positions:
         FCC lattice:   4 *   5x   5x   5 cells
         with  4 molecules/cell
              Reading ensemble   1 successful
------------------------------------------------------------------------
File <NPTSVC_Ar.par> closed (unit 1002)
                 Reading Simulation Input successful
************************************************************************



************************************************************************
                           Start Simulation
************************************************************************
opening file <NPTSVC_Ar_1.run> for writing
opening file <NPTSVC_Ar_1.rav> for writing

========================================================================
TSimulation_Run timer start: 05.06.2026, 15:23:10.483 (UTC+120)
------------------------------------------------------------------------
Random number generator initialized
------------------------------------------------------------------------



========================================================================
NVT equilibration timer start: 05.06.2026, 15:23:10.483 (UTC+120)
------------------------------------------------------------------------
     1000 steps completed on 05.06.2026 at 15:23:11
     2000 steps completed on 05.06.2026 at 15:23:11
     3000 steps completed on 05.06.2026 at 15:23:12
     4000 steps completed on 05.06.2026 at 15:23:12
     5000 steps completed on 05.06.2026 at 15:23:13
     6000 steps completed on 05.06.2026 at 15:23:14
     7000 steps completed on 05.06.2026 at 15:23:14
     8000 steps completed on 05.06.2026 at 15:23:15
     9000 steps completed on 05.06.2026 at 15:23:15
    10000 steps completed on 05.06.2026 at 15:23:16
------------------------------------------------------------------------
Duration:
 NVT equilibration wtime        diff:  6.07817000    -  6.07817800
                             <=    0h  0min  6.07818sec (+- 0.10E-05sec)
NVT equilibration timer stop: 05.06.2026, 15:23:16.561 (UTC+120)
========================================================================

NVT equilibration completed on 05.06.2026 at 15:23:16


========================================================================
NPT equilibration timer start: 05.06.2026, 15:23:16.562 (UTC+120)
------------------------------------------------------------------------
     1000 steps completed on 05.06.2026 at 15:23:17
     2000 steps completed on 05.06.2026 at 15:23:18
     3000 steps completed on 05.06.2026 at 15:23:18
     4000 steps completed on 05.06.2026 at 15:23:19
     5000 steps completed on 05.06.2026 at 15:23:20
     6000 steps completed on 05.06.2026 at 15:23:20
     7000 steps completed on 05.06.2026 at 15:23:21
     8000 steps completed on 05.06.2026 at 15:23:22
     9000 steps completed on 05.06.2026 at 15:23:23
    10000 steps completed on 05.06.2026 at 15:23:24
------------------------------------------------------------------------
Duration:
 NPT equilibration wtime        diff:  7.53418700    -  7.53419500
                             <=    0h  0min  7.53419sec (+- 0.10E-05sec)
NPT equilibration timer stop: 05.06.2026, 15:23:24.096 (UTC+120)
========================================================================

NPT equilibration completed on 05.06.2026 at 15:23:24


========================================================================
simulation timer start: 05.06.2026, 15:23:24.096 (UTC+120)
------------------------------------------------------------------------
     1000 steps completed on 05.06.2026 at 15:23:25
     2000 steps completed on 05.06.2026 at 15:23:26
     3000 steps completed on 05.06.2026 at 15:23:27
     4000 steps completed on 05.06.2026 at 15:23:28
     5000 steps completed on 05.06.2026 at 15:23:30
Saving simulation results
Opening file <NPTSVC_Ar_1.res> for writing (unit 1017)
File <NPTSVC_Ar_1.res> closed (unit 1017)
     6000 steps completed on 05.06.2026 at 15:23:31
     7000 steps completed on 05.06.2026 at 15:23:32
     8000 steps completed on 05.06.2026 at 15:23:34
     9000 steps completed on 05.06.2026 at 15:23:35
    10000 steps completed on 05.06.2026 at 15:23:36
Saving simulation results
Opening file <NPTSVC_Ar_1.res> for writing (unit 1017)
File <NPTSVC_Ar_1.res> closed (unit 1017)
    11000 steps completed on 05.06.2026 at 15:23:37
    12000 steps completed on 05.06.2026 at 15:23:38
    13000 steps completed on 05.06.2026 at 15:23:40
Saving simulation results
Opening file <NPTSVC_Ar_1.res> for writing (unit 1017)
File <NPTSVC_Ar_1.res> closed (unit 1017)
------------------------------------------------------------------------
Duration:
 simulation wtime        diff:  16.1039570    -  16.1039880
                             <=    0h  0min 16.10399sec (+- 0.10E-05sec)
simulation timer stop: 05.06.2026, 15:23:40.200 (UTC+120)
========================================================================


Saving simulation restart file
Saving restart file NPTSVC_Ar.rst on 05.06.2026 at 15:23:40
Opening file <NPTSVC_Ar.rst> for writing (unit 1005)
saving restart data at step     13000 /     33000
still to be done: (NVT)Equilibration  F F
writing ensemble      1 on 05.06.2026 at 15:23:40
File <NPTSVC_Ar.rst> closed (unit 1005)
Finished saving restart file NPTSVC_Ar.rst on 05.06.2026 at 15:23:40
------------------------------------------------------------------------
Duration:
 TSimulation_Run system_clock diff:  29.7169991    sec
                 =    0h  0min 29.71700sec (+i*  596h 31min 23.75000sec)
 TSimulation_Run wtime   root diff:  29.7170840
                              =    0h  0min 29.71708sec (+- 0.10E-05sec)
TSimulation_Run timer stop: 05.06.2026, 15:23:40.200 (UTC+120)
========================================================================


File <*.run or *.rav> closed
File <*.run or *.rav> closed

************************************************************************
Program terminated on 05.06.2026 at 15:23:40
************************************************************************
