ms2 logfile SVC_Ar.log created by PE0 on 05.06.2026 at 15:24:38

**************************************************************************
*                         Molecular Simulation 2                         *
**************************************************************************

============================================================================
*                         Publishing with ms2                              *
* Every user agrees to cite ms2 upon usage as follows                      *
* ------------------------------------------------------------------------ *
* I. Nitzke, G. Guevara-Carrion, D. Saric, S. Homes, S. Stephan,           *
* R. Fingerhut, M. Bernreuther, H. Hasse, J. Vrabec                        *
* Computer Physics Communications (2025)                                   *
============================================================================

**************************************************************************
* (c) by TU Kaiserslautern / TU Berlin                                   *
*     P.O. Box 67653                                                     *
*     67653 Kaiserslautern                                               *
**************************************************************************

**************************************************************************
* Updates and auxiliary routines are available from                      *
* http://www.ms-2.de                                                     *
**************************************************************************

Program ms2_GNU_mpi version 5.018
Hardware architecture: pc/gfortran
Compiler version     : GNU gfortran140200
Compiler flags       : MPI=1 MPI_USE_MODULE=1
Compile time         : Jun  5 2026,15:21:21
Real Kind            : 8

Hostname             : Francis-1897.local
started by user Isabel on 05.06.2026 at 15:24:38

------------------------------------------------------------------------
Parallelization:
MPI version        : 3.1
Number of processes:   2
Root process rank  :   0
rank:  I/O: processor name:
    0   +   Francis-1897.local
    1   +   Francis-1897.local


------------------------------------------------------------------------
Signal handler set successfully
Random number generator initialized
------------------------------------------------------------------------

************************************************************************
                       Reading Simulation Input
************************************************************************
Opening file <SVC_Ar.par> for reading (unit 1002)

------------------------------------------------------------------------
                   Reading parameters of simulation
Name tag for output (default):             SVC_Ar

setting WallTime to default value   20160
Specified walltime:   20160 m
setting TimeLimit to default value      60
Specified time limit:    60 m

System of units:         SI
Unit of length:          3.500 A
Unit of energy:        100.000 K
Unit of mass:           40.000 a.u.

Simulation type:         Second Virial Coefficient
Number of orientations:   1000
Number of radial steps     200
Minimum radius:              2.000 A
Maximum radius:             20.000 A
Number of ensembles:     1
setting mpiEnsembleGroups to default value       0
setting ClusterIsCriteria to default value no
Cluster Criteria evaluation:    .false.
setting TransMethod to default value None

------------------------------------------------------------------------
             Reading parameters of ensemble  1
Temperature:               500.000 K
Reduced temperature:         5.000000
Number of components:        1
Opening file <Ar.pm> for reading (unit 1003)
File <Ar.pm> closed (unit 1003)
Opening file <SVC_Ar.Ar.nrm> for writing (unit 1004)
File <SVC_Ar.Ar.nrm> closed (unit 1004)
Normalized potential model for Ar.pm saved to file <SVC_Ar.Ar.nrm>
Opening file <Ar.pm> for reading (unit 1003)
File <Ar.pm> closed (unit 1003)
Opening file <SVC_Ar.Ar.nrm> for writing (unit 1004)
File <SVC_Ar.Ar.nrm> closed (unit 1004)
Normalized potential model for Ar.pm saved to file <SVC_Ar.Ar.nrm>
Memory for Ar.pm allocated successfully
Memory for Ar.pm allocated successfully
Cutoff correction to SVC of Ar.pm-Ar.pm from LJ: -0.00436937
File <SVC_Ar.par> closed (unit 1002)
                 Reading Simulation Input successful
************************************************************************



************************************************************************
                           Start Calculation of Second Virial Coefficient
************************************************************************
Opening file <SVC_Ar_1.run> for writing (unit 1015)

========================================================================
TSimulation_Run timer start: 05.06.2026, 15:24:38.438 (UTC+120)
------------------------------------------------------------------------


========================================================================
simulation timer start: 05.06.2026, 15:24:38.438 (UTC+120)
------------------------------------------------------------------------
      200 steps completed on 05.06.2026 at 15:24:45
------------------------------------------------------------------------
Duration:
 simulation wtime        diff:  6.65434200    -  6.65434500
                             <=    0h  0min  6.65435sec (+- 0.10E-05sec)
simulation timer stop: 05.06.2026, 15:24:45.092 (UTC+120)
========================================================================

Saving second virial coefficient  results
Opening file <SVC_Ar_1.res> for writing (unit 1017)
File <SVC_Ar_1.res> closed (unit 1017)

Saving simulation restart file
------------------------------------------------------------------------
Duration:
 TSimulation_Run system_clock diff:  6.65500021    sec
                 =    0h  0min  6.65500sec (+i*  596h 31min 23.75000sec)
 TSimulation_Run wtime   root diff:  6.65476700
                              =    0h  0min  6.65477sec (+- 0.10E-05sec)
TSimulation_Run timer stop: 05.06.2026, 15:24:45.093 (UTC+120)
========================================================================


File <SVC_Ar_1.run> closed (unit 1015)

************************************************************************
Program terminated on 05.06.2026 at 15:24:45
************************************************************************
