ms2 logfile NVT_MD_1CLJ.log created by PE0 on 02.07.2026 at 14:20:25

**************************************************************************
*                         Molecular Simulation 2                         *
**************************************************************************

============================================================================
*                         Publishing with ms2                              *
* Every user agrees to cite ms2 upon usage as follows                      *
* ------------------------------------------------------------------------ *
* I. Nitzke, G. Guevara-Carrion, D. Saric, S. Homes, S. Stephan,           *
* R. Fingerhut, M. Bernreuther, H. Hasse, J. Vrabec                        *
* Computer Physics Communications (2025)                                   *
============================================================================

**************************************************************************
* (c) by OVGU Magdeburg / TU Berlin                                      *
**************************************************************************

**************************************************************************
* Source code and latest version:                                        *
* https://github.com/moltherm-computation/ms2                            *
**************************************************************************

Program ms2_GNU_mpi version 5.023
Hardware architecture: pc/gfortran
Compiler version     : GNU gfortran140200
Compiler flags       : MPI=1 MPI_USE_MODULE=1
Compile time         : Jul  2 2026,12:45:39
Real Kind            : 8

Hostname             : Francis-1897.local
started by user Isabel on 02.07.2026 at 14:20:25

------------------------------------------------------------------------
Parallelization:
MPI version        : 3.1
Number of processes:   4
Root process rank  :   0
rank:  I/O: processor name:
    0   +   Francis-1897.local
    1   +   Francis-1897.local
    2   +   Francis-1897.local
    3   +   Francis-1897.local


------------------------------------------------------------------------
Signal handler set successfully
Random number generator initialized
------------------------------------------------------------------------

************************************************************************
                       Reading Simulation Input
************************************************************************
Opening file <NVT_MD_1CLJ.par> for reading (unit 1002)

------------------------------------------------------------------------
                   Reading parameters of simulation
Name tag for output (default):             NVT_MD_1CLJ

setting WallTime to default value   20160
Specified walltime:   20160 m
setting TimeLimit to default value      60
Specified time limit:    60 m

System of units:         reduced
Unit of length:          1.000 A
Unit of energy:          1.000 K
Unit of mass:            1.000 a.u.

Simulation type:         Molecular Dynamics
Integrator type:         Gear predictor-corrector
Time step:                0.548342 fs
Reduced time step:        0.000500

Ensemble type:           NVT

setting MCORSteps to default value       0
No MC overlap reduction
Number of NVT equilibration steps:       30000
Number of production steps:             100000

Result files will be updated each         1000 time steps
Final result files will be updated each   5000 time steps
Visualization files will not be created

setting RDFFreq to default value       0
RDF files will not be created

setting ODFRecordingFreq to default value       0
ODF files will not be created

setting KBIFreq to default value       0
KBI files will not be created

Alpha2 will be updated each                  1 time steps
Alpha2 correlation length                 1000 time steps
Alpha2 correlation span                    100 time steps

Cutoff mode:             Center of Mass

setting LongRange to default value rf
Long Range Correction: Reaction Field
Number of ensembles:     1
setting mpiEnsembleGroups to default value       0
setting ClusterCriteria to default value no
Cluster Criteria evaluation:    .false.
setting TransMethod to default value None

------------------------------------------------------------------------
             Reading parameters of ensemble  1
Temperature:                 1.000 K
Density:                  1992.648 mol/l
Reduced temperature:         1.000000
Reduced density:             1.200000
setting ResidTime to default value no
Calculation of residence time: no
setting CommonEqui to default value no
MD simulation: Logical CommonEqui no is invalid, set to yes
Number of components:        1
------------------------------------------------------------------------
            Reading component  1 for ensemble
Mole fraction of component 1CLJ.pm:  1.000000
Chemical potential of 1CLJ.pm will be calculated by:
         -> no calculation
Opening file <1CLJ.pm> for reading (unit 1003)
File <1CLJ.pm> closed (unit 1003)
Opening file <NVT_MD_1CLJ.1CLJ.nrm> for writing (unit 1004)
File <NVT_MD_1CLJ.1CLJ.nrm> closed (unit 1004)
Normalized potential model for 1CLJ.pm saved to file <NVT_MD_1CLJ.1CLJ.nrm>
       Reading component  1 for ensemble successful
------------------------------------------------------------------------
The mole fraction(s) may be slightly changed due to the number of particle(s).
Number of particles:                      1372
Mole fraction of 1CLJ.pm:                    1.000
         ->  number of particles:         1372
Memory for 1CLJ.pm allocated successfully

Reduced center of mass cutoff radius:        4.000

Cutoff correction to
- potential energy from LJ                  -0.13088904
- pressure from LJ                          -0.26175678
- chem. pot. of 1CLJ.pm from LJ             -0.26177809
- potential energy from reaction field (RF)  0.00000000
- pressure from reaction field:              0.00000000
- chem. pot. of 1CLJ.pm from RF              0.00000000

Initialize positions:
         FCC lattice:   4 *   7x   7x   7 cells
         with  4 molecules/cell
              Reading ensemble   1 successful
------------------------------------------------------------------------
File <NVT_MD_1CLJ.par> closed (unit 1002)
                 Reading Simulation Input successful
************************************************************************



************************************************************************
                           Start Simulation
************************************************************************
Opening file <NVT_MD_1CLJ_1.run> for writing (unit 1015)
Opening file <NVT_MD_1CLJ_1.rav> for writing (unit 1016)

========================================================================
TSimulation_Run timer start: 02.07.2026, 14:20:25.719 (UTC+120)
------------------------------------------------------------------------


========================================================================
NVT equilibration timer start: 02.07.2026, 14:20:25.719 (UTC+120)
------------------------------------------------------------------------
     1000 steps completed on 02.07.2026 at 14:20:27
     2000 steps completed on 02.07.2026 at 14:20:30
     3000 steps completed on 02.07.2026 at 14:20:32
     4000 steps completed on 02.07.2026 at 14:20:34
     5000 steps completed on 02.07.2026 at 14:20:37
     6000 steps completed on 02.07.2026 at 14:20:39
     7000 steps completed on 02.07.2026 at 14:20:41
     8000 steps completed on 02.07.2026 at 14:20:43
     9000 steps completed on 02.07.2026 at 14:20:45
    10000 steps completed on 02.07.2026 at 14:20:48
    11000 steps completed on 02.07.2026 at 14:20:50
    12000 steps completed on 02.07.2026 at 14:20:52
    13000 steps completed on 02.07.2026 at 14:20:55
    14000 steps completed on 02.07.2026 at 14:20:57
    15000 steps completed on 02.07.2026 at 14:20:59
    16000 steps completed on 02.07.2026 at 14:21:01
    17000 steps completed on 02.07.2026 at 14:21:04
    18000 steps completed on 02.07.2026 at 14:21:06
    19000 steps completed on 02.07.2026 at 14:21:08
    20000 steps completed on 02.07.2026 at 14:21:10
    21000 steps completed on 02.07.2026 at 14:21:13
    22000 steps completed on 02.07.2026 at 14:21:15
    23000 steps completed on 02.07.2026 at 14:21:17
    24000 steps completed on 02.07.2026 at 14:21:19
    25000 steps completed on 02.07.2026 at 14:21:22
    26000 steps completed on 02.07.2026 at 14:21:24
    27000 steps completed on 02.07.2026 at 14:21:26
    28000 steps completed on 02.07.2026 at 14:21:28
    29000 steps completed on 02.07.2026 at 14:21:31
    30000 steps completed on 02.07.2026 at 14:21:33
------------------------------------------------------------------------
Duration:
 NVT equilibration wtime        diff:  67.6550790    -  67.6550850
                             <=    0h  1min  7.65508sec (+- 0.10E-05sec)
NVT equilibration timer stop: 02.07.2026, 14:21:33.374 (UTC+120)
========================================================================

NVT equilibration completed on 02.07.2026 at 14:21:33


========================================================================
simulation timer start: 02.07.2026, 14:21:33.374 (UTC+120)
------------------------------------------------------------------------
     1000 steps completed on 02.07.2026 at 14:21:35
     2000 steps completed on 02.07.2026 at 14:21:37
     3000 steps completed on 02.07.2026 at 14:21:40
     4000 steps completed on 02.07.2026 at 14:21:42
     5000 steps completed on 02.07.2026 at 14:21:44
Saving simulation results
Opening file <NVT_MD_1CLJ_1.res> for writing (unit 1017)
File <NVT_MD_1CLJ_1.res> closed (unit 1017)
Opening file <NVT_MD_1CLJ_1.a2rav> for writing (unit 1026)
File <NVT_MD_1CLJ_1.a2rav> closed (unit 1026)
     6000 steps completed on 02.07.2026 at 14:21:47
     7000 steps completed on 02.07.2026 at 14:21:49
     8000 steps completed on 02.07.2026 at 14:21:51
     9000 steps completed on 02.07.2026 at 14:21:53
    10000 steps completed on 02.07.2026 at 14:21:56
Saving simulation results
Opening file <NVT_MD_1CLJ_1.res> for writing (unit 1017)
File <NVT_MD_1CLJ_1.res> closed (unit 1017)
Opening file <NVT_MD_1CLJ_1.a2rav> for writing (unit 1026)
File <NVT_MD_1CLJ_1.a2rav> closed (unit 1026)
    11000 steps completed on 02.07.2026 at 14:21:58
    12000 steps completed on 02.07.2026 at 14:22:00
    13000 steps completed on 02.07.2026 at 14:22:03
    14000 steps completed on 02.07.2026 at 14:22:05
    15000 steps completed on 02.07.2026 at 14:22:07
Saving simulation results
Opening file <NVT_MD_1CLJ_1.res> for writing (unit 1017)
File <NVT_MD_1CLJ_1.res> closed (unit 1017)
Opening file <NVT_MD_1CLJ_1.a2rav> for writing (unit 1026)
File <NVT_MD_1CLJ_1.a2rav> closed (unit 1026)
    16000 steps completed on 02.07.2026 at 14:22:09
    17000 steps completed on 02.07.2026 at 14:22:12
    18000 steps completed on 02.07.2026 at 14:22:14
    19000 steps completed on 02.07.2026 at 14:22:16
    20000 steps completed on 02.07.2026 at 14:22:19
Saving simulation results
Opening file <NVT_MD_1CLJ_1.res> for writing (unit 1017)
File <NVT_MD_1CLJ_1.res> closed (unit 1017)
Opening file <NVT_MD_1CLJ_1.a2rav> for writing (unit 1026)
File <NVT_MD_1CLJ_1.a2rav> closed (unit 1026)
    21000 steps completed on 02.07.2026 at 14:22:21
    22000 steps completed on 02.07.2026 at 14:22:23
    23000 steps completed on 02.07.2026 at 14:22:25
    24000 steps completed on 02.07.2026 at 14:22:28
    25000 steps completed on 02.07.2026 at 14:22:30
Saving simulation results
Opening file <NVT_MD_1CLJ_1.res> for writing (unit 1017)
File <NVT_MD_1CLJ_1.res> closed (unit 1017)
Opening file <NVT_MD_1CLJ_1.a2rav> for writing (unit 1026)
File <NVT_MD_1CLJ_1.a2rav> closed (unit 1026)
    26000 steps completed on 02.07.2026 at 14:22:32
    27000 steps completed on 02.07.2026 at 14:22:34
    28000 steps completed on 02.07.2026 at 14:22:37
    29000 steps completed on 02.07.2026 at 14:22:39
    30000 steps completed on 02.07.2026 at 14:22:42
Saving simulation results
Opening file <NVT_MD_1CLJ_1.res> for writing (unit 1017)
File <NVT_MD_1CLJ_1.res> closed (unit 1017)
Opening file <NVT_MD_1CLJ_1.a2rav> for writing (unit 1026)
File <NVT_MD_1CLJ_1.a2rav> closed (unit 1026)
    31000 steps completed on 02.07.2026 at 14:22:44
    32000 steps completed on 02.07.2026 at 14:22:46
    33000 steps completed on 02.07.2026 at 14:22:48
    34000 steps completed on 02.07.2026 at 14:22:51
    35000 steps completed on 02.07.2026 at 14:22:53
Saving simulation results
Opening file <NVT_MD_1CLJ_1.res> for writing (unit 1017)
File <NVT_MD_1CLJ_1.res> closed (unit 1017)
Opening file <NVT_MD_1CLJ_1.a2rav> for writing (unit 1026)
File <NVT_MD_1CLJ_1.a2rav> closed (unit 1026)
    36000 steps completed on 02.07.2026 at 14:22:55
    37000 steps completed on 02.07.2026 at 14:22:58
    38000 steps completed on 02.07.2026 at 14:23:00
    39000 steps completed on 02.07.2026 at 14:23:02
    40000 steps completed on 02.07.2026 at 14:23:04
Saving simulation results
Opening file <NVT_MD_1CLJ_1.res> for writing (unit 1017)
File <NVT_MD_1CLJ_1.res> closed (unit 1017)
Opening file <NVT_MD_1CLJ_1.a2rav> for writing (unit 1026)
File <NVT_MD_1CLJ_1.a2rav> closed (unit 1026)
    41000 steps completed on 02.07.2026 at 14:23:07
    42000 steps completed on 02.07.2026 at 14:23:09
    43000 steps completed on 02.07.2026 at 14:23:11
    44000 steps completed on 02.07.2026 at 14:23:14
    45000 steps completed on 02.07.2026 at 14:23:16
Saving simulation results
Opening file <NVT_MD_1CLJ_1.res> for writing (unit 1017)
File <NVT_MD_1CLJ_1.res> closed (unit 1017)
Opening file <NVT_MD_1CLJ_1.a2rav> for writing (unit 1026)
File <NVT_MD_1CLJ_1.a2rav> closed (unit 1026)
    46000 steps completed on 02.07.2026 at 14:23:18
    47000 steps completed on 02.07.2026 at 14:23:21
    48000 steps completed on 02.07.2026 at 14:23:23
    49000 steps completed on 02.07.2026 at 14:23:25
    50000 steps completed on 02.07.2026 at 14:23:28
Saving simulation results
Opening file <NVT_MD_1CLJ_1.res> for writing (unit 1017)
File <NVT_MD_1CLJ_1.res> closed (unit 1017)
Opening file <NVT_MD_1CLJ_1.a2rav> for writing (unit 1026)
File <NVT_MD_1CLJ_1.a2rav> closed (unit 1026)
    51000 steps completed on 02.07.2026 at 14:23:30
    52000 steps completed on 02.07.2026 at 14:23:32
    53000 steps completed on 02.07.2026 at 14:23:34
    54000 steps completed on 02.07.2026 at 14:23:37
    55000 steps completed on 02.07.2026 at 14:23:39
Saving simulation results
Opening file <NVT_MD_1CLJ_1.res> for writing (unit 1017)
File <NVT_MD_1CLJ_1.res> closed (unit 1017)
Opening file <NVT_MD_1CLJ_1.a2rav> for writing (unit 1026)
File <NVT_MD_1CLJ_1.a2rav> closed (unit 1026)
    56000 steps completed on 02.07.2026 at 14:23:41
    57000 steps completed on 02.07.2026 at 14:23:43
    58000 steps completed on 02.07.2026 at 14:23:46
    59000 steps completed on 02.07.2026 at 14:23:48
    60000 steps completed on 02.07.2026 at 14:23:50
Saving simulation results
Opening file <NVT_MD_1CLJ_1.res> for writing (unit 1017)
File <NVT_MD_1CLJ_1.res> closed (unit 1017)
Opening file <NVT_MD_1CLJ_1.a2rav> for writing (unit 1026)
File <NVT_MD_1CLJ_1.a2rav> closed (unit 1026)
    61000 steps completed on 02.07.2026 at 14:23:53
    62000 steps completed on 02.07.2026 at 14:23:55
    63000 steps completed on 02.07.2026 at 14:23:57
    64000 steps completed on 02.07.2026 at 14:23:59
    65000 steps completed on 02.07.2026 at 14:24:02
Saving simulation results
Opening file <NVT_MD_1CLJ_1.res> for writing (unit 1017)
File <NVT_MD_1CLJ_1.res> closed (unit 1017)
Opening file <NVT_MD_1CLJ_1.a2rav> for writing (unit 1026)
File <NVT_MD_1CLJ_1.a2rav> closed (unit 1026)
    66000 steps completed on 02.07.2026 at 14:24:04
    67000 steps completed on 02.07.2026 at 14:24:06
    68000 steps completed on 02.07.2026 at 14:24:09
    69000 steps completed on 02.07.2026 at 14:24:11
    70000 steps completed on 02.07.2026 at 14:24:13
Saving simulation results
Opening file <NVT_MD_1CLJ_1.res> for writing (unit 1017)
File <NVT_MD_1CLJ_1.res> closed (unit 1017)
Opening file <NVT_MD_1CLJ_1.a2rav> for writing (unit 1026)
File <NVT_MD_1CLJ_1.a2rav> closed (unit 1026)
    71000 steps completed on 02.07.2026 at 14:24:15
    72000 steps completed on 02.07.2026 at 14:24:18
    73000 steps completed on 02.07.2026 at 14:24:20
    74000 steps completed on 02.07.2026 at 14:24:22
    75000 steps completed on 02.07.2026 at 14:24:24
Saving simulation results
Opening file <NVT_MD_1CLJ_1.res> for writing (unit 1017)
File <NVT_MD_1CLJ_1.res> closed (unit 1017)
Opening file <NVT_MD_1CLJ_1.a2rav> for writing (unit 1026)
File <NVT_MD_1CLJ_1.a2rav> closed (unit 1026)
    76000 steps completed on 02.07.2026 at 14:24:27
    77000 steps completed on 02.07.2026 at 14:24:29
    78000 steps completed on 02.07.2026 at 14:24:31
    79000 steps completed on 02.07.2026 at 14:24:34
    80000 steps completed on 02.07.2026 at 14:24:36
Saving simulation results
Opening file <NVT_MD_1CLJ_1.res> for writing (unit 1017)
File <NVT_MD_1CLJ_1.res> closed (unit 1017)
Opening file <NVT_MD_1CLJ_1.a2rav> for writing (unit 1026)
File <NVT_MD_1CLJ_1.a2rav> closed (unit 1026)
    81000 steps completed on 02.07.2026 at 14:24:38
    82000 steps completed on 02.07.2026 at 14:24:40
    83000 steps completed on 02.07.2026 at 14:24:43
    84000 steps completed on 02.07.2026 at 14:24:45
    85000 steps completed on 02.07.2026 at 14:24:47
Saving simulation results
Opening file <NVT_MD_1CLJ_1.res> for writing (unit 1017)
File <NVT_MD_1CLJ_1.res> closed (unit 1017)
Opening file <NVT_MD_1CLJ_1.a2rav> for writing (unit 1026)
File <NVT_MD_1CLJ_1.a2rav> closed (unit 1026)
    86000 steps completed on 02.07.2026 at 14:24:50
    87000 steps completed on 02.07.2026 at 14:24:52
    88000 steps completed on 02.07.2026 at 14:24:54
    89000 steps completed on 02.07.2026 at 14:24:56
    90000 steps completed on 02.07.2026 at 14:24:59
Saving simulation results
Opening file <NVT_MD_1CLJ_1.res> for writing (unit 1017)
File <NVT_MD_1CLJ_1.res> closed (unit 1017)
Opening file <NVT_MD_1CLJ_1.a2rav> for writing (unit 1026)
File <NVT_MD_1CLJ_1.a2rav> closed (unit 1026)
    91000 steps completed on 02.07.2026 at 14:25:01
    92000 steps completed on 02.07.2026 at 14:25:03
    93000 steps completed on 02.07.2026 at 14:25:05
    94000 steps completed on 02.07.2026 at 14:25:08
    95000 steps completed on 02.07.2026 at 14:25:10
Saving simulation results
Opening file <NVT_MD_1CLJ_1.res> for writing (unit 1017)
File <NVT_MD_1CLJ_1.res> closed (unit 1017)
Opening file <NVT_MD_1CLJ_1.a2rav> for writing (unit 1026)
File <NVT_MD_1CLJ_1.a2rav> closed (unit 1026)
    96000 steps completed on 02.07.2026 at 14:25:12
    97000 steps completed on 02.07.2026 at 14:25:15
    98000 steps completed on 02.07.2026 at 14:25:17
    99000 steps completed on 02.07.2026 at 14:25:19
   100000 steps completed on 02.07.2026 at 14:25:21
Saving simulation results
Opening file <NVT_MD_1CLJ_1.res> for writing (unit 1017)
File <NVT_MD_1CLJ_1.res> closed (unit 1017)
Opening file <NVT_MD_1CLJ_1.a2rav> for writing (unit 1026)
File <NVT_MD_1CLJ_1.a2rav> closed (unit 1026)
------------------------------------------------------------------------
Duration:
 simulation wtime        diff:  228.520405    -  228.520420
                             <=    0h  3min 48.52042sec (+- 0.10E-05sec)
simulation timer stop: 02.07.2026, 14:25:21.895 (UTC+120)
========================================================================


Saving simulation restart file
Saving restart file NVT_MD_1CLJ.rst on 02.07.2026 at 14:25:21
Opening file <NVT_MD_1CLJ.rst> for writing (unit 1005)
saving restart data at step    100000 /    130000
still to be done: (NVT)Equilibration  F F
writing ensemble      1 on 02.07.2026 at 14:25:21
File <NVT_MD_1CLJ.rst> closed (unit 1005)
Finished saving restart file NVT_MD_1CLJ.rst on 02.07.2026 at 14:25:21
------------------------------------------------------------------------
Duration:
 TSimulation_Run system_clock diff:  296.217010    sec
                 =    0h  4min 56.21701sec (+i*  596h 31min 23.75000sec)
 TSimulation_Run wtime   root diff:  296.217237
                              =    0h  4min 56.21724sec (+- 0.10E-05sec)
TSimulation_Run timer stop: 02.07.2026, 14:25:21.936 (UTC+120)
========================================================================


File <NVT_MD_1CLJ_1.rav> closed (unit 1016)
File <NVT_MD_1CLJ_1.run> closed (unit 1015)

************************************************************************
Program terminated on 02.07.2026 at 14:25:21
************************************************************************
