ms2 logfile MUPT_MC_1LCJ.log created by PE0 on 05.06.2026 at 09:14:30

**************************************************************************
*                         Molecular Simulation 2                         *
**************************************************************************

============================================================================
*                         Publishing with ms2                              *
* Every user agrees to cite ms2 upon usage as follows                      *
* ------------------------------------------------------------------------ *
* I. Nitzke, G. Guevara-Carrion, D. Saric, S. Homes, S. Stephan,           *
* R. Fingerhut, M. Bernreuther, H. Hasse, J. Vrabec                        *
* Computer Physics Communications (2025)                                   *
============================================================================

**************************************************************************
* (c) by TU Kaiserslautern / TU Berlin                                   *
*     P.O. Box 67653                                                     *
*     67653 Kaiserslautern                                               *
**************************************************************************

**************************************************************************
* Updates and auxiliary routines are available from                      *
* http://www.ms-2.de                                                     *
**************************************************************************

Program ms2_GNU_mpi version 5.017
Hardware architecture: pc/gfortran
Compiler version     : GNU gfortran140200
Compiler flags       : MPI=1 MPI_USE_MODULE=1
Compile time         : Jun  4 2026,15:59:13
Real Kind            : 8

Hostname             : Francis-1897.local
started by user Isabel on 05.06.2026 at 09:14:30

------------------------------------------------------------------------
Parallelization:
MPI version        : 3.1
Number of processes:   4
Root process rank  :   0
rank:  I/O: processor name:
    0   +   Francis-1897.local
    1   +   Francis-1897.local
    2   +   Francis-1897.local
    3   +   Francis-1897.local


------------------------------------------------------------------------
Signal handler set successfully
Random number generator initialized
------------------------------------------------------------------------

************************************************************************
                       Reading Simulation Input
************************************************************************
Opening file <MUPT_MC_1LCJ.par> for reading (unit 1002)

------------------------------------------------------------------------
                   Reading parameters of simulation
Name tag for output (default):             MUPT_MC_1LCJ

setting WallTime to default value   20160
Specified walltime:   20160 m
setting TimeLimit to default value      60
Specified time limit:    60 m

System of units:         reduced
Unit of length:          1.000 A
Unit of energy:          1.000 K
Unit of mass:            1.000 a.u.

Simulation type:         Monte-Carlo
Acceptance rate:        50.00%

Ensemble type:           MUPT

mpiMCCommonGroups:       2
splitting communicator with   4 PEs to   2 subcommunicators

File <MUPT_MC_1LCJ.par> closed (unit 1002)
Opening file <MUPT_MC_1LCJ.par> for reading (unit 1002)

Number of NVT equilibration steps:       10000
Number of MUPT equilibration steps:      20000
Number of production steps:             100000

Result files will be updated each         1000 time steps
Final result files will be updated each   5000 time steps
Visualization files will not be created

setting RDFFreq to default value       0
RDF files will not be created

setting ODFRecordingFreq to default value       0
ODF files will not be created

setting KBIFreq to default value       0
KBI files will not be created

setting ALPHA2Freq to default value       0

Cutoff mode:             Center of Mass

setting LongRange to default value rf
Long Range Correction: Reaction Field
Number of ensembles:     1
setting mpiEnsembleGroups to default value       0
setting ClusterIsCriteria to default value no
Cluster Criteria evaluation:    .false.
setting TransMethod to default value None

------------------------------------------------------------------------
             Reading parameters of ensemble  1
Temperature:                 4.000 K
Pressure:                   48.627 MPa
Density:                   830.270 mol/l
Reduced temperature:         4.000000
Reduced pressure:            3.522000
Reduced density:             0.500000
setting CommonEqui to default value no
Common equilibration:        no
Number of components:        1
------------------------------------------------------------------------
            Reading component  1 for ensemble
Mole fraction of component 1CLJ.pm:  1.000000
Reduced ChemPot0 of component 1CLJ.pm:  0.448000 ( 0.000000)
Opening file <1CLJ.pm> for reading (unit 1003)
File <1CLJ.pm> closed (unit 1003)
Opening file <MUPT_MC_1LCJ.1CLJ.nrm> for writing (unit 1004)
File <MUPT_MC_1LCJ.1CLJ.nrm> closed (unit 1004)
Normalized potential model for 1CLJ.pm saved to file <MUPT_MC_1LCJ.1CLJ.nrm>
       Reading component  1 for ensemble successful
------------------------------------------------------------------------
The mole fraction(s) may be slightly changed due to the number of particle(s).
Number of particles:                      1372
Mole fraction of 1CLJ.pm:                    1.000
         ->  number of particles:         1372
Memory for 1CLJ.pm allocated successfully

Reduced center of mass cutoff radius:        4.000

Cutoff correction to
- potential energy from LJ                  -0.13088904
- pressure from LJ                          -0.26175678
- chem. pot. of 1CLJ.pm from LJ             -0.26177809
- potential energy from reaction field (RF)  0.00000000
- pressure from reaction field:              0.00000000
- chem. pot. of 1CLJ.pm from RF              0.00000000

Initialize positions:
         FCC lattice:   4 *   7x   7x   7 cells
         with  4 molecules/cell
              Reading ensemble   1 successful
------------------------------------------------------------------------
File <MUPT_MC_1LCJ.par> closed (unit 1002)
                 Reading Simulation Input successful
************************************************************************



************************************************************************
                           Start Simulation
************************************************************************
opening file <MUPT_MC_1LCJ_1.run> for writing
opening file <MUPT_MC_1LCJ_1.rav> for writing

========================================================================
TSimulation_Run timer start: 05.06.2026, 09:14:30.698 (UTC+120)
------------------------------------------------------------------------
Random number generator initialized
------------------------------------------------------------------------



========================================================================
NVT equilibration timer start: 05.06.2026, 09:14:30.699 (UTC+120)
------------------------------------------------------------------------
     1000 steps completed on 05.06.2026 at 09:14:46
     2000 steps completed on 05.06.2026 at 09:15:02
     3000 steps completed on 05.06.2026 at 09:15:17
     4000 steps completed on 05.06.2026 at 09:15:33
     5000 steps completed on 05.06.2026 at 09:15:49
     6000 steps completed on 05.06.2026 at 09:16:05
     7000 steps completed on 05.06.2026 at 09:16:21
     8000 steps completed on 05.06.2026 at 09:16:37
     9000 steps completed on 05.06.2026 at 09:16:53
    10000 steps completed on 05.06.2026 at 09:17:10
------------------------------------------------------------------------
Duration:
 NVT equilibration wtime        diff:  159.495261    -  159.495262
                             <=    0h  2min 39.49526sec (+- 0.10E-05sec)
NVT equilibration timer stop: 05.06.2026, 09:17:10.194 (UTC+120)
========================================================================

NVT equilibration completed on 05.06.2026 at 09:17:10


========================================================================
MUPT equilibration timer start: 05.06.2026, 09:17:10.195 (UTC+120)
------------------------------------------------------------------------
     1000 steps completed on 05.06.2026 at 09:17:30
     2000 steps completed on 05.06.2026 at 09:17:50
     3000 steps completed on 05.06.2026 at 09:18:10
     4000 steps completed on 05.06.2026 at 09:18:30
     5000 steps completed on 05.06.2026 at 09:18:51
     6000 steps completed on 05.06.2026 at 09:19:11
     7000 steps completed on 05.06.2026 at 09:19:31
     8000 steps completed on 05.06.2026 at 09:19:51
     9000 steps completed on 05.06.2026 at 09:20:11
    10000 steps completed on 05.06.2026 at 09:20:31
    11000 steps completed on 05.06.2026 at 09:20:51
    12000 steps completed on 05.06.2026 at 09:21:11
    13000 steps completed on 05.06.2026 at 09:21:32
    14000 steps completed on 05.06.2026 at 09:21:53
    15000 steps completed on 05.06.2026 at 09:22:14
    16000 steps completed on 05.06.2026 at 09:22:35
    17000 steps completed on 05.06.2026 at 09:22:55
    18000 steps completed on 05.06.2026 at 09:23:16
    19000 steps completed on 05.06.2026 at 09:23:36
    20000 steps completed on 05.06.2026 at 09:23:56
------------------------------------------------------------------------
Duration:
 MUPT equilibration wtime        diff:  406.602537    -  406.602563
                             <=    0h  6min 46.60256sec (+- 0.10E-05sec)
MUPT equilibration timer stop: 05.06.2026, 09:23:56.797 (UTC+120)
========================================================================

MUPT equilibration completed on 05.06.2026 at 09:23:56


========================================================================
simulation timer start: 05.06.2026, 09:23:56.798 (UTC+120)
------------------------------------------------------------------------
     1000 steps completed on 05.06.2026 at 09:24:16
     2000 steps completed on 05.06.2026 at 09:24:36
     3000 steps completed on 05.06.2026 at 09:24:56
     4000 steps completed on 05.06.2026 at 09:25:16
     5000 steps completed on 05.06.2026 at 09:25:36
Saving simulation results
Opening file <MUPT_MC_1LCJ_1.res> for writing (unit 1017)
File <MUPT_MC_1LCJ_1.res> closed (unit 1017)
     6000 steps completed on 05.06.2026 at 09:25:55
     7000 steps completed on 05.06.2026 at 09:26:15
     8000 steps completed on 05.06.2026 at 09:26:34
     9000 steps completed on 05.06.2026 at 09:26:54
    10000 steps completed on 05.06.2026 at 09:27:13
Saving simulation results
Opening file <MUPT_MC_1LCJ_1.res> for writing (unit 1017)
File <MUPT_MC_1LCJ_1.res> closed (unit 1017)
    11000 steps completed on 05.06.2026 at 09:27:32
    12000 steps completed on 05.06.2026 at 09:27:52
    13000 steps completed on 05.06.2026 at 09:28:11
    14000 steps completed on 05.06.2026 at 09:28:30
    15000 steps completed on 05.06.2026 at 09:28:49
Saving simulation results
Opening file <MUPT_MC_1LCJ_1.res> for writing (unit 1017)
File <MUPT_MC_1LCJ_1.res> closed (unit 1017)
    16000 steps completed on 05.06.2026 at 09:29:09
    17000 steps completed on 05.06.2026 at 09:29:28
    18000 steps completed on 05.06.2026 at 09:29:47
    19000 steps completed on 05.06.2026 at 09:30:06
    20000 steps completed on 05.06.2026 at 09:30:26
Saving simulation results
Opening file <MUPT_MC_1LCJ_1.res> for writing (unit 1017)
File <MUPT_MC_1LCJ_1.res> closed (unit 1017)
    21000 steps completed on 05.06.2026 at 09:30:45
    22000 steps completed on 05.06.2026 at 09:31:04
    23000 steps completed on 05.06.2026 at 09:31:23
    24000 steps completed on 05.06.2026 at 09:31:42
    25000 steps completed on 05.06.2026 at 09:32:01
Saving simulation results
Opening file <MUPT_MC_1LCJ_1.res> for writing (unit 1017)
File <MUPT_MC_1LCJ_1.res> closed (unit 1017)
    26000 steps completed on 05.06.2026 at 09:32:20
    27000 steps completed on 05.06.2026 at 09:32:40
    28000 steps completed on 05.06.2026 at 09:32:59
    29000 steps completed on 05.06.2026 at 09:33:18
    30000 steps completed on 05.06.2026 at 09:33:37
Saving simulation results
Opening file <MUPT_MC_1LCJ_1.res> for writing (unit 1017)
File <MUPT_MC_1LCJ_1.res> closed (unit 1017)
    31000 steps completed on 05.06.2026 at 09:33:57
    32000 steps completed on 05.06.2026 at 09:34:17
    33000 steps completed on 05.06.2026 at 09:34:36
    34000 steps completed on 05.06.2026 at 09:34:55
    35000 steps completed on 05.06.2026 at 09:35:13
Saving simulation results
Opening file <MUPT_MC_1LCJ_1.res> for writing (unit 1017)
File <MUPT_MC_1LCJ_1.res> closed (unit 1017)
    36000 steps completed on 05.06.2026 at 09:35:31
    37000 steps completed on 05.06.2026 at 09:35:49
    38000 steps completed on 05.06.2026 at 09:36:08
    39000 steps completed on 05.06.2026 at 09:36:26
    40000 steps completed on 05.06.2026 at 09:36:44
Saving simulation results
Opening file <MUPT_MC_1LCJ_1.res> for writing (unit 1017)
File <MUPT_MC_1LCJ_1.res> closed (unit 1017)
    41000 steps completed on 05.06.2026 at 09:37:03
    42000 steps completed on 05.06.2026 at 09:37:21
    43000 steps completed on 05.06.2026 at 09:37:39
    44000 steps completed on 05.06.2026 at 09:37:57
    45000 steps completed on 05.06.2026 at 09:38:16
Saving simulation results
Opening file <MUPT_MC_1LCJ_1.res> for writing (unit 1017)
File <MUPT_MC_1LCJ_1.res> closed (unit 1017)
    46000 steps completed on 05.06.2026 at 09:38:34
    47000 steps completed on 05.06.2026 at 09:38:52
    48000 steps completed on 05.06.2026 at 09:39:10
    49000 steps completed on 05.06.2026 at 09:39:29
    50000 steps completed on 05.06.2026 at 09:39:48
Saving simulation results
Opening file <MUPT_MC_1LCJ_1.res> for writing (unit 1017)
File <MUPT_MC_1LCJ_1.res> closed (unit 1017)
------------------------------------------------------------------------
Duration:
 simulation wtime        diff:  951.976440    -  951.976464
                             <=    0h 15min 51.97646sec (+- 0.10E-05sec)
simulation timer stop: 05.06.2026, 09:39:48.774 (UTC+120)
========================================================================


Saving simulation restart file
Saving restart file MUPT_MC_1LCJ_1.rst up to *_2.rst on 05.06.2026 at 09:39:48
Opening file <MUPT_MC_1LCJ_1.rst> for writing (unit 1005)
saving restart data at step     50000 /     80000
still to be done: (NVT)Equilibration  F F
writing ensemble      1 on 05.06.2026 at 09:39:48
File <MUPT_MC_1LCJ_1.rst> closed (unit 1005)
Finished saving restart file MUPT_MC_1LCJ_1.rst up to *_2.rst on 05.06.2026 at 09:39:48
------------------------------------------------------------------------
Duration:
 TSimulation_Run system_clock diff:  1518.08105    sec
                 =    0h 25min 18.08105sec (+i*  596h 31min 23.75000sec)
 TSimulation_Run wtime   root diff:  1518.07995
                              =    0h 25min 18.07995sec (+- 0.10E-05sec)
TSimulation_Run timer stop: 05.06.2026, 09:39:48.779 (UTC+120)
========================================================================


File <*.run or *.rav> closed
File <*.run or *.rav> closed

************************************************************************
Program terminated on 05.06.2026 at 09:39:48
************************************************************************
