ms2 logfile MUVL_MC_1LCJ.log created by PE0 on 04.06.2026 at 16:29:26

**************************************************************************
*                         Molecular Simulation 2                         *
**************************************************************************

============================================================================
*                         Publishing with ms2                              *
* Every user agrees to cite ms2 upon usage as follows                      *
* ------------------------------------------------------------------------ *
* I. Nitzke, G. Guevara-Carrion, D. Saric, S. Homes, S. Stephan,           *
* R. Fingerhut, M. Bernreuther, H. Hasse, J. Vrabec                        *
* Computer Physics Communications (2025)                                   *
============================================================================

**************************************************************************
* (c) by TU Kaiserslautern / TU Berlin                                   *
*     P.O. Box 67653                                                     *
*     67653 Kaiserslautern                                               *
**************************************************************************

**************************************************************************
* Updates and auxiliary routines are available from                      *
* http://www.ms-2.de                                                     *
**************************************************************************

Program ms2_GNU_mpi version 5.017
Hardware architecture: pc/gfortran
Compiler version     : GNU gfortran140200
Compiler flags       : MPI=1 MPI_USE_MODULE=1
Compile time         : Jun  4 2026,15:59:13
Real Kind            : 8

Hostname             : Francis-1897.local
started by user Isabel on 04.06.2026 at 16:29:26

------------------------------------------------------------------------
Parallelization:
MPI version        : 3.1
Number of processes:   4
Root process rank  :   0
rank:  I/O: processor name:
    0   +   Francis-1897.local
    1   +   Francis-1897.local
    2   +   Francis-1897.local
    3   +   Francis-1897.local


------------------------------------------------------------------------
Signal handler set successfully
Random number generator initialized
------------------------------------------------------------------------

************************************************************************
                       Reading Simulation Input
************************************************************************
Opening file <MUVL_MC_1LCJ.par> for reading (unit 1002)

------------------------------------------------------------------------
                   Reading parameters of simulation
Name tag for output (default):             MUVL_MC_1LCJ

setting WallTime to default value   20160
Specified walltime:   20160 m
setting TimeLimit to default value      60
Specified time limit:    60 m

System of units:         reduced
Unit of length:          1.000 A
Unit of energy:          1.000 K
Unit of mass:            1.000 a.u.

Simulation type:         Monte-Carlo
Acceptance rate:        50.00%

Ensemble type:           MUVL

mpiMCCommonGroups:       2
splitting communicator with   4 PEs to   2 subcommunicators

File <MUVL_MC_1LCJ.par> closed (unit 1002)
Opening file <MUVL_MC_1LCJ.par> for reading (unit 1002)

Number of NVT equilibration steps:       10000
Number of MUVL equilibration steps:      20000
Number of production steps:             100000

Result files will be updated each         1000 time steps
Final result files will be updated each   5000 time steps
Visualization files will not be created

setting RDFFreq to default value       0
RDF files will not be created

setting ODFRecordingFreq to default value       0
ODF files will not be created

setting KBIFreq to default value       0
KBI files will not be created

setting ALPHA2Freq to default value       0

Cutoff mode:             Center of Mass

setting LongRange to default value rf
Long Range Correction: Reaction Field
Number of ensembles:     1
setting mpiEnsembleGroups to default value       0
setting ClusterIsCriteria to default value no
Cluster Criteria evaluation:    .false.
setting TransMethod to default value None

------------------------------------------------------------------------
             Reading parameters of ensemble  1
Temperature:                 4.000 K
Density:                   830.270 mol/l
Hamiltonian:                28.236 J/mol
Reduced temperature:         4.000000
Reduced density:             0.500000
Reduced Hamiltonian:         3.396 J/mol
setting CommonEqui to default value no
Common equilibration:        no
Number of components:        1
------------------------------------------------------------------------
            Reading component  1 for ensemble
Mole fraction of component 1CLJ.pm:  1.000000
Reduced ChemPot0 of component 1CLJ.pm:  0.448000 ( 0.000000)
Opening file <1CLJ.pm> for reading (unit 1003)
File <1CLJ.pm> closed (unit 1003)
Opening file <MUVL_MC_1LCJ.1CLJ.nrm> for writing (unit 1004)
File <MUVL_MC_1LCJ.1CLJ.nrm> closed (unit 1004)
Normalized potential model for 1CLJ.pm saved to file <MUVL_MC_1LCJ.1CLJ.nrm>
       Reading component  1 for ensemble successful
------------------------------------------------------------------------
The mole fraction(s) may be slightly changed due to the number of particle(s).
Number of particles:                      1372
Mole fraction of 1CLJ.pm:                    1.000
         ->  number of particles:         1372
Memory for 1CLJ.pm allocated successfully

Reduced center of mass cutoff radius:        4.000

Cutoff correction to
- potential energy from LJ                  -0.13088904
- pressure from LJ                          -0.26175678
- chem. pot. of 1CLJ.pm from LJ             -0.26177809
- potential energy from reaction field (RF)  0.00000000
- pressure from reaction field:              0.00000000
- chem. pot. of 1CLJ.pm from RF              0.00000000

Initialize positions:
         FCC lattice:   4 *   7x   7x   7 cells
         with  4 molecules/cell
              Reading ensemble   1 successful
------------------------------------------------------------------------
File <MUVL_MC_1LCJ.par> closed (unit 1002)
                 Reading Simulation Input successful
************************************************************************



************************************************************************
                           Start Simulation
************************************************************************
opening file <MUVL_MC_1LCJ_1.run> for writing
opening file <MUVL_MC_1LCJ_1.rav> for writing

========================================================================
TSimulation_Run timer start: 04.06.2026, 16:29:26.103 (UTC+120)
------------------------------------------------------------------------
Random number generator initialized
------------------------------------------------------------------------



========================================================================
NVT equilibration timer start: 04.06.2026, 16:29:26.104 (UTC+120)
------------------------------------------------------------------------
     1000 steps completed on 04.06.2026 at 16:29:41
     2000 steps completed on 04.06.2026 at 16:29:57
     3000 steps completed on 04.06.2026 at 16:30:13
     4000 steps completed on 04.06.2026 at 16:30:28
     5000 steps completed on 04.06.2026 at 16:30:44
     6000 steps completed on 04.06.2026 at 16:31:00
     7000 steps completed on 04.06.2026 at 16:31:16
     8000 steps completed on 04.06.2026 at 16:31:32
     9000 steps completed on 04.06.2026 at 16:31:48
    10000 steps completed on 04.06.2026 at 16:32:03
------------------------------------------------------------------------
Duration:
 NVT equilibration wtime        diff:  157.767005    -  157.767024
                             <=    0h  2min 37.76702sec (+- 0.10E-05sec)
NVT equilibration timer stop: 04.06.2026, 16:32:03.871 (UTC+120)
========================================================================

NVT equilibration completed on 04.06.2026 at 16:32:03


========================================================================
MUVL equilibration timer start: 04.06.2026, 16:32:03.871 (UTC+120)
------------------------------------------------------------------------
     1000 steps completed on 04.06.2026 at 16:32:19
     2000 steps completed on 04.06.2026 at 16:32:35
     3000 steps completed on 04.06.2026 at 16:32:51
     4000 steps completed on 04.06.2026 at 16:33:07
     5000 steps completed on 04.06.2026 at 16:33:24
     6000 steps completed on 04.06.2026 at 16:33:40
     7000 steps completed on 04.06.2026 at 16:33:56
     8000 steps completed on 04.06.2026 at 16:34:13
     9000 steps completed on 04.06.2026 at 16:34:30
    10000 steps completed on 04.06.2026 at 16:34:46
    11000 steps completed on 04.06.2026 at 16:35:02
    12000 steps completed on 04.06.2026 at 16:35:18
    13000 steps completed on 04.06.2026 at 16:35:34
    14000 steps completed on 04.06.2026 at 16:35:50
    15000 steps completed on 04.06.2026 at 16:36:06
    16000 steps completed on 04.06.2026 at 16:36:22
    17000 steps completed on 04.06.2026 at 16:36:38
    18000 steps completed on 04.06.2026 at 16:36:55
    19000 steps completed on 04.06.2026 at 16:37:11
    20000 steps completed on 04.06.2026 at 16:37:27
------------------------------------------------------------------------
Duration:
 MUVL equilibration wtime        diff:  324.091146    -  324.091204
                             <=    0h  5min 24.09120sec (+- 0.10E-05sec)
MUVL equilibration timer stop: 04.06.2026, 16:37:27.962 (UTC+120)
========================================================================

MUVL equilibration completed on 04.06.2026 at 16:37:27


========================================================================
simulation timer start: 04.06.2026, 16:37:27.962 (UTC+120)
------------------------------------------------------------------------
     1000 steps completed on 04.06.2026 at 16:37:44
     2000 steps completed on 04.06.2026 at 16:38:00
     3000 steps completed on 04.06.2026 at 16:38:16
     4000 steps completed on 04.06.2026 at 16:38:34
     5000 steps completed on 04.06.2026 at 16:38:50
Saving simulation results
Opening file <MUVL_MC_1LCJ_1.res> for writing (unit 1017)
File <MUVL_MC_1LCJ_1.res> closed (unit 1017)
     6000 steps completed on 04.06.2026 at 16:39:07
     7000 steps completed on 04.06.2026 at 16:39:24
     8000 steps completed on 04.06.2026 at 16:39:40
     9000 steps completed on 04.06.2026 at 16:39:57
    10000 steps completed on 04.06.2026 at 16:40:13
Saving simulation results
Opening file <MUVL_MC_1LCJ_1.res> for writing (unit 1017)
File <MUVL_MC_1LCJ_1.res> closed (unit 1017)
    11000 steps completed on 04.06.2026 at 16:40:29
    12000 steps completed on 04.06.2026 at 16:40:45
    13000 steps completed on 04.06.2026 at 16:41:02
    14000 steps completed on 04.06.2026 at 16:41:19
    15000 steps completed on 04.06.2026 at 16:41:36
Saving simulation results
Opening file <MUVL_MC_1LCJ_1.res> for writing (unit 1017)
File <MUVL_MC_1LCJ_1.res> closed (unit 1017)
    16000 steps completed on 04.06.2026 at 16:41:53
    17000 steps completed on 04.06.2026 at 16:42:09
    18000 steps completed on 04.06.2026 at 16:42:25
    19000 steps completed on 04.06.2026 at 16:42:42
    20000 steps completed on 04.06.2026 at 16:42:58
Saving simulation results
Opening file <MUVL_MC_1LCJ_1.res> for writing (unit 1017)
File <MUVL_MC_1LCJ_1.res> closed (unit 1017)
    21000 steps completed on 04.06.2026 at 16:43:14
    22000 steps completed on 04.06.2026 at 16:43:30
    23000 steps completed on 04.06.2026 at 16:43:46
    24000 steps completed on 04.06.2026 at 16:44:02
    25000 steps completed on 04.06.2026 at 16:44:19
Saving simulation results
Opening file <MUVL_MC_1LCJ_1.res> for writing (unit 1017)
File <MUVL_MC_1LCJ_1.res> closed (unit 1017)
    26000 steps completed on 04.06.2026 at 16:44:35
    27000 steps completed on 04.06.2026 at 16:44:51
    28000 steps completed on 04.06.2026 at 16:45:08
    29000 steps completed on 04.06.2026 at 16:45:24
    30000 steps completed on 04.06.2026 at 16:45:40
Saving simulation results
Opening file <MUVL_MC_1LCJ_1.res> for writing (unit 1017)
File <MUVL_MC_1LCJ_1.res> closed (unit 1017)
    31000 steps completed on 04.06.2026 at 16:45:56
    32000 steps completed on 04.06.2026 at 16:46:12
    33000 steps completed on 04.06.2026 at 16:46:28
    34000 steps completed on 04.06.2026 at 16:46:44
    35000 steps completed on 04.06.2026 at 16:47:00
Saving simulation results
Opening file <MUVL_MC_1LCJ_1.res> for writing (unit 1017)
File <MUVL_MC_1LCJ_1.res> closed (unit 1017)
    36000 steps completed on 04.06.2026 at 16:47:16
    37000 steps completed on 04.06.2026 at 16:47:33
    38000 steps completed on 04.06.2026 at 16:47:49
    39000 steps completed on 04.06.2026 at 16:48:05
    40000 steps completed on 04.06.2026 at 16:48:21
Saving simulation results
Opening file <MUVL_MC_1LCJ_1.res> for writing (unit 1017)
File <MUVL_MC_1LCJ_1.res> closed (unit 1017)
    41000 steps completed on 04.06.2026 at 16:48:36
    42000 steps completed on 04.06.2026 at 16:48:52
    43000 steps completed on 04.06.2026 at 16:49:08
    44000 steps completed on 04.06.2026 at 16:49:24
    45000 steps completed on 04.06.2026 at 16:49:40
Saving simulation results
Opening file <MUVL_MC_1LCJ_1.res> for writing (unit 1017)
File <MUVL_MC_1LCJ_1.res> closed (unit 1017)
    46000 steps completed on 04.06.2026 at 16:49:56
    47000 steps completed on 04.06.2026 at 16:50:13
    48000 steps completed on 04.06.2026 at 16:50:29
    49000 steps completed on 04.06.2026 at 16:50:45
    50000 steps completed on 04.06.2026 at 16:51:00
Saving simulation results
Opening file <MUVL_MC_1LCJ_1.res> for writing (unit 1017)
File <MUVL_MC_1LCJ_1.res> closed (unit 1017)
------------------------------------------------------------------------
Duration:
 simulation wtime        diff:  812.810702    -  812.810706
                             <=    0h 13min 32.81071sec (+- 0.10E-05sec)
simulation timer stop: 04.06.2026, 16:51:00.773 (UTC+120)
========================================================================


Saving simulation restart file
Saving restart file MUVL_MC_1LCJ_1.rst up to *_2.rst on 04.06.2026 at 16:51:00
Opening file <MUVL_MC_1LCJ_1.rst> for writing (unit 1005)
saving restart data at step     50000 /     80000
still to be done: (NVT)Equilibration  F F
writing ensemble      1 on 04.06.2026 at 16:51:00
File <MUVL_MC_1LCJ_1.rst> closed (unit 1005)
Finished saving restart file MUVL_MC_1LCJ_1.rst up to *_2.rst on 04.06.2026 at 16:51:00
------------------------------------------------------------------------
Duration:
 TSimulation_Run system_clock diff:  1294.67297    sec
                 =    0h 21min 34.67297sec (+i*  596h 31min 23.75000sec)
 TSimulation_Run wtime   root diff:  1294.67260
                              =    0h 21min 34.67260sec (+- 0.10E-05sec)
TSimulation_Run timer stop: 04.06.2026, 16:51:00.776 (UTC+120)
========================================================================


File <*.run or *.rav> closed
File <*.run or *.rav> closed

************************************************************************
Program terminated on 04.06.2026 at 16:51:00
************************************************************************
