ms2 logfile MUVT_MC_1LCJ.log created by PE0 on 04.06.2026 at 17:13:53

**************************************************************************
*                         Molecular Simulation 2                         *
**************************************************************************

============================================================================
*                         Publishing with ms2                              *
* Every user agrees to cite ms2 upon usage as follows                      *
* ------------------------------------------------------------------------ *
* I. Nitzke, G. Guevara-Carrion, D. Saric, S. Homes, S. Stephan,           *
* R. Fingerhut, M. Bernreuther, H. Hasse, J. Vrabec                        *
* Computer Physics Communications (2025)                                   *
============================================================================

**************************************************************************
* (c) by TU Kaiserslautern / TU Berlin                                   *
*     P.O. Box 67653                                                     *
*     67653 Kaiserslautern                                               *
**************************************************************************

**************************************************************************
* Updates and auxiliary routines are available from                      *
* http://www.ms-2.de                                                     *
**************************************************************************

Program ms2_GNU_mpi version 5.017
Hardware architecture: pc/gfortran
Compiler version     : GNU gfortran140200
Compiler flags       : MPI=1 MPI_USE_MODULE=1
Compile time         : Jun  4 2026,15:59:13
Real Kind            : 8

Hostname             : Francis-1897.local
started by user Isabel on 04.06.2026 at 17:13:53

------------------------------------------------------------------------
Parallelization:
MPI version        : 3.1
Number of processes:   4
Root process rank  :   0
rank:  I/O: processor name:
    0   +   Francis-1897.local
    1   +   Francis-1897.local
    2   +   Francis-1897.local
    3   +   Francis-1897.local


------------------------------------------------------------------------
Signal handler set successfully
Random number generator initialized
------------------------------------------------------------------------

************************************************************************
                       Reading Simulation Input
************************************************************************
Opening file <MUVT_MC_1LCJ.par> for reading (unit 1002)

------------------------------------------------------------------------
                   Reading parameters of simulation
Name tag for output (default):             MUVT_MC_1LCJ

setting WallTime to default value   20160
Specified walltime:   20160 m
setting TimeLimit to default value      60
Specified time limit:    60 m

System of units:         reduced
Unit of length:          1.000 A
Unit of energy:          1.000 K
Unit of mass:            1.000 a.u.

Simulation type:         Monte-Carlo
Acceptance rate:        50.00%

Ensemble type:           MUVT

mpiMCCommonGroups:       2
splitting communicator with   4 PEs to   2 subcommunicators

File <MUVT_MC_1LCJ.par> closed (unit 1002)
Opening file <MUVT_MC_1LCJ.par> for reading (unit 1002)

Number of NVT equilibration steps:       10000
Number of MUVT equilibration steps:      20000
Number of production steps:             100000

Result files will be updated each         1000 time steps
Final result files will be updated each   5000 time steps
Visualization files will not be created

setting RDFFreq to default value       0
RDF files will not be created

setting ODFRecordingFreq to default value       0
ODF files will not be created

setting KBIFreq to default value       0
KBI files will not be created

setting ALPHA2Freq to default value       0

Cutoff mode:             Center of Mass

setting LongRange to default value rf
Long Range Correction: Reaction Field
Number of ensembles:     1
setting mpiEnsembleGroups to default value       0
setting ClusterIsCriteria to default value no
Cluster Criteria evaluation:    .false.
setting TransMethod to default value None

------------------------------------------------------------------------
             Reading parameters of ensemble  1
Temperature:                 4.000 K
Density:                   830.270 mol/l
Reduced temperature:         4.000000
Reduced density:             0.500000
setting CommonEqui to default value no
Common equilibration:        no
Number of components:        1
------------------------------------------------------------------------
            Reading component  1 for ensemble
Mole fraction of component 1CLJ.pm:  1.000000
Reduced ChemPot0 of component 1CLJ.pm:  0.448000 ( 0.000000)
Opening file <1CLJ.pm> for reading (unit 1003)
File <1CLJ.pm> closed (unit 1003)
Opening file <MUVT_MC_1LCJ.1CLJ.nrm> for writing (unit 1004)
File <MUVT_MC_1LCJ.1CLJ.nrm> closed (unit 1004)
Normalized potential model for 1CLJ.pm saved to file <MUVT_MC_1LCJ.1CLJ.nrm>
       Reading component  1 for ensemble successful
------------------------------------------------------------------------
The mole fraction(s) may be slightly changed due to the number of particle(s).
Number of particles:                      1372
Mole fraction of 1CLJ.pm:                    1.000
         ->  number of particles:         1372
Memory for 1CLJ.pm allocated successfully

Reduced center of mass cutoff radius:        4.000

Cutoff correction to
- potential energy from LJ                  -0.13088904
- pressure from LJ                          -0.26175678
- chem. pot. of 1CLJ.pm from LJ             -0.26177809
- potential energy from reaction field (RF)  0.00000000
- pressure from reaction field:              0.00000000
- chem. pot. of 1CLJ.pm from RF              0.00000000

Initialize positions:
         FCC lattice:   4 *   7x   7x   7 cells
         with  4 molecules/cell
              Reading ensemble   1 successful
------------------------------------------------------------------------
File <MUVT_MC_1LCJ.par> closed (unit 1002)
                 Reading Simulation Input successful
************************************************************************



************************************************************************
                           Start Simulation
************************************************************************
opening file <MUVT_MC_1LCJ_1.run> for writing
opening file <MUVT_MC_1LCJ_1.rav> for writing

========================================================================
TSimulation_Run timer start: 04.06.2026, 17:13:53.903 (UTC+120)
------------------------------------------------------------------------
Random number generator initialized
------------------------------------------------------------------------



========================================================================
NVT equilibration timer start: 04.06.2026, 17:13:53.904 (UTC+120)
------------------------------------------------------------------------
     1000 steps completed on 04.06.2026 at 17:14:09
     2000 steps completed on 04.06.2026 at 17:14:25
     3000 steps completed on 04.06.2026 at 17:14:41
     4000 steps completed on 04.06.2026 at 17:14:57
     5000 steps completed on 04.06.2026 at 17:15:13
     6000 steps completed on 04.06.2026 at 17:15:29
     7000 steps completed on 04.06.2026 at 17:15:45
     8000 steps completed on 04.06.2026 at 17:16:01
     9000 steps completed on 04.06.2026 at 17:16:16
    10000 steps completed on 04.06.2026 at 17:16:32
------------------------------------------------------------------------
Duration:
 NVT equilibration wtime        diff:  158.942799    -  158.942800
                             <=    0h  2min 38.94280sec (+- 0.10E-05sec)
NVT equilibration timer stop: 04.06.2026, 17:16:32.847 (UTC+120)
========================================================================

NVT equilibration completed on 04.06.2026 at 17:16:32


========================================================================
MUVT equilibration timer start: 04.06.2026, 17:16:32.847 (UTC+120)
------------------------------------------------------------------------
     1000 steps completed on 04.06.2026 at 17:16:48
     2000 steps completed on 04.06.2026 at 17:17:04
     3000 steps completed on 04.06.2026 at 17:17:20
     4000 steps completed on 04.06.2026 at 17:17:37
     5000 steps completed on 04.06.2026 at 17:17:53
     6000 steps completed on 04.06.2026 at 17:18:09
     7000 steps completed on 04.06.2026 at 17:18:24
     8000 steps completed on 04.06.2026 at 17:18:40
     9000 steps completed on 04.06.2026 at 17:18:55
    10000 steps completed on 04.06.2026 at 17:19:11
    11000 steps completed on 04.06.2026 at 17:19:27
    12000 steps completed on 04.06.2026 at 17:19:43
    13000 steps completed on 04.06.2026 at 17:19:59
    14000 steps completed on 04.06.2026 at 17:20:15
    15000 steps completed on 04.06.2026 at 17:20:31
    16000 steps completed on 04.06.2026 at 17:20:47
    17000 steps completed on 04.06.2026 at 17:21:03
    18000 steps completed on 04.06.2026 at 17:21:19
    19000 steps completed on 04.06.2026 at 17:21:35
    20000 steps completed on 04.06.2026 at 17:21:51
------------------------------------------------------------------------
Duration:
 MUVT equilibration wtime        diff:  318.753768    -  318.753784
                             <=    0h  5min 18.75378sec (+- 0.10E-05sec)
MUVT equilibration timer stop: 04.06.2026, 17:21:51.601 (UTC+120)
========================================================================

MUVT equilibration completed on 04.06.2026 at 17:21:51


========================================================================
simulation timer start: 04.06.2026, 17:21:51.601 (UTC+120)
------------------------------------------------------------------------
     1000 steps completed on 04.06.2026 at 17:22:07
     2000 steps completed on 04.06.2026 at 17:22:22
     3000 steps completed on 04.06.2026 at 17:22:38
     4000 steps completed on 04.06.2026 at 17:22:54
     5000 steps completed on 04.06.2026 at 17:23:10
Saving simulation results
Opening file <MUVT_MC_1LCJ_1.res> for writing (unit 1017)
File <MUVT_MC_1LCJ_1.res> closed (unit 1017)
     6000 steps completed on 04.06.2026 at 17:23:26
     7000 steps completed on 04.06.2026 at 17:23:43
     8000 steps completed on 04.06.2026 at 17:24:00
     9000 steps completed on 04.06.2026 at 17:24:17
    10000 steps completed on 04.06.2026 at 17:24:33
Saving simulation results
Opening file <MUVT_MC_1LCJ_1.res> for writing (unit 1017)
File <MUVT_MC_1LCJ_1.res> closed (unit 1017)
    11000 steps completed on 04.06.2026 at 17:24:49
    12000 steps completed on 04.06.2026 at 17:25:06
    13000 steps completed on 04.06.2026 at 17:25:22
    14000 steps completed on 04.06.2026 at 17:25:38
    15000 steps completed on 04.06.2026 at 17:25:54
Saving simulation results
Opening file <MUVT_MC_1LCJ_1.res> for writing (unit 1017)
File <MUVT_MC_1LCJ_1.res> closed (unit 1017)
    16000 steps completed on 04.06.2026 at 17:26:10
    17000 steps completed on 04.06.2026 at 17:26:26
    18000 steps completed on 04.06.2026 at 17:26:42
    19000 steps completed on 04.06.2026 at 17:26:57
    20000 steps completed on 04.06.2026 at 17:27:13
Saving simulation results
Opening file <MUVT_MC_1LCJ_1.res> for writing (unit 1017)
File <MUVT_MC_1LCJ_1.res> closed (unit 1017)
    21000 steps completed on 04.06.2026 at 17:27:29
    22000 steps completed on 04.06.2026 at 17:27:44
    23000 steps completed on 04.06.2026 at 17:28:00
    24000 steps completed on 04.06.2026 at 17:28:16
    25000 steps completed on 04.06.2026 at 17:28:32
Saving simulation results
Opening file <MUVT_MC_1LCJ_1.res> for writing (unit 1017)
File <MUVT_MC_1LCJ_1.res> closed (unit 1017)
    26000 steps completed on 04.06.2026 at 17:28:48
    27000 steps completed on 04.06.2026 at 17:29:03
    28000 steps completed on 04.06.2026 at 17:29:19
    29000 steps completed on 04.06.2026 at 17:29:34
    30000 steps completed on 04.06.2026 at 17:29:50
Saving simulation results
Opening file <MUVT_MC_1LCJ_1.res> for writing (unit 1017)
File <MUVT_MC_1LCJ_1.res> closed (unit 1017)
    31000 steps completed on 04.06.2026 at 17:30:06
    32000 steps completed on 04.06.2026 at 17:30:22
    33000 steps completed on 04.06.2026 at 17:30:38
    34000 steps completed on 04.06.2026 at 17:30:54
    35000 steps completed on 04.06.2026 at 17:31:11
Saving simulation results
Opening file <MUVT_MC_1LCJ_1.res> for writing (unit 1017)
File <MUVT_MC_1LCJ_1.res> closed (unit 1017)
    36000 steps completed on 04.06.2026 at 17:31:27
    37000 steps completed on 04.06.2026 at 17:31:44
    38000 steps completed on 04.06.2026 at 17:32:00
    39000 steps completed on 04.06.2026 at 17:32:16
    40000 steps completed on 04.06.2026 at 17:32:32
Saving simulation results
Opening file <MUVT_MC_1LCJ_1.res> for writing (unit 1017)
File <MUVT_MC_1LCJ_1.res> closed (unit 1017)
    41000 steps completed on 04.06.2026 at 17:32:48
    42000 steps completed on 04.06.2026 at 17:33:04
    43000 steps completed on 04.06.2026 at 17:33:20
    44000 steps completed on 04.06.2026 at 17:33:36
    45000 steps completed on 04.06.2026 at 17:33:53
Saving simulation results
Opening file <MUVT_MC_1LCJ_1.res> for writing (unit 1017)
File <MUVT_MC_1LCJ_1.res> closed (unit 1017)
    46000 steps completed on 04.06.2026 at 17:34:09
    47000 steps completed on 04.06.2026 at 17:34:25
    48000 steps completed on 04.06.2026 at 17:34:41
    49000 steps completed on 04.06.2026 at 17:34:58
    50000 steps completed on 04.06.2026 at 17:35:14
Saving simulation results
Opening file <MUVT_MC_1LCJ_1.res> for writing (unit 1017)
File <MUVT_MC_1LCJ_1.res> closed (unit 1017)
------------------------------------------------------------------------
Duration:
 simulation wtime        diff:  802.604006    -  802.604022
                             <=    0h 13min 22.60402sec (+- 0.10E-05sec)
simulation timer stop: 04.06.2026, 17:35:14.205 (UTC+120)
========================================================================


Saving simulation restart file
Saving restart file MUVT_MC_1LCJ_1.rst up to *_2.rst on 04.06.2026 at 17:35:14
Opening file <MUVT_MC_1LCJ_1.rst> for writing (unit 1005)
saving restart data at step     50000 /     80000
still to be done: (NVT)Equilibration  F F
writing ensemble      1 on 04.06.2026 at 17:35:14
File <MUVT_MC_1LCJ_1.rst> closed (unit 1005)
Finished saving restart file MUVT_MC_1LCJ_1.rst up to *_2.rst on 04.06.2026 at 17:35:14
------------------------------------------------------------------------
Duration:
 TSimulation_Run system_clock diff:  1280.30505    sec
                 =    0h 21min 20.30505sec (+i*  596h 31min 23.75000sec)
 TSimulation_Run wtime   root diff:  1280.30445
                              =    0h 21min 20.30445sec (+- 0.10E-05sec)
TSimulation_Run timer stop: 04.06.2026, 17:35:14.208 (UTC+120)
========================================================================


File <*.run or *.rav> closed
File <*.run or *.rav> closed

************************************************************************
Program terminated on 04.06.2026 at 17:35:14
************************************************************************
