ms2 logfile NVE_MD_1LCJ.log created by PE0 on 05.06.2026 at 16:15:16

**************************************************************************
*                         Molecular Simulation 2                         *
**************************************************************************

============================================================================
*                         Publishing with ms2                              *
* Every user agrees to cite ms2 upon usage as follows                      *
* ------------------------------------------------------------------------ *
* I. Nitzke, G. Guevara-Carrion, D. Saric, S. Homes, S. Stephan,           *
* R. Fingerhut, M. Bernreuther, H. Hasse, J. Vrabec                        *
* Computer Physics Communications (2025)                                   *
============================================================================

**************************************************************************
* (c) by TU Kaiserslautern / TU Berlin                                   *
*     P.O. Box 67653                                                     *
*     67653 Kaiserslautern                                               *
**************************************************************************

**************************************************************************
* Updates and auxiliary routines are available from                      *
* http://www.ms-2.de                                                     *
**************************************************************************

Program ms2_GNU_mpi version 5.018
Hardware architecture: pc/gfortran
Compiler version     : GNU gfortran150200
Compiler flags       : MPI=1 MPI_USE_MODULE=1
Compile time         : Jun  5 2026,15:22:15
Real Kind            : 8

Hostname             : Stephen.local
started by user Isabel on 05.06.2026 at 16:15:16

------------------------------------------------------------------------
Parallelization:
MPI version        : 3.1
Number of processes:   4
Root process rank  :   0
rank:  I/O: processor name:
    0   +   Stephen.local
    1   +   Stephen.local
    2   +   Stephen.local
    3   +   Stephen.local


------------------------------------------------------------------------
Signal handler set successfully
Random number generator initialized
------------------------------------------------------------------------

************************************************************************
                       Reading Simulation Input
************************************************************************
Opening file <NVE_MD_1LCJ.par> for reading (unit 1002)

------------------------------------------------------------------------
                   Reading parameters of simulation
Name tag for output (default):             NVE_MD_1LCJ

setting WallTime to default value   20160
Specified walltime:   20160 m
setting TimeLimit to default value      60
Specified time limit:    60 m

System of units:         reduced
Unit of length:          1.000 A
Unit of energy:          1.000 K
Unit of mass:            1.000 a.u.

Simulation type:         Molecular Dynamics
Integrator type:         Gear predictor-corrector
Time step:                0.548342 fs
Reduced time step:        0.000500

Ensemble type:           NVE

setting MCORSteps to default value       0
No MC overlap reduction
Number of NVT equilibration steps:       10000
Number of NVE equilibration steps:       20000
Number of production steps:             100000

Result files will be updated each         1000 time steps
Final result files will be updated each   5000 time steps
Visualization files will not be created

setting RDFFreq to default value       0
RDF files will not be created

setting ODFRecordingFreq to default value       0
ODF files will not be created

setting KBIFreq to default value       0
KBI files will not be created

setting ALPHA2Freq to default value       0

Cutoff mode:             Center of Mass

setting LongRange to default value rf
Long Range Correction: Reaction Field
Number of ensembles:     1
setting mpiEnsembleGroups to default value       0
setting ClusterIsCriteria to default value no
Cluster Criteria evaluation:    .false.
setting TransMethod to default value None

------------------------------------------------------------------------
             Reading parameters of ensemble  1
Temperature:                 4.000 K
Density:                   830.270 mol/l
Hamiltonian:                28.236 J/mol
Reduced temperature:         4.000000
Reduced density:             0.500000
Reduced Hamiltonian:         3.396 J/mol
setting ResidTime to default value no
Calculation of residence time: no
setting CommonEqui to default value no
MD simulation: Logical CommonEqui no is invalid, set to yes
Number of components:        1
------------------------------------------------------------------------
            Reading component  1 for ensemble
Mole fraction of component 1CLJ.pm:  1.000000
Chemical potential of 1CLJ.pm will be calculated by:
         -> Widom's test particle method
Opening file <1CLJ.pm> for reading (unit 1003)
File <1CLJ.pm> closed (unit 1003)
Opening file <NVE_MD_1LCJ.1CLJ.nrm> for writing (unit 1004)
File <NVE_MD_1LCJ.1CLJ.nrm> closed (unit 1004)
Normalized potential model for 1CLJ.pm saved to file <NVE_MD_1LCJ.1CLJ.nrm>
       Reading component  1 for ensemble successful
------------------------------------------------------------------------
The mole fraction(s) may be slightly changed due to the number of particle(s).
Number of particles:                      1372
Mole fraction of 1CLJ.pm:                    1.000
         ->  number of particles:         1372
Number of test particles:                 2000

Memory for test particles allocated successfully
Memory for 1CLJ.pm allocated successfully

Reduced center of mass cutoff radius:        4.000

Cutoff correction to
- potential energy from LJ                  -0.13088904
- pressure from LJ                          -0.26175678
- chem. pot. of 1CLJ.pm from LJ             -0.26177809
- potential energy from reaction field (RF)  0.00000000
- pressure from reaction field:              0.00000000
- chem. pot. of 1CLJ.pm from RF              0.00000000

Initialize positions:
         FCC lattice:   4 *   7x   7x   7 cells
         with  4 molecules/cell
              Reading ensemble   1 successful
------------------------------------------------------------------------
File <NVE_MD_1LCJ.par> closed (unit 1002)
                 Reading Simulation Input successful
************************************************************************



************************************************************************
                           Start Simulation
************************************************************************
Opening file <NVE_MD_1LCJ_1.run> for writing (unit 1015)
Opening file <NVE_MD_1LCJ_1.rav> for writing (unit 1016)

========================================================================
TSimulation_Run timer start: 05.06.2026, 16:15:16.114 (UTC+120)
------------------------------------------------------------------------


========================================================================
NVT equilibration timer start: 05.06.2026, 16:15:16.114 (UTC+120)
------------------------------------------------------------------------
     1000 steps completed on 05.06.2026 at 16:15:16
     2000 steps completed on 05.06.2026 at 16:15:17
     3000 steps completed on 05.06.2026 at 16:15:18
     4000 steps completed on 05.06.2026 at 16:15:19
     5000 steps completed on 05.06.2026 at 16:15:19
     6000 steps completed on 05.06.2026 at 16:15:20
     7000 steps completed on 05.06.2026 at 16:15:21
     8000 steps completed on 05.06.2026 at 16:15:22
     9000 steps completed on 05.06.2026 at 16:15:22
    10000 steps completed on 05.06.2026 at 16:15:23
------------------------------------------------------------------------
Duration:
 NVT equilibration wtime        diff:  7.61139000    -  7.61139300
                             <=    0h  0min  7.61139sec (+- 0.10E-05sec)
NVT equilibration timer stop: 05.06.2026, 16:15:23.725 (UTC+120)
========================================================================

NVT equilibration completed on 05.06.2026 at 16:15:23


========================================================================
NVE equilibration timer start: 05.06.2026, 16:15:23.725 (UTC+120)
------------------------------------------------------------------------
     1000 steps completed on 05.06.2026 at 16:15:24
     2000 steps completed on 05.06.2026 at 16:15:25
     3000 steps completed on 05.06.2026 at 16:15:26
     4000 steps completed on 05.06.2026 at 16:15:26
     5000 steps completed on 05.06.2026 at 16:15:27
     6000 steps completed on 05.06.2026 at 16:15:28
     7000 steps completed on 05.06.2026 at 16:15:29
     8000 steps completed on 05.06.2026 at 16:15:29
     9000 steps completed on 05.06.2026 at 16:15:30
    10000 steps completed on 05.06.2026 at 16:15:31
    11000 steps completed on 05.06.2026 at 16:15:32
    12000 steps completed on 05.06.2026 at 16:15:33
    13000 steps completed on 05.06.2026 at 16:15:33
    14000 steps completed on 05.06.2026 at 16:15:34
    15000 steps completed on 05.06.2026 at 16:15:35
    16000 steps completed on 05.06.2026 at 16:15:36
    17000 steps completed on 05.06.2026 at 16:15:37
    18000 steps completed on 05.06.2026 at 16:15:37
    19000 steps completed on 05.06.2026 at 16:15:38
    20000 steps completed on 05.06.2026 at 16:15:39
------------------------------------------------------------------------
Duration:
 NVE equilibration wtime        diff:  15.7205800    -  15.7206010
                             <=    0h  0min 15.72060sec (+- 0.10E-05sec)
NVE equilibration timer stop: 05.06.2026, 16:15:39.446 (UTC+120)
========================================================================

NVE equilibration completed on 05.06.2026 at 16:15:39


========================================================================
simulation timer start: 05.06.2026, 16:15:39.446 (UTC+120)
------------------------------------------------------------------------
     1000 steps completed on 05.06.2026 at 16:15:42
     2000 steps completed on 05.06.2026 at 16:15:45
     3000 steps completed on 05.06.2026 at 16:15:48
     4000 steps completed on 05.06.2026 at 16:15:51
     5000 steps completed on 05.06.2026 at 16:15:53
Saving simulation results
Opening file <NVE_MD_1LCJ_1.res> for writing (unit 1017)
File <NVE_MD_1LCJ_1.res> closed (unit 1017)
     6000 steps completed on 05.06.2026 at 16:15:56
     7000 steps completed on 05.06.2026 at 16:15:59
     8000 steps completed on 05.06.2026 at 16:16:02
     9000 steps completed on 05.06.2026 at 16:16:05
    10000 steps completed on 05.06.2026 at 16:16:08
Saving simulation results
Opening file <NVE_MD_1LCJ_1.res> for writing (unit 1017)
File <NVE_MD_1LCJ_1.res> closed (unit 1017)
    11000 steps completed on 05.06.2026 at 16:16:11
    12000 steps completed on 05.06.2026 at 16:16:14
    13000 steps completed on 05.06.2026 at 16:16:17
    14000 steps completed on 05.06.2026 at 16:16:20
    15000 steps completed on 05.06.2026 at 16:16:23
Saving simulation results
Opening file <NVE_MD_1LCJ_1.res> for writing (unit 1017)
File <NVE_MD_1LCJ_1.res> closed (unit 1017)
    16000 steps completed on 05.06.2026 at 16:16:26
    17000 steps completed on 05.06.2026 at 16:16:28
    18000 steps completed on 05.06.2026 at 16:16:31
    19000 steps completed on 05.06.2026 at 16:16:34
    20000 steps completed on 05.06.2026 at 16:16:37
Saving simulation results
Opening file <NVE_MD_1LCJ_1.res> for writing (unit 1017)
File <NVE_MD_1LCJ_1.res> closed (unit 1017)
    21000 steps completed on 05.06.2026 at 16:16:40
    22000 steps completed on 05.06.2026 at 16:16:43
    23000 steps completed on 05.06.2026 at 16:16:46
    24000 steps completed on 05.06.2026 at 16:16:49
    25000 steps completed on 05.06.2026 at 16:16:52
Saving simulation results
Opening file <NVE_MD_1LCJ_1.res> for writing (unit 1017)
File <NVE_MD_1LCJ_1.res> closed (unit 1017)
    26000 steps completed on 05.06.2026 at 16:16:55
    27000 steps completed on 05.06.2026 at 16:16:58
    28000 steps completed on 05.06.2026 at 16:17:00
    29000 steps completed on 05.06.2026 at 16:17:03
    30000 steps completed on 05.06.2026 at 16:17:06
Saving simulation results
Opening file <NVE_MD_1LCJ_1.res> for writing (unit 1017)
File <NVE_MD_1LCJ_1.res> closed (unit 1017)
    31000 steps completed on 05.06.2026 at 16:17:09
    32000 steps completed on 05.06.2026 at 16:17:12
    33000 steps completed on 05.06.2026 at 16:17:15
    34000 steps completed on 05.06.2026 at 16:17:18
    35000 steps completed on 05.06.2026 at 16:17:21
Saving simulation results
Opening file <NVE_MD_1LCJ_1.res> for writing (unit 1017)
File <NVE_MD_1LCJ_1.res> closed (unit 1017)
    36000 steps completed on 05.06.2026 at 16:17:24
    37000 steps completed on 05.06.2026 at 16:17:27
    38000 steps completed on 05.06.2026 at 16:17:30
    39000 steps completed on 05.06.2026 at 16:17:33
    40000 steps completed on 05.06.2026 at 16:17:35
Saving simulation results
Opening file <NVE_MD_1LCJ_1.res> for writing (unit 1017)
File <NVE_MD_1LCJ_1.res> closed (unit 1017)
    41000 steps completed on 05.06.2026 at 16:17:38
    42000 steps completed on 05.06.2026 at 16:17:41
    43000 steps completed on 05.06.2026 at 16:17:44
    44000 steps completed on 05.06.2026 at 16:17:47
    45000 steps completed on 05.06.2026 at 16:17:50
Saving simulation results
Opening file <NVE_MD_1LCJ_1.res> for writing (unit 1017)
File <NVE_MD_1LCJ_1.res> closed (unit 1017)
    46000 steps completed on 05.06.2026 at 16:17:53
    47000 steps completed on 05.06.2026 at 16:17:56
    48000 steps completed on 05.06.2026 at 16:17:59
    49000 steps completed on 05.06.2026 at 16:18:02
    50000 steps completed on 05.06.2026 at 16:18:05
Saving simulation results
Opening file <NVE_MD_1LCJ_1.res> for writing (unit 1017)
File <NVE_MD_1LCJ_1.res> closed (unit 1017)
    51000 steps completed on 05.06.2026 at 16:18:08
    52000 steps completed on 05.06.2026 at 16:18:11
    53000 steps completed on 05.06.2026 at 16:18:14
    54000 steps completed on 05.06.2026 at 16:18:16
    55000 steps completed on 05.06.2026 at 16:18:19
Saving simulation results
Opening file <NVE_MD_1LCJ_1.res> for writing (unit 1017)
File <NVE_MD_1LCJ_1.res> closed (unit 1017)
    56000 steps completed on 05.06.2026 at 16:18:22
    57000 steps completed on 05.06.2026 at 16:18:25
    58000 steps completed on 05.06.2026 at 16:18:28
    59000 steps completed on 05.06.2026 at 16:18:31
    60000 steps completed on 05.06.2026 at 16:18:34
Saving simulation results
Opening file <NVE_MD_1LCJ_1.res> for writing (unit 1017)
File <NVE_MD_1LCJ_1.res> closed (unit 1017)
    61000 steps completed on 05.06.2026 at 16:18:37
    62000 steps completed on 05.06.2026 at 16:18:40
    63000 steps completed on 05.06.2026 at 16:18:43
    64000 steps completed on 05.06.2026 at 16:18:46
    65000 steps completed on 05.06.2026 at 16:18:49
Saving simulation results
Opening file <NVE_MD_1LCJ_1.res> for writing (unit 1017)
File <NVE_MD_1LCJ_1.res> closed (unit 1017)
    66000 steps completed on 05.06.2026 at 16:18:52
    67000 steps completed on 05.06.2026 at 16:18:55
    68000 steps completed on 05.06.2026 at 16:18:58
    69000 steps completed on 05.06.2026 at 16:19:01
    70000 steps completed on 05.06.2026 at 16:19:04
Saving simulation results
Opening file <NVE_MD_1LCJ_1.res> for writing (unit 1017)
File <NVE_MD_1LCJ_1.res> closed (unit 1017)
    71000 steps completed on 05.06.2026 at 16:19:07
    72000 steps completed on 05.06.2026 at 16:19:09
    73000 steps completed on 05.06.2026 at 16:19:12
    74000 steps completed on 05.06.2026 at 16:19:15
    75000 steps completed on 05.06.2026 at 16:19:18
Saving simulation results
Opening file <NVE_MD_1LCJ_1.res> for writing (unit 1017)
File <NVE_MD_1LCJ_1.res> closed (unit 1017)
    76000 steps completed on 05.06.2026 at 16:19:21
    77000 steps completed on 05.06.2026 at 16:19:24
    78000 steps completed on 05.06.2026 at 16:19:27
    79000 steps completed on 05.06.2026 at 16:19:30
    80000 steps completed on 05.06.2026 at 16:19:33
Saving simulation results
Opening file <NVE_MD_1LCJ_1.res> for writing (unit 1017)
File <NVE_MD_1LCJ_1.res> closed (unit 1017)
    81000 steps completed on 05.06.2026 at 16:19:36
    82000 steps completed on 05.06.2026 at 16:19:39
    83000 steps completed on 05.06.2026 at 16:19:42
    84000 steps completed on 05.06.2026 at 16:19:44
    85000 steps completed on 05.06.2026 at 16:19:47
Saving simulation results
Opening file <NVE_MD_1LCJ_1.res> for writing (unit 1017)
File <NVE_MD_1LCJ_1.res> closed (unit 1017)
    86000 steps completed on 05.06.2026 at 16:19:50
    87000 steps completed on 05.06.2026 at 16:19:53
    88000 steps completed on 05.06.2026 at 16:19:56
    89000 steps completed on 05.06.2026 at 16:19:59
    90000 steps completed on 05.06.2026 at 16:20:02
Saving simulation results
Opening file <NVE_MD_1LCJ_1.res> for writing (unit 1017)
File <NVE_MD_1LCJ_1.res> closed (unit 1017)
    91000 steps completed on 05.06.2026 at 16:20:05
    92000 steps completed on 05.06.2026 at 16:20:08
    93000 steps completed on 05.06.2026 at 16:20:11
    94000 steps completed on 05.06.2026 at 16:20:14
    95000 steps completed on 05.06.2026 at 16:20:17
Saving simulation results
Opening file <NVE_MD_1LCJ_1.res> for writing (unit 1017)
File <NVE_MD_1LCJ_1.res> closed (unit 1017)
    96000 steps completed on 05.06.2026 at 16:20:19
    97000 steps completed on 05.06.2026 at 16:20:22
    98000 steps completed on 05.06.2026 at 16:20:25
    99000 steps completed on 05.06.2026 at 16:20:28
   100000 steps completed on 05.06.2026 at 16:20:31
Saving simulation results
Opening file <NVE_MD_1LCJ_1.res> for writing (unit 1017)
File <NVE_MD_1LCJ_1.res> closed (unit 1017)
------------------------------------------------------------------------
Duration:
 simulation wtime        diff:  292.241136    -  292.241156
                             <=    0h  4min 52.24116sec (+- 0.10E-05sec)
simulation timer stop: 05.06.2026, 16:20:31.687 (UTC+120)
========================================================================


Saving simulation restart file
Saving restart file NVE_MD_1LCJ.rst on 05.06.2026 at 16:20:31
Opening file <NVE_MD_1LCJ.rst> for writing (unit 1005)
saving restart data at step    100000 /    130000
still to be done: (NVT)Equilibration  F F
writing ensemble      1 on 05.06.2026 at 16:20:31
File <NVE_MD_1LCJ.rst> closed (unit 1005)
Finished saving restart file NVE_MD_1LCJ.rst on 05.06.2026 at 16:20:31
------------------------------------------------------------------------
Duration:
 TSimulation_Run system_clock diff:  315.582001    sec
                 =    0h  5min 15.58200sec (+i*  596h 31min 23.75000sec)
 TSimulation_Run wtime   root diff:  315.582051
                              =    0h  5min 15.58205sec (+- 0.10E-05sec)
TSimulation_Run timer stop: 05.06.2026, 16:20:31.696 (UTC+120)
========================================================================


File <NVE_MD_1LCJ_1.rav> closed (unit 1016)
File <NVE_MD_1LCJ_1.run> closed (unit 1015)

************************************************************************
Program terminated on 05.06.2026 at 16:20:31
************************************************************************
