ms2 logfile NPT_MD_gear.log created by PE0 on 10.06.2026 at 17:27:45

**************************************************************************
*                         Molecular Simulation 2                         *
**************************************************************************

============================================================================
*                         Publishing with ms2                              *
* Every user agrees to cite ms2 upon usage as follows                      *
* ------------------------------------------------------------------------ *
* I. Nitzke, G. Guevara-Carrion, D. Saric, S. Homes, S. Stephan,           *
* R. Fingerhut, M. Bernreuther, H. Hasse, J. Vrabec                        *
* Computer Physics Communications (2025)                                   *
============================================================================

**************************************************************************
* (c) by TU Kaiserslautern / TU Berlin                                   *
*     P.O. Box 67653                                                     *
*     67653 Kaiserslautern                                               *
**************************************************************************

**************************************************************************
* Updates and auxiliary routines are available from                      *
* http://www.ms-2.de                                                     *
**************************************************************************

Program ms2_GNU_mpi version 5.019
Hardware architecture: pc/gfortran
Compiler version     : GNU gfortran140200
Compiler flags       : MPI=1 MPI_USE_MODULE=1
Compile time         : Jun 10 2026,16:13:25
Real Kind            : 8

Hostname             : Francis-1897.local
started by user Isabel on 10.06.2026 at 17:27:45

------------------------------------------------------------------------
Parallelization:
MPI version        : 3.1
Number of processes:   4
Root process rank  :   0
rank:  I/O: processor name:
    0   +   Francis-1897.local
    1   +   Francis-1897.local
    2   +   Francis-1897.local
    3   +   Francis-1897.local


------------------------------------------------------------------------
Signal handler set successfully
Random number generator initialized
------------------------------------------------------------------------

************************************************************************
                       Reading Simulation Input
************************************************************************
Opening file <NPT_MD_gear.par> for reading (unit 1002)

------------------------------------------------------------------------
                   Reading parameters of simulation
Name tag for output (default):             NPT_MD_gear

setting WallTime to default value   20160
Specified walltime:   20160 m
setting TimeLimit to default value      60
Specified time limit:    60 m

System of units:         SI
Unit of length:          3.500 A
Unit of energy:        100.000 K
Unit of mass:           40.000 a.u.

Simulation type:         Molecular Dynamics
Integrator type:         Gear predictor-corrector
Time step:                0.971046 fs
Reduced time step:        0.000400

Ensemble type:           NPT

Number of MC overlap reduction steps:       10
Number of NVT equilibration steps:       10000
Number of NPT equilibration steps:       20000
Number of production steps:             100000

Result files will be updated each         1000 time steps
Final result files will be updated each   5000 time steps
Visualization files will not be created

setting RDFFreq to default value       0
RDF files will not be created

setting ODFRecordingFreq to default value       0
ODF files will not be created

setting KBIFreq to default value       0
KBI files will not be created

setting ALPHA2Freq to default value       0

Cutoff mode:             Center of Mass

setting LongRange to default value rf
Long Range Correction: Reaction Field
Number of ensembles:     1
setting mpiEnsembleGroups to default value       0
setting ClusterIsCriteria to default value no
Cluster Criteria evaluation:    .false.
setting TransMethod to default value None

------------------------------------------------------------------------
             Reading parameters of ensemble  1
Temperature:               405.000 K
Pressure:                    1.000 MPa
Density:                    15.000 mol/l
Reduced temperature:         4.050000
Reduced pressure:            0.031054
Reduced density:             0.387299
Mass of piston (reduced):    0.000500000
Mass of piston:              2.21313E+09 kg/m^4
setting ResidTime to default value no
Calculation of residence time: no
setting CommonEqui to default value no
MD simulation: Logical CommonEqui no is invalid, set to yes
Number of components:        1
------------------------------------------------------------------------
            Reading component  1 for ensemble
Mole fraction of component MeOH.pm:  1.000000
Chemical potential of MeOH.pm will be calculated by:
         -> no calculation
Opening file <MeOH.pm> for reading (unit 1003)
File <MeOH.pm> closed (unit 1003)
Opening file <NPT_MD_gear.MeOH.nrm> for writing (unit 1004)
File <NPT_MD_gear.MeOH.nrm> closed (unit 1004)
Normalized potential model for MeOH.pm saved to file <NPT_MD_gear.MeOH.nrm>
       Reading component  1 for ensemble successful
------------------------------------------------------------------------
The mole fraction(s) may be slightly changed due to the number of particle(s).
Number of particles:                       864
Mole fraction of MeOH.pm:                    1.000
         ->  number of particles:          864
Memory for MeOH.pm allocated successfully

Reduced center of mass cutoff radius:        4.000

Characteristic dielectric constant:          0.10000E+11

Cutoff correction to
- potential energy from LJ                  -0.52080030
- pressure from LJ                          -1.04730410
- chem. pot. of MeOH.pm from LJ             -1.04160061
- potential energy from reaction field (RF) -0.00378868
- pressure from reaction field:             -0.18185661
- chem. pot. of MeOH.pm from RF             -0.12123774

Initialize positions:
         FCC lattice:   4 *   6x   6x   6 cells
         with  4 molecules/cell
              Reading ensemble   1 successful
------------------------------------------------------------------------
File <NPT_MD_gear.par> closed (unit 1002)
                 Reading Simulation Input successful
************************************************************************



************************************************************************
                           Start Simulation
************************************************************************
Opening file <NPT_MD_gear_1.run> for writing (unit 1015)
Opening file <NPT_MD_gear_1.rav> for writing (unit 1016)

========================================================================
TSimulation_Run timer start: 10.06.2026, 17:27:45.423 (UTC+120)
------------------------------------------------------------------------


========================================================================
MC overlap reduction timer start: 10.06.2026, 17:27:45.423 (UTC+120)
------------------------------------------------------------------------
       10 steps completed on 10.06.2026 at 17:27:45
------------------------------------------------------------------------
Duration:
 MC overlap reduction wtime        diff: 0.230681000    - 0.230686000
                             <=    0h  0min  0.23069sec (+- 0.10E-05sec)
MC overlap reduction timer stop: 10.06.2026, 17:27:45.654 (UTC+120)
========================================================================

MC overlap reduction completed on 10.06.2026 at 17:27:45


========================================================================
NVT equilibration timer start: 10.06.2026, 17:27:45.654 (UTC+120)
------------------------------------------------------------------------
     1000 steps completed on 10.06.2026 at 17:27:48
     2000 steps completed on 10.06.2026 at 17:27:50
     3000 steps completed on 10.06.2026 at 17:27:53
     4000 steps completed on 10.06.2026 at 17:27:55
     5000 steps completed on 10.06.2026 at 17:27:58
     6000 steps completed on 10.06.2026 at 17:28:01
     7000 steps completed on 10.06.2026 at 17:28:03
     8000 steps completed on 10.06.2026 at 17:28:06
     9000 steps completed on 10.06.2026 at 17:28:09
    10000 steps completed on 10.06.2026 at 17:28:11
------------------------------------------------------------------------
Duration:
 NVT equilibration wtime        diff:  25.9449540    -  25.9449600
                             <=    0h  0min 25.94496sec (+- 0.10E-05sec)
NVT equilibration timer stop: 10.06.2026, 17:28:11.599 (UTC+120)
========================================================================

NVT equilibration completed on 10.06.2026 at 17:28:11


========================================================================
NPT equilibration timer start: 10.06.2026, 17:28:11.599 (UTC+120)
------------------------------------------------------------------------
     1000 steps completed on 10.06.2026 at 17:28:14
     2000 steps completed on 10.06.2026 at 17:28:17
     3000 steps completed on 10.06.2026 at 17:28:20
     4000 steps completed on 10.06.2026 at 17:28:23
     5000 steps completed on 10.06.2026 at 17:28:27
     6000 steps completed on 10.06.2026 at 17:28:30
     7000 steps completed on 10.06.2026 at 17:28:33
     8000 steps completed on 10.06.2026 at 17:28:37
     9000 steps completed on 10.06.2026 at 17:28:40
    10000 steps completed on 10.06.2026 at 17:28:44
    11000 steps completed on 10.06.2026 at 17:28:47
    12000 steps completed on 10.06.2026 at 17:28:50
    13000 steps completed on 10.06.2026 at 17:28:54
    14000 steps completed on 10.06.2026 at 17:28:57
    15000 steps completed on 10.06.2026 at 17:29:01
    16000 steps completed on 10.06.2026 at 17:29:04
    17000 steps completed on 10.06.2026 at 17:29:07
    18000 steps completed on 10.06.2026 at 17:29:11
    19000 steps completed on 10.06.2026 at 17:29:14
    20000 steps completed on 10.06.2026 at 17:29:18
------------------------------------------------------------------------
Duration:
 NPT equilibration wtime        diff:  66.6639690    -  66.6640010
                             <=    0h  1min  6.66400sec (+- 0.10E-05sec)
NPT equilibration timer stop: 10.06.2026, 17:29:18.263 (UTC+120)
========================================================================

NPT equilibration completed on 10.06.2026 at 17:29:18


========================================================================
simulation timer start: 10.06.2026, 17:29:18.263 (UTC+120)
------------------------------------------------------------------------
     1000 steps completed on 10.06.2026 at 17:29:21
     2000 steps completed on 10.06.2026 at 17:29:25
     3000 steps completed on 10.06.2026 at 17:29:28
     4000 steps completed on 10.06.2026 at 17:29:31
     5000 steps completed on 10.06.2026 at 17:29:35
Saving simulation results
Opening file <NPT_MD_gear_1.res> for writing (unit 1017)
File <NPT_MD_gear_1.res> closed (unit 1017)
     6000 steps completed on 10.06.2026 at 17:29:38
     7000 steps completed on 10.06.2026 at 17:29:41
     8000 steps completed on 10.06.2026 at 17:29:45
     9000 steps completed on 10.06.2026 at 17:29:48
    10000 steps completed on 10.06.2026 at 17:29:52
Saving simulation results
Opening file <NPT_MD_gear_1.res> for writing (unit 1017)
File <NPT_MD_gear_1.res> closed (unit 1017)
    11000 steps completed on 10.06.2026 at 17:29:55
    12000 steps completed on 10.06.2026 at 17:29:58
    13000 steps completed on 10.06.2026 at 17:30:02
    14000 steps completed on 10.06.2026 at 17:30:05
    15000 steps completed on 10.06.2026 at 17:30:09
Saving simulation results
Opening file <NPT_MD_gear_1.res> for writing (unit 1017)
File <NPT_MD_gear_1.res> closed (unit 1017)
    16000 steps completed on 10.06.2026 at 17:30:12
    17000 steps completed on 10.06.2026 at 17:30:15
    18000 steps completed on 10.06.2026 at 17:30:19
    19000 steps completed on 10.06.2026 at 17:30:22
    20000 steps completed on 10.06.2026 at 17:30:26
Saving simulation results
Opening file <NPT_MD_gear_1.res> for writing (unit 1017)
File <NPT_MD_gear_1.res> closed (unit 1017)
    21000 steps completed on 10.06.2026 at 17:30:29
    22000 steps completed on 10.06.2026 at 17:30:32
    23000 steps completed on 10.06.2026 at 17:30:36
    24000 steps completed on 10.06.2026 at 17:30:39
    25000 steps completed on 10.06.2026 at 17:30:43
Saving simulation results
Opening file <NPT_MD_gear_1.res> for writing (unit 1017)
File <NPT_MD_gear_1.res> closed (unit 1017)
    26000 steps completed on 10.06.2026 at 17:30:46
    27000 steps completed on 10.06.2026 at 17:30:49
    28000 steps completed on 10.06.2026 at 17:30:53
    29000 steps completed on 10.06.2026 at 17:30:56
    30000 steps completed on 10.06.2026 at 17:30:59
Saving simulation results
Opening file <NPT_MD_gear_1.res> for writing (unit 1017)
File <NPT_MD_gear_1.res> closed (unit 1017)
    31000 steps completed on 10.06.2026 at 17:31:03
    32000 steps completed on 10.06.2026 at 17:31:06
    33000 steps completed on 10.06.2026 at 17:31:10
    34000 steps completed on 10.06.2026 at 17:31:13
    35000 steps completed on 10.06.2026 at 17:31:16
Saving simulation results
Opening file <NPT_MD_gear_1.res> for writing (unit 1017)
File <NPT_MD_gear_1.res> closed (unit 1017)
    36000 steps completed on 10.06.2026 at 17:31:20
    37000 steps completed on 10.06.2026 at 17:31:23
    38000 steps completed on 10.06.2026 at 17:31:27
    39000 steps completed on 10.06.2026 at 17:31:30
    40000 steps completed on 10.06.2026 at 17:31:33
Saving simulation results
Opening file <NPT_MD_gear_1.res> for writing (unit 1017)
File <NPT_MD_gear_1.res> closed (unit 1017)
    41000 steps completed on 10.06.2026 at 17:31:37
    42000 steps completed on 10.06.2026 at 17:31:40
    43000 steps completed on 10.06.2026 at 17:31:43
    44000 steps completed on 10.06.2026 at 17:31:47
    45000 steps completed on 10.06.2026 at 17:31:50
Saving simulation results
Opening file <NPT_MD_gear_1.res> for writing (unit 1017)
File <NPT_MD_gear_1.res> closed (unit 1017)
    46000 steps completed on 10.06.2026 at 17:31:54
    47000 steps completed on 10.06.2026 at 17:31:57
    48000 steps completed on 10.06.2026 at 17:32:00
    49000 steps completed on 10.06.2026 at 17:32:04
    50000 steps completed on 10.06.2026 at 17:32:07
Saving simulation results
Opening file <NPT_MD_gear_1.res> for writing (unit 1017)
File <NPT_MD_gear_1.res> closed (unit 1017)
    51000 steps completed on 10.06.2026 at 17:32:11
    52000 steps completed on 10.06.2026 at 17:32:14
    53000 steps completed on 10.06.2026 at 17:32:17
    54000 steps completed on 10.06.2026 at 17:32:21
    55000 steps completed on 10.06.2026 at 17:32:24
Saving simulation results
Opening file <NPT_MD_gear_1.res> for writing (unit 1017)
File <NPT_MD_gear_1.res> closed (unit 1017)
    56000 steps completed on 10.06.2026 at 17:32:27
    57000 steps completed on 10.06.2026 at 17:32:31
    58000 steps completed on 10.06.2026 at 17:32:34
    59000 steps completed on 10.06.2026 at 17:32:38
    60000 steps completed on 10.06.2026 at 17:32:41
Saving simulation results
Opening file <NPT_MD_gear_1.res> for writing (unit 1017)
File <NPT_MD_gear_1.res> closed (unit 1017)
    61000 steps completed on 10.06.2026 at 17:32:44
    62000 steps completed on 10.06.2026 at 17:32:48
    63000 steps completed on 10.06.2026 at 17:32:51
    64000 steps completed on 10.06.2026 at 17:32:55
    65000 steps completed on 10.06.2026 at 17:32:58
Saving simulation results
Opening file <NPT_MD_gear_1.res> for writing (unit 1017)
File <NPT_MD_gear_1.res> closed (unit 1017)
    66000 steps completed on 10.06.2026 at 17:33:01
    67000 steps completed on 10.06.2026 at 17:33:05
    68000 steps completed on 10.06.2026 at 17:33:08
    69000 steps completed on 10.06.2026 at 17:33:12
    70000 steps completed on 10.06.2026 at 17:33:15
Saving simulation results
Opening file <NPT_MD_gear_1.res> for writing (unit 1017)
File <NPT_MD_gear_1.res> closed (unit 1017)
    71000 steps completed on 10.06.2026 at 17:33:18
    72000 steps completed on 10.06.2026 at 17:33:22
    73000 steps completed on 10.06.2026 at 17:33:25
    74000 steps completed on 10.06.2026 at 17:33:28
    75000 steps completed on 10.06.2026 at 17:33:32
Saving simulation results
Opening file <NPT_MD_gear_1.res> for writing (unit 1017)
File <NPT_MD_gear_1.res> closed (unit 1017)
    76000 steps completed on 10.06.2026 at 17:33:35
    77000 steps completed on 10.06.2026 at 17:33:39
    78000 steps completed on 10.06.2026 at 17:33:42
    79000 steps completed on 10.06.2026 at 17:33:45
    80000 steps completed on 10.06.2026 at 17:33:49
Saving simulation results
Opening file <NPT_MD_gear_1.res> for writing (unit 1017)
File <NPT_MD_gear_1.res> closed (unit 1017)
    81000 steps completed on 10.06.2026 at 17:33:52
    82000 steps completed on 10.06.2026 at 17:33:55
    83000 steps completed on 10.06.2026 at 17:33:59
    84000 steps completed on 10.06.2026 at 17:34:02
    85000 steps completed on 10.06.2026 at 17:34:06
Saving simulation results
Opening file <NPT_MD_gear_1.res> for writing (unit 1017)
File <NPT_MD_gear_1.res> closed (unit 1017)
    86000 steps completed on 10.06.2026 at 17:34:09
    87000 steps completed on 10.06.2026 at 17:34:12
    88000 steps completed on 10.06.2026 at 17:34:16
    89000 steps completed on 10.06.2026 at 17:34:19
    90000 steps completed on 10.06.2026 at 17:34:23
Saving simulation results
Opening file <NPT_MD_gear_1.res> for writing (unit 1017)
File <NPT_MD_gear_1.res> closed (unit 1017)
    91000 steps completed on 10.06.2026 at 17:34:26
    92000 steps completed on 10.06.2026 at 17:34:30
    93000 steps completed on 10.06.2026 at 17:34:33
    94000 steps completed on 10.06.2026 at 17:34:36
    95000 steps completed on 10.06.2026 at 17:34:40
Saving simulation results
Opening file <NPT_MD_gear_1.res> for writing (unit 1017)
File <NPT_MD_gear_1.res> closed (unit 1017)
    96000 steps completed on 10.06.2026 at 17:34:43
    97000 steps completed on 10.06.2026 at 17:34:46
    98000 steps completed on 10.06.2026 at 17:34:50
    99000 steps completed on 10.06.2026 at 17:34:53
   100000 steps completed on 10.06.2026 at 17:34:57
Saving simulation results
Opening file <NPT_MD_gear_1.res> for writing (unit 1017)
File <NPT_MD_gear_1.res> closed (unit 1017)
------------------------------------------------------------------------
Duration:
 simulation wtime        diff:  338.921171    -  338.921191
                             <=    0h  5min 38.92119sec (+- 0.10E-05sec)
simulation timer stop: 10.06.2026, 17:34:57.184 (UTC+120)
========================================================================


Saving simulation restart file
Saving restart file NPT_MD_gear.rst on 10.06.2026 at 17:34:57
Opening file <NPT_MD_gear.rst> for writing (unit 1005)
saving restart data at step    100000 /    130010
still to be done: (NVT)Equilibration  F F
writing ensemble      1 on 10.06.2026 at 17:34:57
File <NPT_MD_gear.rst> closed (unit 1005)
Finished saving restart file NPT_MD_gear.rst on 10.06.2026 at 17:34:57
------------------------------------------------------------------------
Duration:
 TSimulation_Run system_clock diff:  431.782990    sec
                 =    0h  7min 11.78299sec (+i*  596h 31min 23.75000sec)
 TSimulation_Run wtime   root diff:  431.782740
                              =    0h  7min 11.78274sec (+- 0.10E-05sec)
TSimulation_Run timer stop: 10.06.2026, 17:34:57.206 (UTC+120)
========================================================================


File <NPT_MD_gear_1.rav> closed (unit 1016)
File <NPT_MD_gear_1.run> closed (unit 1015)

************************************************************************
Program terminated on 10.06.2026 at 17:34:57
************************************************************************
