ms2 logfile NVT_MD_Einstein.log created by PE0 on 09.06.2026 at 10:45:03

**************************************************************************
*                         Molecular Simulation 2                         *
**************************************************************************

============================================================================
*                         Publishing with ms2                              *
* Every user agrees to cite ms2 upon usage as follows                      *
* ------------------------------------------------------------------------ *
* I. Nitzke, G. Guevara-Carrion, D. Saric, S. Homes, S. Stephan,           *
* R. Fingerhut, M. Bernreuther, H. Hasse, J. Vrabec                        *
* Computer Physics Communications (2025)                                   *
============================================================================

**************************************************************************
* (c) by TU Kaiserslautern / TU Berlin                                   *
*     P.O. Box 67653                                                     *
*     67653 Kaiserslautern                                               *
**************************************************************************

**************************************************************************
* Updates and auxiliary routines are available from                      *
* http://www.ms-2.de                                                     *
**************************************************************************

Program ms2_GNU_mpi_trans version 5.019
Hardware architecture: pc/gfortran
Compiler version     : GNU gfortran140200
Compiler flags       : MPI=1 TRANS=1 MPI_USE_MODULE=1
Compile time         : Jun  9 2026,10:43:41
Real Kind            : 8

Hostname             : Francis-1897.local
started by user Isabel on 09.06.2026 at 10:45:03

------------------------------------------------------------------------
Parallelization:
MPI version        : 3.1
Number of processes:   4
Root process rank  :   0
rank:  I/O: processor name:
    0   +   Francis-1897.local
    1   +   Francis-1897.local
    2   +   Francis-1897.local
    3   +   Francis-1897.local


------------------------------------------------------------------------
Signal handler set successfully
Random number generator initialized
------------------------------------------------------------------------

************************************************************************
                       Reading Simulation Input
************************************************************************
Opening file <NVT_MD_Einstein.par> for reading (unit 1002)

------------------------------------------------------------------------
                   Reading parameters of simulation
Name tag for output (default):             NVT_MD_Einstein

setting WallTime to default value   20160
Specified walltime:   20160 m
setting TimeLimit to default value      60
Specified time limit:    60 m

System of units:         SI
Unit of length:          3.500 A
Unit of energy:        100.000 K
Unit of mass:           40.000 a.u.

Simulation type:         Molecular Dynamics
Integrator type:         Gear predictor-corrector
Time step:                1.213807 fs
Reduced time step:        0.000500

Ensemble type:           NVT

Number of MC overlap reduction steps:       10
Number of NVT equilibration steps:       10000
Number of production steps:             200000

Result files will be updated each         1000 time steps
Final result files will be updated each   5000 time steps
Visualization files will not be created

setting RDFFreq to default value       0
RDF files will not be created

setting ODFRecordingFreq to default value       0
ODF files will not be created

setting KBIFreq to default value       0
KBI files will not be created

setting ALPHA2Freq to default value       0

Cutoff mode:             Center of Mass

setting LongRange to default value rf
Long Range Correction: Reaction Field
Number of ensembles:     1
mpiEnsembleGroups:       1
setting ClusterIsCriteria to default value no
Cluster Criteria evaluation:    .false.
Transport properties:    Include transport properties for all ensembles
Method for transport: Einstein
setting ContributionMode to default value SEP
transport will be calculated: Together

------------------------------------------------------------------------
             Reading parameters of ensemble  1
Temperature:               270.000 K
Density:                    32.000 mol/l
Reduced temperature:         2.700000
Reduced density:             0.826237
setting ResidTime to default value no
Calculation of residence time: no
setting CommonEqui to default value no
MD simulation: Logical CommonEqui no is invalid, set to yes
Number of components:        1

Correlation Functions (CF) are calculated every  5-th time step
Length of CF:              10000
Time Span between CF:       1000
Print CF each:                50
Transport results will be updated each 50 CF
------------------------------------------------------------------------
            Reading component  1 for ensemble
Mole fraction of component CO2_3lj.pm:  1.000000
setting PartMolEnt to default value   0.00000000
Chemical potential of CO2_3lj.pm will be calculated by:
         -> no calculation
Opening file <CO2_3lj.pm> for reading (unit 1003)
File <CO2_3lj.pm> closed (unit 1003)
Opening file <NVT_MD_Einstein.CO2_3lj.nrm> for writing (unit 1004)
File <NVT_MD_Einstein.CO2_3lj.nrm> closed (unit 1004)
Normalized potential model for CO2_3lj.pm saved to file <NVT_MD_Einstein.CO2_3lj.nrm>
       Reading component  1 for ensemble successful
------------------------------------------------------------------------
The mole fraction(s) may be slightly changed due to the number of particle(s).
Number of particles:                       500
Mole fraction of CO2_3lj.pm:                 1.000
         ->  number of particles:          500
Memory for CO2_3lj.pm allocated successfully

Reduced center of mass cutoff radius:        4.000

Cutoff correction to
- potential energy from LJ                  -0.27415523
- pressure from LJ                          -0.55668053
- chem. pot. of CO2_3lj.pm from LJ          -0.54831045
- potential energy from reaction field (RF)  0.00000000
- pressure from reaction field:              0.00000000
- chem. pot. of CO2_3lj.pm from RF           0.00000000

Initialize positions:
         FCC lattice:   4 *   5x   5x   5 cells
         with  4 molecules/cell
              Reading ensemble   1 successful
------------------------------------------------------------------------
File <NVT_MD_Einstein.par> closed (unit 1002)
                 Reading Simulation Input successful
************************************************************************



************************************************************************
                           Start Simulation
************************************************************************
Opening file <NVT_MD_Einstein_1.run> for writing (unit 1015)
Opening file <NVT_MD_Einstein_1.rav> for writing (unit 1016)
Opening file <NVT_MD_Einstein_1.rtr> for writing (unit 1021)

========================================================================
TSimulation_Run timer start: 09.06.2026, 10:45:03.551 (UTC+120)
------------------------------------------------------------------------


========================================================================
MC overlap reduction timer start: 09.06.2026, 10:45:03.551 (UTC+120)
------------------------------------------------------------------------
       10 steps completed on 09.06.2026 at 10:45:03
------------------------------------------------------------------------
Duration:
 MC overlap reduction wtime        diff: 0.355471000    - 0.355478000
                             <=    0h  0min  0.35548sec (+- 0.10E-05sec)
MC overlap reduction timer stop: 09.06.2026, 10:45:03.906 (UTC+120)
========================================================================

MC overlap reduction completed on 09.06.2026 at 10:45:03


========================================================================
NVT equilibration timer start: 09.06.2026, 10:45:03.907 (UTC+120)
------------------------------------------------------------------------
     1000 steps completed on 09.06.2026 at 10:45:08
     2000 steps completed on 09.06.2026 at 10:45:12
     3000 steps completed on 09.06.2026 at 10:45:16
     4000 steps completed on 09.06.2026 at 10:45:21
     5000 steps completed on 09.06.2026 at 10:45:25
     6000 steps completed on 09.06.2026 at 10:45:30
     7000 steps completed on 09.06.2026 at 10:45:34
     8000 steps completed on 09.06.2026 at 10:45:39
     9000 steps completed on 09.06.2026 at 10:45:43
    10000 steps completed on 09.06.2026 at 10:45:47
------------------------------------------------------------------------
Duration:
 NVT equilibration wtime        diff:  44.0337010    -  44.0337070
                             <=    0h  0min 44.03371sec (+- 0.10E-05sec)
NVT equilibration timer stop: 09.06.2026, 10:45:47.940 (UTC+120)
========================================================================

NVT equilibration completed on 09.06.2026 at 10:45:47


========================================================================
simulation timer start: 09.06.2026, 10:45:47.940 (UTC+120)
------------------------------------------------------------------------
     1000 steps completed on 09.06.2026 at 10:45:53
     2000 steps completed on 09.06.2026 at 10:45:58
     3000 steps completed on 09.06.2026 at 10:46:03
     4000 steps completed on 09.06.2026 at 10:46:08
     5000 steps completed on 09.06.2026 at 10:46:13
Saving simulation results
Opening file <NVT_MD_Einstein_1.res> for writing (unit 1017)
File <NVT_MD_Einstein_1.res> closed (unit 1017)
Opening file <NVT_MD_Einstein_1.ecoef> for writing (unit 1028)
File <NVT_MD_Einstein_1.ecoef> closed (unit 1028)
     6000 steps completed on 09.06.2026 at 10:46:18
     7000 steps completed on 09.06.2026 at 10:46:23
     8000 steps completed on 09.06.2026 at 10:46:29
     9000 steps completed on 09.06.2026 at 10:46:34
    10000 steps completed on 09.06.2026 at 10:46:39
Saving simulation results
Opening file <NVT_MD_Einstein_1.res> for writing (unit 1017)
File <NVT_MD_Einstein_1.res> closed (unit 1017)
Opening file <NVT_MD_Einstein_1.ecoef> for writing (unit 1028)
File <NVT_MD_Einstein_1.ecoef> closed (unit 1028)
    11000 steps completed on 09.06.2026 at 10:46:44
    12000 steps completed on 09.06.2026 at 10:46:49
    13000 steps completed on 09.06.2026 at 10:46:54
    14000 steps completed on 09.06.2026 at 10:46:59
    15000 steps completed on 09.06.2026 at 10:47:05
Saving simulation results
Opening file <NVT_MD_Einstein_1.res> for writing (unit 1017)
File <NVT_MD_Einstein_1.res> closed (unit 1017)
Opening file <NVT_MD_Einstein_1.ecoef> for writing (unit 1028)
File <NVT_MD_Einstein_1.ecoef> closed (unit 1028)
    16000 steps completed on 09.06.2026 at 10:47:10
    17000 steps completed on 09.06.2026 at 10:47:15
    18000 steps completed on 09.06.2026 at 10:47:20
    19000 steps completed on 09.06.2026 at 10:47:25
    20000 steps completed on 09.06.2026 at 10:47:30
Saving simulation results
Opening file <NVT_MD_Einstein_1.res> for writing (unit 1017)
File <NVT_MD_Einstein_1.res> closed (unit 1017)
Opening file <NVT_MD_Einstein_1.ecoef> for writing (unit 1028)
File <NVT_MD_Einstein_1.ecoef> closed (unit 1028)
    21000 steps completed on 09.06.2026 at 10:47:36
    22000 steps completed on 09.06.2026 at 10:47:41
    23000 steps completed on 09.06.2026 at 10:47:46
    24000 steps completed on 09.06.2026 at 10:47:51
    25000 steps completed on 09.06.2026 at 10:47:56
Saving simulation results
Opening file <NVT_MD_Einstein_1.res> for writing (unit 1017)
File <NVT_MD_Einstein_1.res> closed (unit 1017)
Opening file <NVT_MD_Einstein_1.ecoef> for writing (unit 1028)
File <NVT_MD_Einstein_1.ecoef> closed (unit 1028)
    26000 steps completed on 09.06.2026 at 10:48:01
    27000 steps completed on 09.06.2026 at 10:48:06
    28000 steps completed on 09.06.2026 at 10:48:12
    29000 steps completed on 09.06.2026 at 10:48:17
    30000 steps completed on 09.06.2026 at 10:48:22
Saving simulation results
Opening file <NVT_MD_Einstein_1.res> for writing (unit 1017)
File <NVT_MD_Einstein_1.res> closed (unit 1017)
Opening file <NVT_MD_Einstein_1.ecoef> for writing (unit 1028)
File <NVT_MD_Einstein_1.ecoef> closed (unit 1028)
    31000 steps completed on 09.06.2026 at 10:48:27
    32000 steps completed on 09.06.2026 at 10:48:32
    33000 steps completed on 09.06.2026 at 10:48:37
    34000 steps completed on 09.06.2026 at 10:48:43
    35000 steps completed on 09.06.2026 at 10:48:48
Saving simulation results
Opening file <NVT_MD_Einstein_1.res> for writing (unit 1017)
File <NVT_MD_Einstein_1.res> closed (unit 1017)
Opening file <NVT_MD_Einstein_1.ecoef> for writing (unit 1028)
File <NVT_MD_Einstein_1.ecoef> closed (unit 1028)
    36000 steps completed on 09.06.2026 at 10:48:53
    37000 steps completed on 09.06.2026 at 10:48:58
    38000 steps completed on 09.06.2026 at 10:49:03
    39000 steps completed on 09.06.2026 at 10:49:08
    40000 steps completed on 09.06.2026 at 10:49:13
Saving simulation results
Opening file <NVT_MD_Einstein_1.res> for writing (unit 1017)
File <NVT_MD_Einstein_1.res> closed (unit 1017)
Opening file <NVT_MD_Einstein_1.ecoef> for writing (unit 1028)
File <NVT_MD_Einstein_1.ecoef> closed (unit 1028)
    41000 steps completed on 09.06.2026 at 10:49:19
    42000 steps completed on 09.06.2026 at 10:49:24
    43000 steps completed on 09.06.2026 at 10:49:29
    44000 steps completed on 09.06.2026 at 10:49:34
    45000 steps completed on 09.06.2026 at 10:49:39
Saving simulation results
Opening file <NVT_MD_Einstein_1.res> for writing (unit 1017)
File <NVT_MD_Einstein_1.res> closed (unit 1017)
Opening file <NVT_MD_Einstein_1.ecoef> for writing (unit 1028)
File <NVT_MD_Einstein_1.ecoef> closed (unit 1028)
    46000 steps completed on 09.06.2026 at 10:49:44
    47000 steps completed on 09.06.2026 at 10:49:49
    48000 steps completed on 09.06.2026 at 10:49:55
    49000 steps completed on 09.06.2026 at 10:50:00
    50000 steps completed on 09.06.2026 at 10:50:05
Saving simulation results
Opening file <NVT_MD_Einstein_1.res> for writing (unit 1017)
File <NVT_MD_Einstein_1.res> closed (unit 1017)
Opening file <NVT_MD_Einstein_1.ecoef> for writing (unit 1028)
File <NVT_MD_Einstein_1.ecoef> closed (unit 1028)
    51000 steps completed on 09.06.2026 at 10:50:10
    52000 steps completed on 09.06.2026 at 10:50:15
    53000 steps completed on 09.06.2026 at 10:50:20
    54000 steps completed on 09.06.2026 at 10:50:26
    55000 steps completed on 09.06.2026 at 10:50:31
Saving simulation results
Opening file <NVT_MD_Einstein_1.res> for writing (unit 1017)
File <NVT_MD_Einstein_1.res> closed (unit 1017)
Opening file <NVT_MD_Einstein_1.ecoef> for writing (unit 1028)
File <NVT_MD_Einstein_1.ecoef> closed (unit 1028)
    56000 steps completed on 09.06.2026 at 10:50:36
    57000 steps completed on 09.06.2026 at 10:50:41
    58000 steps completed on 09.06.2026 at 10:50:46
    59000 steps completed on 09.06.2026 at 10:50:51
    60000 steps completed on 09.06.2026 at 10:50:57
Saving simulation results
Opening file <NVT_MD_Einstein_1.res> for writing (unit 1017)
File <NVT_MD_Einstein_1.res> closed (unit 1017)
Opening file <NVT_MD_Einstein_1.ecoef> for writing (unit 1028)
File <NVT_MD_Einstein_1.ecoef> closed (unit 1028)
    61000 steps completed on 09.06.2026 at 10:51:02
    62000 steps completed on 09.06.2026 at 10:51:07
    63000 steps completed on 09.06.2026 at 10:51:12
    64000 steps completed on 09.06.2026 at 10:51:17
    65000 steps completed on 09.06.2026 at 10:51:22
Saving simulation results
Opening file <NVT_MD_Einstein_1.res> for writing (unit 1017)
File <NVT_MD_Einstein_1.res> closed (unit 1017)
Opening file <NVT_MD_Einstein_1.ecoef> for writing (unit 1028)
File <NVT_MD_Einstein_1.ecoef> closed (unit 1028)
    66000 steps completed on 09.06.2026 at 10:51:28
    67000 steps completed on 09.06.2026 at 10:51:33
    68000 steps completed on 09.06.2026 at 10:51:38
    69000 steps completed on 09.06.2026 at 10:51:43
    70000 steps completed on 09.06.2026 at 10:51:48
Saving simulation results
Opening file <NVT_MD_Einstein_1.res> for writing (unit 1017)
File <NVT_MD_Einstein_1.res> closed (unit 1017)
Opening file <NVT_MD_Einstein_1.ecoef> for writing (unit 1028)
File <NVT_MD_Einstein_1.ecoef> closed (unit 1028)
    71000 steps completed on 09.06.2026 at 10:51:53
    72000 steps completed on 09.06.2026 at 10:51:59
    73000 steps completed on 09.06.2026 at 10:52:04
    74000 steps completed on 09.06.2026 at 10:52:09
    75000 steps completed on 09.06.2026 at 10:52:14
Saving simulation results
Opening file <NVT_MD_Einstein_1.res> for writing (unit 1017)
File <NVT_MD_Einstein_1.res> closed (unit 1017)
Opening file <NVT_MD_Einstein_1.ecoef> for writing (unit 1028)
File <NVT_MD_Einstein_1.ecoef> closed (unit 1028)
    76000 steps completed on 09.06.2026 at 10:52:19
    77000 steps completed on 09.06.2026 at 10:52:24
    78000 steps completed on 09.06.2026 at 10:52:29
    79000 steps completed on 09.06.2026 at 10:52:35
    80000 steps completed on 09.06.2026 at 10:52:40
Saving simulation results
Opening file <NVT_MD_Einstein_1.res> for writing (unit 1017)
File <NVT_MD_Einstein_1.res> closed (unit 1017)
Opening file <NVT_MD_Einstein_1.ecoef> for writing (unit 1028)
File <NVT_MD_Einstein_1.ecoef> closed (unit 1028)
    81000 steps completed on 09.06.2026 at 10:52:45
    82000 steps completed on 09.06.2026 at 10:52:50
    83000 steps completed on 09.06.2026 at 10:52:55
    84000 steps completed on 09.06.2026 at 10:53:00
    85000 steps completed on 09.06.2026 at 10:53:05
Saving simulation results
Opening file <NVT_MD_Einstein_1.res> for writing (unit 1017)
File <NVT_MD_Einstein_1.res> closed (unit 1017)
Opening file <NVT_MD_Einstein_1.ecoef> for writing (unit 1028)
File <NVT_MD_Einstein_1.ecoef> closed (unit 1028)
    86000 steps completed on 09.06.2026 at 10:53:11
    87000 steps completed on 09.06.2026 at 10:53:16
    88000 steps completed on 09.06.2026 at 10:53:21
    89000 steps completed on 09.06.2026 at 10:53:26
    90000 steps completed on 09.06.2026 at 10:53:31
Saving simulation results
Opening file <NVT_MD_Einstein_1.res> for writing (unit 1017)
File <NVT_MD_Einstein_1.res> closed (unit 1017)
Opening file <NVT_MD_Einstein_1.ecoef> for writing (unit 1028)
File <NVT_MD_Einstein_1.ecoef> closed (unit 1028)
    91000 steps completed on 09.06.2026 at 10:53:36
    92000 steps completed on 09.06.2026 at 10:53:41
    93000 steps completed on 09.06.2026 at 10:53:47
    94000 steps completed on 09.06.2026 at 10:53:52
    95000 steps completed on 09.06.2026 at 10:53:57
Saving simulation results
Opening file <NVT_MD_Einstein_1.res> for writing (unit 1017)
File <NVT_MD_Einstein_1.res> closed (unit 1017)
Opening file <NVT_MD_Einstein_1.ecoef> for writing (unit 1028)
File <NVT_MD_Einstein_1.ecoef> closed (unit 1028)
    96000 steps completed on 09.06.2026 at 10:54:02
    97000 steps completed on 09.06.2026 at 10:54:07
    98000 steps completed on 09.06.2026 at 10:54:12
    99000 steps completed on 09.06.2026 at 10:54:18
   100000 steps completed on 09.06.2026 at 10:54:23
Saving simulation results
Opening file <NVT_MD_Einstein_1.res> for writing (unit 1017)
File <NVT_MD_Einstein_1.res> closed (unit 1017)
Opening file <NVT_MD_Einstein_1.ecoef> for writing (unit 1028)
File <NVT_MD_Einstein_1.ecoef> closed (unit 1028)
   101000 steps completed on 09.06.2026 at 10:54:28
   102000 steps completed on 09.06.2026 at 10:54:33
   103000 steps completed on 09.06.2026 at 10:54:38
   104000 steps completed on 09.06.2026 at 10:54:43
   105000 steps completed on 09.06.2026 at 10:54:49
Saving simulation results
Opening file <NVT_MD_Einstein_1.res> for writing (unit 1017)
File <NVT_MD_Einstein_1.res> closed (unit 1017)
Opening file <NVT_MD_Einstein_1.ecoef> for writing (unit 1028)
File <NVT_MD_Einstein_1.ecoef> closed (unit 1028)
   106000 steps completed on 09.06.2026 at 10:54:54
   107000 steps completed on 09.06.2026 at 10:54:59
   108000 steps completed on 09.06.2026 at 10:55:04
   109000 steps completed on 09.06.2026 at 10:55:09
   110000 steps completed on 09.06.2026 at 10:55:14
Saving simulation results
Opening file <NVT_MD_Einstein_1.res> for writing (unit 1017)
File <NVT_MD_Einstein_1.res> closed (unit 1017)
Opening file <NVT_MD_Einstein_1.ecoef> for writing (unit 1028)
File <NVT_MD_Einstein_1.ecoef> closed (unit 1028)
   111000 steps completed on 09.06.2026 at 10:55:19
   112000 steps completed on 09.06.2026 at 10:55:24
   113000 steps completed on 09.06.2026 at 10:55:30
   114000 steps completed on 09.06.2026 at 10:55:35
   115000 steps completed on 09.06.2026 at 10:55:40
Saving simulation results
Opening file <NVT_MD_Einstein_1.res> for writing (unit 1017)
File <NVT_MD_Einstein_1.res> closed (unit 1017)
Opening file <NVT_MD_Einstein_1.ecoef> for writing (unit 1028)
File <NVT_MD_Einstein_1.ecoef> closed (unit 1028)
   116000 steps completed on 09.06.2026 at 10:55:45
   117000 steps completed on 09.06.2026 at 10:55:50
   118000 steps completed on 09.06.2026 at 10:55:55
   119000 steps completed on 09.06.2026 at 10:56:00
   120000 steps completed on 09.06.2026 at 10:56:05
Saving simulation results
Opening file <NVT_MD_Einstein_1.res> for writing (unit 1017)
File <NVT_MD_Einstein_1.res> closed (unit 1017)
Opening file <NVT_MD_Einstein_1.ecoef> for writing (unit 1028)
File <NVT_MD_Einstein_1.ecoef> closed (unit 1028)
   121000 steps completed on 09.06.2026 at 10:56:10
   122000 steps completed on 09.06.2026 at 10:56:16
   123000 steps completed on 09.06.2026 at 10:56:21
   124000 steps completed on 09.06.2026 at 10:56:26
   125000 steps completed on 09.06.2026 at 10:56:31
Saving simulation results
Opening file <NVT_MD_Einstein_1.res> for writing (unit 1017)
File <NVT_MD_Einstein_1.res> closed (unit 1017)
Opening file <NVT_MD_Einstein_1.ecoef> for writing (unit 1028)
File <NVT_MD_Einstein_1.ecoef> closed (unit 1028)
   126000 steps completed on 09.06.2026 at 10:56:36
   127000 steps completed on 09.06.2026 at 10:56:41
   128000 steps completed on 09.06.2026 at 10:56:46
   129000 steps completed on 09.06.2026 at 10:56:52
   130000 steps completed on 09.06.2026 at 10:56:57
Saving simulation results
Opening file <NVT_MD_Einstein_1.res> for writing (unit 1017)
File <NVT_MD_Einstein_1.res> closed (unit 1017)
Opening file <NVT_MD_Einstein_1.ecoef> for writing (unit 1028)
File <NVT_MD_Einstein_1.ecoef> closed (unit 1028)
   131000 steps completed on 09.06.2026 at 10:57:02
   132000 steps completed on 09.06.2026 at 10:57:07
   133000 steps completed on 09.06.2026 at 10:57:12
   134000 steps completed on 09.06.2026 at 10:57:17
   135000 steps completed on 09.06.2026 at 10:57:22
Saving simulation results
Opening file <NVT_MD_Einstein_1.res> for writing (unit 1017)
File <NVT_MD_Einstein_1.res> closed (unit 1017)
Opening file <NVT_MD_Einstein_1.ecoef> for writing (unit 1028)
File <NVT_MD_Einstein_1.ecoef> closed (unit 1028)
   136000 steps completed on 09.06.2026 at 10:57:27
   137000 steps completed on 09.06.2026 at 10:57:33
   138000 steps completed on 09.06.2026 at 10:57:38
   139000 steps completed on 09.06.2026 at 10:57:43
   140000 steps completed on 09.06.2026 at 10:57:48
Saving simulation results
Opening file <NVT_MD_Einstein_1.res> for writing (unit 1017)
File <NVT_MD_Einstein_1.res> closed (unit 1017)
Opening file <NVT_MD_Einstein_1.ecoef> for writing (unit 1028)
File <NVT_MD_Einstein_1.ecoef> closed (unit 1028)
   141000 steps completed on 09.06.2026 at 10:57:53
   142000 steps completed on 09.06.2026 at 10:57:58
   143000 steps completed on 09.06.2026 at 10:58:03
   144000 steps completed on 09.06.2026 at 10:58:09
   145000 steps completed on 09.06.2026 at 10:58:14
Saving simulation results
Opening file <NVT_MD_Einstein_1.res> for writing (unit 1017)
File <NVT_MD_Einstein_1.res> closed (unit 1017)
Opening file <NVT_MD_Einstein_1.ecoef> for writing (unit 1028)
File <NVT_MD_Einstein_1.ecoef> closed (unit 1028)
   146000 steps completed on 09.06.2026 at 10:58:19
   147000 steps completed on 09.06.2026 at 10:58:24
   148000 steps completed on 09.06.2026 at 10:58:29
   149000 steps completed on 09.06.2026 at 10:58:34
   150000 steps completed on 09.06.2026 at 10:58:39
Saving simulation results
Opening file <NVT_MD_Einstein_1.res> for writing (unit 1017)
File <NVT_MD_Einstein_1.res> closed (unit 1017)
Opening file <NVT_MD_Einstein_1.ecoef> for writing (unit 1028)
File <NVT_MD_Einstein_1.ecoef> closed (unit 1028)
   151000 steps completed on 09.06.2026 at 10:58:44
   152000 steps completed on 09.06.2026 at 10:58:49
   153000 steps completed on 09.06.2026 at 10:58:54
   154000 steps completed on 09.06.2026 at 10:59:00
   155000 steps completed on 09.06.2026 at 10:59:05
Saving simulation results
Opening file <NVT_MD_Einstein_1.res> for writing (unit 1017)
File <NVT_MD_Einstein_1.res> closed (unit 1017)
Opening file <NVT_MD_Einstein_1.ecoef> for writing (unit 1028)
File <NVT_MD_Einstein_1.ecoef> closed (unit 1028)
   156000 steps completed on 09.06.2026 at 10:59:10
   157000 steps completed on 09.06.2026 at 10:59:15
   158000 steps completed on 09.06.2026 at 10:59:20
   159000 steps completed on 09.06.2026 at 10:59:25
   160000 steps completed on 09.06.2026 at 10:59:30
Saving simulation results
Opening file <NVT_MD_Einstein_1.res> for writing (unit 1017)
File <NVT_MD_Einstein_1.res> closed (unit 1017)
Opening file <NVT_MD_Einstein_1.ecoef> for writing (unit 1028)
File <NVT_MD_Einstein_1.ecoef> closed (unit 1028)
   161000 steps completed on 09.06.2026 at 10:59:35
   162000 steps completed on 09.06.2026 at 10:59:40
   163000 steps completed on 09.06.2026 at 10:59:45
   164000 steps completed on 09.06.2026 at 10:59:51
   165000 steps completed on 09.06.2026 at 10:59:56
Saving simulation results
Opening file <NVT_MD_Einstein_1.res> for writing (unit 1017)
File <NVT_MD_Einstein_1.res> closed (unit 1017)
Opening file <NVT_MD_Einstein_1.ecoef> for writing (unit 1028)
File <NVT_MD_Einstein_1.ecoef> closed (unit 1028)
   166000 steps completed on 09.06.2026 at 11:00:01
   167000 steps completed on 09.06.2026 at 11:00:06
   168000 steps completed on 09.06.2026 at 11:00:11
   169000 steps completed on 09.06.2026 at 11:00:16
   170000 steps completed on 09.06.2026 at 11:00:21
Saving simulation results
Opening file <NVT_MD_Einstein_1.res> for writing (unit 1017)
File <NVT_MD_Einstein_1.res> closed (unit 1017)
Opening file <NVT_MD_Einstein_1.ecoef> for writing (unit 1028)
File <NVT_MD_Einstein_1.ecoef> closed (unit 1028)
   171000 steps completed on 09.06.2026 at 11:00:26
   172000 steps completed on 09.06.2026 at 11:00:31
   173000 steps completed on 09.06.2026 at 11:00:36
   174000 steps completed on 09.06.2026 at 11:00:42
   175000 steps completed on 09.06.2026 at 11:00:47
Saving simulation results
Opening file <NVT_MD_Einstein_1.res> for writing (unit 1017)
File <NVT_MD_Einstein_1.res> closed (unit 1017)
Opening file <NVT_MD_Einstein_1.ecoef> for writing (unit 1028)
File <NVT_MD_Einstein_1.ecoef> closed (unit 1028)
   176000 steps completed on 09.06.2026 at 11:00:52
   177000 steps completed on 09.06.2026 at 11:00:57
   178000 steps completed on 09.06.2026 at 11:01:02
   179000 steps completed on 09.06.2026 at 11:01:07
   180000 steps completed on 09.06.2026 at 11:01:12
Saving simulation results
Opening file <NVT_MD_Einstein_1.res> for writing (unit 1017)
File <NVT_MD_Einstein_1.res> closed (unit 1017)
Opening file <NVT_MD_Einstein_1.ecoef> for writing (unit 1028)
File <NVT_MD_Einstein_1.ecoef> closed (unit 1028)
   181000 steps completed on 09.06.2026 at 11:01:17
   182000 steps completed on 09.06.2026 at 11:01:22
   183000 steps completed on 09.06.2026 at 11:01:28
   184000 steps completed on 09.06.2026 at 11:01:33
   185000 steps completed on 09.06.2026 at 11:01:38
Saving simulation results
Opening file <NVT_MD_Einstein_1.res> for writing (unit 1017)
File <NVT_MD_Einstein_1.res> closed (unit 1017)
Opening file <NVT_MD_Einstein_1.ecoef> for writing (unit 1028)
File <NVT_MD_Einstein_1.ecoef> closed (unit 1028)
   186000 steps completed on 09.06.2026 at 11:01:43
   187000 steps completed on 09.06.2026 at 11:01:48
   188000 steps completed on 09.06.2026 at 11:01:53
   189000 steps completed on 09.06.2026 at 11:01:58
   190000 steps completed on 09.06.2026 at 11:02:03
Saving simulation results
Opening file <NVT_MD_Einstein_1.res> for writing (unit 1017)
File <NVT_MD_Einstein_1.res> closed (unit 1017)
Opening file <NVT_MD_Einstein_1.ecoef> for writing (unit 1028)
File <NVT_MD_Einstein_1.ecoef> closed (unit 1028)
   191000 steps completed on 09.06.2026 at 11:02:09
   192000 steps completed on 09.06.2026 at 11:02:14
   193000 steps completed on 09.06.2026 at 11:02:19
   194000 steps completed on 09.06.2026 at 11:02:24
   195000 steps completed on 09.06.2026 at 11:02:29
Saving simulation results
Opening file <NVT_MD_Einstein_1.res> for writing (unit 1017)
File <NVT_MD_Einstein_1.res> closed (unit 1017)
Opening file <NVT_MD_Einstein_1.ecoef> for writing (unit 1028)
File <NVT_MD_Einstein_1.ecoef> closed (unit 1028)
   196000 steps completed on 09.06.2026 at 11:02:34
   197000 steps completed on 09.06.2026 at 11:02:39
   198000 steps completed on 09.06.2026 at 11:02:45
   199000 steps completed on 09.06.2026 at 11:02:50
   200000 steps completed on 09.06.2026 at 11:02:55
Saving simulation results
Opening file <NVT_MD_Einstein_1.res> for writing (unit 1017)
File <NVT_MD_Einstein_1.res> closed (unit 1017)
Opening file <NVT_MD_Einstein_1.ecoef> for writing (unit 1028)
File <NVT_MD_Einstein_1.ecoef> closed (unit 1028)
------------------------------------------------------------------------
Duration:
 simulation wtime        diff:  1027.54701    -  1027.54703
                             <=    0h 17min  7.54703sec (+- 0.10E-05sec)
simulation timer stop: 09.06.2026, 11:02:55.487 (UTC+120)
========================================================================


Saving simulation restart file
Saving restart file NVT_MD_Einstein.rst on 09.06.2026 at 11:02:55
Opening file <NVT_MD_Einstein.rst> for writing (unit 1005)
saving restart data at step    200000 /    210010
still to be done: (NVT)Equilibration  F F
writing ensemble      1 on 09.06.2026 at 11:02:55
File <NVT_MD_Einstein.rst> closed (unit 1005)
Finished saving restart file NVT_MD_Einstein.rst on 09.06.2026 at 11:02:55
------------------------------------------------------------------------
Duration:
 TSimulation_Run system_clock diff:  1071.99805    sec
                 =    0h 17min 51.99805sec (+i*  596h 31min 23.75000sec)
 TSimulation_Run wtime   root diff:  1071.99780
                              =    0h 17min 51.99780sec (+- 0.10E-05sec)
TSimulation_Run timer stop: 09.06.2026, 11:02:55.549 (UTC+120)
========================================================================


File <NVT_MD_Einstein_1.rav> closed (unit 1016)
File <NVT_MD_Einstein_1.run> closed (unit 1015)

************************************************************************
Program terminated on 09.06.2026 at 11:02:55
************************************************************************
