ms2 logfile NVT_MD_GKEinstein.log created by PE0 on 09.06.2026 at 11:01:04

**************************************************************************
*                         Molecular Simulation 2                         *
**************************************************************************

============================================================================
*                         Publishing with ms2                              *
* Every user agrees to cite ms2 upon usage as follows                      *
* ------------------------------------------------------------------------ *
* I. Nitzke, G. Guevara-Carrion, D. Saric, S. Homes, S. Stephan,           *
* R. Fingerhut, M. Bernreuther, H. Hasse, J. Vrabec                        *
* Computer Physics Communications (2025)                                   *
============================================================================

**************************************************************************
* (c) by TU Kaiserslautern / TU Berlin                                   *
*     P.O. Box 67653                                                     *
*     67653 Kaiserslautern                                               *
**************************************************************************

**************************************************************************
* Updates and auxiliary routines are available from                      *
* http://www.ms-2.de                                                     *
**************************************************************************

Program ms2_GNU_mpi_trans version 5.019
Hardware architecture: pc/gfortran
Compiler version     : GNU gfortran150200
Compiler flags       : MPI=1 TRANS=1 MPI_USE_MODULE=1
Compile time         : Jun  9 2026,10:48:54
Real Kind            : 8

Hostname             : Stephen.local
started by user Isabel on 09.06.2026 at 11:01:04

------------------------------------------------------------------------
Parallelization:
MPI version        : 3.1
Number of processes:   4
Root process rank  :   0
rank:  I/O: processor name:
    0   +   Stephen.local
    1   +   Stephen.local
    2   +   Stephen.local
    3   +   Stephen.local


------------------------------------------------------------------------
Signal handler set successfully
Random number generator initialized
------------------------------------------------------------------------

************************************************************************
                       Reading Simulation Input
************************************************************************
Opening file <NVT_MD_GKEinstein.par> for reading (unit 1002)

------------------------------------------------------------------------
                   Reading parameters of simulation
Name tag for output (default):             NVT_MD_GKEinstein

setting WallTime to default value   20160
Specified walltime:   20160 m
setting TimeLimit to default value      60
Specified time limit:    60 m

System of units:         SI
Unit of length:          3.500 A
Unit of energy:        100.000 K
Unit of mass:           40.000 a.u.

Simulation type:         Molecular Dynamics
Integrator type:         Gear predictor-corrector
Time step:                1.213807 fs
Reduced time step:        0.000500

Ensemble type:           NVT

Number of MC overlap reduction steps:       10
Number of NVT equilibration steps:       10000
Number of production steps:             200000

Result files will be updated each         1000 time steps
Final result files will be updated each   5000 time steps
Visualization files will not be created

setting RDFFreq to default value       0
RDF files will not be created

setting ODFRecordingFreq to default value       0
ODF files will not be created

setting KBIFreq to default value       0
KBI files will not be created

setting ALPHA2Freq to default value       0

Cutoff mode:             Center of Mass

setting LongRange to default value rf
Long Range Correction: Reaction Field
Number of ensembles:     1
mpiEnsembleGroups:       1
setting ClusterIsCriteria to default value no
Cluster Criteria evaluation:    .false.
Transport properties:    Include transport properties for all ensembles
Method for transport: GKEinstein
setting ContributionMode to default value SEP
transport will be calculated: Together

------------------------------------------------------------------------
             Reading parameters of ensemble  1
Temperature:               270.000 K
Density:                    32.000 mol/l
Reduced temperature:         2.700000
Reduced density:             0.826237
setting ResidTime to default value no
Calculation of residence time: no
setting CommonEqui to default value no
MD simulation: Logical CommonEqui no is invalid, set to yes
Number of components:        1

Correlation Functions (CF) are calculated every  5-th time step
Length of CF:              10000
Time Span between CF:       1000
Print CF each:                50
Transport results will be updated each 50 CF
------------------------------------------------------------------------
            Reading component  1 for ensemble
Mole fraction of component CO2_3lj.pm:  1.000000
setting PartMolEnt to default value   0.00000000
Chemical potential of CO2_3lj.pm will be calculated by:
         -> no calculation
Opening file <CO2_3lj.pm> for reading (unit 1003)
File <CO2_3lj.pm> closed (unit 1003)
Opening file <NVT_MD_GKEinstein.CO2_3lj.nrm> for writing (unit 1004)
File <NVT_MD_GKEinstein.CO2_3lj.nrm> closed (unit 1004)
Normalized potential model for CO2_3lj.pm saved to file <NVT_MD_GKEinstein.CO2_3lj.nrm>
       Reading component  1 for ensemble successful
------------------------------------------------------------------------
The mole fraction(s) may be slightly changed due to the number of particle(s).
Number of particles:                       500
Mole fraction of CO2_3lj.pm:                 1.000
         ->  number of particles:          500
Memory for CO2_3lj.pm allocated successfully

Reduced center of mass cutoff radius:        4.000

Cutoff correction to
- potential energy from LJ                  -0.27415523
- pressure from LJ                          -0.55668053
- chem. pot. of CO2_3lj.pm from LJ          -0.54831045
- potential energy from reaction field (RF)  0.00000000
- pressure from reaction field:              0.00000000
- chem. pot. of CO2_3lj.pm from RF           0.00000000

Initialize positions:
         FCC lattice:   4 *   5x   5x   5 cells
         with  4 molecules/cell
              Reading ensemble   1 successful
------------------------------------------------------------------------
File <NVT_MD_GKEinstein.par> closed (unit 1002)
                 Reading Simulation Input successful
************************************************************************



************************************************************************
                           Start Simulation
************************************************************************
Opening file <NVT_MD_GKEinstein_1.run> for writing (unit 1015)
Opening file <NVT_MD_GKEinstein_1.rav> for writing (unit 1016)
Opening file <NVT_MD_GKEinstein_1.rtr> for writing (unit 1021)

========================================================================
TSimulation_Run timer start: 09.06.2026, 11:01:04.951 (UTC+120)
------------------------------------------------------------------------


========================================================================
MC overlap reduction timer start: 09.06.2026, 11:01:04.952 (UTC+120)
------------------------------------------------------------------------
       10 steps completed on 09.06.2026 at 11:01:05
------------------------------------------------------------------------
Duration:
 MC overlap reduction wtime        diff: 0.171643000    - 0.171651000
                             <=    0h  0min  0.17165sec (+- 0.10E-05sec)
MC overlap reduction timer stop: 09.06.2026, 11:01:05.123 (UTC+120)
========================================================================

MC overlap reduction completed on 09.06.2026 at 11:01:05


========================================================================
NVT equilibration timer start: 09.06.2026, 11:01:05.123 (UTC+120)
------------------------------------------------------------------------
     1000 steps completed on 09.06.2026 at 11:01:07
     2000 steps completed on 09.06.2026 at 11:01:09
     3000 steps completed on 09.06.2026 at 11:01:11
     4000 steps completed on 09.06.2026 at 11:01:13
     5000 steps completed on 09.06.2026 at 11:01:15
     6000 steps completed on 09.06.2026 at 11:01:18
     7000 steps completed on 09.06.2026 at 11:01:20
     8000 steps completed on 09.06.2026 at 11:01:22
     9000 steps completed on 09.06.2026 at 11:01:24
    10000 steps completed on 09.06.2026 at 11:01:26
------------------------------------------------------------------------
Duration:
 NVT equilibration wtime        diff:  21.7673900    -  21.7673950
                             <=    0h  0min 21.76740sec (+- 0.10E-05sec)
NVT equilibration timer stop: 09.06.2026, 11:01:26.891 (UTC+120)
========================================================================

NVT equilibration completed on 09.06.2026 at 11:01:26


========================================================================
simulation timer start: 09.06.2026, 11:01:26.891 (UTC+120)
------------------------------------------------------------------------
     1000 steps completed on 09.06.2026 at 11:01:29
     2000 steps completed on 09.06.2026 at 11:01:32
     3000 steps completed on 09.06.2026 at 11:01:34
     4000 steps completed on 09.06.2026 at 11:01:37
     5000 steps completed on 09.06.2026 at 11:01:40
Saving simulation results
Opening file <NVT_MD_GKEinstein_1.res> for writing (unit 1017)
File <NVT_MD_GKEinstein_1.res> closed (unit 1017)
Opening file <NVT_MD_GKEinstein_1.ecoef> for writing (unit 1028)
File <NVT_MD_GKEinstein_1.ecoef> closed (unit 1028)
     6000 steps completed on 09.06.2026 at 11:01:43
     7000 steps completed on 09.06.2026 at 11:01:45
     8000 steps completed on 09.06.2026 at 11:01:48
     9000 steps completed on 09.06.2026 at 11:01:51
    10000 steps completed on 09.06.2026 at 11:01:54
Saving simulation results
Opening file <NVT_MD_GKEinstein_1.res> for writing (unit 1017)
File <NVT_MD_GKEinstein_1.res> closed (unit 1017)
Opening file <NVT_MD_GKEinstein_1.ecoef> for writing (unit 1028)
File <NVT_MD_GKEinstein_1.ecoef> closed (unit 1028)
    11000 steps completed on 09.06.2026 at 11:01:56
    12000 steps completed on 09.06.2026 at 11:01:59
    13000 steps completed on 09.06.2026 at 11:02:02
    14000 steps completed on 09.06.2026 at 11:02:04
    15000 steps completed on 09.06.2026 at 11:02:07
Saving simulation results
Opening file <NVT_MD_GKEinstein_1.res> for writing (unit 1017)
File <NVT_MD_GKEinstein_1.res> closed (unit 1017)
Opening file <NVT_MD_GKEinstein_1.ecoef> for writing (unit 1028)
File <NVT_MD_GKEinstein_1.ecoef> closed (unit 1028)
    16000 steps completed on 09.06.2026 at 11:02:10
    17000 steps completed on 09.06.2026 at 11:02:13
    18000 steps completed on 09.06.2026 at 11:02:15
    19000 steps completed on 09.06.2026 at 11:02:18
    20000 steps completed on 09.06.2026 at 11:02:21
Saving simulation results
Opening file <NVT_MD_GKEinstein_1.res> for writing (unit 1017)
File <NVT_MD_GKEinstein_1.res> closed (unit 1017)
Opening file <NVT_MD_GKEinstein_1.ecoef> for writing (unit 1028)
File <NVT_MD_GKEinstein_1.ecoef> closed (unit 1028)
    21000 steps completed on 09.06.2026 at 11:02:24
    22000 steps completed on 09.06.2026 at 11:02:26
    23000 steps completed on 09.06.2026 at 11:02:29
    24000 steps completed on 09.06.2026 at 11:02:32
    25000 steps completed on 09.06.2026 at 11:02:35
Saving simulation results
Opening file <NVT_MD_GKEinstein_1.res> for writing (unit 1017)
File <NVT_MD_GKEinstein_1.res> closed (unit 1017)
Opening file <NVT_MD_GKEinstein_1.ecoef> for writing (unit 1028)
File <NVT_MD_GKEinstein_1.ecoef> closed (unit 1028)
    26000 steps completed on 09.06.2026 at 11:02:37
    27000 steps completed on 09.06.2026 at 11:02:40
    28000 steps completed on 09.06.2026 at 11:02:43
    29000 steps completed on 09.06.2026 at 11:02:46
    30000 steps completed on 09.06.2026 at 11:02:49
Saving simulation results
Opening file <NVT_MD_GKEinstein_1.res> for writing (unit 1017)
File <NVT_MD_GKEinstein_1.res> closed (unit 1017)
Opening file <NVT_MD_GKEinstein_1.ecoef> for writing (unit 1028)
File <NVT_MD_GKEinstein_1.ecoef> closed (unit 1028)
    31000 steps completed on 09.06.2026 at 11:02:51
    32000 steps completed on 09.06.2026 at 11:02:54
    33000 steps completed on 09.06.2026 at 11:02:57
    34000 steps completed on 09.06.2026 at 11:02:59
    35000 steps completed on 09.06.2026 at 11:03:02
Saving simulation results
Opening file <NVT_MD_GKEinstein_1.res> for writing (unit 1017)
File <NVT_MD_GKEinstein_1.res> closed (unit 1017)
Opening file <NVT_MD_GKEinstein_1.ecoef> for writing (unit 1028)
File <NVT_MD_GKEinstein_1.ecoef> closed (unit 1028)
    36000 steps completed on 09.06.2026 at 11:03:05
    37000 steps completed on 09.06.2026 at 11:03:07
    38000 steps completed on 09.06.2026 at 11:03:10
    39000 steps completed on 09.06.2026 at 11:03:13
    40000 steps completed on 09.06.2026 at 11:03:15
Saving simulation results
Opening file <NVT_MD_GKEinstein_1.res> for writing (unit 1017)
File <NVT_MD_GKEinstein_1.res> closed (unit 1017)
Opening file <NVT_MD_GKEinstein_1.ecoef> for writing (unit 1028)
File <NVT_MD_GKEinstein_1.ecoef> closed (unit 1028)
    41000 steps completed on 09.06.2026 at 11:03:18
    42000 steps completed on 09.06.2026 at 11:03:21
    43000 steps completed on 09.06.2026 at 11:03:23
    44000 steps completed on 09.06.2026 at 11:03:26
    45000 steps completed on 09.06.2026 at 11:03:29
Saving simulation results
Opening file <NVT_MD_GKEinstein_1.res> for writing (unit 1017)
File <NVT_MD_GKEinstein_1.res> closed (unit 1017)
Opening file <NVT_MD_GKEinstein_1.ecoef> for writing (unit 1028)
File <NVT_MD_GKEinstein_1.ecoef> closed (unit 1028)
    46000 steps completed on 09.06.2026 at 11:03:31
    47000 steps completed on 09.06.2026 at 11:03:34
    48000 steps completed on 09.06.2026 at 11:03:37
    49000 steps completed on 09.06.2026 at 11:03:40
    50000 steps completed on 09.06.2026 at 11:03:42
Saving simulation results
Opening file <NVT_MD_GKEinstein_1.res> for writing (unit 1017)
File <NVT_MD_GKEinstein_1.res> closed (unit 1017)
Opening file <NVT_MD_GKEinstein_1.ecoef> for writing (unit 1028)
File <NVT_MD_GKEinstein_1.ecoef> closed (unit 1028)
    51000 steps completed on 09.06.2026 at 11:03:45
    52000 steps completed on 09.06.2026 at 11:03:48
    53000 steps completed on 09.06.2026 at 11:03:50
    54000 steps completed on 09.06.2026 at 11:03:53
    55000 steps completed on 09.06.2026 at 11:03:56
Saving simulation results
Opening file <NVT_MD_GKEinstein_1.res> for writing (unit 1017)
File <NVT_MD_GKEinstein_1.res> closed (unit 1017)
Opening file <NVT_MD_GKEinstein_1.ecoef> for writing (unit 1028)
File <NVT_MD_GKEinstein_1.ecoef> closed (unit 1028)
    56000 steps completed on 09.06.2026 at 11:03:58
    57000 steps completed on 09.06.2026 at 11:04:01
    58000 steps completed on 09.06.2026 at 11:04:04
    59000 steps completed on 09.06.2026 at 11:04:06
    60000 steps completed on 09.06.2026 at 11:04:09
Saving simulation results
Opening file <NVT_MD_GKEinstein_1.res> for writing (unit 1017)
File <NVT_MD_GKEinstein_1.res> closed (unit 1017)
Opening file <NVT_MD_GKEinstein_1.ecoef> for writing (unit 1028)
File <NVT_MD_GKEinstein_1.ecoef> closed (unit 1028)
    61000 steps completed on 09.06.2026 at 11:04:12
    62000 steps completed on 09.06.2026 at 11:04:14
    63000 steps completed on 09.06.2026 at 11:04:17
    64000 steps completed on 09.06.2026 at 11:04:20
    65000 steps completed on 09.06.2026 at 11:04:22
Saving simulation results
Opening file <NVT_MD_GKEinstein_1.res> for writing (unit 1017)
File <NVT_MD_GKEinstein_1.res> closed (unit 1017)
Opening file <NVT_MD_GKEinstein_1.ecoef> for writing (unit 1028)
File <NVT_MD_GKEinstein_1.ecoef> closed (unit 1028)
    66000 steps completed on 09.06.2026 at 11:04:25
    67000 steps completed on 09.06.2026 at 11:04:28
    68000 steps completed on 09.06.2026 at 11:04:30
    69000 steps completed on 09.06.2026 at 11:04:33
    70000 steps completed on 09.06.2026 at 11:04:36
Saving simulation results
Opening file <NVT_MD_GKEinstein_1.res> for writing (unit 1017)
File <NVT_MD_GKEinstein_1.res> closed (unit 1017)
Opening file <NVT_MD_GKEinstein_1.ecoef> for writing (unit 1028)
File <NVT_MD_GKEinstein_1.ecoef> closed (unit 1028)
    71000 steps completed on 09.06.2026 at 11:04:38
    72000 steps completed on 09.06.2026 at 11:04:41
    73000 steps completed on 09.06.2026 at 11:04:44
    74000 steps completed on 09.06.2026 at 11:04:47
    75000 steps completed on 09.06.2026 at 11:04:49
Saving simulation results
Opening file <NVT_MD_GKEinstein_1.res> for writing (unit 1017)
File <NVT_MD_GKEinstein_1.res> closed (unit 1017)
Opening file <NVT_MD_GKEinstein_1.ecoef> for writing (unit 1028)
File <NVT_MD_GKEinstein_1.ecoef> closed (unit 1028)
    76000 steps completed on 09.06.2026 at 11:04:52
    77000 steps completed on 09.06.2026 at 11:04:55
    78000 steps completed on 09.06.2026 at 11:04:57
    79000 steps completed on 09.06.2026 at 11:05:00
    80000 steps completed on 09.06.2026 at 11:05:03
Saving simulation results
Opening file <NVT_MD_GKEinstein_1.res> for writing (unit 1017)
File <NVT_MD_GKEinstein_1.res> closed (unit 1017)
Opening file <NVT_MD_GKEinstein_1.ecoef> for writing (unit 1028)
File <NVT_MD_GKEinstein_1.ecoef> closed (unit 1028)
    81000 steps completed on 09.06.2026 at 11:05:05
    82000 steps completed on 09.06.2026 at 11:05:08
    83000 steps completed on 09.06.2026 at 11:05:11
    84000 steps completed on 09.06.2026 at 11:05:13
    85000 steps completed on 09.06.2026 at 11:05:16
Saving simulation results
Opening file <NVT_MD_GKEinstein_1.res> for writing (unit 1017)
File <NVT_MD_GKEinstein_1.res> closed (unit 1017)
Opening file <NVT_MD_GKEinstein_1.ecoef> for writing (unit 1028)
File <NVT_MD_GKEinstein_1.ecoef> closed (unit 1028)
    86000 steps completed on 09.06.2026 at 11:05:19
    87000 steps completed on 09.06.2026 at 11:05:21
    88000 steps completed on 09.06.2026 at 11:05:24
    89000 steps completed on 09.06.2026 at 11:05:27
    90000 steps completed on 09.06.2026 at 11:05:29
Saving simulation results
Opening file <NVT_MD_GKEinstein_1.res> for writing (unit 1017)
File <NVT_MD_GKEinstein_1.res> closed (unit 1017)
Opening file <NVT_MD_GKEinstein_1.ecoef> for writing (unit 1028)
File <NVT_MD_GKEinstein_1.ecoef> closed (unit 1028)
    91000 steps completed on 09.06.2026 at 11:05:32
    92000 steps completed on 09.06.2026 at 11:05:35
    93000 steps completed on 09.06.2026 at 11:05:38
    94000 steps completed on 09.06.2026 at 11:05:40
    95000 steps completed on 09.06.2026 at 11:05:43
Saving simulation results
Opening file <NVT_MD_GKEinstein_1.res> for writing (unit 1017)
File <NVT_MD_GKEinstein_1.res> closed (unit 1017)
Opening file <NVT_MD_GKEinstein_1.ecoef> for writing (unit 1028)
File <NVT_MD_GKEinstein_1.ecoef> closed (unit 1028)
    96000 steps completed on 09.06.2026 at 11:05:46
    97000 steps completed on 09.06.2026 at 11:05:48
    98000 steps completed on 09.06.2026 at 11:05:51
    99000 steps completed on 09.06.2026 at 11:05:54
   100000 steps completed on 09.06.2026 at 11:05:56
Saving simulation results
Opening file <NVT_MD_GKEinstein_1.res> for writing (unit 1017)
File <NVT_MD_GKEinstein_1.res> closed (unit 1017)
Opening file <NVT_MD_GKEinstein_1.ecoef> for writing (unit 1028)
File <NVT_MD_GKEinstein_1.ecoef> closed (unit 1028)
   101000 steps completed on 09.06.2026 at 11:05:59
   102000 steps completed on 09.06.2026 at 11:06:02
   103000 steps completed on 09.06.2026 at 11:06:04
   104000 steps completed on 09.06.2026 at 11:06:07
   105000 steps completed on 09.06.2026 at 11:06:10
Saving simulation results
Opening file <NVT_MD_GKEinstein_1.res> for writing (unit 1017)
File <NVT_MD_GKEinstein_1.res> closed (unit 1017)
Opening file <NVT_MD_GKEinstein_1.ecoef> for writing (unit 1028)
File <NVT_MD_GKEinstein_1.ecoef> closed (unit 1028)
   106000 steps completed on 09.06.2026 at 11:06:12
   107000 steps completed on 09.06.2026 at 11:06:15
   108000 steps completed on 09.06.2026 at 11:06:18
   109000 steps completed on 09.06.2026 at 11:06:21
   110000 steps completed on 09.06.2026 at 11:06:23
Saving simulation results
Opening file <NVT_MD_GKEinstein_1.res> for writing (unit 1017)
File <NVT_MD_GKEinstein_1.res> closed (unit 1017)
Opening file <NVT_MD_GKEinstein_1.ecoef> for writing (unit 1028)
File <NVT_MD_GKEinstein_1.ecoef> closed (unit 1028)
   111000 steps completed on 09.06.2026 at 11:06:26
   112000 steps completed on 09.06.2026 at 11:06:29
   113000 steps completed on 09.06.2026 at 11:06:31
   114000 steps completed on 09.06.2026 at 11:06:34
   115000 steps completed on 09.06.2026 at 11:06:37
Saving simulation results
Opening file <NVT_MD_GKEinstein_1.res> for writing (unit 1017)
File <NVT_MD_GKEinstein_1.res> closed (unit 1017)
Opening file <NVT_MD_GKEinstein_1.ecoef> for writing (unit 1028)
File <NVT_MD_GKEinstein_1.ecoef> closed (unit 1028)
   116000 steps completed on 09.06.2026 at 11:06:39
   117000 steps completed on 09.06.2026 at 11:06:42
   118000 steps completed on 09.06.2026 at 11:06:45
   119000 steps completed on 09.06.2026 at 11:06:48
   120000 steps completed on 09.06.2026 at 11:06:50
Saving simulation results
Opening file <NVT_MD_GKEinstein_1.res> for writing (unit 1017)
File <NVT_MD_GKEinstein_1.res> closed (unit 1017)
Opening file <NVT_MD_GKEinstein_1.ecoef> for writing (unit 1028)
File <NVT_MD_GKEinstein_1.ecoef> closed (unit 1028)
   121000 steps completed on 09.06.2026 at 11:06:53
   122000 steps completed on 09.06.2026 at 11:06:56
   123000 steps completed on 09.06.2026 at 11:06:58
   124000 steps completed on 09.06.2026 at 11:07:01
   125000 steps completed on 09.06.2026 at 11:07:04
Saving simulation results
Opening file <NVT_MD_GKEinstein_1.res> for writing (unit 1017)
File <NVT_MD_GKEinstein_1.res> closed (unit 1017)
Opening file <NVT_MD_GKEinstein_1.ecoef> for writing (unit 1028)
File <NVT_MD_GKEinstein_1.ecoef> closed (unit 1028)
   126000 steps completed on 09.06.2026 at 11:07:06
   127000 steps completed on 09.06.2026 at 11:07:09
   128000 steps completed on 09.06.2026 at 11:07:12
   129000 steps completed on 09.06.2026 at 11:07:14
   130000 steps completed on 09.06.2026 at 11:07:17
Saving simulation results
Opening file <NVT_MD_GKEinstein_1.res> for writing (unit 1017)
File <NVT_MD_GKEinstein_1.res> closed (unit 1017)
Opening file <NVT_MD_GKEinstein_1.ecoef> for writing (unit 1028)
File <NVT_MD_GKEinstein_1.ecoef> closed (unit 1028)
   131000 steps completed on 09.06.2026 at 11:07:20
   132000 steps completed on 09.06.2026 at 11:07:22
   133000 steps completed on 09.06.2026 at 11:07:25
   134000 steps completed on 09.06.2026 at 11:07:28
   135000 steps completed on 09.06.2026 at 11:07:30
Saving simulation results
Opening file <NVT_MD_GKEinstein_1.res> for writing (unit 1017)
File <NVT_MD_GKEinstein_1.res> closed (unit 1017)
Opening file <NVT_MD_GKEinstein_1.ecoef> for writing (unit 1028)
File <NVT_MD_GKEinstein_1.ecoef> closed (unit 1028)
   136000 steps completed on 09.06.2026 at 11:07:33
   137000 steps completed on 09.06.2026 at 11:07:36
   138000 steps completed on 09.06.2026 at 11:07:38
   139000 steps completed on 09.06.2026 at 11:07:41
   140000 steps completed on 09.06.2026 at 11:07:44
Saving simulation results
Opening file <NVT_MD_GKEinstein_1.res> for writing (unit 1017)
File <NVT_MD_GKEinstein_1.res> closed (unit 1017)
Opening file <NVT_MD_GKEinstein_1.ecoef> for writing (unit 1028)
File <NVT_MD_GKEinstein_1.ecoef> closed (unit 1028)
   141000 steps completed on 09.06.2026 at 11:07:47
   142000 steps completed on 09.06.2026 at 11:07:49
   143000 steps completed on 09.06.2026 at 11:07:52
   144000 steps completed on 09.06.2026 at 11:07:55
   145000 steps completed on 09.06.2026 at 11:07:57
Saving simulation results
Opening file <NVT_MD_GKEinstein_1.res> for writing (unit 1017)
File <NVT_MD_GKEinstein_1.res> closed (unit 1017)
Opening file <NVT_MD_GKEinstein_1.ecoef> for writing (unit 1028)
File <NVT_MD_GKEinstein_1.ecoef> closed (unit 1028)
   146000 steps completed on 09.06.2026 at 11:08:00
   147000 steps completed on 09.06.2026 at 11:08:03
   148000 steps completed on 09.06.2026 at 11:08:05
   149000 steps completed on 09.06.2026 at 11:08:08
   150000 steps completed on 09.06.2026 at 11:08:11
Saving simulation results
Opening file <NVT_MD_GKEinstein_1.res> for writing (unit 1017)
File <NVT_MD_GKEinstein_1.res> closed (unit 1017)
Opening file <NVT_MD_GKEinstein_1.ecoef> for writing (unit 1028)
File <NVT_MD_GKEinstein_1.ecoef> closed (unit 1028)
   151000 steps completed on 09.06.2026 at 11:08:13
   152000 steps completed on 09.06.2026 at 11:08:16
   153000 steps completed on 09.06.2026 at 11:08:19
   154000 steps completed on 09.06.2026 at 11:08:21
   155000 steps completed on 09.06.2026 at 11:08:24
Saving simulation results
Opening file <NVT_MD_GKEinstein_1.res> for writing (unit 1017)
File <NVT_MD_GKEinstein_1.res> closed (unit 1017)
Opening file <NVT_MD_GKEinstein_1.ecoef> for writing (unit 1028)
File <NVT_MD_GKEinstein_1.ecoef> closed (unit 1028)
   156000 steps completed on 09.06.2026 at 11:08:27
   157000 steps completed on 09.06.2026 at 11:08:29
   158000 steps completed on 09.06.2026 at 11:08:32
   159000 steps completed on 09.06.2026 at 11:08:35
   160000 steps completed on 09.06.2026 at 11:08:37
Saving simulation results
Opening file <NVT_MD_GKEinstein_1.res> for writing (unit 1017)
File <NVT_MD_GKEinstein_1.res> closed (unit 1017)
Opening file <NVT_MD_GKEinstein_1.ecoef> for writing (unit 1028)
File <NVT_MD_GKEinstein_1.ecoef> closed (unit 1028)
   161000 steps completed on 09.06.2026 at 11:08:40
   162000 steps completed on 09.06.2026 at 11:08:43
   163000 steps completed on 09.06.2026 at 11:08:45
   164000 steps completed on 09.06.2026 at 11:08:48
   165000 steps completed on 09.06.2026 at 11:08:51
Saving simulation results
Opening file <NVT_MD_GKEinstein_1.res> for writing (unit 1017)
File <NVT_MD_GKEinstein_1.res> closed (unit 1017)
Opening file <NVT_MD_GKEinstein_1.ecoef> for writing (unit 1028)
File <NVT_MD_GKEinstein_1.ecoef> closed (unit 1028)
   166000 steps completed on 09.06.2026 at 11:08:53
   167000 steps completed on 09.06.2026 at 11:08:56
   168000 steps completed on 09.06.2026 at 11:08:59
   169000 steps completed on 09.06.2026 at 11:09:01
   170000 steps completed on 09.06.2026 at 11:09:04
Saving simulation results
Opening file <NVT_MD_GKEinstein_1.res> for writing (unit 1017)
File <NVT_MD_GKEinstein_1.res> closed (unit 1017)
Opening file <NVT_MD_GKEinstein_1.ecoef> for writing (unit 1028)
File <NVT_MD_GKEinstein_1.ecoef> closed (unit 1028)
   171000 steps completed on 09.06.2026 at 11:09:07
   172000 steps completed on 09.06.2026 at 11:09:10
   173000 steps completed on 09.06.2026 at 11:09:12
   174000 steps completed on 09.06.2026 at 11:09:15
   175000 steps completed on 09.06.2026 at 11:09:18
Saving simulation results
Opening file <NVT_MD_GKEinstein_1.res> for writing (unit 1017)
File <NVT_MD_GKEinstein_1.res> closed (unit 1017)
Opening file <NVT_MD_GKEinstein_1.ecoef> for writing (unit 1028)
File <NVT_MD_GKEinstein_1.ecoef> closed (unit 1028)
   176000 steps completed on 09.06.2026 at 11:09:20
   177000 steps completed on 09.06.2026 at 11:09:23
   178000 steps completed on 09.06.2026 at 11:09:26
   179000 steps completed on 09.06.2026 at 11:09:28
   180000 steps completed on 09.06.2026 at 11:09:31
Saving simulation results
Opening file <NVT_MD_GKEinstein_1.res> for writing (unit 1017)
File <NVT_MD_GKEinstein_1.res> closed (unit 1017)
Opening file <NVT_MD_GKEinstein_1.ecoef> for writing (unit 1028)
File <NVT_MD_GKEinstein_1.ecoef> closed (unit 1028)
   181000 steps completed on 09.06.2026 at 11:09:34
   182000 steps completed on 09.06.2026 at 11:09:36
   183000 steps completed on 09.06.2026 at 11:09:39
   184000 steps completed on 09.06.2026 at 11:09:42
   185000 steps completed on 09.06.2026 at 11:09:44
Saving simulation results
Opening file <NVT_MD_GKEinstein_1.res> for writing (unit 1017)
File <NVT_MD_GKEinstein_1.res> closed (unit 1017)
Opening file <NVT_MD_GKEinstein_1.ecoef> for writing (unit 1028)
File <NVT_MD_GKEinstein_1.ecoef> closed (unit 1028)
   186000 steps completed on 09.06.2026 at 11:09:47
   187000 steps completed on 09.06.2026 at 11:09:50
   188000 steps completed on 09.06.2026 at 11:09:52
   189000 steps completed on 09.06.2026 at 11:09:55
   190000 steps completed on 09.06.2026 at 11:09:58
Saving simulation results
Opening file <NVT_MD_GKEinstein_1.res> for writing (unit 1017)
File <NVT_MD_GKEinstein_1.res> closed (unit 1017)
Opening file <NVT_MD_GKEinstein_1.ecoef> for writing (unit 1028)
File <NVT_MD_GKEinstein_1.ecoef> closed (unit 1028)
   191000 steps completed on 09.06.2026 at 11:10:00
   192000 steps completed on 09.06.2026 at 11:10:03
   193000 steps completed on 09.06.2026 at 11:10:06
   194000 steps completed on 09.06.2026 at 11:10:08
   195000 steps completed on 09.06.2026 at 11:10:11
Saving simulation results
Opening file <NVT_MD_GKEinstein_1.res> for writing (unit 1017)
File <NVT_MD_GKEinstein_1.res> closed (unit 1017)
Opening file <NVT_MD_GKEinstein_1.ecoef> for writing (unit 1028)
File <NVT_MD_GKEinstein_1.ecoef> closed (unit 1028)
   196000 steps completed on 09.06.2026 at 11:10:14
   197000 steps completed on 09.06.2026 at 11:10:17
   198000 steps completed on 09.06.2026 at 11:10:19
   199000 steps completed on 09.06.2026 at 11:10:22
   200000 steps completed on 09.06.2026 at 11:10:25
Saving simulation results
Opening file <NVT_MD_GKEinstein_1.res> for writing (unit 1017)
File <NVT_MD_GKEinstein_1.res> closed (unit 1017)
Opening file <NVT_MD_GKEinstein_1.ecoef> for writing (unit 1028)
File <NVT_MD_GKEinstein_1.ecoef> closed (unit 1028)
------------------------------------------------------------------------
Duration:
 simulation wtime        diff:  538.202933    -  538.202940
                             <=    0h  8min 58.20294sec (+- 0.10E-05sec)
simulation timer stop: 09.06.2026, 11:10:25.094 (UTC+120)
========================================================================


Saving simulation restart file
Saving restart file NVT_MD_GKEinstein.rst on 09.06.2026 at 11:10:25
Opening file <NVT_MD_GKEinstein.rst> for writing (unit 1005)
saving restart data at step    200000 /    210010
still to be done: (NVT)Equilibration  F F
writing ensemble      1 on 09.06.2026 at 11:10:25
File <NVT_MD_GKEinstein.rst> closed (unit 1005)
Finished saving restart file NVT_MD_GKEinstein.rst on 09.06.2026 at 11:10:25
------------------------------------------------------------------------
Duration:
 TSimulation_Run system_clock diff:  560.918030    sec
                 =    0h  9min 20.91803sec (+i*  596h 31min 23.75000sec)
 TSimulation_Run wtime   root diff:  560.917546
                              =    0h  9min 20.91755sec (+- 0.10E-05sec)
TSimulation_Run timer stop: 09.06.2026, 11:10:25.869 (UTC+120)
========================================================================


File <NVT_MD_GKEinstein_1.rav> closed (unit 1016)
File <NVT_MD_GKEinstein_1.run> closed (unit 1015)

************************************************************************
Program terminated on 09.06.2026 at 11:10:25
************************************************************************
