Program ms2mpi_GradIns compiled for Linux/Ifort
version v12 Feb 12 2009
started by unknown user on xc2n128 on 02.03.2009 at 09:49:49

   8 MPI processes initialized

Signal handler set successfully

Random number generator initialized

Parameter file name: Ar_MC_100.par

Opening file <Ar_MC_100.par> for reading

Reading parameters of simulation
Name tag for output files: Ar_MC_100
System of units: SI
Unit of length:  3.500 A
Unit of energy:  100.000 K
Unit of mass:   40.000 a.u.
Simulation type: Monte-Carlo
Acceptance rate:  50.00%
Ensemble type: NPT
Number of NVT equilibration steps:    5000
Number of NPT equilibration steps:   20000
Number of production steps:  100000
Result files will be updated each    100 time steps
Final result files will be updated each   5000 time steps
Visualization files will not be created
Cutoff mode: Center of Mass
Long Range Correction: Reaction Field
Number of ensembles:  1

Reading parameters of ensemble  1
Temperature:   100.000 K
Pressure:     1.000 MPa
Density:    33.000 mol/l
Reduced temperature:  1.000000
Reduced pressure:  0.031054
Reduced density:  0.852057
Number of components:  1
Molar fraction of component Ar.pm:  1.000000
Chemical potential of Ar.pm will be calculated by: none method
Opening file <Ar.pm> for reading
File </lustre/data/home/ssck/wetk00/wetk04/deublein/Leitanwendung_ms2/LA4/Ar.pm> closed
Opening file <Ar.pm.nrm> for writing
File </lustre/data/home/ssck/wetk00/wetk04/deublein/Leitanwendung_ms2/LA4/Ar.pm.nrm> closed
Normalized potential model for Ar.pm saved to file <Ar.pm.nrm>
Number of particles:       1372
Molar fraction of Ar.pm: 1.000;  number of particles:       1372
Memory for Ar.pm allocated successfully
Reduced center of mass cutoff radius:  5.500
Cutoff correction to potential energy from LJ: -0.05368140
Cutoff correction to pressure from LJ        : -0.10736171
Cutoff correction to chem. pot. of Ar.pm from LJ: -0.10736279
Cutoff correction to potential energy from reaction field:  0.00000000
Cutoff correction to chem. pot. of Ar.pm from reaction field:  0.00000000

File </lustre/data/home/ssck/wetk00/wetk04/deublein/Leitanwendung_ms2/LA4/Ar_MC_100.par> closed

Opening file <Ar_MC_100_1.run> for writing
Opening file <Ar_MC_100_1.rav> for writing

Starting NVT equilibration on 02.03.2009 at 09:49:50
   1000 steps completed on 02.03.2009 at 09:52:12
   2000 steps completed on 02.03.2009 at 09:55:31
   3000 steps completed on 02.03.2009 at 09:59:00
   4000 steps completed on 02.03.2009 at 10:02:37
   5000 steps completed on 02.03.2009 at 10:06:12
NVT equilibration completed on 02.03.2009 at 10:06:12

Starting NPT equilibration on 02.03.2009 at 10:06:12
   1000 steps completed on 02.03.2009 at 10:14:00
   2000 steps completed on 02.03.2009 at 10:21:46
   3000 steps completed on 02.03.2009 at 10:29:29
   4000 steps completed on 02.03.2009 at 10:37:14
   5000 steps completed on 02.03.2009 at 10:44:57
   6000 steps completed on 02.03.2009 at 10:52:41
   7000 steps completed on 02.03.2009 at 11:00:28
   8000 steps completed on 02.03.2009 at 11:08:11
   9000 steps completed on 02.03.2009 at 11:15:53
  10000 steps completed on 02.03.2009 at 11:23:39
  11000 steps completed on 02.03.2009 at 11:31:26
  12000 steps completed on 02.03.2009 at 11:39:09
  13000 steps completed on 02.03.2009 at 11:46:53
  14000 steps completed on 02.03.2009 at 11:54:39
  15000 steps completed on 02.03.2009 at 12:02:26
  16000 steps completed on 02.03.2009 at 12:10:09
  17000 steps completed on 02.03.2009 at 12:17:56
  18000 steps completed on 02.03.2009 at 12:25:41
  19000 steps completed on 02.03.2009 at 12:33:27
  20000 steps completed on 02.03.2009 at 12:41:08
NPT equilibration completed on 02.03.2009 at 12:41:08

Starting simulation on 02.03.2009 at 12:41:08
   1000 steps completed on 02.03.2009 at 12:48:50
   2000 steps completed on 02.03.2009 at 12:56:31
   3000 steps completed on 02.03.2009 at 13:04:14
   4000 steps completed on 02.03.2009 at 13:12:00
   5000 steps completed on 02.03.2009 at 13:19:42
Saving simulation results
Opening file <Ar_MC_100_1.res> for writing
File </lustre/data/home/ssck/wetk00/wetk04/deublein/Leitanwendung_ms2/LA4/Ar_MC_100_1.res> closed
   6000 steps completed on 02.03.2009 at 13:27:26
   7000 steps completed on 02.03.2009 at 13:35:08
   8000 steps completed on 02.03.2009 at 13:42:53
   9000 steps completed on 02.03.2009 at 13:50:35
  10000 steps completed on 02.03.2009 at 13:58:20
Saving simulation results
Opening file <Ar_MC_100_1.res> for writing
File </lustre/data/home/ssck/wetk00/wetk04/deublein/Leitanwendung_ms2/LA4/Ar_MC_100_1.res> closed
  11000 steps completed on 02.03.2009 at 14:06:02
  12000 steps completed on 02.03.2009 at 14:13:48
  13000 steps completed on 02.03.2009 at 14:21:30
  14000 steps completed on 02.03.2009 at 14:29:13
  15000 steps completed on 02.03.2009 at 14:36:55
Saving simulation results
Opening file <Ar_MC_100_1.res> for writing
File </lustre/data/home/ssck/wetk00/wetk04/deublein/Leitanwendung_ms2/LA4/Ar_MC_100_1.res> closed
  16000 steps completed on 02.03.2009 at 14:44:36
  17000 steps completed on 02.03.2009 at 14:52:19
  18000 steps completed on 02.03.2009 at 15:00:02
  19000 steps completed on 02.03.2009 at 15:07:48
  20000 steps completed on 02.03.2009 at 15:15:29
Saving simulation results
Opening file <Ar_MC_100_1.res> for writing
File </lustre/data/home/ssck/wetk00/wetk04/deublein/Leitanwendung_ms2/LA4/Ar_MC_100_1.res> closed
  21000 steps completed on 02.03.2009 at 15:23:13
  22000 steps completed on 02.03.2009 at 15:30:58
  23000 steps completed on 02.03.2009 at 15:38:45
  24000 steps completed on 02.03.2009 at 15:46:33
  25000 steps completed on 02.03.2009 at 15:54:15
Saving simulation results
Opening file <Ar_MC_100_1.res> for writing
File </lustre/data/home/ssck/wetk00/wetk04/deublein/Leitanwendung_ms2/LA4/Ar_MC_100_1.res> closed
  26000 steps completed on 02.03.2009 at 16:02:00
  27000 steps completed on 02.03.2009 at 16:09:45
  28000 steps completed on 02.03.2009 at 16:17:28
  29000 steps completed on 02.03.2009 at 16:25:13
  30000 steps completed on 02.03.2009 at 16:32:57
Saving simulation results
Opening file <Ar_MC_100_1.res> for writing
File </lustre/data/home/ssck/wetk00/wetk04/deublein/Leitanwendung_ms2/LA4/Ar_MC_100_1.res> closed
  31000 steps completed on 02.03.2009 at 16:40:43
  32000 steps completed on 02.03.2009 at 16:48:23
  33000 steps completed on 02.03.2009 at 16:56:06
  34000 steps completed on 02.03.2009 at 17:03:48
  35000 steps completed on 02.03.2009 at 17:11:33
Saving simulation results
Opening file <Ar_MC_100_1.res> for writing
File </lustre/data/home/ssck/wetk00/wetk04/deublein/Leitanwendung_ms2/LA4/Ar_MC_100_1.res> closed
  36000 steps completed on 02.03.2009 at 17:19:15
  37000 steps completed on 02.03.2009 at 17:27:00
  38000 steps completed on 02.03.2009 at 17:34:49
  39000 steps completed on 02.03.2009 at 17:42:31
  40000 steps completed on 02.03.2009 at 17:50:12
Saving simulation results
Opening file <Ar_MC_100_1.res> for writing
File </lustre/data/home/ssck/wetk00/wetk04/deublein/Leitanwendung_ms2/LA4/Ar_MC_100_1.res> closed
  41000 steps completed on 02.03.2009 at 17:57:57
  42000 steps completed on 02.03.2009 at 18:05:39
  43000 steps completed on 02.03.2009 at 18:13:21
  44000 steps completed on 02.03.2009 at 18:21:03
  45000 steps completed on 02.03.2009 at 18:28:43
Saving simulation results
Opening file <Ar_MC_100_1.res> for writing
File </lustre/data/home/ssck/wetk00/wetk04/deublein/Leitanwendung_ms2/LA4/Ar_MC_100_1.res> closed
  46000 steps completed on 02.03.2009 at 18:36:26
  47000 steps completed on 02.03.2009 at 18:44:11
  48000 steps completed on 02.03.2009 at 18:51:51
  49000 steps completed on 02.03.2009 at 18:59:37
  50000 steps completed on 02.03.2009 at 19:07:22
Saving simulation results
Opening file <Ar_MC_100_1.res> for writing
File </lustre/data/home/ssck/wetk00/wetk04/deublein/Leitanwendung_ms2/LA4/Ar_MC_100_1.res> closed
  51000 steps completed on 02.03.2009 at 19:15:02
  52000 steps completed on 02.03.2009 at 19:22:44
  53000 steps completed on 02.03.2009 at 19:30:27
  54000 steps completed on 02.03.2009 at 19:38:12
  55000 steps completed on 02.03.2009 at 19:45:57
Saving simulation results
Opening file <Ar_MC_100_1.res> for writing
File </lustre/data/home/ssck/wetk00/wetk04/deublein/Leitanwendung_ms2/LA4/Ar_MC_100_1.res> closed
  56000 steps completed on 02.03.2009 at 19:53:38
  57000 steps completed on 02.03.2009 at 20:01:21
  58000 steps completed on 02.03.2009 at 20:09:03
  59000 steps completed on 02.03.2009 at 20:16:45
  60000 steps completed on 02.03.2009 at 20:24:28
Saving simulation results
Opening file <Ar_MC_100_1.res> for writing
File </lustre/data/home/ssck/wetk00/wetk04/deublein/Leitanwendung_ms2/LA4/Ar_MC_100_1.res> closed
  61000 steps completed on 02.03.2009 at 20:32:09
  62000 steps completed on 02.03.2009 at 20:39:54
  63000 steps completed on 02.03.2009 at 20:47:38
  64000 steps completed on 02.03.2009 at 20:55:24
  65000 steps completed on 02.03.2009 at 21:03:06
Saving simulation results
Opening file <Ar_MC_100_1.res> for writing
File </lustre/data/home/ssck/wetk00/wetk04/deublein/Leitanwendung_ms2/LA4/Ar_MC_100_1.res> closed
  66000 steps completed on 02.03.2009 at 21:10:50
  67000 steps completed on 02.03.2009 at 21:18:33
  68000 steps completed on 02.03.2009 at 21:26:14
  69000 steps completed on 02.03.2009 at 21:33:58
  70000 steps completed on 02.03.2009 at 21:41:38
Saving simulation results
Opening file <Ar_MC_100_1.res> for writing
File </lustre/data/home/ssck/wetk00/wetk04/deublein/Leitanwendung_ms2/LA4/Ar_MC_100_1.res> closed
  71000 steps completed on 02.03.2009 at 21:49:23
  72000 steps completed on 02.03.2009 at 21:57:05
  73000 steps completed on 02.03.2009 at 22:04:46
  74000 steps completed on 02.03.2009 at 22:12:30
  75000 steps completed on 02.03.2009 at 22:20:14
Saving simulation results
Opening file <Ar_MC_100_1.res> for writing
File </lustre/data/home/ssck/wetk00/wetk04/deublein/Leitanwendung_ms2/LA4/Ar_MC_100_1.res> closed
  76000 steps completed on 02.03.2009 at 22:27:59
  77000 steps completed on 02.03.2009 at 22:35:41
  78000 steps completed on 02.03.2009 at 22:43:21
  79000 steps completed on 02.03.2009 at 22:51:05
  80000 steps completed on 02.03.2009 at 22:58:48
Saving simulation results
Opening file <Ar_MC_100_1.res> for writing
File </lustre/data/home/ssck/wetk00/wetk04/deublein/Leitanwendung_ms2/LA4/Ar_MC_100_1.res> closed
  81000 steps completed on 02.03.2009 at 23:06:31
  82000 steps completed on 02.03.2009 at 23:14:13
  83000 steps completed on 02.03.2009 at 23:21:56
  84000 steps completed on 02.03.2009 at 23:29:41
  85000 steps completed on 02.03.2009 at 23:37:22
Saving simulation results
Opening file <Ar_MC_100_1.res> for writing
File </lustre/data/home/ssck/wetk00/wetk04/deublein/Leitanwendung_ms2/LA4/Ar_MC_100_1.res> closed
  86000 steps completed on 02.03.2009 at 23:45:06
  87000 steps completed on 02.03.2009 at 23:52:50
  88000 steps completed on 03.03.2009 at 00:00:33
  89000 steps completed on 03.03.2009 at 00:08:16
  90000 steps completed on 03.03.2009 at 00:15:59
Saving simulation results
Opening file <Ar_MC_100_1.res> for writing
File </lustre/data/home/ssck/wetk00/wetk04/deublein/Leitanwendung_ms2/LA4/Ar_MC_100_1.res> closed
  91000 steps completed on 03.03.2009 at 00:23:43
  92000 steps completed on 03.03.2009 at 00:31:30
  93000 steps completed on 03.03.2009 at 00:39:15
  94000 steps completed on 03.03.2009 at 00:46:57
  95000 steps completed on 03.03.2009 at 00:54:41
Saving simulation results
Opening file <Ar_MC_100_1.res> for writing
File </lustre/data/home/ssck/wetk00/wetk04/deublein/Leitanwendung_ms2/LA4/Ar_MC_100_1.res> closed
  96000 steps completed on 03.03.2009 at 01:02:23
  97000 steps completed on 03.03.2009 at 01:10:05
  98000 steps completed on 03.03.2009 at 01:17:47
  99000 steps completed on 03.03.2009 at 01:25:32
 100000 steps completed on 03.03.2009 at 01:33:15
Saving simulation results
Opening file <Ar_MC_100_1.res> for writing
File </lustre/data/home/ssck/wetk00/wetk04/deublein/Leitanwendung_ms2/LA4/Ar_MC_100_1.res> closed
Simulation completed on 03.03.2009 at 01:33:15

Saving simulation restart file
Opening file <Ar_MC_100.rst> for writing
File </lustre/data/home/ssck/wetk00/wetk04/deublein/Leitanwendung_ms2/LA4/Ar_MC_100.rst> closed

File </lustre/data/home/ssck/wetk00/wetk04/deublein/Leitanwendung_ms2/LA4/Ar_MC_100_1.rav> closed
File </lustre/data/home/ssck/wetk00/wetk04/deublein/Leitanwendung_ms2/LA4/Ar_MC_100_1.run> closed

Program terminated on 03.03.2009 at 01:33:15
