ms2 logfile NPT_MD_site_TT68.log created by PE0 on 02.07.2026 at 14:27:54

**************************************************************************
*                         Molecular Simulation 2                         *
**************************************************************************

============================================================================
*                         Publishing with ms2                              *
* Every user agrees to cite ms2 upon usage as follows                      *
* ------------------------------------------------------------------------ *
* I. Nitzke, G. Guevara-Carrion, D. Saric, S. Homes, S. Stephan,           *
* R. Fingerhut, M. Bernreuther, H. Hasse, J. Vrabec                        *
* Computer Physics Communications (2025)                                   *
============================================================================

**************************************************************************
* (c) by OVGU Magdeburg / TU Berlin                                      *
**************************************************************************

**************************************************************************
* Source code and latest version:                                        *
* https://github.com/moltherm-computation/ms2                            *
**************************************************************************

Program ms2_GNU_mpi version 5.023
Hardware architecture: pc/gfortran
Compiler version     : GNU gfortran140200
Compiler flags       : MPI=1 MPI_USE_MODULE=1
Compile time         : Jul  2 2026,12:45:39
Real Kind            : 8

Hostname             : Francis-1897.local
started by user Isabel on 02.07.2026 at 14:27:54

------------------------------------------------------------------------
Parallelization:
MPI version        : 3.1
Number of processes:   4
Root process rank  :   0
rank:  I/O: processor name:
    0   +   Francis-1897.local
    1   +   Francis-1897.local
    2   +   Francis-1897.local
    3   +   Francis-1897.local


------------------------------------------------------------------------
Signal handler set successfully
Random number generator initialized
------------------------------------------------------------------------

************************************************************************
                       Reading Simulation Input
************************************************************************
Opening file <NPT_MD_site_TT68.par> for reading (unit 1002)

------------------------------------------------------------------------
                   Reading parameters of simulation
Name tag for output (default):             NPT_MD_site_TT68

setting WallTime to default value   20160
Specified walltime:   20160 m
setting TimeLimit to default value      60
Specified time limit:    60 m

System of units:         SI
Unit of length:          3.500 A
Unit of energy:        100.000 K
Unit of mass:           40.000 a.u.

Simulation type:         Molecular Dynamics
Integrator type:         Gear predictor-corrector
Time step:                1.213807 fs
Reduced time step:        0.000500

Ensemble type:           NPT

setting MCORSteps to default value       0
No MC overlap reduction
Number of NVT equilibration steps:       10000
Number of NPT equilibration steps:       20000
Number of production steps:             100000

Result files will be updated each         1000 time steps
Final result files will be updated each   5000 time steps
Visualization files will not be created

setting RDFFreq to default value       0
RDF files will not be created

setting ODFRecordingFreq to default value       0
ODF files will not be created

setting KBIFreq to default value       0
KBI files will not be created

setting ALPHA2Freq to default value       0

Cutoff mode:             Site-Site

setting LongRange to default value rf
Long Range Correction: Reaction Field
Number of ensembles:     1
setting mpiEnsembleGroups to default value       0
setting ClusterCriteria to default value no
Cluster Criteria evaluation:    .false.
setting TransMethod to default value None

------------------------------------------------------------------------
             Reading parameters of ensemble  1
Temperature:               150.000 K
Pressure:                    1.000 MPa
Density:                     2.000 mol/l
Reduced temperature:         1.500000
Reduced pressure:            0.031054
Reduced density:             0.051640
Mass of piston (reduced):    0.000500000
Mass of piston:              2.21313E+09 kg/m^4
setting ResidTime to default value no
Calculation of residence time: no
setting CommonEqui to default value no
MD simulation: Logical CommonEqui no is invalid, set to yes
Number of components:        1
------------------------------------------------------------------------
            Reading component  1 for ensemble
Mole fraction of component 2CTT.pm:  1.000000
Chemical potential of 2CTT.pm will be calculated by:
         -> no calculation
Opening file <2CTT.pm> for reading (unit 1003)
File <2CTT.pm> closed (unit 1003)
Opening file <NPT_MD_site_TT68.2CTT.nrm> for writing (unit 1004)
File <NPT_MD_site_TT68.2CTT.nrm> closed (unit 1004)
Normalized potential model for 2CTT.pm saved to file <NPT_MD_site_TT68.2CTT.nrm>
       Reading component  1 for ensemble successful
------------------------------------------------------------------------
The mole fraction(s) may be slightly changed due to the number of particle(s).
Number of particles:                      1372
Mole fraction of 2CTT.pm:                    1.000
         ->  number of particles:         1372
Memory for 2CTT.pm allocated successfully
TT68 cutoff radius:                         4.000

Cutoff correction to
- potential energy from TT68                -0.03190928
- pressure from TT68                        -0.06407359
- chem. pot. of 2CTT.pm from TT68           -0.06381857
- potential energy from reaction field (RF)  0.00000000
- pressure from reaction field:              0.00000000
- chem. pot. of 2CTT.pm from RF              0.00000000

Initialize positions:
         FCC lattice:   4 *   7x   7x   7 cells
         with  4 molecules/cell
              Reading ensemble   1 successful
------------------------------------------------------------------------
File <NPT_MD_site_TT68.par> closed (unit 1002)
                 Reading Simulation Input successful
************************************************************************



************************************************************************
                           Start Simulation
************************************************************************
Opening file <NPT_MD_site_TT68_1.run> for writing (unit 1015)
Opening file <NPT_MD_site_TT68_1.rav> for writing (unit 1016)

========================================================================
TSimulation_Run timer start: 02.07.2026, 14:27:54.511 (UTC+120)
------------------------------------------------------------------------


========================================================================
NVT equilibration timer start: 02.07.2026, 14:27:54.511 (UTC+120)
------------------------------------------------------------------------
     1000 steps completed on 02.07.2026 at 14:27:56
     2000 steps completed on 02.07.2026 at 14:27:59
     3000 steps completed on 02.07.2026 at 14:28:01
     4000 steps completed on 02.07.2026 at 14:28:03
     5000 steps completed on 02.07.2026 at 14:28:06
     6000 steps completed on 02.07.2026 at 14:28:08
     7000 steps completed on 02.07.2026 at 14:28:10
     8000 steps completed on 02.07.2026 at 14:28:13
     9000 steps completed on 02.07.2026 at 14:28:15
    10000 steps completed on 02.07.2026 at 14:28:17
------------------------------------------------------------------------
Duration:
 NVT equilibration wtime        diff:  23.3925020    -  23.3925130
                             <=    0h  0min 23.39251sec (+- 0.10E-05sec)
NVT equilibration timer stop: 02.07.2026, 14:28:17.904 (UTC+120)
========================================================================

NVT equilibration completed on 02.07.2026 at 14:28:17


========================================================================
NPT equilibration timer start: 02.07.2026, 14:28:17.904 (UTC+120)
------------------------------------------------------------------------
     1000 steps completed on 02.07.2026 at 14:28:20
     2000 steps completed on 02.07.2026 at 14:28:22
     3000 steps completed on 02.07.2026 at 14:28:24
     4000 steps completed on 02.07.2026 at 14:28:27
     5000 steps completed on 02.07.2026 at 14:28:29
     6000 steps completed on 02.07.2026 at 14:28:31
     7000 steps completed on 02.07.2026 at 14:28:34
     8000 steps completed on 02.07.2026 at 14:28:36
     9000 steps completed on 02.07.2026 at 14:28:38
    10000 steps completed on 02.07.2026 at 14:28:40
    11000 steps completed on 02.07.2026 at 14:28:43
    12000 steps completed on 02.07.2026 at 14:28:45
    13000 steps completed on 02.07.2026 at 14:28:47
    14000 steps completed on 02.07.2026 at 14:28:49
    15000 steps completed on 02.07.2026 at 14:28:51
    16000 steps completed on 02.07.2026 at 14:28:54
    17000 steps completed on 02.07.2026 at 14:28:56
    18000 steps completed on 02.07.2026 at 14:28:58
    19000 steps completed on 02.07.2026 at 14:29:00
    20000 steps completed on 02.07.2026 at 14:29:02
------------------------------------------------------------------------
Duration:
 NPT equilibration wtime        diff:  44.5598390    -  44.5598740
                             <=    0h  0min 44.55987sec (+- 0.10E-05sec)
NPT equilibration timer stop: 02.07.2026, 14:29:02.464 (UTC+120)
========================================================================

NPT equilibration completed on 02.07.2026 at 14:29:02


========================================================================
simulation timer start: 02.07.2026, 14:29:02.464 (UTC+120)
------------------------------------------------------------------------
     1000 steps completed on 02.07.2026 at 14:29:04
     2000 steps completed on 02.07.2026 at 14:29:06
     3000 steps completed on 02.07.2026 at 14:29:08
     4000 steps completed on 02.07.2026 at 14:29:10
     5000 steps completed on 02.07.2026 at 14:29:12
Saving simulation results
Opening file <NPT_MD_site_TT68_1.res> for writing (unit 1017)
File <NPT_MD_site_TT68_1.res> closed (unit 1017)
     6000 steps completed on 02.07.2026 at 14:29:14
     7000 steps completed on 02.07.2026 at 14:29:16
     8000 steps completed on 02.07.2026 at 14:29:18
     9000 steps completed on 02.07.2026 at 14:29:20
    10000 steps completed on 02.07.2026 at 14:29:22
Saving simulation results
Opening file <NPT_MD_site_TT68_1.res> for writing (unit 1017)
File <NPT_MD_site_TT68_1.res> closed (unit 1017)
    11000 steps completed on 02.07.2026 at 14:29:24
    12000 steps completed on 02.07.2026 at 14:29:26
    13000 steps completed on 02.07.2026 at 14:29:28
    14000 steps completed on 02.07.2026 at 14:29:30
    15000 steps completed on 02.07.2026 at 14:29:32
Saving simulation results
Opening file <NPT_MD_site_TT68_1.res> for writing (unit 1017)
File <NPT_MD_site_TT68_1.res> closed (unit 1017)
    16000 steps completed on 02.07.2026 at 14:29:34
    17000 steps completed on 02.07.2026 at 14:29:36
    18000 steps completed on 02.07.2026 at 14:29:38
    19000 steps completed on 02.07.2026 at 14:29:40
    20000 steps completed on 02.07.2026 at 14:29:42
Saving simulation results
Opening file <NPT_MD_site_TT68_1.res> for writing (unit 1017)
File <NPT_MD_site_TT68_1.res> closed (unit 1017)
    21000 steps completed on 02.07.2026 at 14:29:44
    22000 steps completed on 02.07.2026 at 14:29:46
    23000 steps completed on 02.07.2026 at 14:29:48
    24000 steps completed on 02.07.2026 at 14:29:50
    25000 steps completed on 02.07.2026 at 14:29:52
Saving simulation results
Opening file <NPT_MD_site_TT68_1.res> for writing (unit 1017)
File <NPT_MD_site_TT68_1.res> closed (unit 1017)
    26000 steps completed on 02.07.2026 at 14:29:54
    27000 steps completed on 02.07.2026 at 14:29:56
    28000 steps completed on 02.07.2026 at 14:29:58
    29000 steps completed on 02.07.2026 at 14:30:00
    30000 steps completed on 02.07.2026 at 14:30:02
Saving simulation results
Opening file <NPT_MD_site_TT68_1.res> for writing (unit 1017)
File <NPT_MD_site_TT68_1.res> closed (unit 1017)
    31000 steps completed on 02.07.2026 at 14:30:04
    32000 steps completed on 02.07.2026 at 14:30:06
    33000 steps completed on 02.07.2026 at 14:30:08
    34000 steps completed on 02.07.2026 at 14:30:10
    35000 steps completed on 02.07.2026 at 14:30:11
Saving simulation results
Opening file <NPT_MD_site_TT68_1.res> for writing (unit 1017)
File <NPT_MD_site_TT68_1.res> closed (unit 1017)
    36000 steps completed on 02.07.2026 at 14:30:13
    37000 steps completed on 02.07.2026 at 14:30:15
    38000 steps completed on 02.07.2026 at 14:30:17
    39000 steps completed on 02.07.2026 at 14:30:19
    40000 steps completed on 02.07.2026 at 14:30:21
Saving simulation results
Opening file <NPT_MD_site_TT68_1.res> for writing (unit 1017)
File <NPT_MD_site_TT68_1.res> closed (unit 1017)
    41000 steps completed on 02.07.2026 at 14:30:23
    42000 steps completed on 02.07.2026 at 14:30:25
    43000 steps completed on 02.07.2026 at 14:30:27
    44000 steps completed on 02.07.2026 at 14:30:29
    45000 steps completed on 02.07.2026 at 14:30:31
Saving simulation results
Opening file <NPT_MD_site_TT68_1.res> for writing (unit 1017)
File <NPT_MD_site_TT68_1.res> closed (unit 1017)
    46000 steps completed on 02.07.2026 at 14:30:33
    47000 steps completed on 02.07.2026 at 14:30:35
    48000 steps completed on 02.07.2026 at 14:30:37
    49000 steps completed on 02.07.2026 at 14:30:38
    50000 steps completed on 02.07.2026 at 14:30:40
Saving simulation results
Opening file <NPT_MD_site_TT68_1.res> for writing (unit 1017)
File <NPT_MD_site_TT68_1.res> closed (unit 1017)
    51000 steps completed on 02.07.2026 at 14:30:42
    52000 steps completed on 02.07.2026 at 14:30:44
    53000 steps completed on 02.07.2026 at 14:30:46
    54000 steps completed on 02.07.2026 at 14:30:48
    55000 steps completed on 02.07.2026 at 14:30:50
Saving simulation results
Opening file <NPT_MD_site_TT68_1.res> for writing (unit 1017)
File <NPT_MD_site_TT68_1.res> closed (unit 1017)
    56000 steps completed on 02.07.2026 at 14:30:52
    57000 steps completed on 02.07.2026 at 14:30:54
    58000 steps completed on 02.07.2026 at 14:30:56
    59000 steps completed on 02.07.2026 at 14:30:58
    60000 steps completed on 02.07.2026 at 14:30:59
Saving simulation results
Opening file <NPT_MD_site_TT68_1.res> for writing (unit 1017)
File <NPT_MD_site_TT68_1.res> closed (unit 1017)
    61000 steps completed on 02.07.2026 at 14:31:01
    62000 steps completed on 02.07.2026 at 14:31:03
    63000 steps completed on 02.07.2026 at 14:31:05
    64000 steps completed on 02.07.2026 at 14:31:07
    65000 steps completed on 02.07.2026 at 14:31:09
Saving simulation results
Opening file <NPT_MD_site_TT68_1.res> for writing (unit 1017)
File <NPT_MD_site_TT68_1.res> closed (unit 1017)
    66000 steps completed on 02.07.2026 at 14:31:11
    67000 steps completed on 02.07.2026 at 14:31:13
    68000 steps completed on 02.07.2026 at 14:31:15
    69000 steps completed on 02.07.2026 at 14:31:17
    70000 steps completed on 02.07.2026 at 14:31:18
Saving simulation results
Opening file <NPT_MD_site_TT68_1.res> for writing (unit 1017)
File <NPT_MD_site_TT68_1.res> closed (unit 1017)
    71000 steps completed on 02.07.2026 at 14:31:20
    72000 steps completed on 02.07.2026 at 14:31:22
    73000 steps completed on 02.07.2026 at 14:31:24
    74000 steps completed on 02.07.2026 at 14:31:26
    75000 steps completed on 02.07.2026 at 14:31:28
Saving simulation results
Opening file <NPT_MD_site_TT68_1.res> for writing (unit 1017)
File <NPT_MD_site_TT68_1.res> closed (unit 1017)
    76000 steps completed on 02.07.2026 at 14:31:30
    77000 steps completed on 02.07.2026 at 14:31:32
    78000 steps completed on 02.07.2026 at 14:31:33
    79000 steps completed on 02.07.2026 at 14:31:35
    80000 steps completed on 02.07.2026 at 14:31:37
Saving simulation results
Opening file <NPT_MD_site_TT68_1.res> for writing (unit 1017)
File <NPT_MD_site_TT68_1.res> closed (unit 1017)
    81000 steps completed on 02.07.2026 at 14:31:39
    82000 steps completed on 02.07.2026 at 14:31:41
    83000 steps completed on 02.07.2026 at 14:31:43
    84000 steps completed on 02.07.2026 at 14:31:45
    85000 steps completed on 02.07.2026 at 14:31:47
Saving simulation results
Opening file <NPT_MD_site_TT68_1.res> for writing (unit 1017)
File <NPT_MD_site_TT68_1.res> closed (unit 1017)
    86000 steps completed on 02.07.2026 at 14:31:48
    87000 steps completed on 02.07.2026 at 14:31:50
    88000 steps completed on 02.07.2026 at 14:31:52
    89000 steps completed on 02.07.2026 at 14:31:54
    90000 steps completed on 02.07.2026 at 14:31:56
Saving simulation results
Opening file <NPT_MD_site_TT68_1.res> for writing (unit 1017)
File <NPT_MD_site_TT68_1.res> closed (unit 1017)
    91000 steps completed on 02.07.2026 at 14:31:58
    92000 steps completed on 02.07.2026 at 14:32:00
    93000 steps completed on 02.07.2026 at 14:32:02
    94000 steps completed on 02.07.2026 at 14:32:04
    95000 steps completed on 02.07.2026 at 14:32:05
Saving simulation results
Opening file <NPT_MD_site_TT68_1.res> for writing (unit 1017)
File <NPT_MD_site_TT68_1.res> closed (unit 1017)
    96000 steps completed on 02.07.2026 at 14:32:07
    97000 steps completed on 02.07.2026 at 14:32:09
    98000 steps completed on 02.07.2026 at 14:32:11
    99000 steps completed on 02.07.2026 at 14:32:13
   100000 steps completed on 02.07.2026 at 14:32:15
Saving simulation results
Opening file <NPT_MD_site_TT68_1.res> for writing (unit 1017)
File <NPT_MD_site_TT68_1.res> closed (unit 1017)
------------------------------------------------------------------------
Duration:
 simulation wtime        diff:  192.858955    -  192.858977
                             <=    0h  3min 12.85898sec (+- 0.10E-05sec)
simulation timer stop: 02.07.2026, 14:32:15.323 (UTC+120)
========================================================================


Saving simulation restart file
Saving restart file NPT_MD_site_TT68.rst on 02.07.2026 at 14:32:15
Opening file <NPT_MD_site_TT68.rst> for writing (unit 1005)
saving restart data at step    100000 /    130000
still to be done: (NVT)Equilibration  F F
writing ensemble      1 on 02.07.2026 at 14:32:15
File <NPT_MD_site_TT68.rst> closed (unit 1005)
Finished saving restart file NPT_MD_site_TT68.rst on 02.07.2026 at 14:32:15
------------------------------------------------------------------------
Duration:
 TSimulation_Run system_clock diff:  260.842987    sec
                 =    0h  4min 20.84299sec (+i*  596h 31min 23.75000sec)
 TSimulation_Run wtime   root diff:  260.842792
                              =    0h  4min 20.84279sec (+- 0.10E-05sec)
TSimulation_Run timer stop: 02.07.2026, 14:32:15.354 (UTC+120)
========================================================================


File <NPT_MD_site_TT68_1.rav> closed (unit 1016)
File <NPT_MD_site_TT68_1.run> closed (unit 1015)

************************************************************************
Program terminated on 02.07.2026 at 14:32:15
************************************************************************
