ms2 logfile NVT_MD_site.log created by PE0 on 10.06.2026 at 11:29:34

**************************************************************************
*                         Molecular Simulation 2                         *
**************************************************************************

============================================================================
*                         Publishing with ms2                              *
* Every user agrees to cite ms2 upon usage as follows                      *
* ------------------------------------------------------------------------ *
* I. Nitzke, G. Guevara-Carrion, D. Saric, S. Homes, S. Stephan,           *
* R. Fingerhut, M. Bernreuther, H. Hasse, J. Vrabec                        *
* Computer Physics Communications (2025)                                   *
============================================================================

**************************************************************************
* (c) by TU Kaiserslautern / TU Berlin                                   *
*     P.O. Box 67653                                                     *
*     67653 Kaiserslautern                                               *
**************************************************************************

**************************************************************************
* Updates and auxiliary routines are available from                      *
* http://www.ms-2.de                                                     *
**************************************************************************

Program ms2_GNU_mpi version 5.019
Hardware architecture: pc/gfortran
Compiler version     : GNU gfortran140200
Compiler flags       : MPI=1 MPI_USE_MODULE=1
Compile time         : Jun  9 2026,15:19:02
Real Kind            : 8

Hostname             : Francis-1897.local
started by user Isabel on 10.06.2026 at 11:29:34

------------------------------------------------------------------------
Parallelization:
MPI version        : 3.1
Number of processes:   4
Root process rank  :   0
rank:  I/O: processor name:
    0   +   Francis-1897.local
    1   +   Francis-1897.local
    2   +   Francis-1897.local
    3   +   Francis-1897.local


------------------------------------------------------------------------
Signal handler set successfully
Random number generator initialized
------------------------------------------------------------------------

************************************************************************
                       Reading Simulation Input
************************************************************************
Opening file <NVT_MD_site.par> for reading (unit 1002)

------------------------------------------------------------------------
                   Reading parameters of simulation
Name tag for output (default):             NVT_MD_site

setting WallTime to default value   20160
Specified walltime:   20160 m
setting TimeLimit to default value      60
Specified time limit:    60 m

System of units:         reduced
Unit of length:          1.000 A
Unit of energy:          1.000 K
Unit of mass:            1.000 a.u.

Simulation type:         Molecular Dynamics
Integrator type:         Gear predictor-corrector
Time step:                0.548342 fs
Reduced time step:        0.000500

Ensemble type:           NVT

No MC overlap reduction
Number of NVT equilibration steps:       30000
Number of production steps:             100000

Result files will be updated each         1000 time steps
Final result files will be updated each   5000 time steps
Visualization files will not be created

setting RDFFreq to default value       0
RDF files will not be created

setting ODFRecordingFreq to default value       0
ODF files will not be created

setting KBIFreq to default value       0
KBI files will not be created

setting ALPHA2Freq to default value       0

Cutoff mode:             Site-Site

setting LongRange to default value rf
Long Range Correction: Reaction Field
Number of ensembles:     1
mpiEnsembleGroups:       1
setting ClusterIsCriteria to default value no
Cluster Criteria evaluation:    .false.
setting TransMethod to default value None

------------------------------------------------------------------------
             Reading parameters of ensemble  1
Temperature:                 2.033 K
Density:                   464.951 mol/l
Reduced temperature:         2.033000
Reduced density:             0.280000
setting ResidTime to default value no
Calculation of residence time: no
setting CommonEqui to default value no
MD simulation: Logical CommonEqui no is invalid, set to yes
Number of components:        1
------------------------------------------------------------------------
            Reading component  1 for ensemble
Mole fraction of component 2CLJ.pm:  1.000000
Chemical potential of 2CLJ.pm will be calculated by:
         -> no calculation
Opening file <2CLJ.pm> for reading (unit 1003)
File <2CLJ.pm> closed (unit 1003)
Opening file <NVT_MD_site.2CLJ.nrm> for writing (unit 1004)
File <NVT_MD_site.2CLJ.nrm> closed (unit 1004)
Normalized potential model for 2CLJ.pm saved to file <NVT_MD_site.2CLJ.nrm>
       Reading component  1 for ensemble successful
------------------------------------------------------------------------
The mole fraction(s) may be slightly changed due to the number of particle(s).
Number of particles:                       432
Mole fraction of 2CLJ.pm:                    1.000
         ->  number of particles:          432
Memory for 2CLJ.pm allocated successfully
LJ cutoff radius:                            4.000 sigma

Cutoff correction to
- potential energy from LJ                  -0.52355617
- pressure from LJ                          -1.04702712
- chem. pot. of 2CLJ.pm from LJ             -1.04711234
- potential energy from reaction field (RF)  0.00000000
- pressure from reaction field:              0.00000000
- chem. pot. of 2CLJ.pm from RF              0.00000000

Initialize positions:
         FCC lattice:   4 *   5x   5x   5 cells
         with  4 molecules/cell
              Reading ensemble   1 successful
------------------------------------------------------------------------
File <NVT_MD_site.par> closed (unit 1002)
                 Reading Simulation Input successful
************************************************************************



************************************************************************
                           Start Simulation
************************************************************************
Opening file <NVT_MD_site_1.run> for writing (unit 1015)
Opening file <NVT_MD_site_1.rav> for writing (unit 1016)

========================================================================
TSimulation_Run timer start: 10.06.2026, 11:29:34.712 (UTC+120)
------------------------------------------------------------------------


========================================================================
NVT equilibration timer start: 10.06.2026, 11:29:34.712 (UTC+120)
------------------------------------------------------------------------
     1000 steps completed on 10.06.2026 at 11:29:35
     2000 steps completed on 10.06.2026 at 11:29:36
     3000 steps completed on 10.06.2026 at 11:29:37
     4000 steps completed on 10.06.2026 at 11:29:38
     5000 steps completed on 10.06.2026 at 11:29:39
     6000 steps completed on 10.06.2026 at 11:29:40
     7000 steps completed on 10.06.2026 at 11:29:41
     8000 steps completed on 10.06.2026 at 11:29:42
     9000 steps completed on 10.06.2026 at 11:29:43
    10000 steps completed on 10.06.2026 at 11:29:44
    11000 steps completed on 10.06.2026 at 11:29:45
    12000 steps completed on 10.06.2026 at 11:29:46
    13000 steps completed on 10.06.2026 at 11:29:47
    14000 steps completed on 10.06.2026 at 11:29:48
    15000 steps completed on 10.06.2026 at 11:29:49
    16000 steps completed on 10.06.2026 at 11:29:50
    17000 steps completed on 10.06.2026 at 11:29:51
    18000 steps completed on 10.06.2026 at 11:29:52
    19000 steps completed on 10.06.2026 at 11:29:53
    20000 steps completed on 10.06.2026 at 11:29:54
    21000 steps completed on 10.06.2026 at 11:29:55
    22000 steps completed on 10.06.2026 at 11:29:56
    23000 steps completed on 10.06.2026 at 11:29:57
    24000 steps completed on 10.06.2026 at 11:29:58
    25000 steps completed on 10.06.2026 at 11:29:59
    26000 steps completed on 10.06.2026 at 11:30:00
    27000 steps completed on 10.06.2026 at 11:30:01
    28000 steps completed on 10.06.2026 at 11:30:02
    29000 steps completed on 10.06.2026 at 11:30:03
    30000 steps completed on 10.06.2026 at 11:30:04
------------------------------------------------------------------------
Duration:
 NVT equilibration wtime        diff:  29.5297050    -  29.5297110
                             <=    0h  0min 29.52971sec (+- 0.10E-05sec)
NVT equilibration timer stop: 10.06.2026, 11:30:04.242 (UTC+120)
========================================================================

NVT equilibration completed on 10.06.2026 at 11:30:04


========================================================================
simulation timer start: 10.06.2026, 11:30:04.242 (UTC+120)
------------------------------------------------------------------------
     1000 steps completed on 10.06.2026 at 11:30:05
     2000 steps completed on 10.06.2026 at 11:30:06
     3000 steps completed on 10.06.2026 at 11:30:07
     4000 steps completed on 10.06.2026 at 11:30:08
     5000 steps completed on 10.06.2026 at 11:30:09
Saving simulation results
Opening file <NVT_MD_site_1.res> for writing (unit 1017)
File <NVT_MD_site_1.res> closed (unit 1017)
     6000 steps completed on 10.06.2026 at 11:30:09
     7000 steps completed on 10.06.2026 at 11:30:10
     8000 steps completed on 10.06.2026 at 11:30:11
     9000 steps completed on 10.06.2026 at 11:30:12
    10000 steps completed on 10.06.2026 at 11:30:13
Saving simulation results
Opening file <NVT_MD_site_1.res> for writing (unit 1017)
File <NVT_MD_site_1.res> closed (unit 1017)
    11000 steps completed on 10.06.2026 at 11:30:14
    12000 steps completed on 10.06.2026 at 11:30:15
    13000 steps completed on 10.06.2026 at 11:30:16
    14000 steps completed on 10.06.2026 at 11:30:17
    15000 steps completed on 10.06.2026 at 11:30:18
Saving simulation results
Opening file <NVT_MD_site_1.res> for writing (unit 1017)
File <NVT_MD_site_1.res> closed (unit 1017)
    16000 steps completed on 10.06.2026 at 11:30:19
    17000 steps completed on 10.06.2026 at 11:30:20
    18000 steps completed on 10.06.2026 at 11:30:21
    19000 steps completed on 10.06.2026 at 11:30:22
    20000 steps completed on 10.06.2026 at 11:30:23
Saving simulation results
Opening file <NVT_MD_site_1.res> for writing (unit 1017)
File <NVT_MD_site_1.res> closed (unit 1017)
    21000 steps completed on 10.06.2026 at 11:30:24
    22000 steps completed on 10.06.2026 at 11:30:25
    23000 steps completed on 10.06.2026 at 11:30:26
    24000 steps completed on 10.06.2026 at 11:30:27
    25000 steps completed on 10.06.2026 at 11:30:28
Saving simulation results
Opening file <NVT_MD_site_1.res> for writing (unit 1017)
File <NVT_MD_site_1.res> closed (unit 1017)
    26000 steps completed on 10.06.2026 at 11:30:29
    27000 steps completed on 10.06.2026 at 11:30:29
    28000 steps completed on 10.06.2026 at 11:30:30
    29000 steps completed on 10.06.2026 at 11:30:31
    30000 steps completed on 10.06.2026 at 11:30:32
Saving simulation results
Opening file <NVT_MD_site_1.res> for writing (unit 1017)
File <NVT_MD_site_1.res> closed (unit 1017)
    31000 steps completed on 10.06.2026 at 11:30:33
    32000 steps completed on 10.06.2026 at 11:30:34
    33000 steps completed on 10.06.2026 at 11:30:35
    34000 steps completed on 10.06.2026 at 11:30:36
    35000 steps completed on 10.06.2026 at 11:30:37
Saving simulation results
Opening file <NVT_MD_site_1.res> for writing (unit 1017)
File <NVT_MD_site_1.res> closed (unit 1017)
    36000 steps completed on 10.06.2026 at 11:30:38
    37000 steps completed on 10.06.2026 at 11:30:39
    38000 steps completed on 10.06.2026 at 11:30:40
    39000 steps completed on 10.06.2026 at 11:30:41
    40000 steps completed on 10.06.2026 at 11:30:42
Saving simulation results
Opening file <NVT_MD_site_1.res> for writing (unit 1017)
File <NVT_MD_site_1.res> closed (unit 1017)
    41000 steps completed on 10.06.2026 at 11:30:43
    42000 steps completed on 10.06.2026 at 11:30:44
    43000 steps completed on 10.06.2026 at 11:30:45
    44000 steps completed on 10.06.2026 at 11:30:46
    45000 steps completed on 10.06.2026 at 11:30:47
Saving simulation results
Opening file <NVT_MD_site_1.res> for writing (unit 1017)
File <NVT_MD_site_1.res> closed (unit 1017)
    46000 steps completed on 10.06.2026 at 11:30:48
    47000 steps completed on 10.06.2026 at 11:30:49
    48000 steps completed on 10.06.2026 at 11:30:50
    49000 steps completed on 10.06.2026 at 11:30:51
    50000 steps completed on 10.06.2026 at 11:30:52
Saving simulation results
Opening file <NVT_MD_site_1.res> for writing (unit 1017)
File <NVT_MD_site_1.res> closed (unit 1017)
    51000 steps completed on 10.06.2026 at 11:30:53
    52000 steps completed on 10.06.2026 at 11:30:54
    53000 steps completed on 10.06.2026 at 11:30:54
    54000 steps completed on 10.06.2026 at 11:30:55
    55000 steps completed on 10.06.2026 at 11:30:56
Saving simulation results
Opening file <NVT_MD_site_1.res> for writing (unit 1017)
File <NVT_MD_site_1.res> closed (unit 1017)
    56000 steps completed on 10.06.2026 at 11:30:57
    57000 steps completed on 10.06.2026 at 11:30:58
    58000 steps completed on 10.06.2026 at 11:30:59
    59000 steps completed on 10.06.2026 at 11:31:00
    60000 steps completed on 10.06.2026 at 11:31:01
Saving simulation results
Opening file <NVT_MD_site_1.res> for writing (unit 1017)
File <NVT_MD_site_1.res> closed (unit 1017)
    61000 steps completed on 10.06.2026 at 11:31:02
    62000 steps completed on 10.06.2026 at 11:31:03
    63000 steps completed on 10.06.2026 at 11:31:04
    64000 steps completed on 10.06.2026 at 11:31:05
    65000 steps completed on 10.06.2026 at 11:31:06
Saving simulation results
Opening file <NVT_MD_site_1.res> for writing (unit 1017)
File <NVT_MD_site_1.res> closed (unit 1017)
    66000 steps completed on 10.06.2026 at 11:31:07
    67000 steps completed on 10.06.2026 at 11:31:08
    68000 steps completed on 10.06.2026 at 11:31:09
    69000 steps completed on 10.06.2026 at 11:31:10
    70000 steps completed on 10.06.2026 at 11:31:11
Saving simulation results
Opening file <NVT_MD_site_1.res> for writing (unit 1017)
File <NVT_MD_site_1.res> closed (unit 1017)
    71000 steps completed on 10.06.2026 at 11:31:12
    72000 steps completed on 10.06.2026 at 11:31:13
    73000 steps completed on 10.06.2026 at 11:31:14
    74000 steps completed on 10.06.2026 at 11:31:15
    75000 steps completed on 10.06.2026 at 11:31:16
Saving simulation results
Opening file <NVT_MD_site_1.res> for writing (unit 1017)
File <NVT_MD_site_1.res> closed (unit 1017)
    76000 steps completed on 10.06.2026 at 11:31:16
    77000 steps completed on 10.06.2026 at 11:31:17
    78000 steps completed on 10.06.2026 at 11:31:18
    79000 steps completed on 10.06.2026 at 11:31:19
    80000 steps completed on 10.06.2026 at 11:31:20
Saving simulation results
Opening file <NVT_MD_site_1.res> for writing (unit 1017)
File <NVT_MD_site_1.res> closed (unit 1017)
    81000 steps completed on 10.06.2026 at 11:31:21
    82000 steps completed on 10.06.2026 at 11:31:22
    83000 steps completed on 10.06.2026 at 11:31:23
    84000 steps completed on 10.06.2026 at 11:31:24
    85000 steps completed on 10.06.2026 at 11:31:25
Saving simulation results
Opening file <NVT_MD_site_1.res> for writing (unit 1017)
File <NVT_MD_site_1.res> closed (unit 1017)
    86000 steps completed on 10.06.2026 at 11:31:26
    87000 steps completed on 10.06.2026 at 11:31:27
    88000 steps completed on 10.06.2026 at 11:31:28
    89000 steps completed on 10.06.2026 at 11:31:29
    90000 steps completed on 10.06.2026 at 11:31:30
Saving simulation results
Opening file <NVT_MD_site_1.res> for writing (unit 1017)
File <NVT_MD_site_1.res> closed (unit 1017)
    91000 steps completed on 10.06.2026 at 11:31:31
    92000 steps completed on 10.06.2026 at 11:31:32
    93000 steps completed on 10.06.2026 at 11:31:33
    94000 steps completed on 10.06.2026 at 11:31:34
    95000 steps completed on 10.06.2026 at 11:31:35
Saving simulation results
Opening file <NVT_MD_site_1.res> for writing (unit 1017)
File <NVT_MD_site_1.res> closed (unit 1017)
    96000 steps completed on 10.06.2026 at 11:31:36
    97000 steps completed on 10.06.2026 at 11:31:37
    98000 steps completed on 10.06.2026 at 11:31:37
    99000 steps completed on 10.06.2026 at 11:31:38
   100000 steps completed on 10.06.2026 at 11:31:39
Saving simulation results
Opening file <NVT_MD_site_1.res> for writing (unit 1017)
File <NVT_MD_site_1.res> closed (unit 1017)
------------------------------------------------------------------------
Duration:
 simulation wtime        diff:  95.6416750    -  95.6416920
                             <=    0h  1min 35.64169sec (+- 0.10E-05sec)
simulation timer stop: 10.06.2026, 11:31:39.884 (UTC+120)
========================================================================


Saving simulation restart file
Saving restart file NVT_MD_site.rst on 10.06.2026 at 11:31:39
Opening file <NVT_MD_site.rst> for writing (unit 1005)
saving restart data at step    100000 /    130000
still to be done: (NVT)Equilibration  F F
writing ensemble      1 on 10.06.2026 at 11:31:39
File <NVT_MD_site.rst> closed (unit 1005)
Finished saving restart file NVT_MD_site.rst on 10.06.2026 at 11:31:39
------------------------------------------------------------------------
Duration:
 TSimulation_Run system_clock diff:  125.182999    sec
                 =    0h  2min  5.18300sec (+i*  596h 31min 23.75000sec)
 TSimulation_Run wtime   root diff:  125.182868
                              =    0h  2min  5.18287sec (+- 0.10E-05sec)
TSimulation_Run timer stop: 10.06.2026, 11:31:39.895 (UTC+120)
========================================================================


File <NVT_MD_site_1.rav> closed (unit 1016)
File <NVT_MD_site_1.run> closed (unit 1015)

************************************************************************
Program terminated on 10.06.2026 at 11:31:39
************************************************************************
